<?xml version="1.0" encoding="UTF-8"?>
<testsuite xmlns:xsi="http://www.w3.org/2001/XMLSchema-instance" xsi:noNamespaceSchemaLocation="https://maven.apache.org/surefire/maven-surefire-plugin/xsd/surefire-test-report-3.0.xsd" version="3.0" name="com.sismics.util.format.TestPdfFormatHandler" time="20.387" tests="1" errors="0" skipped="0" failures="0">
  <properties>
    <property name="sun.desktop" value="gnome"/>
    <property name="awt.toolkit" value="sun.awt.X11.XToolkit"/>
    <property name="java.specification.version" value="11"/>
    <property name="sun.cpu.isalist" value=""/>
    <property name="sun.jnu.encoding" value="UTF-8"/>
    <property name="java.class.path" value="/home/tang-12110502/Teedy/docs-core/target/test-classes:/home/tang-12110502/Teedy/docs-core/target/classes:/home/tang-12110502/.m2/repository/org/hibernate/hibernate-core/5.4.27.Final/hibernate-core-5.4.27.Final.jar:/home/tang-12110502/.m2/repository/org/jboss/logging/jboss-logging/3.4.1.Final/jboss-logging-3.4.1.Final.jar:/home/tang-12110502/.m2/repository/javax/persistence/javax.persistence-api/2.2/javax.persistence-api-2.2.jar:/home/tang-12110502/.m2/repository/org/javassist/javassist/3.27.0-GA/javassist-3.27.0-GA.jar:/home/tang-12110502/.m2/repository/net/bytebuddy/byte-buddy/1.10.17/byte-buddy-1.10.17.jar:/home/tang-12110502/.m2/repository/antlr/antlr/2.7.7/antlr-2.7.7.jar:/home/tang-12110502/.m2/repository/org/jboss/spec/javax/transaction/jboss-transaction-api_1.2_spec/1.1.1.Final/jboss-transaction-api_1.2_spec-1.1.1.Final.jar:/home/tang-12110502/.m2/repository/org/jboss/jandex/2.1.3.Final/jandex-2.1.3.Final.jar:/home/tang-12110502/.m2/repository/com/fasterxml/classmate/1.5.1/classmate-1.5.1.jar:/home/tang-12110502/.m2/repository/javax/activation/javax.activation-api/1.2.0/javax.activation-api-1.2.0.jar:/home/tang-12110502/.m2/repository/org/dom4j/dom4j/2.1.3/dom4j-2.1.3.jar:/home/tang-12110502/.m2/repository/org/hibernate/common/hibernate-commons-annotations/5.1.2.Final/hibernate-commons-annotations-5.1.2.Final.jar:/home/tang-12110502/.m2/repository/org/glassfish/jaxb/jaxb-runtime/2.3.1/jaxb-runtime-2.3.1.jar:/home/tang-12110502/.m2/repository/org/glassfish/jaxb/txw2/2.3.1/txw2-2.3.1.jar:/home/tang-12110502/.m2/repository/com/sun/istack/istack-commons-runtime/3.0.7/istack-commons-runtime-3.0.7.jar:/home/tang-12110502/.m2/repository/org/jvnet/staxex/stax-ex/1.8/stax-ex-1.8.jar:/home/tang-12110502/.m2/repository/com/sun/xml/fastinfoset/FastInfoset/1.2.15/FastInfoset-1.2.15.jar:/home/tang-12110502/.m2/repository/org/hibernate/hibernate-entitymanager/5.4.27.Final/hibernate-entitymanager-5.4.27.Final.jar:/home/tang-12110502/.m2/repository/org/hibernate/hibernate-c3p0/5.4.27.Final/hibernate-c3p0-5.4.27.Final.jar:/home/tang-12110502/.m2/repository/com/mchange/c3p0/0.9.5.5/c3p0-0.9.5.5.jar:/home/tang-12110502/.m2/repository/com/mchange/mchange-commons-java/0.2.19/mchange-commons-java-0.2.19.jar:/home/tang-12110502/.m2/repository/joda-time/joda-time/2.10.9/joda-time-2.10.9.jar:/home/tang-12110502/.m2/repository/com/google/guava/guava/30.1-jre/guava-30.1-jre.jar:/home/tang-12110502/.m2/repository/com/google/guava/failureaccess/1.0.1/failureaccess-1.0.1.jar:/home/tang-12110502/.m2/repository/com/google/guava/listenablefuture/9999.0-empty-to-avoid-conflict-with-guava/listenablefuture-9999.0-empty-to-avoid-conflict-with-guava.jar:/home/tang-12110502/.m2/repository/com/google/code/findbugs/jsr305/3.0.2/jsr305-3.0.2.jar:/home/tang-12110502/.m2/repository/org/checkerframework/checker-qual/3.5.0/checker-qual-3.5.0.jar:/home/tang-12110502/.m2/repository/com/google/errorprone/error_prone_annotations/2.3.4/error_prone_annotations-2.3.4.jar:/home/tang-12110502/.m2/repository/com/google/j2objc/j2objc-annotations/1.3/j2objc-annotations-1.3.jar:/home/tang-12110502/.m2/repository/org/apache/commons/commons-compress/1.18/commons-compress-1.18.jar:/home/tang-12110502/.m2/repository/commons-lang/commons-lang/2.6/commons-lang-2.6.jar:/home/tang-12110502/.m2/repository/org/apache/commons/commons-email/1.5/commons-email-1.5.jar:/home/tang-12110502/.m2/repository/org/freemarker/freemarker/2.3.30/freemarker-2.3.30.jar:/home/tang-12110502/.m2/repository/org/glassfish/javax.json/1.1.4/javax.json-1.1.4.jar:/home/tang-12110502/.m2/repository/org/jsoup/jsoup/1.13.1/jsoup-1.13.1.jar:/home/tang-12110502/.m2/repository/log4j/log4j/1.2.17/log4j-1.2.17.jar:/home/tang-12110502/.m2/repository/org/slf4j/slf4j-log4j12/1.7.30/slf4j-log4j12-1.7.30.jar:/home/tang-12110502/.m2/repository/org/slf4j/slf4j-api/1.7.30/slf4j-api-1.7.30.jar:/home/tang-12110502/.m2/repository/org/slf4j/jcl-over-slf4j/1.7.30/jcl-over-slf4j-1.7.30.jar:/home/tang-12110502/.m2/repository/at/favre/lib/bcrypt/0.9.0/bcrypt-0.9.0.jar:/home/tang-12110502/.m2/repository/at/favre/lib/bytes/1.3.0/bytes-1.3.0.jar:/home/tang-12110502/.m2/repository/org/apache/lucene/lucene-core/8.7.0/lucene-core-8.7.0.jar:/home/tang-12110502/.m2/repository/org/apache/lucene/lucene-analyzers-common/8.7.0/lucene-analyzers-common-8.7.0.jar:/home/tang-12110502/.m2/repository/org/apache/lucene/lucene-queryparser/8.7.0/lucene-queryparser-8.7.0.jar:/home/tang-12110502/.m2/repository/org/apache/lucene/lucene-queries/8.7.0/lucene-queries-8.7.0.jar:/home/tang-12110502/.m2/repository/org/apache/lucene/lucene-sandbox/8.7.0/lucene-sandbox-8.7.0.jar:/home/tang-12110502/.m2/repository/org/apache/lucene/lucene-suggest/8.7.0/lucene-suggest-8.7.0.jar:/home/tang-12110502/.m2/repository/org/apache/lucene/lucene-highlighter/8.7.0/lucene-highlighter-8.7.0.jar:/home/tang-12110502/.m2/repository/org/apache/lucene/lucene-memory/8.7.0/lucene-memory-8.7.0.jar:/home/tang-12110502/.m2/repository/com/sun/mail/javax.mail/1.6.2/javax.mail-1.6.2.jar:/home/tang-12110502/.m2/repository/javax/activation/activation/1.1/activation-1.1.jar:/home/tang-12110502/.m2/repository/com/squareup/okhttp3/okhttp/4.9.0/okhttp-4.9.0.jar:/home/tang-12110502/.m2/repository/com/squareup/okio/okio/2.8.0/okio-2.8.0.jar:/home/tang-12110502/.m2/repository/org/jetbrains/kotlin/kotlin-stdlib-common/1.4.0/kotlin-stdlib-common-1.4.0.jar:/home/tang-12110502/.m2/repository/org/jetbrains/kotlin/kotlin-stdlib/1.4.10/kotlin-stdlib-1.4.10.jar:/home/tang-12110502/.m2/repository/org/jetbrains/annotations/13.0/annotations-13.0.jar:/home/tang-12110502/.m2/repository/org/apache/directory/api/api-all/2.0.1/api-all-2.0.1.jar:/home/tang-12110502/.m2/repository/org/apache/servicemix/bundles/org.apache.servicemix.bundles.xpp3/1.1.4c_7/org.apache.servicemix.bundles.xpp3-1.1.4c_7.jar:/home/tang-12110502/.m2/repository/org/apache/servicemix/bundles/org.apache.servicemix.bundles.dom4j/2.1.1_1/org.apache.servicemix.bundles.dom4j-2.1.1_1.jar:/home/tang-12110502/.m2/repository/org/apache/commons/commons-pool2/2.8.0/commons-pool2-2.8.0.jar:/home/tang-12110502/.m2/repository/org/apache/mina/mina-core/2.1.3/mina-core-2.1.3.jar:/home/tang-12110502/.m2/repository/org/apache/commons/commons-lang3/3.9/commons-lang3-3.9.jar:/home/tang-12110502/.m2/repository/org/apache/commons/commons-collections4/4.4/commons-collections4-4.4.jar:/home/tang-12110502/.m2/repository/org/apache/servicemix/bundles/org.apache.servicemix.bundles.antlr/2.7.7_5/org.apache.servicemix.bundles.antlr-2.7.7_5.jar:/home/tang-12110502/.m2/repository/commons-codec/commons-codec/1.14/commons-codec-1.14.jar:/home/tang-12110502/.m2/repository/org/apache/lucene/lucene-backward-codecs/8.7.0/lucene-backward-codecs-8.7.0.jar:/home/tang-12110502/.m2/repository/org/imgscalr/imgscalr-lib/4.2/imgscalr-lib-4.2.jar:/home/tang-12110502/.m2/repository/org/apache/pdfbox/pdfbox/2.0.22/pdfbox-2.0.22.jar:/home/tang-12110502/.m2/repository/org/apache/pdfbox/fontbox/2.0.22/fontbox-2.0.22.jar:/home/tang-12110502/.m2/repository/commons-logging/commons-logging/1.2/commons-logging-1.2.jar:/home/tang-12110502/.m2/repository/org/bouncycastle/bcprov-jdk15on/1.68/bcprov-jdk15on-1.68.jar:/home/tang-12110502/.m2/repository/fr/opensagres/xdocreport/fr.opensagres.odfdom.converter.pdf/2.0.2/fr.opensagres.odfdom.converter.pdf-2.0.2.jar:/home/tang-12110502/.m2/repository/fr/opensagres/xdocreport/fr.opensagres.odfdom.converter.core/2.0.2/fr.opensagres.odfdom.converter.core-2.0.2.jar:/home/tang-12110502/.m2/repository/org/odftoolkit/odfdom-java/0.8.7/odfdom-java-0.8.7.jar:/home/tang-12110502/.m2/repository/xerces/xercesImpl/2.9.1/xercesImpl-2.9.1.jar:/home/tang-12110502/.m2/repository/xml-apis/xml-apis/1.3.04/xml-apis-1.3.04.jar:/home/tang-12110502/.m2/repository/fr/opensagres/xdocreport/fr.opensagres.xdocreport.itext.extension/2.0.2/fr.opensagres.xdocreport.itext.extension-2.0.2.jar:/home/tang-12110502/.m2/repository/com/lowagie/itext/2.1.7/itext-2.1.7.jar:/home/tang-12110502/.m2/repository/fr/opensagres/xdocreport/fr.opensagres.poi.xwpf.converter.pdf/2.0.2/fr.opensagres.poi.xwpf.converter.pdf-2.0.2.jar:/home/tang-12110502/.m2/repository/fr/opensagres/xdocreport/fr.opensagres.poi.xwpf.converter.core/2.0.2/fr.opensagres.poi.xwpf.converter.core-2.0.2.jar:/home/tang-12110502/.m2/repository/org/apache/poi/poi-ooxml/4.0.1/poi-ooxml-4.0.1.jar:/home/tang-12110502/.m2/repository/org/apache/poi/poi/4.0.1/poi-4.0.1.jar:/home/tang-12110502/.m2/repository/org/apache/commons/commons-math3/3.6.1/commons-math3-3.6.1.jar:/home/tang-12110502/.m2/repository/com/github/virtuald/curvesapi/1.05/curvesapi-1.05.jar:/home/tang-12110502/.m2/repository/org/apache/poi/ooxml-schemas/1.4/ooxml-schemas-1.4.jar:/home/tang-12110502/.m2/repository/org/apache/xmlbeans/xmlbeans/3.0.1/xmlbeans-3.0.1.jar:/home/tang-12110502/.m2/repository/com/twelvemonkeys/imageio/imageio-jpeg/3.6.2/imageio-jpeg-3.6.2.jar:/home/tang-12110502/.m2/repository/com/twelvemonkeys/imageio/imageio-core/3.6.2/imageio-core-3.6.2.jar:/home/tang-12110502/.m2/repository/com/twelvemonkeys/imageio/imageio-metadata/3.6.2/imageio-metadata-3.6.2.jar:/home/tang-12110502/.m2/repository/com/twelvemonkeys/common/common-lang/3.6.2/common-lang-3.6.2.jar:/home/tang-12110502/.m2/repository/com/twelvemonkeys/common/common-io/3.6.2/common-io-3.6.2.jar:/home/tang-12110502/.m2/repository/com/twelvemonkeys/common/common-image/3.6.2/common-image-3.6.2.jar:/home/tang-12110502/.m2/repository/com/twelvemonkeys/imageio/imageio-tiff/3.6.2/imageio-tiff-3.6.2.jar:/home/tang-12110502/.m2/repository/com/github/jai-imageio/jai-imageio-jpeg2000/1.4.0/jai-imageio-jpeg2000-1.4.0.jar:/home/tang-12110502/.m2/repository/com/github/jai-imageio/jai-imageio-core/1.4.0/jai-imageio-core-1.4.0.jar:/home/tang-12110502/.m2/repository/com/levigo/jbig2/levigo-jbig2-imageio/2.0/levigo-jbig2-imageio-2.0.jar:/home/tang-12110502/.m2/repository/org/postgresql/postgresql/42.2.18/postgresql-42.2.18.jar:/home/tang-12110502/.m2/repository/javax/xml/bind/jaxb-api/2.3.0/jaxb-api-2.3.0.jar:/home/tang-12110502/.m2/repository/com/sun/xml/bind/jaxb-core/2.3.0/jaxb-core-2.3.0.jar:/home/tang-12110502/.m2/repository/com/sun/xml/bind/jaxb-impl/2.3.0/jaxb-impl-2.3.0.jar:/home/tang-12110502/.m2/repository/junit/junit/4.13.1/junit-4.13.1.jar:/home/tang-12110502/.m2/repository/org/hamcrest/hamcrest-core/1.3/hamcrest-core-1.3.jar:/home/tang-12110502/.m2/repository/com/h2database/h2/1.4.199/h2-1.4.199.jar:"/>
    <property name="java.vm.vendor" value="Ubuntu"/>
    <property name="sun.arch.data.model" value="64"/>
    <property name="java.vendor.url" value="https://ubuntu.com/"/>
    <property name="user.timezone" value=""/>
    <property name="java.vm.specification.version" value="11"/>
    <property name="os.name" value="Linux"/>
    <property name="sun.java.launcher" value="SUN_STANDARD"/>
    <property name="user.country" value="HK"/>
    <property name="sun.boot.library.path" value="/usr/lib/jvm/java-11-openjdk-amd64/lib"/>
    <property name="sun.java.command" value="/home/tang-12110502/Teedy/docs-core/target/surefire/surefirebooter16980915892785252310.jar /home/tang-12110502/Teedy/docs-core/target/surefire 2024-04-24T15-47-28_720-jvmRun1 surefire12504997510932687212tmp surefire_8870596630153608627tmp"/>
    <property name="jdk.debug" value="release"/>
    <property name="surefire.test.class.path" value="/home/tang-12110502/Teedy/docs-core/target/test-classes:/home/tang-12110502/Teedy/docs-core/target/classes:/home/tang-12110502/.m2/repository/org/hibernate/hibernate-core/5.4.27.Final/hibernate-core-5.4.27.Final.jar:/home/tang-12110502/.m2/repository/org/jboss/logging/jboss-logging/3.4.1.Final/jboss-logging-3.4.1.Final.jar:/home/tang-12110502/.m2/repository/javax/persistence/javax.persistence-api/2.2/javax.persistence-api-2.2.jar:/home/tang-12110502/.m2/repository/org/javassist/javassist/3.27.0-GA/javassist-3.27.0-GA.jar:/home/tang-12110502/.m2/repository/net/bytebuddy/byte-buddy/1.10.17/byte-buddy-1.10.17.jar:/home/tang-12110502/.m2/repository/antlr/antlr/2.7.7/antlr-2.7.7.jar:/home/tang-12110502/.m2/repository/org/jboss/spec/javax/transaction/jboss-transaction-api_1.2_spec/1.1.1.Final/jboss-transaction-api_1.2_spec-1.1.1.Final.jar:/home/tang-12110502/.m2/repository/org/jboss/jandex/2.1.3.Final/jandex-2.1.3.Final.jar:/home/tang-12110502/.m2/repository/com/fasterxml/classmate/1.5.1/classmate-1.5.1.jar:/home/tang-12110502/.m2/repository/javax/activation/javax.activation-api/1.2.0/javax.activation-api-1.2.0.jar:/home/tang-12110502/.m2/repository/org/dom4j/dom4j/2.1.3/dom4j-2.1.3.jar:/home/tang-12110502/.m2/repository/org/hibernate/common/hibernate-commons-annotations/5.1.2.Final/hibernate-commons-annotations-5.1.2.Final.jar:/home/tang-12110502/.m2/repository/org/glassfish/jaxb/jaxb-runtime/2.3.1/jaxb-runtime-2.3.1.jar:/home/tang-12110502/.m2/repository/org/glassfish/jaxb/txw2/2.3.1/txw2-2.3.1.jar:/home/tang-12110502/.m2/repository/com/sun/istack/istack-commons-runtime/3.0.7/istack-commons-runtime-3.0.7.jar:/home/tang-12110502/.m2/repository/org/jvnet/staxex/stax-ex/1.8/stax-ex-1.8.jar:/home/tang-12110502/.m2/repository/com/sun/xml/fastinfoset/FastInfoset/1.2.15/FastInfoset-1.2.15.jar:/home/tang-12110502/.m2/repository/org/hibernate/hibernate-entitymanager/5.4.27.Final/hibernate-entitymanager-5.4.27.Final.jar:/home/tang-12110502/.m2/repository/org/hibernate/hibernate-c3p0/5.4.27.Final/hibernate-c3p0-5.4.27.Final.jar:/home/tang-12110502/.m2/repository/com/mchange/c3p0/0.9.5.5/c3p0-0.9.5.5.jar:/home/tang-12110502/.m2/repository/com/mchange/mchange-commons-java/0.2.19/mchange-commons-java-0.2.19.jar:/home/tang-12110502/.m2/repository/joda-time/joda-time/2.10.9/joda-time-2.10.9.jar:/home/tang-12110502/.m2/repository/com/google/guava/guava/30.1-jre/guava-30.1-jre.jar:/home/tang-12110502/.m2/repository/com/google/guava/failureaccess/1.0.1/failureaccess-1.0.1.jar:/home/tang-12110502/.m2/repository/com/google/guava/listenablefuture/9999.0-empty-to-avoid-conflict-with-guava/listenablefuture-9999.0-empty-to-avoid-conflict-with-guava.jar:/home/tang-12110502/.m2/repository/com/google/code/findbugs/jsr305/3.0.2/jsr305-3.0.2.jar:/home/tang-12110502/.m2/repository/org/checkerframework/checker-qual/3.5.0/checker-qual-3.5.0.jar:/home/tang-12110502/.m2/repository/com/google/errorprone/error_prone_annotations/2.3.4/error_prone_annotations-2.3.4.jar:/home/tang-12110502/.m2/repository/com/google/j2objc/j2objc-annotations/1.3/j2objc-annotations-1.3.jar:/home/tang-12110502/.m2/repository/org/apache/commons/commons-compress/1.18/commons-compress-1.18.jar:/home/tang-12110502/.m2/repository/commons-lang/commons-lang/2.6/commons-lang-2.6.jar:/home/tang-12110502/.m2/repository/org/apache/commons/commons-email/1.5/commons-email-1.5.jar:/home/tang-12110502/.m2/repository/org/freemarker/freemarker/2.3.30/freemarker-2.3.30.jar:/home/tang-12110502/.m2/repository/org/glassfish/javax.json/1.1.4/javax.json-1.1.4.jar:/home/tang-12110502/.m2/repository/org/jsoup/jsoup/1.13.1/jsoup-1.13.1.jar:/home/tang-12110502/.m2/repository/log4j/log4j/1.2.17/log4j-1.2.17.jar:/home/tang-12110502/.m2/repository/org/slf4j/slf4j-log4j12/1.7.30/slf4j-log4j12-1.7.30.jar:/home/tang-12110502/.m2/repository/org/slf4j/slf4j-api/1.7.30/slf4j-api-1.7.30.jar:/home/tang-12110502/.m2/repository/org/slf4j/jcl-over-slf4j/1.7.30/jcl-over-slf4j-1.7.30.jar:/home/tang-12110502/.m2/repository/at/favre/lib/bcrypt/0.9.0/bcrypt-0.9.0.jar:/home/tang-12110502/.m2/repository/at/favre/lib/bytes/1.3.0/bytes-1.3.0.jar:/home/tang-12110502/.m2/repository/org/apache/lucene/lucene-core/8.7.0/lucene-core-8.7.0.jar:/home/tang-12110502/.m2/repository/org/apache/lucene/lucene-analyzers-common/8.7.0/lucene-analyzers-common-8.7.0.jar:/home/tang-12110502/.m2/repository/org/apache/lucene/lucene-queryparser/8.7.0/lucene-queryparser-8.7.0.jar:/home/tang-12110502/.m2/repository/org/apache/lucene/lucene-queries/8.7.0/lucene-queries-8.7.0.jar:/home/tang-12110502/.m2/repository/org/apache/lucene/lucene-sandbox/8.7.0/lucene-sandbox-8.7.0.jar:/home/tang-12110502/.m2/repository/org/apache/lucene/lucene-suggest/8.7.0/lucene-suggest-8.7.0.jar:/home/tang-12110502/.m2/repository/org/apache/lucene/lucene-highlighter/8.7.0/lucene-highlighter-8.7.0.jar:/home/tang-12110502/.m2/repository/org/apache/lucene/lucene-memory/8.7.0/lucene-memory-8.7.0.jar:/home/tang-12110502/.m2/repository/com/sun/mail/javax.mail/1.6.2/javax.mail-1.6.2.jar:/home/tang-12110502/.m2/repository/javax/activation/activation/1.1/activation-1.1.jar:/home/tang-12110502/.m2/repository/com/squareup/okhttp3/okhttp/4.9.0/okhttp-4.9.0.jar:/home/tang-12110502/.m2/repository/com/squareup/okio/okio/2.8.0/okio-2.8.0.jar:/home/tang-12110502/.m2/repository/org/jetbrains/kotlin/kotlin-stdlib-common/1.4.0/kotlin-stdlib-common-1.4.0.jar:/home/tang-12110502/.m2/repository/org/jetbrains/kotlin/kotlin-stdlib/1.4.10/kotlin-stdlib-1.4.10.jar:/home/tang-12110502/.m2/repository/org/jetbrains/annotations/13.0/annotations-13.0.jar:/home/tang-12110502/.m2/repository/org/apache/directory/api/api-all/2.0.1/api-all-2.0.1.jar:/home/tang-12110502/.m2/repository/org/apache/servicemix/bundles/org.apache.servicemix.bundles.xpp3/1.1.4c_7/org.apache.servicemix.bundles.xpp3-1.1.4c_7.jar:/home/tang-12110502/.m2/repository/org/apache/servicemix/bundles/org.apache.servicemix.bundles.dom4j/2.1.1_1/org.apache.servicemix.bundles.dom4j-2.1.1_1.jar:/home/tang-12110502/.m2/repository/org/apache/commons/commons-pool2/2.8.0/commons-pool2-2.8.0.jar:/home/tang-12110502/.m2/repository/org/apache/mina/mina-core/2.1.3/mina-core-2.1.3.jar:/home/tang-12110502/.m2/repository/org/apache/commons/commons-lang3/3.9/commons-lang3-3.9.jar:/home/tang-12110502/.m2/repository/org/apache/commons/commons-collections4/4.4/commons-collections4-4.4.jar:/home/tang-12110502/.m2/repository/org/apache/servicemix/bundles/org.apache.servicemix.bundles.antlr/2.7.7_5/org.apache.servicemix.bundles.antlr-2.7.7_5.jar:/home/tang-12110502/.m2/repository/commons-codec/commons-codec/1.14/commons-codec-1.14.jar:/home/tang-12110502/.m2/repository/org/apache/lucene/lucene-backward-codecs/8.7.0/lucene-backward-codecs-8.7.0.jar:/home/tang-12110502/.m2/repository/org/imgscalr/imgscalr-lib/4.2/imgscalr-lib-4.2.jar:/home/tang-12110502/.m2/repository/org/apache/pdfbox/pdfbox/2.0.22/pdfbox-2.0.22.jar:/home/tang-12110502/.m2/repository/org/apache/pdfbox/fontbox/2.0.22/fontbox-2.0.22.jar:/home/tang-12110502/.m2/repository/commons-logging/commons-logging/1.2/commons-logging-1.2.jar:/home/tang-12110502/.m2/repository/org/bouncycastle/bcprov-jdk15on/1.68/bcprov-jdk15on-1.68.jar:/home/tang-12110502/.m2/repository/fr/opensagres/xdocreport/fr.opensagres.odfdom.converter.pdf/2.0.2/fr.opensagres.odfdom.converter.pdf-2.0.2.jar:/home/tang-12110502/.m2/repository/fr/opensagres/xdocreport/fr.opensagres.odfdom.converter.core/2.0.2/fr.opensagres.odfdom.converter.core-2.0.2.jar:/home/tang-12110502/.m2/repository/org/odftoolkit/odfdom-java/0.8.7/odfdom-java-0.8.7.jar:/home/tang-12110502/.m2/repository/xerces/xercesImpl/2.9.1/xercesImpl-2.9.1.jar:/home/tang-12110502/.m2/repository/xml-apis/xml-apis/1.3.04/xml-apis-1.3.04.jar:/home/tang-12110502/.m2/repository/fr/opensagres/xdocreport/fr.opensagres.xdocreport.itext.extension/2.0.2/fr.opensagres.xdocreport.itext.extension-2.0.2.jar:/home/tang-12110502/.m2/repository/com/lowagie/itext/2.1.7/itext-2.1.7.jar:/home/tang-12110502/.m2/repository/fr/opensagres/xdocreport/fr.opensagres.poi.xwpf.converter.pdf/2.0.2/fr.opensagres.poi.xwpf.converter.pdf-2.0.2.jar:/home/tang-12110502/.m2/repository/fr/opensagres/xdocreport/fr.opensagres.poi.xwpf.converter.core/2.0.2/fr.opensagres.poi.xwpf.converter.core-2.0.2.jar:/home/tang-12110502/.m2/repository/org/apache/poi/poi-ooxml/4.0.1/poi-ooxml-4.0.1.jar:/home/tang-12110502/.m2/repository/org/apache/poi/poi/4.0.1/poi-4.0.1.jar:/home/tang-12110502/.m2/repository/org/apache/commons/commons-math3/3.6.1/commons-math3-3.6.1.jar:/home/tang-12110502/.m2/repository/com/github/virtuald/curvesapi/1.05/curvesapi-1.05.jar:/home/tang-12110502/.m2/repository/org/apache/poi/ooxml-schemas/1.4/ooxml-schemas-1.4.jar:/home/tang-12110502/.m2/repository/org/apache/xmlbeans/xmlbeans/3.0.1/xmlbeans-3.0.1.jar:/home/tang-12110502/.m2/repository/com/twelvemonkeys/imageio/imageio-jpeg/3.6.2/imageio-jpeg-3.6.2.jar:/home/tang-12110502/.m2/repository/com/twelvemonkeys/imageio/imageio-core/3.6.2/imageio-core-3.6.2.jar:/home/tang-12110502/.m2/repository/com/twelvemonkeys/imageio/imageio-metadata/3.6.2/imageio-metadata-3.6.2.jar:/home/tang-12110502/.m2/repository/com/twelvemonkeys/common/common-lang/3.6.2/common-lang-3.6.2.jar:/home/tang-12110502/.m2/repository/com/twelvemonkeys/common/common-io/3.6.2/common-io-3.6.2.jar:/home/tang-12110502/.m2/repository/com/twelvemonkeys/common/common-image/3.6.2/common-image-3.6.2.jar:/home/tang-12110502/.m2/repository/com/twelvemonkeys/imageio/imageio-tiff/3.6.2/imageio-tiff-3.6.2.jar:/home/tang-12110502/.m2/repository/com/github/jai-imageio/jai-imageio-jpeg2000/1.4.0/jai-imageio-jpeg2000-1.4.0.jar:/home/tang-12110502/.m2/repository/com/github/jai-imageio/jai-imageio-core/1.4.0/jai-imageio-core-1.4.0.jar:/home/tang-12110502/.m2/repository/com/levigo/jbig2/levigo-jbig2-imageio/2.0/levigo-jbig2-imageio-2.0.jar:/home/tang-12110502/.m2/repository/org/postgresql/postgresql/42.2.18/postgresql-42.2.18.jar:/home/tang-12110502/.m2/repository/javax/xml/bind/jaxb-api/2.3.0/jaxb-api-2.3.0.jar:/home/tang-12110502/.m2/repository/com/sun/xml/bind/jaxb-core/2.3.0/jaxb-core-2.3.0.jar:/home/tang-12110502/.m2/repository/com/sun/xml/bind/jaxb-impl/2.3.0/jaxb-impl-2.3.0.jar:/home/tang-12110502/.m2/repository/junit/junit/4.13.1/junit-4.13.1.jar:/home/tang-12110502/.m2/repository/org/hamcrest/hamcrest-core/1.3/hamcrest-core-1.3.jar:/home/tang-12110502/.m2/repository/com/h2database/h2/1.4.199/h2-1.4.199.jar:"/>
    <property name="sun.cpu.endian" value="little"/>
    <property name="user.home" value="/home/tang-12110502"/>
    <property name="user.language" value="en"/>
    <property name="java.specification.vendor" value="Oracle Corporation"/>
    <property name="java.version.date" value="2024-01-16"/>
    <property name="java.home" value="/usr/lib/jvm/java-11-openjdk-amd64"/>
    <property name="file.separator" value="/"/>
    <property name="basedir" value="/home/tang-12110502/Teedy/docs-core"/>
    <property name="java.vm.compressedOopsMode" value="Zero based"/>
    <property name="line.separator" value="&#10;"/>
    <property name="java.specification.name" value="Java Platform API Specification"/>
    <property name="java.vm.specification.vendor" value="Oracle Corporation"/>
    <property name="java.awt.graphicsenv" value="sun.awt.X11GraphicsEnvironment"/>
    <property name="surefire.real.class.path" value="/home/tang-12110502/Teedy/docs-core/target/surefire/surefirebooter16980915892785252310.jar"/>
    <property name="sun.management.compiler" value="HotSpot 64-Bit Tiered Compilers"/>
    <property name="java.runtime.version" value="11.0.22+7-post-Ubuntu-0ubuntu222.04.1"/>
    <property name="user.name" value="tang-12110502"/>
    <property name="path.separator" value=":"/>
    <property name="os.version" value="6.5.0-26-generic"/>
    <property name="java.runtime.name" value="OpenJDK Runtime Environment"/>
    <property name="file.encoding" value="UTF-8"/>
    <property name="java.vm.name" value="OpenJDK 64-Bit Server VM"/>
    <property name="localRepository" value="/home/tang-12110502/.m2/repository"/>
    <property name="java.vendor.url.bug" value="https://bugs.launchpad.net/ubuntu/+source/openjdk-lts"/>
    <property name="java.io.tmpdir" value="/tmp"/>
    <property name="java.version" value="11.0.22"/>
    <property name="user.dir" value="/home/tang-12110502/Teedy/docs-core"/>
    <property name="os.arch" value="amd64"/>
    <property name="java.vm.specification.name" value="Java Virtual Machine Specification"/>
    <property name="java.awt.printerjob" value="sun.print.PSPrinterJob"/>
    <property name="sun.os.patch.level" value="unknown"/>
    <property name="java.library.path" value="/usr/java/packages/lib:/usr/lib/x86_64-linux-gnu/jni:/lib/x86_64-linux-gnu:/usr/lib/x86_64-linux-gnu:/usr/lib/jni:/lib:/usr/lib"/>
    <property name="java.vm.info" value="mixed mode, sharing"/>
    <property name="java.vendor" value="Ubuntu"/>
    <property name="java.vm.version" value="11.0.22+7-post-Ubuntu-0ubuntu222.04.1"/>
    <property name="java.specification.maintenance.version" value="2"/>
    <property name="sun.io.unicode.encoding" value="UnicodeLittle"/>
    <property name="java.class.version" value="55.0"/>
  </properties>
  <testcase name="testIssue373" classname="com.sismics.util.format.TestPdfFormatHandler" time="20.165">
    <system-out><![CDATA[24 Apr 2024 15:49:12,016 INFO com.sismics.docs.core.util.format.PdfFormatHandler.extractContent(PdfFormatHandler.java:62) OCR page 1/1 of PDF file containing only images 
24 Apr 2024 15:49:19,399 INFO com.sismics.util.ClasspathScanner.findClasses(ClasspathScanner.java:48) Found 1 classes for IndexingHandler 
24 Apr 2024 15:49:19,489 INFO com.sismics.docs.core.util.indexing.LuceneIndexingHandler.initLucene(LuceneIndexingHandler.java:115) Using RAM Lucene storage 
24 Apr 2024 15:49:20,031 INFO com.sismics.docs.core.service.FileService.startUp(FileService.java:39) File service starting up 
24 Apr 2024 15:49:20,063 INFO com.sismics.docs.core.service.InboxService.startUp(InboxService.java:55) Inbox service starting up 
24 Apr 2024 15:49:20,096 INFO com.sismics.util.jpa.EMF.getEntityManagerProperties(EMF.java:67) Configuring EntityManager from hibernate.properties 
24 Apr 2024 15:49:20,143 DEBUG org.hibernate.boot.registry.selector.internal.StrategySelectorBuilder.<clinit>(StrategySelectorBuilder.java:44) Logging Provider: org.jboss.logging.Log4jLoggerProvider 
24 Apr 2024 15:49:21,029 INFO com.mchange.v2.log.slf4j.Slf4jMLog$Slf4jMLogger$InfoLogger.log(Slf4jMLog.java:212) MLog clients using slf4j logging. 
24 Apr 2024 15:49:21,069 DEBUG com.mchange.v2.log.slf4j.Slf4jMLog$Slf4jMLogger$DebugLogger.log(Slf4jMLog.java:207) Reading VM config for path list /com/mchange/v2/log/default-mchange-log.properties, /mchange-commons.properties, /c3p0.properties, hocon:/reference,/application,/c3p0,/, /mchange-log.properties, / 
24 Apr 2024 15:49:21,069 DEBUG com.mchange.v2.log.slf4j.Slf4jMLog$Slf4jMLogger$DebugLogger.log(Slf4jMLog.java:207) The configuration file for resource identifier '/mchange-commons.properties' could not be found. Skipping. 
24 Apr 2024 15:49:21,070 DEBUG com.mchange.v2.log.slf4j.Slf4jMLog$Slf4jMLogger$DebugLogger.log(Slf4jMLog.java:207) The configuration file for resource identifier '/c3p0.properties' could not be found. Skipping. 
24 Apr 2024 15:49:21,070 DEBUG com.mchange.v2.log.slf4j.Slf4jMLog$Slf4jMLogger$DebugLogger.log(Slf4jMLog.java:207) The configuration file for resource identifier 'hocon:/reference,/application,/c3p0,/' could not be found. Skipping. 
24 Apr 2024 15:49:21,071 DEBUG com.mchange.v2.log.slf4j.Slf4jMLog$Slf4jMLogger$DebugLogger.log(Slf4jMLog.java:207) The configuration file for resource identifier '/mchange-log.properties' could not be found. Skipping. 
24 Apr 2024 15:49:21,080 DEBUG com.mchange.v2.log.slf4j.Slf4jMLog$Slf4jMLogger$DebugLogger.log(Slf4jMLog.java:207) The configuration file for resource identifier '/mchange-commons.properties' could not be found. Skipping. 
24 Apr 2024 15:49:21,081 DEBUG com.mchange.v2.log.slf4j.Slf4jMLog$Slf4jMLogger$DebugLogger.log(Slf4jMLog.java:207) The configuration file for resource identifier '/mchange-log.properties' could not be found. Skipping. 
24 Apr 2024 15:49:21,081 DEBUG com.mchange.v2.log.slf4j.Slf4jMLog$Slf4jMLogger$DebugLogger.log(Slf4jMLog.java:207) The configuration file for resource identifier 'hocon:/reference,/application,/c3p0,/' could not be found. Skipping. 
24 Apr 2024 15:49:21,084 DEBUG com.mchange.v2.log.slf4j.Slf4jMLog$Slf4jMLogger$DebugLogger.log(Slf4jMLog.java:207) The configuration file for resource identifier '/c3p0.properties' could not be found. Skipping. 
24 Apr 2024 15:49:21,541 INFO com.mchange.v2.log.slf4j.Slf4jMLog$Slf4jMLogger$InfoLogger.log(Slf4jMLog.java:212) Initializing c3p0-0.9.5.5 [built 11-December-2019 22:18:33 -0800; debug? true; trace: 10] 
24 Apr 2024 15:49:21,598 DEBUG com.mchange.v2.log.slf4j.Slf4jMLog$Slf4jMLogger$DebugLogger.log(Slf4jMLog.java:204) MBean: com.mchange.v2.c3p0:type=PooledDataSource,identityToken=z8kfsxb346mvsjixhbvs|550961d3,name=z8kfsxb346mvsjixhbvs|550961d3 registered. 
24 Apr 2024 15:49:21,628 DEBUG com.mchange.v2.log.slf4j.Slf4jMLog$Slf4jMLogger$DebugLogger.log(Slf4jMLog.java:204) MBean: com.mchange.v2.c3p0:type=PooledDataSource,identityToken=z8kfsxb346mvsjixhbvs|550961d3,name=z8kfsxb346mvsjixhbvs|550961d3 unregistered, in order to be reregistered after update. 
24 Apr 2024 15:49:21,629 DEBUG com.mchange.v2.log.slf4j.Slf4jMLog$Slf4jMLogger$DebugLogger.log(Slf4jMLog.java:204) MBean: com.mchange.v2.c3p0:type=PooledDataSource,identityToken=z8kfsxb346mvsjixhbvs|550961d3,name=z8kfsxb346mvsjixhbvs|550961d3 registered. 
24 Apr 2024 15:49:21,691 INFO com.mchange.v2.log.slf4j.Slf4jMLog$Slf4jMLogger$InfoLogger.log(Slf4jMLog.java:212) Initializing c3p0 pool... com.mchange.v2.c3p0.PoolBackedDataSource@73cbb0e7 [ connectionPoolDataSource -> com.mchange.v2.c3p0.WrapperConnectionPoolDataSource@2042cc1e [ acquireIncrement -> 3, acquireRetryAttempts -> 30, acquireRetryDelay -> 1000, autoCommitOnClose -> false, automaticTestTable -> null, breakAfterAcquireFailure -> false, checkoutTimeout -> 0, connectionCustomizerClassName -> null, connectionTesterClassName -> com.mchange.v2.c3p0.impl.DefaultConnectionTester, contextClassLoaderSource -> caller, debugUnreturnedConnectionStackTraces -> false, factoryClassLocation -> null, forceIgnoreUnresolvedTransactions -> false, forceSynchronousCheckins -> false, identityToken -> z8kfsxb346mvsjixhbvs|2c61974f, idleConnectionTestPeriod -> 0, initialPoolSize -> 1, maxAdministrativeTaskTime -> 0, maxConnectionAge -> 0, maxIdleTime -> 0, maxIdleTimeExcessConnections -> 0, maxPoolSize -> 10, maxStatements -> 0, maxStatementsPerConnection -> 0, minPoolSize -> 1, nestedDataSource -> com.mchange.v2.c3p0.DriverManagerDataSource@7a4ccf0 [ description -> null, driverClass -> null, factoryClassLocation -> null, forceUseNamedDriverClass -> false, identityToken -> z8kfsxb346mvsjixhbvs|23882418, jdbcUrl -> jdbc:h2:mem:docs, properties -> {password=******, user=******} ], preferredTestQuery -> null, privilegeSpawnedThreads -> false, propertyCycle -> 0, statementCacheNumDeferredCloseThreads -> 0, testConnectionOnCheckin -> false, testConnectionOnCheckout -> false, unreturnedConnectionTimeout -> 0, usesTraditionalReflectiveProxies -> false; userOverrides: {} ], dataSourceName -> null, extensions -> {}, factoryClassLocation -> null, identityToken -> z8kfsxb346mvsjixhbvs|550961d3, numHelperThreads -> 3 ] 
24 Apr 2024 15:49:21,737 DEBUG com.mchange.v2.log.slf4j.Slf4jMLog$Slf4jMLogger$DebugLogger.log(Slf4jMLog.java:207) The configuration file for resource identifier '/mchange-commons.properties' could not be found. Skipping. 
24 Apr 2024 15:49:21,738 DEBUG com.mchange.v2.log.slf4j.Slf4jMLog$Slf4jMLogger$DebugLogger.log(Slf4jMLog.java:207) The configuration file for resource identifier '/mchange-log.properties' could not be found. Skipping. 
24 Apr 2024 15:49:21,739 DEBUG com.mchange.v2.log.slf4j.Slf4jMLog$Slf4jMLogger$DebugLogger.log(Slf4jMLog.java:207) The configuration file for resource identifier '/c3p0.properties' could not be found. Skipping. 
24 Apr 2024 15:49:21,740 DEBUG com.mchange.v2.log.slf4j.Slf4jMLog$Slf4jMLogger$DebugLogger.log(Slf4jMLog.java:207) The configuration file for resource identifier 'hocon:/reference,/application,/c3p0,/' could not be found. Skipping. 
24 Apr 2024 15:49:21,744 DEBUG com.mchange.v2.log.slf4j.Slf4jMLog$Slf4jMLogger$DebugLogger.log(Slf4jMLog.java:204) com.mchange.v2.resourcepool.BasicResourcePool@5164862f config: [start -> 1; min -> 1; max -> 10; inc -> 3; num_acq_attempts -> 30; acq_attempt_delay -> 1000; check_idle_resources_delay -> 0; max_resource_age -> 0; max_idle_time -> 0; excess_max_idle_time -> 0; destroy_unreturned_resc_time -> 0; expiration_enforcement_delay -> 0; break_on_acquisition_failure -> false; debug_store_checkout_exceptions -> false; force_synchronous_checkins -> false] 
24 Apr 2024 15:49:21,745 DEBUG com.mchange.v2.log.slf4j.Slf4jMLog$Slf4jMLogger$DebugLogger.log(Slf4jMLog.java:204) Created new pool for auth, username (masked): 'sa******'. 
24 Apr 2024 15:49:21,747 DEBUG com.mchange.v2.log.slf4j.Slf4jMLog$Slf4jMLogger$DebugLogger.log(Slf4jMLog.java:204) acquire test -- pool size: 0; target_pool_size: 1; desired target? 1 
24 Apr 2024 15:49:21,748 DEBUG com.mchange.v2.log.slf4j.Slf4jMLog$Slf4jMLogger$DebugLogger.log(Slf4jMLog.java:204) awaitAvailable(): [unknown] 
24 Apr 2024 15:49:23,237 INFO com.sismics.util.jpa.DbOpenHelper.open(DbOpenHelper.java:57) Opening database and executing incremental updates 
24 Apr 2024 15:49:23,246 DEBUG com.mchange.v2.log.slf4j.Slf4jMLog$Slf4jMLogger$DebugLogger.log(Slf4jMLog.java:207) com.mchange.v2.c3p0.impl.NewPooledConnection@c6d43a9 handling a throwable. 
org.h2.jdbc.JdbcSQLSyntaxErrorException: Table "T_CONFIG" not found; SQL statement:
select c.CFG_VALUE_C from T_CONFIG c where c.CFG_ID_C='DB_VERSION' [42102-199]
	at org.h2.message.DbException.getJdbcSQLException(DbException.java:451)
	at org.h2.message.DbException.getJdbcSQLException(DbException.java:427)
	at org.h2.message.DbException.get(DbException.java:205)
	at org.h2.message.DbException.get(DbException.java:181)
	at org.h2.command.Parser.readTableOrView(Parser.java:7146)
	at org.h2.command.Parser.readTableFilter(Parser.java:1895)
	at org.h2.command.Parser.parseSelectSimpleFromPart(Parser.java:2641)
	at org.h2.command.Parser.parseSelectSimple(Parser.java:2788)
	at org.h2.command.Parser.parseSelectSub(Parser.java:2636)
	at org.h2.command.Parser.parseSelectUnion(Parser.java:2469)
	at org.h2.command.Parser.parseSelect(Parser.java:2440)
	at org.h2.command.Parser.parsePrepared(Parser.java:814)
	at org.h2.command.Parser.parse(Parser.java:788)
	at org.h2.command.Parser.parse(Parser.java:760)
	at org.h2.command.Parser.prepareCommand(Parser.java:683)
	at org.h2.engine.Session.prepareLocal(Session.java:627)
	at org.h2.engine.Session.prepareCommand(Session.java:565)
	at org.h2.jdbc.JdbcConnection.prepareCommand(JdbcConnection.java:1292)
	at org.h2.jdbc.JdbcStatement.executeQuery(JdbcStatement.java:78)
	at com.mchange.v2.c3p0.impl.NewProxyStatement.executeQuery(NewProxyStatement.java:327)
	at com.sismics.util.jpa.DbOpenHelper.open(DbOpenHelper.java:76)
	at com.sismics.util.jpa.EMF.<clinit>(EMF.java:53)
	at com.sismics.docs.core.util.TransactionUtil.handle(TransactionUtil.java:37)
	at com.sismics.docs.core.service.InboxService.syncInbox(InboxService.java:76)
	at com.sismics.docs.core.service.InboxService.runOneIteration(InboxService.java:66)
	at com.google.common.util.concurrent.AbstractScheduledService$ServiceDelegate$Task.run(AbstractScheduledService.java:221)
	at com.google.common.util.concurrent.Callables$4.run(Callables.java:119)
	at java.base/java.util.concurrent.Executors$RunnableAdapter.call(Executors.java:515)
	at java.base/java.util.concurrent.FutureTask.runAndReset(FutureTask.java:305)
	at java.base/java.util.concurrent.ScheduledThreadPoolExecutor$ScheduledFutureTask.run(ScheduledThreadPoolExecutor.java:305)
	at java.base/java.util.concurrent.ThreadPoolExecutor.runWorker(ThreadPoolExecutor.java:1128)
	at java.base/java.util.concurrent.ThreadPoolExecutor$Worker.run(ThreadPoolExecutor.java:628)
	at java.base/java.lang.Thread.run(Thread.java:829)
24 Apr 2024 15:49:23,258 DEBUG com.mchange.v2.log.slf4j.Slf4jMLog$Slf4jMLogger$DebugLogger.log(Slf4jMLog.java:207) Attempted to convert SQLException to SQLException. Leaving it alone. [SQLState: 42S02; errorCode: 42102] 
org.h2.jdbc.JdbcSQLSyntaxErrorException: Table "T_CONFIG" not found; SQL statement:
select c.CFG_VALUE_C from T_CONFIG c where c.CFG_ID_C='DB_VERSION' [42102-199]
	at org.h2.message.DbException.getJdbcSQLException(DbException.java:451)
	at org.h2.message.DbException.getJdbcSQLException(DbException.java:427)
	at org.h2.message.DbException.get(DbException.java:205)
	at org.h2.message.DbException.get(DbException.java:181)
	at org.h2.command.Parser.readTableOrView(Parser.java:7146)
	at org.h2.command.Parser.readTableFilter(Parser.java:1895)
	at org.h2.command.Parser.parseSelectSimpleFromPart(Parser.java:2641)
	at org.h2.command.Parser.parseSelectSimple(Parser.java:2788)
	at org.h2.command.Parser.parseSelectSub(Parser.java:2636)
	at org.h2.command.Parser.parseSelectUnion(Parser.java:2469)
	at org.h2.command.Parser.parseSelect(Parser.java:2440)
	at org.h2.command.Parser.parsePrepared(Parser.java:814)
	at org.h2.command.Parser.parse(Parser.java:788)
	at org.h2.command.Parser.parse(Parser.java:760)
	at org.h2.command.Parser.prepareCommand(Parser.java:683)
	at org.h2.engine.Session.prepareLocal(Session.java:627)
	at org.h2.engine.Session.prepareCommand(Session.java:565)
	at org.h2.jdbc.JdbcConnection.prepareCommand(JdbcConnection.java:1292)
	at org.h2.jdbc.JdbcStatement.executeQuery(JdbcStatement.java:78)
	at com.mchange.v2.c3p0.impl.NewProxyStatement.executeQuery(NewProxyStatement.java:327)
	at com.sismics.util.jpa.DbOpenHelper.open(DbOpenHelper.java:76)
	at com.sismics.util.jpa.EMF.<clinit>(EMF.java:53)
	at com.sismics.docs.core.util.TransactionUtil.handle(TransactionUtil.java:37)
	at com.sismics.docs.core.service.InboxService.syncInbox(InboxService.java:76)
	at com.sismics.docs.core.service.InboxService.runOneIteration(InboxService.java:66)
	at com.google.common.util.concurrent.AbstractScheduledService$ServiceDelegate$Task.run(AbstractScheduledService.java:221)
	at com.google.common.util.concurrent.Callables$4.run(Callables.java:119)
	at java.base/java.util.concurrent.Executors$RunnableAdapter.call(Executors.java:515)
	at java.base/java.util.concurrent.FutureTask.runAndReset(FutureTask.java:305)
	at java.base/java.util.concurrent.ScheduledThreadPoolExecutor$ScheduledFutureTask.run(ScheduledThreadPoolExecutor.java:305)
	at java.base/java.util.concurrent.ThreadPoolExecutor.runWorker(ThreadPoolExecutor.java:1128)
	at java.base/java.util.concurrent.ThreadPoolExecutor$Worker.run(ThreadPoolExecutor.java:628)
	at java.base/java.lang.Thread.run(Thread.java:829)
24 Apr 2024 15:49:23,261 DEBUG com.mchange.v2.log.slf4j.Slf4jMLog$Slf4jMLogger$DebugLogger.log(Slf4jMLog.java:207) Testing a Connection in response to an Exception: 
org.h2.jdbc.JdbcSQLSyntaxErrorException: Table "T_CONFIG" not found; SQL statement:
select c.CFG_VALUE_C from T_CONFIG c where c.CFG_ID_C='DB_VERSION' [42102-199]
	at org.h2.message.DbException.getJdbcSQLException(DbException.java:451)
	at org.h2.message.DbException.getJdbcSQLException(DbException.java:427)
	at org.h2.message.DbException.get(DbException.java:205)
	at org.h2.message.DbException.get(DbException.java:181)
	at org.h2.command.Parser.readTableOrView(Parser.java:7146)
	at org.h2.command.Parser.readTableFilter(Parser.java:1895)
	at org.h2.command.Parser.parseSelectSimpleFromPart(Parser.java:2641)
	at org.h2.command.Parser.parseSelectSimple(Parser.java:2788)
	at org.h2.command.Parser.parseSelectSub(Parser.java:2636)
	at org.h2.command.Parser.parseSelectUnion(Parser.java:2469)
	at org.h2.command.Parser.parseSelect(Parser.java:2440)
	at org.h2.command.Parser.parsePrepared(Parser.java:814)
	at org.h2.command.Parser.parse(Parser.java:788)
	at org.h2.command.Parser.parse(Parser.java:760)
	at org.h2.command.Parser.prepareCommand(Parser.java:683)
	at org.h2.engine.Session.prepareLocal(Session.java:627)
	at org.h2.engine.Session.prepareCommand(Session.java:565)
	at org.h2.jdbc.JdbcConnection.prepareCommand(JdbcConnection.java:1292)
	at org.h2.jdbc.JdbcStatement.executeQuery(JdbcStatement.java:78)
	at com.mchange.v2.c3p0.impl.NewProxyStatement.executeQuery(NewProxyStatement.java:327)
	at com.sismics.util.jpa.DbOpenHelper.open(DbOpenHelper.java:76)
	at com.sismics.util.jpa.EMF.<clinit>(EMF.java:53)
	at com.sismics.docs.core.util.TransactionUtil.handle(TransactionUtil.java:37)
	at com.sismics.docs.core.service.InboxService.syncInbox(InboxService.java:76)
	at com.sismics.docs.core.service.InboxService.runOneIteration(InboxService.java:66)
	at com.google.common.util.concurrent.AbstractScheduledService$ServiceDelegate$Task.run(AbstractScheduledService.java:221)
	at com.google.common.util.concurrent.Callables$4.run(Callables.java:119)
	at java.base/java.util.concurrent.Executors$RunnableAdapter.call(Executors.java:515)
	at java.base/java.util.concurrent.FutureTask.runAndReset(FutureTask.java:305)
	at java.base/java.util.concurrent.ScheduledThreadPoolExecutor$ScheduledFutureTask.run(ScheduledThreadPoolExecutor.java:305)
	at java.base/java.util.concurrent.ThreadPoolExecutor.runWorker(ThreadPoolExecutor.java:1128)
	at java.base/java.util.concurrent.ThreadPoolExecutor$Worker.run(ThreadPoolExecutor.java:628)
	at java.base/java.lang.Thread.run(Thread.java:829)
24 Apr 2024 15:49:23,265 INFO com.sismics.util.jpa.DbOpenHelper.open(DbOpenHelper.java:83) Unable to get database version: Table T_CONFIG not found 
24 Apr 2024 15:49:23,267 INFO com.sismics.util.jpa.DbOpenHelper.open(DbOpenHelper.java:98) Executing initial schema creation script 
24 Apr 2024 15:49:23,277 INFO com.sismics.util.jpa.DbOpenHelper.executeAllScript(DbOpenHelper.java:142) Executing script: dbupdate-000-0.sql 
24 Apr 2024 15:49:23,460 INFO com.sismics.util.jpa.DbOpenHelper.executeAllScript(DbOpenHelper.java:142) Executing script: dbupdate-000-1.sql 
24 Apr 2024 15:49:23,473 INFO com.sismics.util.jpa.DbOpenHelper.open(DbOpenHelper.java:106) Found database version 0, new version is 27, executing database incremental update scripts 
24 Apr 2024 15:49:23,478 INFO com.sismics.util.jpa.DbOpenHelper.executeAllScript(DbOpenHelper.java:142) Executing script: dbupdate-001-0.sql 
24 Apr 2024 15:49:23,568 INFO com.sismics.util.jpa.DbOpenHelper.executeAllScript(DbOpenHelper.java:142) Executing script: dbupdate-002-0.sql 
24 Apr 2024 15:49:23,588 INFO com.sismics.util.jpa.DbOpenHelper.executeAllScript(DbOpenHelper.java:142) Executing script: dbupdate-003-0.sql 
24 Apr 2024 15:49:23,606 INFO com.sismics.util.jpa.DbOpenHelper.executeAllScript(DbOpenHelper.java:142) Executing script: dbupdate-004-0.sql 
24 Apr 2024 15:49:23,661 INFO com.sismics.util.jpa.DbOpenHelper.executeAllScript(DbOpenHelper.java:142) Executing script: dbupdate-005-0.sql 
24 Apr 2024 15:49:23,668 INFO com.sismics.util.jpa.DbOpenHelper.executeAllScript(DbOpenHelper.java:142) Executing script: dbupdate-006-0.sql 
24 Apr 2024 15:49:23,902 INFO com.sismics.util.jpa.DbOpenHelper.executeAllScript(DbOpenHelper.java:142) Executing script: dbupdate-007-0.sql 
24 Apr 2024 15:49:23,914 INFO com.sismics.util.jpa.DbOpenHelper.executeAllScript(DbOpenHelper.java:142) Executing script: dbupdate-008-0.sql 
24 Apr 2024 15:49:23,964 INFO com.sismics.util.jpa.DbOpenHelper.executeAllScript(DbOpenHelper.java:142) Executing script: dbupdate-009-0.sql 
24 Apr 2024 15:49:23,982 INFO com.sismics.util.jpa.DbOpenHelper.executeAllScript(DbOpenHelper.java:142) Executing script: dbupdate-010-0.sql 
24 Apr 2024 15:49:23,989 INFO com.sismics.util.jpa.DbOpenHelper.executeAllScript(DbOpenHelper.java:142) Executing script: dbupdate-011-0.sql 
24 Apr 2024 15:49:24,000 INFO com.sismics.util.jpa.DbOpenHelper.executeAllScript(DbOpenHelper.java:142) Executing script: dbupdate-012-0.sql 
24 Apr 2024 15:49:24,014 INFO com.sismics.util.jpa.DbOpenHelper.executeAllScript(DbOpenHelper.java:142) Executing script: dbupdate-013-0.sql 
24 Apr 2024 15:49:24,020 INFO com.sismics.util.jpa.DbOpenHelper.executeAllScript(DbOpenHelper.java:142) Executing script: dbupdate-014-0.sql 
24 Apr 2024 15:49:24,039 INFO com.sismics.util.jpa.DbOpenHelper.executeAllScript(DbOpenHelper.java:142) Executing script: dbupdate-015-0.sql 
24 Apr 2024 15:49:24,071 INFO com.sismics.util.jpa.DbOpenHelper.executeAllScript(DbOpenHelper.java:142) Executing script: dbupdate-016-0.sql 
24 Apr 2024 15:49:24,075 INFO com.sismics.util.jpa.DbOpenHelper.executeAllScript(DbOpenHelper.java:142) Executing script: dbupdate-017-0.sql 
24 Apr 2024 15:49:24,081 INFO com.sismics.util.jpa.DbOpenHelper.executeAllScript(DbOpenHelper.java:142) Executing script: dbupdate-018-0.sql 
24 Apr 2024 15:49:24,150 INFO com.sismics.util.jpa.DbOpenHelper.executeAllScript(DbOpenHelper.java:142) Executing script: dbupdate-019-0.sql 
24 Apr 2024 15:49:24,155 INFO com.sismics.util.jpa.DbOpenHelper.executeAllScript(DbOpenHelper.java:142) Executing script: dbupdate-020-0.sql 
24 Apr 2024 15:49:24,160 INFO com.sismics.util.jpa.DbOpenHelper.executeAllScript(DbOpenHelper.java:142) Executing script: dbupdate-021-0.sql 
24 Apr 2024 15:49:24,183 INFO com.sismics.util.jpa.DbOpenHelper.executeAllScript(DbOpenHelper.java:142) Executing script: dbupdate-022-0.sql 
24 Apr 2024 15:49:24,237 INFO com.sismics.util.jpa.DbOpenHelper.executeAllScript(DbOpenHelper.java:142) Executing script: dbupdate-023-0.sql 
24 Apr 2024 15:49:24,259 INFO com.sismics.util.jpa.DbOpenHelper.executeAllScript(DbOpenHelper.java:142) Executing script: dbupdate-024-0.sql 
24 Apr 2024 15:49:24,273 INFO com.sismics.util.jpa.DbOpenHelper.executeAllScript(DbOpenHelper.java:142) Executing script: dbupdate-025-0.sql 
24 Apr 2024 15:49:24,276 INFO com.sismics.util.jpa.DbOpenHelper.executeAllScript(DbOpenHelper.java:142) Executing script: dbupdate-026-0.sql 
24 Apr 2024 15:49:24,278 INFO com.sismics.util.jpa.DbOpenHelper.executeAllScript(DbOpenHelper.java:142) Executing script: dbupdate-027-0.sql 
24 Apr 2024 15:49:24,280 INFO com.sismics.util.jpa.DbOpenHelper.open(DbOpenHelper.java:108) Database upgrade complete 
24 Apr 2024 15:49:24,282 INFO com.sismics.util.jpa.EMF.getEntityManagerProperties(EMF.java:67) Configuring EntityManager from hibernate.properties 
24 Apr 2024 15:49:25,761 DEBUG com.mchange.v2.log.slf4j.Slf4jMLog$Slf4jMLogger$DebugLogger.log(Slf4jMLog.java:204) MBean: com.mchange.v2.c3p0:type=PooledDataSource,identityToken=z8kfsxb346mvsjixhbvs|3b821a5,name=z8kfsxb346mvsjixhbvs|3b821a5 registered. 
24 Apr 2024 15:49:25,828 DEBUG com.mchange.v2.log.slf4j.Slf4jMLog$Slf4jMLogger$DebugLogger.log(Slf4jMLog.java:204) MBean: com.mchange.v2.c3p0:type=PooledDataSource,identityToken=z8kfsxb346mvsjixhbvs|3b821a5,name=z8kfsxb346mvsjixhbvs|3b821a5 unregistered, in order to be reregistered after update. 
24 Apr 2024 15:49:25,830 DEBUG com.mchange.v2.log.slf4j.Slf4jMLog$Slf4jMLogger$DebugLogger.log(Slf4jMLog.java:204) MBean: com.mchange.v2.c3p0:type=PooledDataSource,identityToken=z8kfsxb346mvsjixhbvs|3b821a5,name=z8kfsxb346mvsjixhbvs|3b821a5 registered. 
24 Apr 2024 15:49:25,852 INFO com.mchange.v2.log.slf4j.Slf4jMLog$Slf4jMLogger$InfoLogger.log(Slf4jMLog.java:212) Initializing c3p0 pool... com.mchange.v2.c3p0.PoolBackedDataSource@205121c8 [ connectionPoolDataSource -> com.mchange.v2.c3p0.WrapperConnectionPoolDataSource@af241031 [ acquireIncrement -> 3, acquireRetryAttempts -> 30, acquireRetryDelay -> 1000, autoCommitOnClose -> false, automaticTestTable -> null, breakAfterAcquireFailure -> false, checkoutTimeout -> 0, connectionCustomizerClassName -> null, connectionTesterClassName -> com.mchange.v2.c3p0.impl.DefaultConnectionTester, contextClassLoaderSource -> caller, debugUnreturnedConnectionStackTraces -> false, factoryClassLocation -> null, forceIgnoreUnresolvedTransactions -> false, forceSynchronousCheckins -> false, identityToken -> z8kfsxb346mvsjixhbvs|5ea1f6c, idleConnectionTestPeriod -> 0, initialPoolSize -> 1, maxAdministrativeTaskTime -> 0, maxConnectionAge -> 0, maxIdleTime -> 0, maxIdleTimeExcessConnections -> 0, maxPoolSize -> 10, maxStatements -> 0, maxStatementsPerConnection -> 0, minPoolSize -> 1, nestedDataSource -> com.mchange.v2.c3p0.DriverManagerDataSource@2726f032 [ description -> null, driverClass -> null, factoryClassLocation -> null, forceUseNamedDriverClass -> false, identityToken -> z8kfsxb346mvsjixhbvs|21bfbece, jdbcUrl -> jdbc:h2:mem:docs, properties -> {password=******, user=******} ], preferredTestQuery -> null, privilegeSpawnedThreads -> false, propertyCycle -> 0, statementCacheNumDeferredCloseThreads -> 0, testConnectionOnCheckin -> false, testConnectionOnCheckout -> false, unreturnedConnectionTimeout -> 0, usesTraditionalReflectiveProxies -> false; userOverrides: {} ], dataSourceName -> null, extensions -> {}, factoryClassLocation -> null, identityToken -> z8kfsxb346mvsjixhbvs|3b821a5, numHelperThreads -> 3 ] 
24 Apr 2024 15:49:25,871 DEBUG com.mchange.v2.log.slf4j.Slf4jMLog$Slf4jMLogger$DebugLogger.log(Slf4jMLog.java:204) com.mchange.v2.resourcepool.BasicResourcePool@451ce5d4 config: [start -> 1; min -> 1; max -> 10; inc -> 3; num_acq_attempts -> 30; acq_attempt_delay -> 1000; check_idle_resources_delay -> 0; max_resource_age -> 0; max_idle_time -> 0; excess_max_idle_time -> 0; destroy_unreturned_resc_time -> 0; expiration_enforcement_delay -> 0; break_on_acquisition_failure -> false; debug_store_checkout_exceptions -> false; force_synchronous_checkins -> false] 
24 Apr 2024 15:49:25,884 DEBUG com.mchange.v2.log.slf4j.Slf4jMLog$Slf4jMLogger$DebugLogger.log(Slf4jMLog.java:204) Created new pool for auth, username (masked): 'sa******'. 
24 Apr 2024 15:49:25,885 DEBUG com.mchange.v2.log.slf4j.Slf4jMLog$Slf4jMLogger$DebugLogger.log(Slf4jMLog.java:204) acquire test -- pool size: 0; target_pool_size: 1; desired target? 1 
24 Apr 2024 15:49:25,885 DEBUG com.mchange.v2.log.slf4j.Slf4jMLog$Slf4jMLogger$DebugLogger.log(Slf4jMLog.java:204) awaitAvailable(): [unknown] 
Hibernate: select config0_.CFG_ID_C as cfg_id_c1_5_0_, config0_.CFG_VALUE_C as cfg_valu2_5_0_ from T_CONFIG config0_ where config0_.CFG_ID_C=?
]]></system-out>
  </testcase>
</testsuite>