<?xml version="1.0" encoding="UTF-8"?>
<testsuite xmlns:xsi="http://www.w3.org/2001/XMLSchema-instance" xsi:noNamespaceSchemaLocation="https://maven.apache.org/surefire/maven-surefire-plugin/xsd/surefire-test-report-3.0.xsd" version="3.0" name="com.sismics.docs.core.util.TestFileUtil" time="36.939" tests="6" errors="0" skipped="0" failures="0">
  <properties>
    <property name="sun.desktop" value="gnome"/>
    <property name="awt.toolkit" value="sun.awt.X11.XToolkit"/>
    <property name="java.specification.version" value="11"/>
    <property name="sun.cpu.isalist" value=""/>
    <property name="sun.jnu.encoding" value="UTF-8"/>
    <property name="java.class.path" value="/home/tang-12110502/Teedy/docs-core/target/test-classes:/home/tang-12110502/Teedy/docs-core/target/classes:/home/tang-12110502/.m2/repository/org/hibernate/hibernate-core/5.4.27.Final/hibernate-core-5.4.27.Final.jar:/home/tang-12110502/.m2/repository/org/jboss/logging/jboss-logging/3.4.1.Final/jboss-logging-3.4.1.Final.jar:/home/tang-12110502/.m2/repository/javax/persistence/javax.persistence-api/2.2/javax.persistence-api-2.2.jar:/home/tang-12110502/.m2/repository/org/javassist/javassist/3.27.0-GA/javassist-3.27.0-GA.jar:/home/tang-12110502/.m2/repository/net/bytebuddy/byte-buddy/1.10.17/byte-buddy-1.10.17.jar:/home/tang-12110502/.m2/repository/antlr/antlr/2.7.7/antlr-2.7.7.jar:/home/tang-12110502/.m2/repository/org/jboss/spec/javax/transaction/jboss-transaction-api_1.2_spec/1.1.1.Final/jboss-transaction-api_1.2_spec-1.1.1.Final.jar:/home/tang-12110502/.m2/repository/org/jboss/jandex/2.1.3.Final/jandex-2.1.3.Final.jar:/home/tang-12110502/.m2/repository/com/fasterxml/classmate/1.5.1/classmate-1.5.1.jar:/home/tang-12110502/.m2/repository/javax/activation/javax.activation-api/1.2.0/javax.activation-api-1.2.0.jar:/home/tang-12110502/.m2/repository/org/dom4j/dom4j/2.1.3/dom4j-2.1.3.jar:/home/tang-12110502/.m2/repository/org/hibernate/common/hibernate-commons-annotations/5.1.2.Final/hibernate-commons-annotations-5.1.2.Final.jar:/home/tang-12110502/.m2/repository/org/glassfish/jaxb/jaxb-runtime/2.3.1/jaxb-runtime-2.3.1.jar:/home/tang-12110502/.m2/repository/org/glassfish/jaxb/txw2/2.3.1/txw2-2.3.1.jar:/home/tang-12110502/.m2/repository/com/sun/istack/istack-commons-runtime/3.0.7/istack-commons-runtime-3.0.7.jar:/home/tang-12110502/.m2/repository/org/jvnet/staxex/stax-ex/1.8/stax-ex-1.8.jar:/home/tang-12110502/.m2/repository/com/sun/xml/fastinfoset/FastInfoset/1.2.15/FastInfoset-1.2.15.jar:/home/tang-12110502/.m2/repository/org/hibernate/hibernate-entitymanager/5.4.27.Final/hibernate-entitymanager-5.4.27.Final.jar:/home/tang-12110502/.m2/repository/org/hibernate/hibernate-c3p0/5.4.27.Final/hibernate-c3p0-5.4.27.Final.jar:/home/tang-12110502/.m2/repository/com/mchange/c3p0/0.9.5.5/c3p0-0.9.5.5.jar:/home/tang-12110502/.m2/repository/com/mchange/mchange-commons-java/0.2.19/mchange-commons-java-0.2.19.jar:/home/tang-12110502/.m2/repository/joda-time/joda-time/2.10.9/joda-time-2.10.9.jar:/home/tang-12110502/.m2/repository/com/google/guava/guava/30.1-jre/guava-30.1-jre.jar:/home/tang-12110502/.m2/repository/com/google/guava/failureaccess/1.0.1/failureaccess-1.0.1.jar:/home/tang-12110502/.m2/repository/com/google/guava/listenablefuture/9999.0-empty-to-avoid-conflict-with-guava/listenablefuture-9999.0-empty-to-avoid-conflict-with-guava.jar:/home/tang-12110502/.m2/repository/com/google/code/findbugs/jsr305/3.0.2/jsr305-3.0.2.jar:/home/tang-12110502/.m2/repository/org/checkerframework/checker-qual/3.5.0/checker-qual-3.5.0.jar:/home/tang-12110502/.m2/repository/com/google/errorprone/error_prone_annotations/2.3.4/error_prone_annotations-2.3.4.jar:/home/tang-12110502/.m2/repository/com/google/j2objc/j2objc-annotations/1.3/j2objc-annotations-1.3.jar:/home/tang-12110502/.m2/repository/org/apache/commons/commons-compress/1.18/commons-compress-1.18.jar:/home/tang-12110502/.m2/repository/commons-lang/commons-lang/2.6/commons-lang-2.6.jar:/home/tang-12110502/.m2/repository/org/apache/commons/commons-email/1.5/commons-email-1.5.jar:/home/tang-12110502/.m2/repository/org/freemarker/freemarker/2.3.30/freemarker-2.3.30.jar:/home/tang-12110502/.m2/repository/org/glassfish/javax.json/1.1.4/javax.json-1.1.4.jar:/home/tang-12110502/.m2/repository/org/jsoup/jsoup/1.13.1/jsoup-1.13.1.jar:/home/tang-12110502/.m2/repository/log4j/log4j/1.2.17/log4j-1.2.17.jar:/home/tang-12110502/.m2/repository/org/slf4j/slf4j-log4j12/1.7.30/slf4j-log4j12-1.7.30.jar:/home/tang-12110502/.m2/repository/org/slf4j/slf4j-api/1.7.30/slf4j-api-1.7.30.jar:/home/tang-12110502/.m2/repository/org/slf4j/jcl-over-slf4j/1.7.30/jcl-over-slf4j-1.7.30.jar:/home/tang-12110502/.m2/repository/at/favre/lib/bcrypt/0.9.0/bcrypt-0.9.0.jar:/home/tang-12110502/.m2/repository/at/favre/lib/bytes/1.3.0/bytes-1.3.0.jar:/home/tang-12110502/.m2/repository/org/apache/lucene/lucene-core/8.7.0/lucene-core-8.7.0.jar:/home/tang-12110502/.m2/repository/org/apache/lucene/lucene-analyzers-common/8.7.0/lucene-analyzers-common-8.7.0.jar:/home/tang-12110502/.m2/repository/org/apache/lucene/lucene-queryparser/8.7.0/lucene-queryparser-8.7.0.jar:/home/tang-12110502/.m2/repository/org/apache/lucene/lucene-queries/8.7.0/lucene-queries-8.7.0.jar:/home/tang-12110502/.m2/repository/org/apache/lucene/lucene-sandbox/8.7.0/lucene-sandbox-8.7.0.jar:/home/tang-12110502/.m2/repository/org/apache/lucene/lucene-suggest/8.7.0/lucene-suggest-8.7.0.jar:/home/tang-12110502/.m2/repository/org/apache/lucene/lucene-highlighter/8.7.0/lucene-highlighter-8.7.0.jar:/home/tang-12110502/.m2/repository/org/apache/lucene/lucene-memory/8.7.0/lucene-memory-8.7.0.jar:/home/tang-12110502/.m2/repository/com/sun/mail/javax.mail/1.6.2/javax.mail-1.6.2.jar:/home/tang-12110502/.m2/repository/javax/activation/activation/1.1/activation-1.1.jar:/home/tang-12110502/.m2/repository/com/squareup/okhttp3/okhttp/4.9.0/okhttp-4.9.0.jar:/home/tang-12110502/.m2/repository/com/squareup/okio/okio/2.8.0/okio-2.8.0.jar:/home/tang-12110502/.m2/repository/org/jetbrains/kotlin/kotlin-stdlib-common/1.4.0/kotlin-stdlib-common-1.4.0.jar:/home/tang-12110502/.m2/repository/org/jetbrains/kotlin/kotlin-stdlib/1.4.10/kotlin-stdlib-1.4.10.jar:/home/tang-12110502/.m2/repository/org/jetbrains/annotations/13.0/annotations-13.0.jar:/home/tang-12110502/.m2/repository/org/apache/directory/api/api-all/2.0.1/api-all-2.0.1.jar:/home/tang-12110502/.m2/repository/org/apache/servicemix/bundles/org.apache.servicemix.bundles.xpp3/1.1.4c_7/org.apache.servicemix.bundles.xpp3-1.1.4c_7.jar:/home/tang-12110502/.m2/repository/org/apache/servicemix/bundles/org.apache.servicemix.bundles.dom4j/2.1.1_1/org.apache.servicemix.bundles.dom4j-2.1.1_1.jar:/home/tang-12110502/.m2/repository/org/apache/commons/commons-pool2/2.8.0/commons-pool2-2.8.0.jar:/home/tang-12110502/.m2/repository/org/apache/mina/mina-core/2.1.3/mina-core-2.1.3.jar:/home/tang-12110502/.m2/repository/org/apache/commons/commons-lang3/3.9/commons-lang3-3.9.jar:/home/tang-12110502/.m2/repository/org/apache/commons/commons-collections4/4.4/commons-collections4-4.4.jar:/home/tang-12110502/.m2/repository/org/apache/servicemix/bundles/org.apache.servicemix.bundles.antlr/2.7.7_5/org.apache.servicemix.bundles.antlr-2.7.7_5.jar:/home/tang-12110502/.m2/repository/commons-codec/commons-codec/1.14/commons-codec-1.14.jar:/home/tang-12110502/.m2/repository/org/apache/lucene/lucene-backward-codecs/8.7.0/lucene-backward-codecs-8.7.0.jar:/home/tang-12110502/.m2/repository/org/imgscalr/imgscalr-lib/4.2/imgscalr-lib-4.2.jar:/home/tang-12110502/.m2/repository/org/apache/pdfbox/pdfbox/2.0.22/pdfbox-2.0.22.jar:/home/tang-12110502/.m2/repository/org/apache/pdfbox/fontbox/2.0.22/fontbox-2.0.22.jar:/home/tang-12110502/.m2/repository/commons-logging/commons-logging/1.2/commons-logging-1.2.jar:/home/tang-12110502/.m2/repository/org/bouncycastle/bcprov-jdk15on/1.68/bcprov-jdk15on-1.68.jar:/home/tang-12110502/.m2/repository/fr/opensagres/xdocreport/fr.opensagres.odfdom.converter.pdf/2.0.2/fr.opensagres.odfdom.converter.pdf-2.0.2.jar:/home/tang-12110502/.m2/repository/fr/opensagres/xdocreport/fr.opensagres.odfdom.converter.core/2.0.2/fr.opensagres.odfdom.converter.core-2.0.2.jar:/home/tang-12110502/.m2/repository/org/odftoolkit/odfdom-java/0.8.7/odfdom-java-0.8.7.jar:/home/tang-12110502/.m2/repository/xerces/xercesImpl/2.9.1/xercesImpl-2.9.1.jar:/home/tang-12110502/.m2/repository/xml-apis/xml-apis/1.3.04/xml-apis-1.3.04.jar:/home/tang-12110502/.m2/repository/fr/opensagres/xdocreport/fr.opensagres.xdocreport.itext.extension/2.0.2/fr.opensagres.xdocreport.itext.extension-2.0.2.jar:/home/tang-12110502/.m2/repository/com/lowagie/itext/2.1.7/itext-2.1.7.jar:/home/tang-12110502/.m2/repository/fr/opensagres/xdocreport/fr.opensagres.poi.xwpf.converter.pdf/2.0.2/fr.opensagres.poi.xwpf.converter.pdf-2.0.2.jar:/home/tang-12110502/.m2/repository/fr/opensagres/xdocreport/fr.opensagres.poi.xwpf.converter.core/2.0.2/fr.opensagres.poi.xwpf.converter.core-2.0.2.jar:/home/tang-12110502/.m2/repository/org/apache/poi/poi-ooxml/4.0.1/poi-ooxml-4.0.1.jar:/home/tang-12110502/.m2/repository/org/apache/poi/poi/4.0.1/poi-4.0.1.jar:/home/tang-12110502/.m2/repository/org/apache/commons/commons-math3/3.6.1/commons-math3-3.6.1.jar:/home/tang-12110502/.m2/repository/com/github/virtuald/curvesapi/1.05/curvesapi-1.05.jar:/home/tang-12110502/.m2/repository/org/apache/poi/ooxml-schemas/1.4/ooxml-schemas-1.4.jar:/home/tang-12110502/.m2/repository/org/apache/xmlbeans/xmlbeans/3.0.1/xmlbeans-3.0.1.jar:/home/tang-12110502/.m2/repository/com/twelvemonkeys/imageio/imageio-jpeg/3.6.2/imageio-jpeg-3.6.2.jar:/home/tang-12110502/.m2/repository/com/twelvemonkeys/imageio/imageio-core/3.6.2/imageio-core-3.6.2.jar:/home/tang-12110502/.m2/repository/com/twelvemonkeys/imageio/imageio-metadata/3.6.2/imageio-metadata-3.6.2.jar:/home/tang-12110502/.m2/repository/com/twelvemonkeys/common/common-lang/3.6.2/common-lang-3.6.2.jar:/home/tang-12110502/.m2/repository/com/twelvemonkeys/common/common-io/3.6.2/common-io-3.6.2.jar:/home/tang-12110502/.m2/repository/com/twelvemonkeys/common/common-image/3.6.2/common-image-3.6.2.jar:/home/tang-12110502/.m2/repository/com/twelvemonkeys/imageio/imageio-tiff/3.6.2/imageio-tiff-3.6.2.jar:/home/tang-12110502/.m2/repository/com/github/jai-imageio/jai-imageio-jpeg2000/1.4.0/jai-imageio-jpeg2000-1.4.0.jar:/home/tang-12110502/.m2/repository/com/github/jai-imageio/jai-imageio-core/1.4.0/jai-imageio-core-1.4.0.jar:/home/tang-12110502/.m2/repository/com/levigo/jbig2/levigo-jbig2-imageio/2.0/levigo-jbig2-imageio-2.0.jar:/home/tang-12110502/.m2/repository/org/postgresql/postgresql/42.2.18/postgresql-42.2.18.jar:/home/tang-12110502/.m2/repository/javax/xml/bind/jaxb-api/2.3.0/jaxb-api-2.3.0.jar:/home/tang-12110502/.m2/repository/com/sun/xml/bind/jaxb-core/2.3.0/jaxb-core-2.3.0.jar:/home/tang-12110502/.m2/repository/com/sun/xml/bind/jaxb-impl/2.3.0/jaxb-impl-2.3.0.jar:/home/tang-12110502/.m2/repository/junit/junit/4.13.1/junit-4.13.1.jar:/home/tang-12110502/.m2/repository/org/hamcrest/hamcrest-core/1.3/hamcrest-core-1.3.jar:/home/tang-12110502/.m2/repository/com/h2database/h2/1.4.199/h2-1.4.199.jar:"/>
    <property name="java.vm.vendor" value="Ubuntu"/>
    <property name="sun.arch.data.model" value="64"/>
    <property name="java.vendor.url" value="https://ubuntu.com/"/>
    <property name="user.timezone" value=""/>
    <property name="java.vm.specification.version" value="11"/>
    <property name="os.name" value="Linux"/>
    <property name="sun.java.launcher" value="SUN_STANDARD"/>
    <property name="user.country" value="HK"/>
    <property name="sun.boot.library.path" value="/usr/lib/jvm/java-11-openjdk-amd64/lib"/>
    <property name="sun.java.command" value="/home/tang-12110502/Teedy/docs-core/target/surefire/surefirebooter9499407955872921978.jar /home/tang-12110502/Teedy/docs-core/target/surefire 2024-04-10T15-11-36_630-jvmRun1 surefire5368551937185773711tmp surefire_116038337464974082262tmp"/>
    <property name="jdk.debug" value="release"/>
    <property name="surefire.test.class.path" value="/home/tang-12110502/Teedy/docs-core/target/test-classes:/home/tang-12110502/Teedy/docs-core/target/classes:/home/tang-12110502/.m2/repository/org/hibernate/hibernate-core/5.4.27.Final/hibernate-core-5.4.27.Final.jar:/home/tang-12110502/.m2/repository/org/jboss/logging/jboss-logging/3.4.1.Final/jboss-logging-3.4.1.Final.jar:/home/tang-12110502/.m2/repository/javax/persistence/javax.persistence-api/2.2/javax.persistence-api-2.2.jar:/home/tang-12110502/.m2/repository/org/javassist/javassist/3.27.0-GA/javassist-3.27.0-GA.jar:/home/tang-12110502/.m2/repository/net/bytebuddy/byte-buddy/1.10.17/byte-buddy-1.10.17.jar:/home/tang-12110502/.m2/repository/antlr/antlr/2.7.7/antlr-2.7.7.jar:/home/tang-12110502/.m2/repository/org/jboss/spec/javax/transaction/jboss-transaction-api_1.2_spec/1.1.1.Final/jboss-transaction-api_1.2_spec-1.1.1.Final.jar:/home/tang-12110502/.m2/repository/org/jboss/jandex/2.1.3.Final/jandex-2.1.3.Final.jar:/home/tang-12110502/.m2/repository/com/fasterxml/classmate/1.5.1/classmate-1.5.1.jar:/home/tang-12110502/.m2/repository/javax/activation/javax.activation-api/1.2.0/javax.activation-api-1.2.0.jar:/home/tang-12110502/.m2/repository/org/dom4j/dom4j/2.1.3/dom4j-2.1.3.jar:/home/tang-12110502/.m2/repository/org/hibernate/common/hibernate-commons-annotations/5.1.2.Final/hibernate-commons-annotations-5.1.2.Final.jar:/home/tang-12110502/.m2/repository/org/glassfish/jaxb/jaxb-runtime/2.3.1/jaxb-runtime-2.3.1.jar:/home/tang-12110502/.m2/repository/org/glassfish/jaxb/txw2/2.3.1/txw2-2.3.1.jar:/home/tang-12110502/.m2/repository/com/sun/istack/istack-commons-runtime/3.0.7/istack-commons-runtime-3.0.7.jar:/home/tang-12110502/.m2/repository/org/jvnet/staxex/stax-ex/1.8/stax-ex-1.8.jar:/home/tang-12110502/.m2/repository/com/sun/xml/fastinfoset/FastInfoset/1.2.15/FastInfoset-1.2.15.jar:/home/tang-12110502/.m2/repository/org/hibernate/hibernate-entitymanager/5.4.27.Final/hibernate-entitymanager-5.4.27.Final.jar:/home/tang-12110502/.m2/repository/org/hibernate/hibernate-c3p0/5.4.27.Final/hibernate-c3p0-5.4.27.Final.jar:/home/tang-12110502/.m2/repository/com/mchange/c3p0/0.9.5.5/c3p0-0.9.5.5.jar:/home/tang-12110502/.m2/repository/com/mchange/mchange-commons-java/0.2.19/mchange-commons-java-0.2.19.jar:/home/tang-12110502/.m2/repository/joda-time/joda-time/2.10.9/joda-time-2.10.9.jar:/home/tang-12110502/.m2/repository/com/google/guava/guava/30.1-jre/guava-30.1-jre.jar:/home/tang-12110502/.m2/repository/com/google/guava/failureaccess/1.0.1/failureaccess-1.0.1.jar:/home/tang-12110502/.m2/repository/com/google/guava/listenablefuture/9999.0-empty-to-avoid-conflict-with-guava/listenablefuture-9999.0-empty-to-avoid-conflict-with-guava.jar:/home/tang-12110502/.m2/repository/com/google/code/findbugs/jsr305/3.0.2/jsr305-3.0.2.jar:/home/tang-12110502/.m2/repository/org/checkerframework/checker-qual/3.5.0/checker-qual-3.5.0.jar:/home/tang-12110502/.m2/repository/com/google/errorprone/error_prone_annotations/2.3.4/error_prone_annotations-2.3.4.jar:/home/tang-12110502/.m2/repository/com/google/j2objc/j2objc-annotations/1.3/j2objc-annotations-1.3.jar:/home/tang-12110502/.m2/repository/org/apache/commons/commons-compress/1.18/commons-compress-1.18.jar:/home/tang-12110502/.m2/repository/commons-lang/commons-lang/2.6/commons-lang-2.6.jar:/home/tang-12110502/.m2/repository/org/apache/commons/commons-email/1.5/commons-email-1.5.jar:/home/tang-12110502/.m2/repository/org/freemarker/freemarker/2.3.30/freemarker-2.3.30.jar:/home/tang-12110502/.m2/repository/org/glassfish/javax.json/1.1.4/javax.json-1.1.4.jar:/home/tang-12110502/.m2/repository/org/jsoup/jsoup/1.13.1/jsoup-1.13.1.jar:/home/tang-12110502/.m2/repository/log4j/log4j/1.2.17/log4j-1.2.17.jar:/home/tang-12110502/.m2/repository/org/slf4j/slf4j-log4j12/1.7.30/slf4j-log4j12-1.7.30.jar:/home/tang-12110502/.m2/repository/org/slf4j/slf4j-api/1.7.30/slf4j-api-1.7.30.jar:/home/tang-12110502/.m2/repository/org/slf4j/jcl-over-slf4j/1.7.30/jcl-over-slf4j-1.7.30.jar:/home/tang-12110502/.m2/repository/at/favre/lib/bcrypt/0.9.0/bcrypt-0.9.0.jar:/home/tang-12110502/.m2/repository/at/favre/lib/bytes/1.3.0/bytes-1.3.0.jar:/home/tang-12110502/.m2/repository/org/apache/lucene/lucene-core/8.7.0/lucene-core-8.7.0.jar:/home/tang-12110502/.m2/repository/org/apache/lucene/lucene-analyzers-common/8.7.0/lucene-analyzers-common-8.7.0.jar:/home/tang-12110502/.m2/repository/org/apache/lucene/lucene-queryparser/8.7.0/lucene-queryparser-8.7.0.jar:/home/tang-12110502/.m2/repository/org/apache/lucene/lucene-queries/8.7.0/lucene-queries-8.7.0.jar:/home/tang-12110502/.m2/repository/org/apache/lucene/lucene-sandbox/8.7.0/lucene-sandbox-8.7.0.jar:/home/tang-12110502/.m2/repository/org/apache/lucene/lucene-suggest/8.7.0/lucene-suggest-8.7.0.jar:/home/tang-12110502/.m2/repository/org/apache/lucene/lucene-highlighter/8.7.0/lucene-highlighter-8.7.0.jar:/home/tang-12110502/.m2/repository/org/apache/lucene/lucene-memory/8.7.0/lucene-memory-8.7.0.jar:/home/tang-12110502/.m2/repository/com/sun/mail/javax.mail/1.6.2/javax.mail-1.6.2.jar:/home/tang-12110502/.m2/repository/javax/activation/activation/1.1/activation-1.1.jar:/home/tang-12110502/.m2/repository/com/squareup/okhttp3/okhttp/4.9.0/okhttp-4.9.0.jar:/home/tang-12110502/.m2/repository/com/squareup/okio/okio/2.8.0/okio-2.8.0.jar:/home/tang-12110502/.m2/repository/org/jetbrains/kotlin/kotlin-stdlib-common/1.4.0/kotlin-stdlib-common-1.4.0.jar:/home/tang-12110502/.m2/repository/org/jetbrains/kotlin/kotlin-stdlib/1.4.10/kotlin-stdlib-1.4.10.jar:/home/tang-12110502/.m2/repository/org/jetbrains/annotations/13.0/annotations-13.0.jar:/home/tang-12110502/.m2/repository/org/apache/directory/api/api-all/2.0.1/api-all-2.0.1.jar:/home/tang-12110502/.m2/repository/org/apache/servicemix/bundles/org.apache.servicemix.bundles.xpp3/1.1.4c_7/org.apache.servicemix.bundles.xpp3-1.1.4c_7.jar:/home/tang-12110502/.m2/repository/org/apache/servicemix/bundles/org.apache.servicemix.bundles.dom4j/2.1.1_1/org.apache.servicemix.bundles.dom4j-2.1.1_1.jar:/home/tang-12110502/.m2/repository/org/apache/commons/commons-pool2/2.8.0/commons-pool2-2.8.0.jar:/home/tang-12110502/.m2/repository/org/apache/mina/mina-core/2.1.3/mina-core-2.1.3.jar:/home/tang-12110502/.m2/repository/org/apache/commons/commons-lang3/3.9/commons-lang3-3.9.jar:/home/tang-12110502/.m2/repository/org/apache/commons/commons-collections4/4.4/commons-collections4-4.4.jar:/home/tang-12110502/.m2/repository/org/apache/servicemix/bundles/org.apache.servicemix.bundles.antlr/2.7.7_5/org.apache.servicemix.bundles.antlr-2.7.7_5.jar:/home/tang-12110502/.m2/repository/commons-codec/commons-codec/1.14/commons-codec-1.14.jar:/home/tang-12110502/.m2/repository/org/apache/lucene/lucene-backward-codecs/8.7.0/lucene-backward-codecs-8.7.0.jar:/home/tang-12110502/.m2/repository/org/imgscalr/imgscalr-lib/4.2/imgscalr-lib-4.2.jar:/home/tang-12110502/.m2/repository/org/apache/pdfbox/pdfbox/2.0.22/pdfbox-2.0.22.jar:/home/tang-12110502/.m2/repository/org/apache/pdfbox/fontbox/2.0.22/fontbox-2.0.22.jar:/home/tang-12110502/.m2/repository/commons-logging/commons-logging/1.2/commons-logging-1.2.jar:/home/tang-12110502/.m2/repository/org/bouncycastle/bcprov-jdk15on/1.68/bcprov-jdk15on-1.68.jar:/home/tang-12110502/.m2/repository/fr/opensagres/xdocreport/fr.opensagres.odfdom.converter.pdf/2.0.2/fr.opensagres.odfdom.converter.pdf-2.0.2.jar:/home/tang-12110502/.m2/repository/fr/opensagres/xdocreport/fr.opensagres.odfdom.converter.core/2.0.2/fr.opensagres.odfdom.converter.core-2.0.2.jar:/home/tang-12110502/.m2/repository/org/odftoolkit/odfdom-java/0.8.7/odfdom-java-0.8.7.jar:/home/tang-12110502/.m2/repository/xerces/xercesImpl/2.9.1/xercesImpl-2.9.1.jar:/home/tang-12110502/.m2/repository/xml-apis/xml-apis/1.3.04/xml-apis-1.3.04.jar:/home/tang-12110502/.m2/repository/fr/opensagres/xdocreport/fr.opensagres.xdocreport.itext.extension/2.0.2/fr.opensagres.xdocreport.itext.extension-2.0.2.jar:/home/tang-12110502/.m2/repository/com/lowagie/itext/2.1.7/itext-2.1.7.jar:/home/tang-12110502/.m2/repository/fr/opensagres/xdocreport/fr.opensagres.poi.xwpf.converter.pdf/2.0.2/fr.opensagres.poi.xwpf.converter.pdf-2.0.2.jar:/home/tang-12110502/.m2/repository/fr/opensagres/xdocreport/fr.opensagres.poi.xwpf.converter.core/2.0.2/fr.opensagres.poi.xwpf.converter.core-2.0.2.jar:/home/tang-12110502/.m2/repository/org/apache/poi/poi-ooxml/4.0.1/poi-ooxml-4.0.1.jar:/home/tang-12110502/.m2/repository/org/apache/poi/poi/4.0.1/poi-4.0.1.jar:/home/tang-12110502/.m2/repository/org/apache/commons/commons-math3/3.6.1/commons-math3-3.6.1.jar:/home/tang-12110502/.m2/repository/com/github/virtuald/curvesapi/1.05/curvesapi-1.05.jar:/home/tang-12110502/.m2/repository/org/apache/poi/ooxml-schemas/1.4/ooxml-schemas-1.4.jar:/home/tang-12110502/.m2/repository/org/apache/xmlbeans/xmlbeans/3.0.1/xmlbeans-3.0.1.jar:/home/tang-12110502/.m2/repository/com/twelvemonkeys/imageio/imageio-jpeg/3.6.2/imageio-jpeg-3.6.2.jar:/home/tang-12110502/.m2/repository/com/twelvemonkeys/imageio/imageio-core/3.6.2/imageio-core-3.6.2.jar:/home/tang-12110502/.m2/repository/com/twelvemonkeys/imageio/imageio-metadata/3.6.2/imageio-metadata-3.6.2.jar:/home/tang-12110502/.m2/repository/com/twelvemonkeys/common/common-lang/3.6.2/common-lang-3.6.2.jar:/home/tang-12110502/.m2/repository/com/twelvemonkeys/common/common-io/3.6.2/common-io-3.6.2.jar:/home/tang-12110502/.m2/repository/com/twelvemonkeys/common/common-image/3.6.2/common-image-3.6.2.jar:/home/tang-12110502/.m2/repository/com/twelvemonkeys/imageio/imageio-tiff/3.6.2/imageio-tiff-3.6.2.jar:/home/tang-12110502/.m2/repository/com/github/jai-imageio/jai-imageio-jpeg2000/1.4.0/jai-imageio-jpeg2000-1.4.0.jar:/home/tang-12110502/.m2/repository/com/github/jai-imageio/jai-imageio-core/1.4.0/jai-imageio-core-1.4.0.jar:/home/tang-12110502/.m2/repository/com/levigo/jbig2/levigo-jbig2-imageio/2.0/levigo-jbig2-imageio-2.0.jar:/home/tang-12110502/.m2/repository/org/postgresql/postgresql/42.2.18/postgresql-42.2.18.jar:/home/tang-12110502/.m2/repository/javax/xml/bind/jaxb-api/2.3.0/jaxb-api-2.3.0.jar:/home/tang-12110502/.m2/repository/com/sun/xml/bind/jaxb-core/2.3.0/jaxb-core-2.3.0.jar:/home/tang-12110502/.m2/repository/com/sun/xml/bind/jaxb-impl/2.3.0/jaxb-impl-2.3.0.jar:/home/tang-12110502/.m2/repository/junit/junit/4.13.1/junit-4.13.1.jar:/home/tang-12110502/.m2/repository/org/hamcrest/hamcrest-core/1.3/hamcrest-core-1.3.jar:/home/tang-12110502/.m2/repository/com/h2database/h2/1.4.199/h2-1.4.199.jar:"/>
    <property name="sun.cpu.endian" value="little"/>
    <property name="user.home" value="/home/tang-12110502"/>
    <property name="user.language" value="en"/>
    <property name="java.specification.vendor" value="Oracle Corporation"/>
    <property name="java.version.date" value="2024-01-16"/>
    <property name="java.home" value="/usr/lib/jvm/java-11-openjdk-amd64"/>
    <property name="file.separator" value="/"/>
    <property name="basedir" value="/home/tang-12110502/Teedy/docs-core"/>
    <property name="java.vm.compressedOopsMode" value="Zero based"/>
    <property name="line.separator" value="&#10;"/>
    <property name="java.specification.name" value="Java Platform API Specification"/>
    <property name="java.vm.specification.vendor" value="Oracle Corporation"/>
    <property name="java.awt.graphicsenv" value="sun.awt.X11GraphicsEnvironment"/>
    <property name="surefire.real.class.path" value="/home/tang-12110502/Teedy/docs-core/target/surefire/surefirebooter9499407955872921978.jar"/>
    <property name="sun.management.compiler" value="HotSpot 64-Bit Tiered Compilers"/>
    <property name="java.runtime.version" value="11.0.22+7-post-Ubuntu-0ubuntu222.04.1"/>
    <property name="user.name" value="tang-12110502"/>
    <property name="path.separator" value=":"/>
    <property name="os.version" value="6.5.0-25-generic"/>
    <property name="java.runtime.name" value="OpenJDK Runtime Environment"/>
    <property name="file.encoding" value="UTF-8"/>
    <property name="java.vm.name" value="OpenJDK 64-Bit Server VM"/>
    <property name="localRepository" value="/home/tang-12110502/.m2/repository"/>
    <property name="java.vendor.url.bug" value="https://bugs.launchpad.net/ubuntu/+source/openjdk-lts"/>
    <property name="java.io.tmpdir" value="/tmp"/>
    <property name="java.version" value="11.0.22"/>
    <property name="user.dir" value="/home/tang-12110502/Teedy/docs-core"/>
    <property name="os.arch" value="amd64"/>
    <property name="java.vm.specification.name" value="Java Virtual Machine Specification"/>
    <property name="java.awt.printerjob" value="sun.print.PSPrinterJob"/>
    <property name="sun.os.patch.level" value="unknown"/>
    <property name="java.library.path" value="/usr/java/packages/lib:/usr/lib/x86_64-linux-gnu/jni:/lib/x86_64-linux-gnu:/usr/lib/x86_64-linux-gnu:/usr/lib/jni:/lib:/usr/lib"/>
    <property name="java.vm.info" value="mixed mode, sharing"/>
    <property name="java.vendor" value="Ubuntu"/>
    <property name="java.vm.version" value="11.0.22+7-post-Ubuntu-0ubuntu222.04.1"/>
    <property name="java.specification.maintenance.version" value="2"/>
    <property name="sun.io.unicode.encoding" value="UnicodeLittle"/>
    <property name="java.class.version" value="55.0"/>
  </properties>
  <testcase name="extractContentOfficeDocumentTest" classname="com.sismics.docs.core.util.TestFileUtil" time="4.538">
    <system-out><![CDATA[10 Apr 2024 15:11:47,316 INFO com.sismics.util.ClasspathScanner.findClasses(ClasspathScanner.java:48) Found 7 classes for FormatHandler 
10 Apr 2024 15:11:48,353 INFO com.sismics.util.ClasspathScanner.findClasses(ClasspathScanner.java:48) Found 1 classes for IndexingHandler 
10 Apr 2024 15:11:48,384 INFO com.sismics.docs.core.util.indexing.LuceneIndexingHandler.initLucene(LuceneIndexingHandler.java:115) Using RAM Lucene storage 
10 Apr 2024 15:11:48,728 INFO com.sismics.docs.core.service.FileService.startUp(FileService.java:39) File service starting up 
10 Apr 2024 15:11:48,746 INFO com.sismics.docs.core.service.InboxService.startUp(InboxService.java:55) Inbox service starting up 
10 Apr 2024 15:11:48,771 INFO com.sismics.util.jpa.EMF.getEntityManagerProperties(EMF.java:67) Configuring EntityManager from hibernate.properties 
10 Apr 2024 15:11:48,804 DEBUG org.hibernate.boot.registry.selector.internal.StrategySelectorBuilder.<clinit>(StrategySelectorBuilder.java:44) Logging Provider: org.jboss.logging.Log4jLoggerProvider 
10 Apr 2024 15:11:49,277 INFO com.mchange.v2.log.slf4j.Slf4jMLog$Slf4jMLogger$InfoLogger.log(Slf4jMLog.java:212) MLog clients using slf4j logging. 
10 Apr 2024 15:11:49,287 DEBUG com.mchange.v2.log.slf4j.Slf4jMLog$Slf4jMLogger$DebugLogger.log(Slf4jMLog.java:207) Reading VM config for path list /com/mchange/v2/log/default-mchange-log.properties, /mchange-commons.properties, /c3p0.properties, hocon:/reference,/application,/c3p0,/, /mchange-log.properties, / 
10 Apr 2024 15:11:49,287 DEBUG com.mchange.v2.log.slf4j.Slf4jMLog$Slf4jMLogger$DebugLogger.log(Slf4jMLog.java:207) The configuration file for resource identifier '/mchange-commons.properties' could not be found. Skipping. 
10 Apr 2024 15:11:49,287 DEBUG com.mchange.v2.log.slf4j.Slf4jMLog$Slf4jMLogger$DebugLogger.log(Slf4jMLog.java:207) The configuration file for resource identifier '/c3p0.properties' could not be found. Skipping. 
10 Apr 2024 15:11:49,287 DEBUG com.mchange.v2.log.slf4j.Slf4jMLog$Slf4jMLogger$DebugLogger.log(Slf4jMLog.java:207) The configuration file for resource identifier 'hocon:/reference,/application,/c3p0,/' could not be found. Skipping. 
10 Apr 2024 15:11:49,288 DEBUG com.mchange.v2.log.slf4j.Slf4jMLog$Slf4jMLogger$DebugLogger.log(Slf4jMLog.java:207) The configuration file for resource identifier '/mchange-log.properties' could not be found. Skipping. 
10 Apr 2024 15:11:49,294 DEBUG com.mchange.v2.log.slf4j.Slf4jMLog$Slf4jMLogger$DebugLogger.log(Slf4jMLog.java:207) The configuration file for resource identifier '/mchange-commons.properties' could not be found. Skipping. 
10 Apr 2024 15:11:49,295 DEBUG com.mchange.v2.log.slf4j.Slf4jMLog$Slf4jMLogger$DebugLogger.log(Slf4jMLog.java:207) The configuration file for resource identifier '/mchange-log.properties' could not be found. Skipping. 
10 Apr 2024 15:11:49,295 DEBUG com.mchange.v2.log.slf4j.Slf4jMLog$Slf4jMLogger$DebugLogger.log(Slf4jMLog.java:207) The configuration file for resource identifier 'hocon:/reference,/application,/c3p0,/' could not be found. Skipping. 
10 Apr 2024 15:11:49,297 DEBUG com.mchange.v2.log.slf4j.Slf4jMLog$Slf4jMLogger$DebugLogger.log(Slf4jMLog.java:207) The configuration file for resource identifier '/c3p0.properties' could not be found. Skipping. 
10 Apr 2024 15:11:49,425 INFO com.mchange.v2.log.slf4j.Slf4jMLog$Slf4jMLogger$InfoLogger.log(Slf4jMLog.java:212) Initializing c3p0-0.9.5.5 [built 11-December-2019 22:18:33 -0800; debug? true; trace: 10] 
10 Apr 2024 15:11:49,445 DEBUG com.mchange.v2.log.slf4j.Slf4jMLog$Slf4jMLogger$DebugLogger.log(Slf4jMLog.java:204) MBean: com.mchange.v2.c3p0:type=PooledDataSource,identityToken=z8kfsxb21j68qx218gqq7s|48429980,name=z8kfsxb21j68qx218gqq7s|48429980 registered. 
10 Apr 2024 15:11:49,461 DEBUG com.mchange.v2.log.slf4j.Slf4jMLog$Slf4jMLogger$DebugLogger.log(Slf4jMLog.java:204) MBean: com.mchange.v2.c3p0:type=PooledDataSource,identityToken=z8kfsxb21j68qx218gqq7s|48429980,name=z8kfsxb21j68qx218gqq7s|48429980 unregistered, in order to be reregistered after update. 
10 Apr 2024 15:11:49,462 DEBUG com.mchange.v2.log.slf4j.Slf4jMLog$Slf4jMLogger$DebugLogger.log(Slf4jMLog.java:204) MBean: com.mchange.v2.c3p0:type=PooledDataSource,identityToken=z8kfsxb21j68qx218gqq7s|48429980,name=z8kfsxb21j68qx218gqq7s|48429980 registered. 
10 Apr 2024 15:11:49,497 INFO com.mchange.v2.log.slf4j.Slf4jMLog$Slf4jMLogger$InfoLogger.log(Slf4jMLog.java:212) Initializing c3p0 pool... com.mchange.v2.c3p0.PoolBackedDataSource@5dddca63 [ connectionPoolDataSource -> com.mchange.v2.c3p0.WrapperConnectionPoolDataSource@47bfaf8b [ acquireIncrement -> 3, acquireRetryAttempts -> 30, acquireRetryDelay -> 1000, autoCommitOnClose -> false, automaticTestTable -> null, breakAfterAcquireFailure -> false, checkoutTimeout -> 0, connectionCustomizerClassName -> null, connectionTesterClassName -> com.mchange.v2.c3p0.impl.DefaultConnectionTester, contextClassLoaderSource -> caller, debugUnreturnedConnectionStackTraces -> false, factoryClassLocation -> null, forceIgnoreUnresolvedTransactions -> false, forceSynchronousCheckins -> false, identityToken -> z8kfsxb21j68qx218gqq7s|21ff1d55, idleConnectionTestPeriod -> 0, initialPoolSize -> 1, maxAdministrativeTaskTime -> 0, maxConnectionAge -> 0, maxIdleTime -> 0, maxIdleTimeExcessConnections -> 0, maxPoolSize -> 10, maxStatements -> 0, maxStatementsPerConnection -> 0, minPoolSize -> 1, nestedDataSource -> com.mchange.v2.c3p0.DriverManagerDataSource@75dd8a3e [ description -> null, driverClass -> null, factoryClassLocation -> null, forceUseNamedDriverClass -> false, identityToken -> z8kfsxb21j68qx218gqq7s|54e44d23, jdbcUrl -> jdbc:h2:mem:docs, properties -> {password=******, user=******} ], preferredTestQuery -> null, privilegeSpawnedThreads -> false, propertyCycle -> 0, statementCacheNumDeferredCloseThreads -> 0, testConnectionOnCheckin -> false, testConnectionOnCheckout -> false, unreturnedConnectionTimeout -> 0, usesTraditionalReflectiveProxies -> false; userOverrides: {} ], dataSourceName -> null, extensions -> {}, factoryClassLocation -> null, identityToken -> z8kfsxb21j68qx218gqq7s|48429980, numHelperThreads -> 3 ] 
10 Apr 2024 15:11:49,534 DEBUG com.mchange.v2.log.slf4j.Slf4jMLog$Slf4jMLogger$DebugLogger.log(Slf4jMLog.java:207) The configuration file for resource identifier '/mchange-commons.properties' could not be found. Skipping. 
10 Apr 2024 15:11:49,534 DEBUG com.mchange.v2.log.slf4j.Slf4jMLog$Slf4jMLogger$DebugLogger.log(Slf4jMLog.java:207) The configuration file for resource identifier '/mchange-log.properties' could not be found. Skipping. 
10 Apr 2024 15:11:49,535 DEBUG com.mchange.v2.log.slf4j.Slf4jMLog$Slf4jMLogger$DebugLogger.log(Slf4jMLog.java:207) The configuration file for resource identifier '/c3p0.properties' could not be found. Skipping. 
10 Apr 2024 15:11:49,535 DEBUG com.mchange.v2.log.slf4j.Slf4jMLog$Slf4jMLogger$DebugLogger.log(Slf4jMLog.java:207) The configuration file for resource identifier 'hocon:/reference,/application,/c3p0,/' could not be found. Skipping. 
10 Apr 2024 15:11:49,544 DEBUG com.mchange.v2.log.slf4j.Slf4jMLog$Slf4jMLogger$DebugLogger.log(Slf4jMLog.java:204) com.mchange.v2.resourcepool.BasicResourcePool@5573840b config: [start -> 1; min -> 1; max -> 10; inc -> 3; num_acq_attempts -> 30; acq_attempt_delay -> 1000; check_idle_resources_delay -> 0; max_resource_age -> 0; max_idle_time -> 0; excess_max_idle_time -> 0; destroy_unreturned_resc_time -> 0; expiration_enforcement_delay -> 0; break_on_acquisition_failure -> false; debug_store_checkout_exceptions -> false; force_synchronous_checkins -> false] 
10 Apr 2024 15:11:49,545 DEBUG com.mchange.v2.log.slf4j.Slf4jMLog$Slf4jMLogger$DebugLogger.log(Slf4jMLog.java:204) Created new pool for auth, username (masked): 'sa******'. 
10 Apr 2024 15:11:49,546 DEBUG com.mchange.v2.log.slf4j.Slf4jMLog$Slf4jMLogger$DebugLogger.log(Slf4jMLog.java:204) acquire test -- pool size: 0; target_pool_size: 1; desired target? 1 
10 Apr 2024 15:11:49,547 DEBUG com.mchange.v2.log.slf4j.Slf4jMLog$Slf4jMLogger$DebugLogger.log(Slf4jMLog.java:204) awaitAvailable(): [unknown] 
10 Apr 2024 15:11:50,286 INFO com.sismics.util.jpa.DbOpenHelper.open(DbOpenHelper.java:57) Opening database and executing incremental updates 
10 Apr 2024 15:11:50,288 DEBUG com.mchange.v2.log.slf4j.Slf4jMLog$Slf4jMLogger$DebugLogger.log(Slf4jMLog.java:207) com.mchange.v2.c3p0.impl.NewPooledConnection@75bb73b4 handling a throwable. 
org.h2.jdbc.JdbcSQLSyntaxErrorException: Table "T_CONFIG" not found; SQL statement:
select c.CFG_VALUE_C from T_CONFIG c where c.CFG_ID_C='DB_VERSION' [42102-199]
	at org.h2.message.DbException.getJdbcSQLException(DbException.java:451)
	at org.h2.message.DbException.getJdbcSQLException(DbException.java:427)
	at org.h2.message.DbException.get(DbException.java:205)
	at org.h2.message.DbException.get(DbException.java:181)
	at org.h2.command.Parser.readTableOrView(Parser.java:7146)
	at org.h2.command.Parser.readTableFilter(Parser.java:1895)
	at org.h2.command.Parser.parseSelectSimpleFromPart(Parser.java:2641)
	at org.h2.command.Parser.parseSelectSimple(Parser.java:2788)
	at org.h2.command.Parser.parseSelectSub(Parser.java:2636)
	at org.h2.command.Parser.parseSelectUnion(Parser.java:2469)
	at org.h2.command.Parser.parseSelect(Parser.java:2440)
	at org.h2.command.Parser.parsePrepared(Parser.java:814)
	at org.h2.command.Parser.parse(Parser.java:788)
	at org.h2.command.Parser.parse(Parser.java:760)
	at org.h2.command.Parser.prepareCommand(Parser.java:683)
	at org.h2.engine.Session.prepareLocal(Session.java:627)
	at org.h2.engine.Session.prepareCommand(Session.java:565)
	at org.h2.jdbc.JdbcConnection.prepareCommand(JdbcConnection.java:1292)
	at org.h2.jdbc.JdbcStatement.executeQuery(JdbcStatement.java:78)
	at com.mchange.v2.c3p0.impl.NewProxyStatement.executeQuery(NewProxyStatement.java:327)
	at com.sismics.util.jpa.DbOpenHelper.open(DbOpenHelper.java:76)
	at com.sismics.util.jpa.EMF.<clinit>(EMF.java:53)
	at com.sismics.docs.core.util.TransactionUtil.handle(TransactionUtil.java:37)
	at com.sismics.docs.core.service.InboxService.syncInbox(InboxService.java:76)
	at com.sismics.docs.core.service.InboxService.runOneIteration(InboxService.java:66)
	at com.google.common.util.concurrent.AbstractScheduledService$ServiceDelegate$Task.run(AbstractScheduledService.java:221)
	at com.google.common.util.concurrent.Callables$4.run(Callables.java:119)
	at java.base/java.util.concurrent.Executors$RunnableAdapter.call(Executors.java:515)
	at java.base/java.util.concurrent.FutureTask.runAndReset(FutureTask.java:305)
	at java.base/java.util.concurrent.ScheduledThreadPoolExecutor$ScheduledFutureTask.run(ScheduledThreadPoolExecutor.java:305)
	at java.base/java.util.concurrent.ThreadPoolExecutor.runWorker(ThreadPoolExecutor.java:1128)
	at java.base/java.util.concurrent.ThreadPoolExecutor$Worker.run(ThreadPoolExecutor.java:628)
	at java.base/java.lang.Thread.run(Thread.java:829)
10 Apr 2024 15:11:50,292 DEBUG com.mchange.v2.log.slf4j.Slf4jMLog$Slf4jMLogger$DebugLogger.log(Slf4jMLog.java:207) Attempted to convert SQLException to SQLException. Leaving it alone. [SQLState: 42S02; errorCode: 42102] 
org.h2.jdbc.JdbcSQLSyntaxErrorException: Table "T_CONFIG" not found; SQL statement:
select c.CFG_VALUE_C from T_CONFIG c where c.CFG_ID_C='DB_VERSION' [42102-199]
	at org.h2.message.DbException.getJdbcSQLException(DbException.java:451)
	at org.h2.message.DbException.getJdbcSQLException(DbException.java:427)
	at org.h2.message.DbException.get(DbException.java:205)
	at org.h2.message.DbException.get(DbException.java:181)
	at org.h2.command.Parser.readTableOrView(Parser.java:7146)
	at org.h2.command.Parser.readTableFilter(Parser.java:1895)
	at org.h2.command.Parser.parseSelectSimpleFromPart(Parser.java:2641)
	at org.h2.command.Parser.parseSelectSimple(Parser.java:2788)
	at org.h2.command.Parser.parseSelectSub(Parser.java:2636)
	at org.h2.command.Parser.parseSelectUnion(Parser.java:2469)
	at org.h2.command.Parser.parseSelect(Parser.java:2440)
	at org.h2.command.Parser.parsePrepared(Parser.java:814)
	at org.h2.command.Parser.parse(Parser.java:788)
	at org.h2.command.Parser.parse(Parser.java:760)
	at org.h2.command.Parser.prepareCommand(Parser.java:683)
	at org.h2.engine.Session.prepareLocal(Session.java:627)
	at org.h2.engine.Session.prepareCommand(Session.java:565)
	at org.h2.jdbc.JdbcConnection.prepareCommand(JdbcConnection.java:1292)
	at org.h2.jdbc.JdbcStatement.executeQuery(JdbcStatement.java:78)
	at com.mchange.v2.c3p0.impl.NewProxyStatement.executeQuery(NewProxyStatement.java:327)
	at com.sismics.util.jpa.DbOpenHelper.open(DbOpenHelper.java:76)
	at com.sismics.util.jpa.EMF.<clinit>(EMF.java:53)
	at com.sismics.docs.core.util.TransactionUtil.handle(TransactionUtil.java:37)
	at com.sismics.docs.core.service.InboxService.syncInbox(InboxService.java:76)
	at com.sismics.docs.core.service.InboxService.runOneIteration(InboxService.java:66)
	at com.google.common.util.concurrent.AbstractScheduledService$ServiceDelegate$Task.run(AbstractScheduledService.java:221)
	at com.google.common.util.concurrent.Callables$4.run(Callables.java:119)
	at java.base/java.util.concurrent.Executors$RunnableAdapter.call(Executors.java:515)
	at java.base/java.util.concurrent.FutureTask.runAndReset(FutureTask.java:305)
	at java.base/java.util.concurrent.ScheduledThreadPoolExecutor$ScheduledFutureTask.run(ScheduledThreadPoolExecutor.java:305)
	at java.base/java.util.concurrent.ThreadPoolExecutor.runWorker(ThreadPoolExecutor.java:1128)
	at java.base/java.util.concurrent.ThreadPoolExecutor$Worker.run(ThreadPoolExecutor.java:628)
	at java.base/java.lang.Thread.run(Thread.java:829)
10 Apr 2024 15:11:50,293 DEBUG com.mchange.v2.log.slf4j.Slf4jMLog$Slf4jMLogger$DebugLogger.log(Slf4jMLog.java:207) Testing a Connection in response to an Exception: 
org.h2.jdbc.JdbcSQLSyntaxErrorException: Table "T_CONFIG" not found; SQL statement:
select c.CFG_VALUE_C from T_CONFIG c where c.CFG_ID_C='DB_VERSION' [42102-199]
	at org.h2.message.DbException.getJdbcSQLException(DbException.java:451)
	at org.h2.message.DbException.getJdbcSQLException(DbException.java:427)
	at org.h2.message.DbException.get(DbException.java:205)
	at org.h2.message.DbException.get(DbException.java:181)
	at org.h2.command.Parser.readTableOrView(Parser.java:7146)
	at org.h2.command.Parser.readTableFilter(Parser.java:1895)
	at org.h2.command.Parser.parseSelectSimpleFromPart(Parser.java:2641)
	at org.h2.command.Parser.parseSelectSimple(Parser.java:2788)
	at org.h2.command.Parser.parseSelectSub(Parser.java:2636)
	at org.h2.command.Parser.parseSelectUnion(Parser.java:2469)
	at org.h2.command.Parser.parseSelect(Parser.java:2440)
	at org.h2.command.Parser.parsePrepared(Parser.java:814)
	at org.h2.command.Parser.parse(Parser.java:788)
	at org.h2.command.Parser.parse(Parser.java:760)
	at org.h2.command.Parser.prepareCommand(Parser.java:683)
	at org.h2.engine.Session.prepareLocal(Session.java:627)
	at org.h2.engine.Session.prepareCommand(Session.java:565)
	at org.h2.jdbc.JdbcConnection.prepareCommand(JdbcConnection.java:1292)
	at org.h2.jdbc.JdbcStatement.executeQuery(JdbcStatement.java:78)
	at com.mchange.v2.c3p0.impl.NewProxyStatement.executeQuery(NewProxyStatement.java:327)
	at com.sismics.util.jpa.DbOpenHelper.open(DbOpenHelper.java:76)
	at com.sismics.util.jpa.EMF.<clinit>(EMF.java:53)
	at com.sismics.docs.core.util.TransactionUtil.handle(TransactionUtil.java:37)
	at com.sismics.docs.core.service.InboxService.syncInbox(InboxService.java:76)
	at com.sismics.docs.core.service.InboxService.runOneIteration(InboxService.java:66)
	at com.google.common.util.concurrent.AbstractScheduledService$ServiceDelegate$Task.run(AbstractScheduledService.java:221)
	at com.google.common.util.concurrent.Callables$4.run(Callables.java:119)
	at java.base/java.util.concurrent.Executors$RunnableAdapter.call(Executors.java:515)
	at java.base/java.util.concurrent.FutureTask.runAndReset(FutureTask.java:305)
	at java.base/java.util.concurrent.ScheduledThreadPoolExecutor$ScheduledFutureTask.run(ScheduledThreadPoolExecutor.java:305)
	at java.base/java.util.concurrent.ThreadPoolExecutor.runWorker(ThreadPoolExecutor.java:1128)
	at java.base/java.util.concurrent.ThreadPoolExecutor$Worker.run(ThreadPoolExecutor.java:628)
	at java.base/java.lang.Thread.run(Thread.java:829)
10 Apr 2024 15:11:50,296 INFO com.sismics.util.jpa.DbOpenHelper.open(DbOpenHelper.java:83) Unable to get database version: Table T_CONFIG not found 
10 Apr 2024 15:11:50,296 INFO com.sismics.util.jpa.DbOpenHelper.open(DbOpenHelper.java:98) Executing initial schema creation script 
10 Apr 2024 15:11:50,301 INFO com.sismics.util.jpa.DbOpenHelper.executeAllScript(DbOpenHelper.java:142) Executing script: dbupdate-000-0.sql 
10 Apr 2024 15:11:50,412 INFO com.sismics.util.jpa.DbOpenHelper.executeAllScript(DbOpenHelper.java:142) Executing script: dbupdate-000-1.sql 
10 Apr 2024 15:11:50,418 INFO com.sismics.util.jpa.DbOpenHelper.open(DbOpenHelper.java:106) Found database version 0, new version is 27, executing database incremental update scripts 
10 Apr 2024 15:11:50,420 INFO com.sismics.util.jpa.DbOpenHelper.executeAllScript(DbOpenHelper.java:142) Executing script: dbupdate-001-0.sql 
10 Apr 2024 15:11:50,472 INFO com.sismics.util.jpa.DbOpenHelper.executeAllScript(DbOpenHelper.java:142) Executing script: dbupdate-002-0.sql 
10 Apr 2024 15:11:50,483 INFO com.sismics.util.jpa.DbOpenHelper.executeAllScript(DbOpenHelper.java:142) Executing script: dbupdate-003-0.sql 
10 Apr 2024 15:11:50,495 INFO com.sismics.util.jpa.DbOpenHelper.executeAllScript(DbOpenHelper.java:142) Executing script: dbupdate-004-0.sql 
10 Apr 2024 15:11:50,524 INFO com.sismics.util.jpa.DbOpenHelper.executeAllScript(DbOpenHelper.java:142) Executing script: dbupdate-005-0.sql 
10 Apr 2024 15:11:50,527 INFO com.sismics.util.jpa.DbOpenHelper.executeAllScript(DbOpenHelper.java:142) Executing script: dbupdate-006-0.sql 
10 Apr 2024 15:11:50,671 INFO com.sismics.util.jpa.DbOpenHelper.executeAllScript(DbOpenHelper.java:142) Executing script: dbupdate-007-0.sql 
10 Apr 2024 15:11:50,679 INFO com.sismics.util.jpa.DbOpenHelper.executeAllScript(DbOpenHelper.java:142) Executing script: dbupdate-008-0.sql 
10 Apr 2024 15:11:50,686 INFO com.sismics.util.jpa.DbOpenHelper.executeAllScript(DbOpenHelper.java:142) Executing script: dbupdate-009-0.sql 
10 Apr 2024 15:11:50,700 INFO com.sismics.util.jpa.DbOpenHelper.executeAllScript(DbOpenHelper.java:142) Executing script: dbupdate-010-0.sql 
10 Apr 2024 15:11:50,702 INFO com.sismics.util.jpa.DbOpenHelper.executeAllScript(DbOpenHelper.java:142) Executing script: dbupdate-011-0.sql 
10 Apr 2024 15:11:50,707 INFO com.sismics.util.jpa.DbOpenHelper.executeAllScript(DbOpenHelper.java:142) Executing script: dbupdate-012-0.sql 
10 Apr 2024 15:11:50,714 INFO com.sismics.util.jpa.DbOpenHelper.executeAllScript(DbOpenHelper.java:142) Executing script: dbupdate-013-0.sql 
10 Apr 2024 15:11:50,718 INFO com.sismics.util.jpa.DbOpenHelper.executeAllScript(DbOpenHelper.java:142) Executing script: dbupdate-014-0.sql 
10 Apr 2024 15:11:50,728 INFO com.sismics.util.jpa.DbOpenHelper.executeAllScript(DbOpenHelper.java:142) Executing script: dbupdate-015-0.sql 
10 Apr 2024 15:11:50,746 INFO com.sismics.util.jpa.DbOpenHelper.executeAllScript(DbOpenHelper.java:142) Executing script: dbupdate-016-0.sql 
10 Apr 2024 15:11:50,749 INFO com.sismics.util.jpa.DbOpenHelper.executeAllScript(DbOpenHelper.java:142) Executing script: dbupdate-017-0.sql 
10 Apr 2024 15:11:50,752 INFO com.sismics.util.jpa.DbOpenHelper.executeAllScript(DbOpenHelper.java:142) Executing script: dbupdate-018-0.sql 
10 Apr 2024 15:11:50,786 INFO com.sismics.util.jpa.DbOpenHelper.executeAllScript(DbOpenHelper.java:142) Executing script: dbupdate-019-0.sql 
10 Apr 2024 15:11:50,789 INFO com.sismics.util.jpa.DbOpenHelper.executeAllScript(DbOpenHelper.java:142) Executing script: dbupdate-020-0.sql 
10 Apr 2024 15:11:50,792 INFO com.sismics.util.jpa.DbOpenHelper.executeAllScript(DbOpenHelper.java:142) Executing script: dbupdate-021-0.sql 
10 Apr 2024 15:11:50,805 INFO com.sismics.util.jpa.DbOpenHelper.executeAllScript(DbOpenHelper.java:142) Executing script: dbupdate-022-0.sql 
10 Apr 2024 15:11:50,824 INFO com.sismics.util.jpa.DbOpenHelper.executeAllScript(DbOpenHelper.java:142) Executing script: dbupdate-023-0.sql 
10 Apr 2024 15:11:50,833 INFO com.sismics.util.jpa.DbOpenHelper.executeAllScript(DbOpenHelper.java:142) Executing script: dbupdate-024-0.sql 
10 Apr 2024 15:11:50,842 INFO com.sismics.util.jpa.DbOpenHelper.executeAllScript(DbOpenHelper.java:142) Executing script: dbupdate-025-0.sql 
10 Apr 2024 15:11:50,844 INFO com.sismics.util.jpa.DbOpenHelper.executeAllScript(DbOpenHelper.java:142) Executing script: dbupdate-026-0.sql 
10 Apr 2024 15:11:50,846 INFO com.sismics.util.jpa.DbOpenHelper.executeAllScript(DbOpenHelper.java:142) Executing script: dbupdate-027-0.sql 
10 Apr 2024 15:11:50,847 INFO com.sismics.util.jpa.DbOpenHelper.open(DbOpenHelper.java:108) Database upgrade complete 
10 Apr 2024 15:11:50,848 INFO com.sismics.util.jpa.EMF.getEntityManagerProperties(EMF.java:67) Configuring EntityManager from hibernate.properties 
]]></system-out>
  </testcase>
  <testcase name="extractContentPowerpointTest" classname="com.sismics.docs.core.util.TestFileUtil" time="1.047">
    <system-out><![CDATA[10 Apr 2024 15:11:51,282 DEBUG org.apache.pdfbox.io.ScratchFileBuffer.finalize(ScratchFileBuffer.java:520) ScratchFileBuffer not closed! 
10 Apr 2024 15:11:51,403 DEBUG com.mchange.v2.log.slf4j.Slf4jMLog$Slf4jMLogger$DebugLogger.log(Slf4jMLog.java:204) MBean: com.mchange.v2.c3p0:type=PooledDataSource,identityToken=z8kfsxb21j68qx218gqq7s|21869544,name=z8kfsxb21j68qx218gqq7s|21869544 registered. 
10 Apr 2024 15:11:51,413 DEBUG com.mchange.v2.log.slf4j.Slf4jMLog$Slf4jMLogger$DebugLogger.log(Slf4jMLog.java:204) MBean: com.mchange.v2.c3p0:type=PooledDataSource,identityToken=z8kfsxb21j68qx218gqq7s|21869544,name=z8kfsxb21j68qx218gqq7s|21869544 unregistered, in order to be reregistered after update. 
10 Apr 2024 15:11:51,413 DEBUG com.mchange.v2.log.slf4j.Slf4jMLog$Slf4jMLogger$DebugLogger.log(Slf4jMLog.java:204) MBean: com.mchange.v2.c3p0:type=PooledDataSource,identityToken=z8kfsxb21j68qx218gqq7s|21869544,name=z8kfsxb21j68qx218gqq7s|21869544 registered. 
10 Apr 2024 15:11:51,419 INFO com.mchange.v2.log.slf4j.Slf4jMLog$Slf4jMLogger$InfoLogger.log(Slf4jMLog.java:212) Initializing c3p0 pool... com.mchange.v2.c3p0.PoolBackedDataSource@98e011e4 [ connectionPoolDataSource -> com.mchange.v2.c3p0.WrapperConnectionPoolDataSource@7286ccbe [ acquireIncrement -> 3, acquireRetryAttempts -> 30, acquireRetryDelay -> 1000, autoCommitOnClose -> false, automaticTestTable -> null, breakAfterAcquireFailure -> false, checkoutTimeout -> 0, connectionCustomizerClassName -> null, connectionTesterClassName -> com.mchange.v2.c3p0.impl.DefaultConnectionTester, contextClassLoaderSource -> caller, debugUnreturnedConnectionStackTraces -> false, factoryClassLocation -> null, forceIgnoreUnresolvedTransactions -> false, forceSynchronousCheckins -> false, identityToken -> z8kfsxb21j68qx218gqq7s|67c79e20, idleConnectionTestPeriod -> 0, initialPoolSize -> 1, maxAdministrativeTaskTime -> 0, maxConnectionAge -> 0, maxIdleTime -> 0, maxIdleTimeExcessConnections -> 0, maxPoolSize -> 10, maxStatements -> 0, maxStatementsPerConnection -> 0, minPoolSize -> 1, nestedDataSource -> com.mchange.v2.c3p0.DriverManagerDataSource@bc19a086 [ description -> null, driverClass -> null, factoryClassLocation -> null, forceUseNamedDriverClass -> false, identityToken -> z8kfsxb21j68qx218gqq7s|6782ef50, jdbcUrl -> jdbc:h2:mem:docs, properties -> {password=******, user=******} ], preferredTestQuery -> null, privilegeSpawnedThreads -> false, propertyCycle -> 0, statementCacheNumDeferredCloseThreads -> 0, testConnectionOnCheckin -> false, testConnectionOnCheckout -> false, unreturnedConnectionTimeout -> 0, usesTraditionalReflectiveProxies -> false; userOverrides: {} ], dataSourceName -> null, extensions -> {}, factoryClassLocation -> null, identityToken -> z8kfsxb21j68qx218gqq7s|21869544, numHelperThreads -> 3 ] 
10 Apr 2024 15:11:51,420 DEBUG com.mchange.v2.log.slf4j.Slf4jMLog$Slf4jMLogger$DebugLogger.log(Slf4jMLog.java:204) com.mchange.v2.resourcepool.BasicResourcePool@7865f810 config: [start -> 1; min -> 1; max -> 10; inc -> 3; num_acq_attempts -> 30; acq_attempt_delay -> 1000; check_idle_resources_delay -> 0; max_resource_age -> 0; max_idle_time -> 0; excess_max_idle_time -> 0; destroy_unreturned_resc_time -> 0; expiration_enforcement_delay -> 0; break_on_acquisition_failure -> false; debug_store_checkout_exceptions -> false; force_synchronous_checkins -> false] 
10 Apr 2024 15:11:51,421 DEBUG com.mchange.v2.log.slf4j.Slf4jMLog$Slf4jMLogger$DebugLogger.log(Slf4jMLog.java:204) Created new pool for auth, username (masked): 'sa******'. 
10 Apr 2024 15:11:51,421 DEBUG com.mchange.v2.log.slf4j.Slf4jMLog$Slf4jMLogger$DebugLogger.log(Slf4jMLog.java:204) acquire test -- pool size: 0; target_pool_size: 1; desired target? 1 
10 Apr 2024 15:11:51,421 DEBUG com.mchange.v2.log.slf4j.Slf4jMLog$Slf4jMLogger$DebugLogger.log(Slf4jMLog.java:204) awaitAvailable(): [unknown] 
]]></system-out>
  </testcase>
  <testcase name="extractContentOpenDocumentTextTest" classname="com.sismics.docs.core.util.TestFileUtil" time="0.882">
    <system-err><![CDATA[Apr 10, 2024 3:11:52 PM org.odftoolkit.odfdom.pkg.OdfXMLFactory newOdfAttribute
INFO: None-ODF attribute created for loext:contextual-spacing
Apr 10, 2024 3:11:52 PM org.odftoolkit.odfdom.pkg.OdfXMLFactory newOdfAttribute
INFO: None-ODF attribute created for loext:contextual-spacing
Apr 10, 2024 3:11:52 PM org.odftoolkit.odfdom.pkg.OdfXMLFactory newOdfAttribute
INFO: None-ODF attribute created for loext:contextual-spacing
Apr 10, 2024 3:11:52 PM org.odftoolkit.odfdom.pkg.OdfXMLFactory newOdfAttribute
INFO: None-ODF attribute created for loext:contextual-spacing
Apr 10, 2024 3:11:52 PM org.odftoolkit.odfdom.pkg.OdfXMLFactory newOdfAttribute
INFO: None-ODF attribute created for loext:contextual-spacing
Apr 10, 2024 3:11:52 PM org.odftoolkit.odfdom.pkg.OdfXMLFactory newOdfAttribute
INFO: None-ODF attribute created for loext:contextual-spacing
Apr 10, 2024 3:11:52 PM org.odftoolkit.odfdom.pkg.OdfXMLFactory newOdfAttribute
INFO: None-ODF attribute created for loext:contextual-spacing
Apr 10, 2024 3:11:52 PM org.odftoolkit.odfdom.pkg.OdfXMLFactory newOdfAttribute
INFO: None-ODF attribute created for loext:contextual-spacing
Apr 10, 2024 3:11:52 PM org.odftoolkit.odfdom.pkg.OdfXMLFactory newOdfAttribute
INFO: None-ODF attribute created for officeooo:rsid
Apr 10, 2024 3:11:52 PM org.odftoolkit.odfdom.pkg.OdfXMLFactory newOdfAttribute
INFO: None-ODF attribute created for officeooo:paragraph-rsid
]]></system-err>
  </testcase>
  <testcase name="convertToPdfTest" classname="com.sismics.docs.core.util.TestFileUtil" time="14.243">
    <system-out><![CDATA[Hibernate: select config0_.CFG_ID_C as cfg_id_c1_5_0_, config0_.CFG_VALUE_C as cfg_valu2_5_0_ from T_CONFIG config0_ where config0_.CFG_ID_C=?
10 Apr 2024 15:11:53,115 DEBUG org.apache.fontbox.ttf.GlyphSubstitutionTable.readLookupTable(GlyphSubstitutionTable.java:263) Type 4 GSUB lookup table is not supported and will be ignored 
10 Apr 2024 15:11:53,116 DEBUG org.apache.fontbox.ttf.GlyphSubstitutionTable.readLookupTable(GlyphSubstitutionTable.java:263) Type 4 GSUB lookup table is not supported and will be ignored 
10 Apr 2024 15:11:53,117 DEBUG org.apache.fontbox.ttf.GlyphSubstitutionTable.readLookupTable(GlyphSubstitutionTable.java:263) Type 6 GSUB lookup table is not supported and will be ignored 
10 Apr 2024 15:11:53,117 DEBUG org.apache.fontbox.ttf.GlyphSubstitutionTable.readLookupTable(GlyphSubstitutionTable.java:263) Type 4 GSUB lookup table is not supported and will be ignored 
10 Apr 2024 15:11:53,118 DEBUG org.apache.fontbox.ttf.GlyphSubstitutionTable.readLookupTable(GlyphSubstitutionTable.java:263) Type 4 GSUB lookup table is not supported and will be ignored 
10 Apr 2024 15:11:53,128 DEBUG org.apache.fontbox.util.autodetect.FontFileFinder.walk(FontFileFinder.java:136) checkFontfile check /usr/local/share/fonts/.uuid 
10 Apr 2024 15:11:53,129 DEBUG org.apache.fontbox.util.autodetect.FontFileFinder.walk(FontFileFinder.java:136) checkFontfile check /usr/share/fonts/type1/urw-base35/NimbusSans-Bold.t1 
10 Apr 2024 15:11:53,129 DEBUG org.apache.fontbox.util.autodetect.FontFileFinder.walk(FontFileFinder.java:136) checkFontfile check /usr/share/fonts/type1/urw-base35/C059-BdIta.afm 
10 Apr 2024 15:11:53,129 DEBUG org.apache.fontbox.util.autodetect.FontFileFinder.walk(FontFileFinder.java:136) checkFontfile check /usr/share/fonts/type1/urw-base35/NimbusRoman-Regular.afm 
10 Apr 2024 15:11:53,130 DEBUG org.apache.fontbox.util.autodetect.FontFileFinder.walk(FontFileFinder.java:136) checkFontfile check /usr/share/fonts/type1/urw-base35/C059-Italic.t1 
10 Apr 2024 15:11:53,130 DEBUG org.apache.fontbox.util.autodetect.FontFileFinder.walk(FontFileFinder.java:136) checkFontfile check /usr/share/fonts/type1/urw-base35/NimbusMonoPS-Regular.t1 
10 Apr 2024 15:11:53,130 DEBUG org.apache.fontbox.util.autodetect.FontFileFinder.walk(FontFileFinder.java:136) checkFontfile check /usr/share/fonts/type1/urw-base35/URWGothic-Demi.t1 
10 Apr 2024 15:11:53,130 DEBUG org.apache.fontbox.util.autodetect.FontFileFinder.walk(FontFileFinder.java:136) checkFontfile check /usr/share/fonts/type1/urw-base35/URWGothic-Demi.afm 
10 Apr 2024 15:11:53,130 DEBUG org.apache.fontbox.util.autodetect.FontFileFinder.walk(FontFileFinder.java:136) checkFontfile check /usr/share/fonts/type1/urw-base35/NimbusRoman-BoldItalic.afm 
10 Apr 2024 15:11:53,130 DEBUG org.apache.fontbox.util.autodetect.FontFileFinder.walk(FontFileFinder.java:136) checkFontfile check /usr/share/fonts/type1/urw-base35/NimbusMonoPS-Bold.t1 
10 Apr 2024 15:11:53,130 DEBUG org.apache.fontbox.util.autodetect.FontFileFinder.walk(FontFileFinder.java:136) checkFontfile check /usr/share/fonts/type1/urw-base35/URWBookman-Light.afm 
10 Apr 2024 15:11:53,131 DEBUG org.apache.fontbox.util.autodetect.FontFileFinder.walk(FontFileFinder.java:136) checkFontfile check /usr/share/fonts/type1/urw-base35/NimbusRoman-Bold.t1 
10 Apr 2024 15:11:53,131 DEBUG org.apache.fontbox.util.autodetect.FontFileFinder.walk(FontFileFinder.java:136) checkFontfile check /usr/share/fonts/type1/urw-base35/P052-Italic.afm 
10 Apr 2024 15:11:53,131 DEBUG org.apache.fontbox.util.autodetect.FontFileFinder.walk(FontFileFinder.java:136) checkFontfile check /usr/share/fonts/type1/urw-base35/C059-Roman.t1 
10 Apr 2024 15:11:53,131 DEBUG org.apache.fontbox.util.autodetect.FontFileFinder.walk(FontFileFinder.java:136) checkFontfile check /usr/share/fonts/type1/urw-base35/NimbusMonoPS-Italic.afm 
10 Apr 2024 15:11:53,131 DEBUG org.apache.fontbox.util.autodetect.FontFileFinder.walk(FontFileFinder.java:136) checkFontfile check /usr/share/fonts/type1/urw-base35/D050000L.t1 
10 Apr 2024 15:11:53,131 DEBUG org.apache.fontbox.util.autodetect.FontFileFinder.walk(FontFileFinder.java:136) checkFontfile check /usr/share/fonts/type1/urw-base35/C059-Italic.afm 
10 Apr 2024 15:11:53,131 DEBUG org.apache.fontbox.util.autodetect.FontFileFinder.walk(FontFileFinder.java:136) checkFontfile check /usr/share/fonts/type1/urw-base35/P052-Bold.t1 
10 Apr 2024 15:11:53,132 DEBUG org.apache.fontbox.util.autodetect.FontFileFinder.walk(FontFileFinder.java:136) checkFontfile check /usr/share/fonts/type1/urw-base35/NimbusMonoPS-Italic.t1 
10 Apr 2024 15:11:53,132 DEBUG org.apache.fontbox.util.autodetect.FontFileFinder.walk(FontFileFinder.java:136) checkFontfile check /usr/share/fonts/type1/urw-base35/NimbusMonoPS-BoldItalic.t1 
10 Apr 2024 15:11:53,132 DEBUG org.apache.fontbox.util.autodetect.FontFileFinder.walk(FontFileFinder.java:136) checkFontfile check /usr/share/fonts/type1/urw-base35/NimbusMonoPS-Regular.afm 
10 Apr 2024 15:11:53,132 DEBUG org.apache.fontbox.util.autodetect.FontFileFinder.walk(FontFileFinder.java:136) checkFontfile check /usr/share/fonts/type1/urw-base35/URWBookman-DemiItalic.t1 
10 Apr 2024 15:11:53,132 DEBUG org.apache.fontbox.util.autodetect.FontFileFinder.walk(FontFileFinder.java:136) checkFontfile check /usr/share/fonts/type1/urw-base35/NimbusSans-Regular.t1 
10 Apr 2024 15:11:53,132 DEBUG org.apache.fontbox.util.autodetect.FontFileFinder.walk(FontFileFinder.java:136) checkFontfile check /usr/share/fonts/type1/urw-base35/NimbusSansNarrow-Bold.t1 
10 Apr 2024 15:11:53,133 DEBUG org.apache.fontbox.util.autodetect.FontFileFinder.walk(FontFileFinder.java:136) checkFontfile check /usr/share/fonts/type1/urw-base35/StandardSymbolsPS.t1 
10 Apr 2024 15:11:53,133 DEBUG org.apache.fontbox.util.autodetect.FontFileFinder.walk(FontFileFinder.java:136) checkFontfile check /usr/share/fonts/type1/urw-base35/URWBookman-Demi.afm 
10 Apr 2024 15:11:53,133 DEBUG org.apache.fontbox.util.autodetect.FontFileFinder.walk(FontFileFinder.java:136) checkFontfile check /usr/share/fonts/type1/urw-base35/NimbusSans-Regular.afm 
10 Apr 2024 15:11:53,133 DEBUG org.apache.fontbox.util.autodetect.FontFileFinder.walk(FontFileFinder.java:136) checkFontfile check /usr/share/fonts/type1/urw-base35/C059-Bold.t1 
10 Apr 2024 15:11:53,133 DEBUG org.apache.fontbox.util.autodetect.FontFileFinder.walk(FontFileFinder.java:136) checkFontfile check /usr/share/fonts/type1/urw-base35/NimbusMonoPS-BoldItalic.afm 
10 Apr 2024 15:11:53,133 DEBUG org.apache.fontbox.util.autodetect.FontFileFinder.walk(FontFileFinder.java:136) checkFontfile check /usr/share/fonts/type1/urw-base35/Z003-MediumItalic.t1 
10 Apr 2024 15:11:53,133 DEBUG org.apache.fontbox.util.autodetect.FontFileFinder.walk(FontFileFinder.java:136) checkFontfile check /usr/share/fonts/type1/urw-base35/URWGothic-BookOblique.afm 
10 Apr 2024 15:11:53,134 DEBUG org.apache.fontbox.util.autodetect.FontFileFinder.walk(FontFileFinder.java:136) checkFontfile check /usr/share/fonts/type1/urw-base35/StandardSymbolsPS.afm 
10 Apr 2024 15:11:53,134 DEBUG org.apache.fontbox.util.autodetect.FontFileFinder.walk(FontFileFinder.java:136) checkFontfile check /usr/share/fonts/type1/urw-base35/C059-BdIta.t1 
10 Apr 2024 15:11:53,134 DEBUG org.apache.fontbox.util.autodetect.FontFileFinder.walk(FontFileFinder.java:136) checkFontfile check /usr/share/fonts/type1/urw-base35/NimbusSans-Italic.afm 
10 Apr 2024 15:11:53,134 DEBUG org.apache.fontbox.util.autodetect.FontFileFinder.walk(FontFileFinder.java:136) checkFontfile check /usr/share/fonts/type1/urw-base35/NimbusMonoPS-Bold.afm 
10 Apr 2024 15:11:53,135 DEBUG org.apache.fontbox.util.autodetect.FontFileFinder.walk(FontFileFinder.java:136) checkFontfile check /usr/share/fonts/type1/urw-base35/P052-BoldItalic.t1 
10 Apr 2024 15:11:53,135 DEBUG org.apache.fontbox.util.autodetect.FontFileFinder.walk(FontFileFinder.java:136) checkFontfile check /usr/share/fonts/type1/urw-base35/NimbusRoman-Italic.t1 
10 Apr 2024 15:11:53,136 DEBUG org.apache.fontbox.util.autodetect.FontFileFinder.walk(FontFileFinder.java:136) checkFontfile check /usr/share/fonts/type1/urw-base35/C059-Bold.afm 
10 Apr 2024 15:11:53,137 DEBUG org.apache.fontbox.util.autodetect.FontFileFinder.walk(FontFileFinder.java:136) checkFontfile check /usr/share/fonts/type1/urw-base35/P052-Bold.afm 
10 Apr 2024 15:11:53,137 DEBUG org.apache.fontbox.util.autodetect.FontFileFinder.walk(FontFileFinder.java:136) checkFontfile check /usr/share/fonts/type1/urw-base35/URWBookman-LightItalic.t1 
10 Apr 2024 15:11:53,137 DEBUG org.apache.fontbox.util.autodetect.FontFileFinder.walk(FontFileFinder.java:136) checkFontfile check /usr/share/fonts/type1/urw-base35/URWBookman-Light.t1 
10 Apr 2024 15:11:53,137 DEBUG org.apache.fontbox.util.autodetect.FontFileFinder.walk(FontFileFinder.java:136) checkFontfile check /usr/share/fonts/type1/urw-base35/NimbusRoman-Regular.t1 
10 Apr 2024 15:11:53,138 DEBUG org.apache.fontbox.util.autodetect.FontFileFinder.walk(FontFileFinder.java:136) checkFontfile check /usr/share/fonts/type1/urw-base35/URWBookman-DemiItalic.afm 
10 Apr 2024 15:11:53,138 DEBUG org.apache.fontbox.util.autodetect.FontFileFinder.walk(FontFileFinder.java:136) checkFontfile check /usr/share/fonts/type1/urw-base35/Z003-MediumItalic.afm 
10 Apr 2024 15:11:53,138 DEBUG org.apache.fontbox.util.autodetect.FontFileFinder.walk(FontFileFinder.java:136) checkFontfile check /usr/share/fonts/type1/urw-base35/.uuid 
10 Apr 2024 15:11:53,138 DEBUG org.apache.fontbox.util.autodetect.FontFileFinder.walk(FontFileFinder.java:136) checkFontfile check /usr/share/fonts/type1/urw-base35/P052-Roman.t1 
10 Apr 2024 15:11:53,138 DEBUG org.apache.fontbox.util.autodetect.FontFileFinder.walk(FontFileFinder.java:136) checkFontfile check /usr/share/fonts/type1/urw-base35/URWGothic-DemiOblique.t1 
10 Apr 2024 15:11:53,138 DEBUG org.apache.fontbox.util.autodetect.FontFileFinder.walk(FontFileFinder.java:136) checkFontfile check /usr/share/fonts/type1/urw-base35/P052-Roman.afm 
10 Apr 2024 15:11:53,139 DEBUG org.apache.fontbox.util.autodetect.FontFileFinder.walk(FontFileFinder.java:136) checkFontfile check /usr/share/fonts/type1/urw-base35/NimbusSans-BoldItalic.afm 
10 Apr 2024 15:11:53,139 DEBUG org.apache.fontbox.util.autodetect.FontFileFinder.walk(FontFileFinder.java:136) checkFontfile check /usr/share/fonts/type1/urw-base35/NimbusSansNarrow-Bold.afm 
10 Apr 2024 15:11:53,139 DEBUG org.apache.fontbox.util.autodetect.FontFileFinder.walk(FontFileFinder.java:136) checkFontfile check /usr/share/fonts/type1/urw-base35/NimbusSans-BoldItalic.t1 
10 Apr 2024 15:11:53,139 DEBUG org.apache.fontbox.util.autodetect.FontFileFinder.walk(FontFileFinder.java:136) checkFontfile check /usr/share/fonts/type1/urw-base35/C059-Roman.afm 
10 Apr 2024 15:11:53,139 DEBUG org.apache.fontbox.util.autodetect.FontFileFinder.walk(FontFileFinder.java:136) checkFontfile check /usr/share/fonts/type1/urw-base35/URWBookman-LightItalic.afm 
10 Apr 2024 15:11:53,139 DEBUG org.apache.fontbox.util.autodetect.FontFileFinder.walk(FontFileFinder.java:136) checkFontfile check /usr/share/fonts/type1/urw-base35/NimbusSans-Italic.t1 
10 Apr 2024 15:11:53,139 DEBUG org.apache.fontbox.util.autodetect.FontFileFinder.walk(FontFileFinder.java:136) checkFontfile check /usr/share/fonts/type1/urw-base35/URWGothic-Book.afm 
10 Apr 2024 15:11:53,140 DEBUG org.apache.fontbox.util.autodetect.FontFileFinder.walk(FontFileFinder.java:136) checkFontfile check /usr/share/fonts/type1/urw-base35/P052-Italic.t1 
10 Apr 2024 15:11:53,140 DEBUG org.apache.fontbox.util.autodetect.FontFileFinder.walk(FontFileFinder.java:136) checkFontfile check /usr/share/fonts/type1/urw-base35/URWGothic-Book.t1 
10 Apr 2024 15:11:53,140 DEBUG org.apache.fontbox.util.autodetect.FontFileFinder.walk(FontFileFinder.java:136) checkFontfile check /usr/share/fonts/type1/urw-base35/NimbusSansNarrow-BoldOblique.afm 
10 Apr 2024 15:11:53,140 DEBUG org.apache.fontbox.util.autodetect.FontFileFinder.walk(FontFileFinder.java:136) checkFontfile check /usr/share/fonts/type1/urw-base35/NimbusSans-Bold.afm 
10 Apr 2024 15:11:53,140 DEBUG org.apache.fontbox.util.autodetect.FontFileFinder.walk(FontFileFinder.java:136) checkFontfile check /usr/share/fonts/type1/urw-base35/NimbusSansNarrow-Oblique.afm 
10 Apr 2024 15:11:53,141 DEBUG org.apache.fontbox.util.autodetect.FontFileFinder.walk(FontFileFinder.java:136) checkFontfile check /usr/share/fonts/type1/urw-base35/D050000L.afm 
10 Apr 2024 15:11:53,141 DEBUG org.apache.fontbox.util.autodetect.FontFileFinder.walk(FontFileFinder.java:136) checkFontfile check /usr/share/fonts/type1/urw-base35/URWGothic-BookOblique.t1 
10 Apr 2024 15:11:53,141 DEBUG org.apache.fontbox.util.autodetect.FontFileFinder.walk(FontFileFinder.java:136) checkFontfile check /usr/share/fonts/type1/urw-base35/NimbusSansNarrow-Regular.afm 
10 Apr 2024 15:11:53,141 DEBUG org.apache.fontbox.util.autodetect.FontFileFinder.walk(FontFileFinder.java:136) checkFontfile check /usr/share/fonts/type1/urw-base35/NimbusRoman-Bold.afm 
10 Apr 2024 15:11:53,141 DEBUG org.apache.fontbox.util.autodetect.FontFileFinder.walk(FontFileFinder.java:136) checkFontfile check /usr/share/fonts/type1/urw-base35/URWGothic-DemiOblique.afm 
10 Apr 2024 15:11:53,141 DEBUG org.apache.fontbox.util.autodetect.FontFileFinder.walk(FontFileFinder.java:136) checkFontfile check /usr/share/fonts/type1/urw-base35/P052-BoldItalic.afm 
10 Apr 2024 15:11:53,141 DEBUG org.apache.fontbox.util.autodetect.FontFileFinder.walk(FontFileFinder.java:136) checkFontfile check /usr/share/fonts/type1/urw-base35/NimbusSansNarrow-Oblique.t1 
10 Apr 2024 15:11:53,142 DEBUG org.apache.fontbox.util.autodetect.FontFileFinder.walk(FontFileFinder.java:136) checkFontfile check /usr/share/fonts/type1/urw-base35/URWBookman-Demi.t1 
10 Apr 2024 15:11:53,142 DEBUG org.apache.fontbox.util.autodetect.FontFileFinder.walk(FontFileFinder.java:136) checkFontfile check /usr/share/fonts/type1/urw-base35/NimbusSansNarrow-BoldOblique.t1 
10 Apr 2024 15:11:53,142 DEBUG org.apache.fontbox.util.autodetect.FontFileFinder.walk(FontFileFinder.java:136) checkFontfile check /usr/share/fonts/type1/urw-base35/NimbusRoman-Italic.afm 
10 Apr 2024 15:11:53,143 DEBUG org.apache.fontbox.util.autodetect.FontFileFinder.walk(FontFileFinder.java:136) checkFontfile check /usr/share/fonts/type1/urw-base35/NimbusSansNarrow-Regular.t1 
10 Apr 2024 15:11:53,143 DEBUG org.apache.fontbox.util.autodetect.FontFileFinder.walk(FontFileFinder.java:136) checkFontfile check /usr/share/fonts/type1/urw-base35/NimbusRoman-BoldItalic.t1 
10 Apr 2024 15:11:53,143 DEBUG org.apache.fontbox.util.autodetect.FontFileFinder.walk(FontFileFinder.java:136) checkFontfile check /usr/share/fonts/type1/.uuid 
10 Apr 2024 15:11:53,143 DEBUG org.apache.fontbox.util.autodetect.FontFileFinder.walk(FontFileFinder.java:136) checkFontfile check /usr/share/fonts/.uuid 
10 Apr 2024 15:11:53,143 DEBUG org.apache.fontbox.util.autodetect.FontFileFinder.walk(FontFileFinder.java:136) checkFontfile check /usr/share/fonts/opentype/noto/NotoSansCJK-Regular.ttc 
10 Apr 2024 15:11:53,143 DEBUG org.apache.fontbox.util.autodetect.FontFileFinder.walk(FontFileFinder.java:142) checkFontfile found /usr/share/fonts/opentype/noto/NotoSansCJK-Regular.ttc 
10 Apr 2024 15:11:53,144 DEBUG org.apache.fontbox.util.autodetect.FontFileFinder.walk(FontFileFinder.java:136) checkFontfile check /usr/share/fonts/opentype/noto/NotoSansCJK-Bold.ttc 
10 Apr 2024 15:11:53,144 DEBUG org.apache.fontbox.util.autodetect.FontFileFinder.walk(FontFileFinder.java:142) checkFontfile found /usr/share/fonts/opentype/noto/NotoSansCJK-Bold.ttc 
10 Apr 2024 15:11:53,144 DEBUG org.apache.fontbox.util.autodetect.FontFileFinder.walk(FontFileFinder.java:136) checkFontfile check /usr/share/fonts/opentype/noto/NotoSerifCJK-Regular.ttc 
10 Apr 2024 15:11:53,144 DEBUG org.apache.fontbox.util.autodetect.FontFileFinder.walk(FontFileFinder.java:142) checkFontfile found /usr/share/fonts/opentype/noto/NotoSerifCJK-Regular.ttc 
10 Apr 2024 15:11:53,145 DEBUG org.apache.fontbox.util.autodetect.FontFileFinder.walk(FontFileFinder.java:136) checkFontfile check /usr/share/fonts/opentype/noto/.uuid 
10 Apr 2024 15:11:53,145 DEBUG org.apache.fontbox.util.autodetect.FontFileFinder.walk(FontFileFinder.java:136) checkFontfile check /usr/share/fonts/opentype/noto/NotoSerifCJK-Bold.ttc 
10 Apr 2024 15:11:53,145 DEBUG org.apache.fontbox.util.autodetect.FontFileFinder.walk(FontFileFinder.java:142) checkFontfile found /usr/share/fonts/opentype/noto/NotoSerifCJK-Bold.ttc 
10 Apr 2024 15:11:53,145 DEBUG org.apache.fontbox.util.autodetect.FontFileFinder.walk(FontFileFinder.java:136) checkFontfile check /usr/share/fonts/opentype/urw-base35/NimbusRoman-Regular.otf 
10 Apr 2024 15:11:53,146 DEBUG org.apache.fontbox.util.autodetect.FontFileFinder.walk(FontFileFinder.java:142) checkFontfile found /usr/share/fonts/opentype/urw-base35/NimbusRoman-Regular.otf 
10 Apr 2024 15:11:53,146 DEBUG org.apache.fontbox.util.autodetect.FontFileFinder.walk(FontFileFinder.java:136) checkFontfile check /usr/share/fonts/opentype/urw-base35/StandardSymbolsPS.otf 
10 Apr 2024 15:11:53,146 DEBUG org.apache.fontbox.util.autodetect.FontFileFinder.walk(FontFileFinder.java:142) checkFontfile found /usr/share/fonts/opentype/urw-base35/StandardSymbolsPS.otf 
10 Apr 2024 15:11:53,146 DEBUG org.apache.fontbox.util.autodetect.FontFileFinder.walk(FontFileFinder.java:136) checkFontfile check /usr/share/fonts/opentype/urw-base35/NimbusMonoPS-Italic.otf 
10 Apr 2024 15:11:53,146 DEBUG org.apache.fontbox.util.autodetect.FontFileFinder.walk(FontFileFinder.java:142) checkFontfile found /usr/share/fonts/opentype/urw-base35/NimbusMonoPS-Italic.otf 
10 Apr 2024 15:11:53,147 DEBUG org.apache.fontbox.util.autodetect.FontFileFinder.walk(FontFileFinder.java:136) checkFontfile check /usr/share/fonts/opentype/urw-base35/URWGothic-DemiOblique.otf 
10 Apr 2024 15:11:53,147 DEBUG org.apache.fontbox.util.autodetect.FontFileFinder.walk(FontFileFinder.java:142) checkFontfile found /usr/share/fonts/opentype/urw-base35/URWGothic-DemiOblique.otf 
10 Apr 2024 15:11:53,147 DEBUG org.apache.fontbox.util.autodetect.FontFileFinder.walk(FontFileFinder.java:136) checkFontfile check /usr/share/fonts/opentype/urw-base35/NimbusMonoPS-BoldItalic.otf 
10 Apr 2024 15:11:53,147 DEBUG org.apache.fontbox.util.autodetect.FontFileFinder.walk(FontFileFinder.java:142) checkFontfile found /usr/share/fonts/opentype/urw-base35/NimbusMonoPS-BoldItalic.otf 
10 Apr 2024 15:11:53,147 DEBUG org.apache.fontbox.util.autodetect.FontFileFinder.walk(FontFileFinder.java:136) checkFontfile check /usr/share/fonts/opentype/urw-base35/NimbusSansNarrow-Regular.otf 
10 Apr 2024 15:11:53,148 DEBUG org.apache.fontbox.util.autodetect.FontFileFinder.walk(FontFileFinder.java:142) checkFontfile found /usr/share/fonts/opentype/urw-base35/NimbusSansNarrow-Regular.otf 
10 Apr 2024 15:11:53,148 DEBUG org.apache.fontbox.util.autodetect.FontFileFinder.walk(FontFileFinder.java:136) checkFontfile check /usr/share/fonts/opentype/urw-base35/URWBookman-Light.otf 
10 Apr 2024 15:11:53,148 DEBUG org.apache.fontbox.util.autodetect.FontFileFinder.walk(FontFileFinder.java:142) checkFontfile found /usr/share/fonts/opentype/urw-base35/URWBookman-Light.otf 
10 Apr 2024 15:11:53,148 DEBUG org.apache.fontbox.util.autodetect.FontFileFinder.walk(FontFileFinder.java:136) checkFontfile check /usr/share/fonts/opentype/urw-base35/NimbusSansNarrow-Oblique.otf 
10 Apr 2024 15:11:53,148 DEBUG org.apache.fontbox.util.autodetect.FontFileFinder.walk(FontFileFinder.java:142) checkFontfile found /usr/share/fonts/opentype/urw-base35/NimbusSansNarrow-Oblique.otf 
10 Apr 2024 15:11:53,149 DEBUG org.apache.fontbox.util.autodetect.FontFileFinder.walk(FontFileFinder.java:136) checkFontfile check /usr/share/fonts/opentype/urw-base35/NimbusSansNarrow-Bold.otf 
10 Apr 2024 15:11:53,149 DEBUG org.apache.fontbox.util.autodetect.FontFileFinder.walk(FontFileFinder.java:142) checkFontfile found /usr/share/fonts/opentype/urw-base35/NimbusSansNarrow-Bold.otf 
10 Apr 2024 15:11:53,149 DEBUG org.apache.fontbox.util.autodetect.FontFileFinder.walk(FontFileFinder.java:136) checkFontfile check /usr/share/fonts/opentype/urw-base35/P052-Italic.otf 
10 Apr 2024 15:11:53,150 DEBUG org.apache.fontbox.util.autodetect.FontFileFinder.walk(FontFileFinder.java:142) checkFontfile found /usr/share/fonts/opentype/urw-base35/P052-Italic.otf 
10 Apr 2024 15:11:53,150 DEBUG org.apache.fontbox.util.autodetect.FontFileFinder.walk(FontFileFinder.java:136) checkFontfile check /usr/share/fonts/opentype/urw-base35/URWBookman-LightItalic.otf 
10 Apr 2024 15:11:53,150 DEBUG org.apache.fontbox.util.autodetect.FontFileFinder.walk(FontFileFinder.java:142) checkFontfile found /usr/share/fonts/opentype/urw-base35/URWBookman-LightItalic.otf 
10 Apr 2024 15:11:53,151 DEBUG org.apache.fontbox.util.autodetect.FontFileFinder.walk(FontFileFinder.java:136) checkFontfile check /usr/share/fonts/opentype/urw-base35/C059-BdIta.otf 
10 Apr 2024 15:11:53,151 DEBUG org.apache.fontbox.util.autodetect.FontFileFinder.walk(FontFileFinder.java:142) checkFontfile found /usr/share/fonts/opentype/urw-base35/C059-BdIta.otf 
10 Apr 2024 15:11:53,151 DEBUG org.apache.fontbox.util.autodetect.FontFileFinder.walk(FontFileFinder.java:136) checkFontfile check /usr/share/fonts/opentype/urw-base35/NimbusMonoPS-Regular.otf 
10 Apr 2024 15:11:53,151 DEBUG org.apache.fontbox.util.autodetect.FontFileFinder.walk(FontFileFinder.java:142) checkFontfile found /usr/share/fonts/opentype/urw-base35/NimbusMonoPS-Regular.otf 
10 Apr 2024 15:11:53,151 DEBUG org.apache.fontbox.util.autodetect.FontFileFinder.walk(FontFileFinder.java:136) checkFontfile check /usr/share/fonts/opentype/urw-base35/NimbusRoman-Italic.otf 
10 Apr 2024 15:11:53,151 DEBUG org.apache.fontbox.util.autodetect.FontFileFinder.walk(FontFileFinder.java:142) checkFontfile found /usr/share/fonts/opentype/urw-base35/NimbusRoman-Italic.otf 
10 Apr 2024 15:11:53,151 DEBUG org.apache.fontbox.util.autodetect.FontFileFinder.walk(FontFileFinder.java:136) checkFontfile check /usr/share/fonts/opentype/urw-base35/NimbusSans-Regular.otf 
10 Apr 2024 15:11:53,152 DEBUG org.apache.fontbox.util.autodetect.FontFileFinder.walk(FontFileFinder.java:142) checkFontfile found /usr/share/fonts/opentype/urw-base35/NimbusSans-Regular.otf 
10 Apr 2024 15:11:53,152 DEBUG org.apache.fontbox.util.autodetect.FontFileFinder.walk(FontFileFinder.java:136) checkFontfile check /usr/share/fonts/opentype/urw-base35/URWGothic-Book.otf 
10 Apr 2024 15:11:53,152 DEBUG org.apache.fontbox.util.autodetect.FontFileFinder.walk(FontFileFinder.java:142) checkFontfile found /usr/share/fonts/opentype/urw-base35/URWGothic-Book.otf 
10 Apr 2024 15:11:53,152 DEBUG org.apache.fontbox.util.autodetect.FontFileFinder.walk(FontFileFinder.java:136) checkFontfile check /usr/share/fonts/opentype/urw-base35/NimbusSansNarrow-BoldOblique.otf 
10 Apr 2024 15:11:53,152 DEBUG org.apache.fontbox.util.autodetect.FontFileFinder.walk(FontFileFinder.java:142) checkFontfile found /usr/share/fonts/opentype/urw-base35/NimbusSansNarrow-BoldOblique.otf 
10 Apr 2024 15:11:53,152 DEBUG org.apache.fontbox.util.autodetect.FontFileFinder.walk(FontFileFinder.java:136) checkFontfile check /usr/share/fonts/opentype/urw-base35/URWGothic-Demi.otf 
10 Apr 2024 15:11:53,152 DEBUG org.apache.fontbox.util.autodetect.FontFileFinder.walk(FontFileFinder.java:142) checkFontfile found /usr/share/fonts/opentype/urw-base35/URWGothic-Demi.otf 
10 Apr 2024 15:11:53,152 DEBUG org.apache.fontbox.util.autodetect.FontFileFinder.walk(FontFileFinder.java:136) checkFontfile check /usr/share/fonts/opentype/urw-base35/C059-Bold.otf 
10 Apr 2024 15:11:53,152 DEBUG org.apache.fontbox.util.autodetect.FontFileFinder.walk(FontFileFinder.java:142) checkFontfile found /usr/share/fonts/opentype/urw-base35/C059-Bold.otf 
10 Apr 2024 15:11:53,152 DEBUG org.apache.fontbox.util.autodetect.FontFileFinder.walk(FontFileFinder.java:136) checkFontfile check /usr/share/fonts/opentype/urw-base35/P052-Roman.otf 
10 Apr 2024 15:11:53,152 DEBUG org.apache.fontbox.util.autodetect.FontFileFinder.walk(FontFileFinder.java:142) checkFontfile found /usr/share/fonts/opentype/urw-base35/P052-Roman.otf 
10 Apr 2024 15:11:53,153 DEBUG org.apache.fontbox.util.autodetect.FontFileFinder.walk(FontFileFinder.java:136) checkFontfile check /usr/share/fonts/opentype/urw-base35/.uuid 
10 Apr 2024 15:11:53,153 DEBUG org.apache.fontbox.util.autodetect.FontFileFinder.walk(FontFileFinder.java:136) checkFontfile check /usr/share/fonts/opentype/urw-base35/D050000L.otf 
10 Apr 2024 15:11:53,153 DEBUG org.apache.fontbox.util.autodetect.FontFileFinder.walk(FontFileFinder.java:142) checkFontfile found /usr/share/fonts/opentype/urw-base35/D050000L.otf 
10 Apr 2024 15:11:53,153 DEBUG org.apache.fontbox.util.autodetect.FontFileFinder.walk(FontFileFinder.java:136) checkFontfile check /usr/share/fonts/opentype/urw-base35/URWBookman-Demi.otf 
10 Apr 2024 15:11:53,153 DEBUG org.apache.fontbox.util.autodetect.FontFileFinder.walk(FontFileFinder.java:142) checkFontfile found /usr/share/fonts/opentype/urw-base35/URWBookman-Demi.otf 
10 Apr 2024 15:11:53,153 DEBUG org.apache.fontbox.util.autodetect.FontFileFinder.walk(FontFileFinder.java:136) checkFontfile check /usr/share/fonts/opentype/urw-base35/C059-Italic.otf 
10 Apr 2024 15:11:53,153 DEBUG org.apache.fontbox.util.autodetect.FontFileFinder.walk(FontFileFinder.java:142) checkFontfile found /usr/share/fonts/opentype/urw-base35/C059-Italic.otf 
10 Apr 2024 15:11:53,153 DEBUG org.apache.fontbox.util.autodetect.FontFileFinder.walk(FontFileFinder.java:136) checkFontfile check /usr/share/fonts/opentype/urw-base35/NimbusRoman-Bold.otf 
10 Apr 2024 15:11:53,153 DEBUG org.apache.fontbox.util.autodetect.FontFileFinder.walk(FontFileFinder.java:142) checkFontfile found /usr/share/fonts/opentype/urw-base35/NimbusRoman-Bold.otf 
10 Apr 2024 15:11:53,153 DEBUG org.apache.fontbox.util.autodetect.FontFileFinder.walk(FontFileFinder.java:136) checkFontfile check /usr/share/fonts/opentype/urw-base35/URWGothic-BookOblique.otf 
10 Apr 2024 15:11:53,153 DEBUG org.apache.fontbox.util.autodetect.FontFileFinder.walk(FontFileFinder.java:142) checkFontfile found /usr/share/fonts/opentype/urw-base35/URWGothic-BookOblique.otf 
10 Apr 2024 15:11:53,153 DEBUG org.apache.fontbox.util.autodetect.FontFileFinder.walk(FontFileFinder.java:136) checkFontfile check /usr/share/fonts/opentype/urw-base35/NimbusRoman-BoldItalic.otf 
10 Apr 2024 15:11:53,153 DEBUG org.apache.fontbox.util.autodetect.FontFileFinder.walk(FontFileFinder.java:142) checkFontfile found /usr/share/fonts/opentype/urw-base35/NimbusRoman-BoldItalic.otf 
10 Apr 2024 15:11:53,154 DEBUG org.apache.fontbox.util.autodetect.FontFileFinder.walk(FontFileFinder.java:136) checkFontfile check /usr/share/fonts/opentype/urw-base35/URWBookman-DemiItalic.otf 
10 Apr 2024 15:11:53,154 DEBUG org.apache.fontbox.util.autodetect.FontFileFinder.walk(FontFileFinder.java:142) checkFontfile found /usr/share/fonts/opentype/urw-base35/URWBookman-DemiItalic.otf 
10 Apr 2024 15:11:53,154 DEBUG org.apache.fontbox.util.autodetect.FontFileFinder.walk(FontFileFinder.java:136) checkFontfile check /usr/share/fonts/opentype/urw-base35/Z003-MediumItalic.otf 
10 Apr 2024 15:11:53,154 DEBUG org.apache.fontbox.util.autodetect.FontFileFinder.walk(FontFileFinder.java:142) checkFontfile found /usr/share/fonts/opentype/urw-base35/Z003-MediumItalic.otf 
10 Apr 2024 15:11:53,154 DEBUG org.apache.fontbox.util.autodetect.FontFileFinder.walk(FontFileFinder.java:136) checkFontfile check /usr/share/fonts/opentype/urw-base35/NimbusSans-Bold.otf 
10 Apr 2024 15:11:53,154 DEBUG org.apache.fontbox.util.autodetect.FontFileFinder.walk(FontFileFinder.java:142) checkFontfile found /usr/share/fonts/opentype/urw-base35/NimbusSans-Bold.otf 
10 Apr 2024 15:11:53,154 DEBUG org.apache.fontbox.util.autodetect.FontFileFinder.walk(FontFileFinder.java:136) checkFontfile check /usr/share/fonts/opentype/urw-base35/NimbusMonoPS-Bold.otf 
10 Apr 2024 15:11:53,154 DEBUG org.apache.fontbox.util.autodetect.FontFileFinder.walk(FontFileFinder.java:142) checkFontfile found /usr/share/fonts/opentype/urw-base35/NimbusMonoPS-Bold.otf 
10 Apr 2024 15:11:53,154 DEBUG org.apache.fontbox.util.autodetect.FontFileFinder.walk(FontFileFinder.java:136) checkFontfile check /usr/share/fonts/opentype/urw-base35/P052-Bold.otf 
10 Apr 2024 15:11:53,154 DEBUG org.apache.fontbox.util.autodetect.FontFileFinder.walk(FontFileFinder.java:142) checkFontfile found /usr/share/fonts/opentype/urw-base35/P052-Bold.otf 
10 Apr 2024 15:11:53,155 DEBUG org.apache.fontbox.util.autodetect.FontFileFinder.walk(FontFileFinder.java:136) checkFontfile check /usr/share/fonts/opentype/urw-base35/NimbusSans-BoldItalic.otf 
10 Apr 2024 15:11:53,155 DEBUG org.apache.fontbox.util.autodetect.FontFileFinder.walk(FontFileFinder.java:142) checkFontfile found /usr/share/fonts/opentype/urw-base35/NimbusSans-BoldItalic.otf 
10 Apr 2024 15:11:53,155 DEBUG org.apache.fontbox.util.autodetect.FontFileFinder.walk(FontFileFinder.java:136) checkFontfile check /usr/share/fonts/opentype/urw-base35/C059-Roman.otf 
10 Apr 2024 15:11:53,155 DEBUG org.apache.fontbox.util.autodetect.FontFileFinder.walk(FontFileFinder.java:142) checkFontfile found /usr/share/fonts/opentype/urw-base35/C059-Roman.otf 
10 Apr 2024 15:11:53,155 DEBUG org.apache.fontbox.util.autodetect.FontFileFinder.walk(FontFileFinder.java:136) checkFontfile check /usr/share/fonts/opentype/urw-base35/NimbusSans-Italic.otf 
10 Apr 2024 15:11:53,155 DEBUG org.apache.fontbox.util.autodetect.FontFileFinder.walk(FontFileFinder.java:142) checkFontfile found /usr/share/fonts/opentype/urw-base35/NimbusSans-Italic.otf 
10 Apr 2024 15:11:53,155 DEBUG org.apache.fontbox.util.autodetect.FontFileFinder.walk(FontFileFinder.java:136) checkFontfile check /usr/share/fonts/opentype/urw-base35/P052-BoldItalic.otf 
10 Apr 2024 15:11:53,156 DEBUG org.apache.fontbox.util.autodetect.FontFileFinder.walk(FontFileFinder.java:142) checkFontfile found /usr/share/fonts/opentype/urw-base35/P052-BoldItalic.otf 
10 Apr 2024 15:11:53,156 DEBUG org.apache.fontbox.util.autodetect.FontFileFinder.walk(FontFileFinder.java:136) checkFontfile check /usr/share/fonts/opentype/.uuid 
10 Apr 2024 15:11:53,156 DEBUG org.apache.fontbox.util.autodetect.FontFileFinder.walk(FontFileFinder.java:136) checkFontfile check /usr/share/fonts/opentype/malayalam/Gayathri-Thin.otf 
10 Apr 2024 15:11:53,156 DEBUG org.apache.fontbox.util.autodetect.FontFileFinder.walk(FontFileFinder.java:142) checkFontfile found /usr/share/fonts/opentype/malayalam/Gayathri-Thin.otf 
10 Apr 2024 15:11:53,156 DEBUG org.apache.fontbox.util.autodetect.FontFileFinder.walk(FontFileFinder.java:136) checkFontfile check /usr/share/fonts/opentype/malayalam/Chilanka-Regular.otf 
10 Apr 2024 15:11:53,156 DEBUG org.apache.fontbox.util.autodetect.FontFileFinder.walk(FontFileFinder.java:142) checkFontfile found /usr/share/fonts/opentype/malayalam/Chilanka-Regular.otf 
10 Apr 2024 15:11:53,156 DEBUG org.apache.fontbox.util.autodetect.FontFileFinder.walk(FontFileFinder.java:136) checkFontfile check /usr/share/fonts/opentype/malayalam/Gayathri-Regular.otf 
10 Apr 2024 15:11:53,157 DEBUG org.apache.fontbox.util.autodetect.FontFileFinder.walk(FontFileFinder.java:142) checkFontfile found /usr/share/fonts/opentype/malayalam/Gayathri-Regular.otf 
10 Apr 2024 15:11:53,157 DEBUG org.apache.fontbox.util.autodetect.FontFileFinder.walk(FontFileFinder.java:136) checkFontfile check /usr/share/fonts/opentype/malayalam/Manjari-Thin.otf 
10 Apr 2024 15:11:53,157 DEBUG org.apache.fontbox.util.autodetect.FontFileFinder.walk(FontFileFinder.java:142) checkFontfile found /usr/share/fonts/opentype/malayalam/Manjari-Thin.otf 
10 Apr 2024 15:11:53,157 DEBUG org.apache.fontbox.util.autodetect.FontFileFinder.walk(FontFileFinder.java:136) checkFontfile check /usr/share/fonts/opentype/malayalam/.uuid 
10 Apr 2024 15:11:53,157 DEBUG org.apache.fontbox.util.autodetect.FontFileFinder.walk(FontFileFinder.java:136) checkFontfile check /usr/share/fonts/opentype/malayalam/Manjari-Regular.otf 
10 Apr 2024 15:11:53,157 DEBUG org.apache.fontbox.util.autodetect.FontFileFinder.walk(FontFileFinder.java:142) checkFontfile found /usr/share/fonts/opentype/malayalam/Manjari-Regular.otf 
10 Apr 2024 15:11:53,158 DEBUG org.apache.fontbox.util.autodetect.FontFileFinder.walk(FontFileFinder.java:136) checkFontfile check /usr/share/fonts/opentype/malayalam/Gayathri-Bold.otf 
10 Apr 2024 15:11:53,158 DEBUG org.apache.fontbox.util.autodetect.FontFileFinder.walk(FontFileFinder.java:142) checkFontfile found /usr/share/fonts/opentype/malayalam/Gayathri-Bold.otf 
10 Apr 2024 15:11:53,158 DEBUG org.apache.fontbox.util.autodetect.FontFileFinder.walk(FontFileFinder.java:136) checkFontfile check /usr/share/fonts/opentype/malayalam/Manjari-Bold.otf 
10 Apr 2024 15:11:53,158 DEBUG org.apache.fontbox.util.autodetect.FontFileFinder.walk(FontFileFinder.java:142) checkFontfile found /usr/share/fonts/opentype/malayalam/Manjari-Bold.otf 
10 Apr 2024 15:11:53,158 DEBUG org.apache.fontbox.util.autodetect.FontFileFinder.walk(FontFileFinder.java:136) checkFontfile check /usr/share/fonts/truetype/noto/NotoSansMono-Regular.ttf 
10 Apr 2024 15:11:53,158 DEBUG org.apache.fontbox.util.autodetect.FontFileFinder.walk(FontFileFinder.java:142) checkFontfile found /usr/share/fonts/truetype/noto/NotoSansMono-Regular.ttf 
10 Apr 2024 15:11:53,159 DEBUG org.apache.fontbox.util.autodetect.FontFileFinder.walk(FontFileFinder.java:136) checkFontfile check /usr/share/fonts/truetype/noto/NotoColorEmoji.ttf 
10 Apr 2024 15:11:53,159 DEBUG org.apache.fontbox.util.autodetect.FontFileFinder.walk(FontFileFinder.java:142) checkFontfile found /usr/share/fonts/truetype/noto/NotoColorEmoji.ttf 
10 Apr 2024 15:11:53,159 DEBUG org.apache.fontbox.util.autodetect.FontFileFinder.walk(FontFileFinder.java:136) checkFontfile check /usr/share/fonts/truetype/noto/.uuid 
10 Apr 2024 15:11:53,159 DEBUG org.apache.fontbox.util.autodetect.FontFileFinder.walk(FontFileFinder.java:136) checkFontfile check /usr/share/fonts/truetype/noto/NotoSansMono-Bold.ttf 
10 Apr 2024 15:11:53,159 DEBUG org.apache.fontbox.util.autodetect.FontFileFinder.walk(FontFileFinder.java:142) checkFontfile found /usr/share/fonts/truetype/noto/NotoSansMono-Bold.ttf 
10 Apr 2024 15:11:53,159 DEBUG org.apache.fontbox.util.autodetect.FontFileFinder.walk(FontFileFinder.java:136) checkFontfile check /usr/share/fonts/truetype/noto/NotoMono-Regular.ttf 
10 Apr 2024 15:11:53,159 DEBUG org.apache.fontbox.util.autodetect.FontFileFinder.walk(FontFileFinder.java:142) checkFontfile found /usr/share/fonts/truetype/noto/NotoMono-Regular.ttf 
10 Apr 2024 15:11:53,160 DEBUG org.apache.fontbox.util.autodetect.FontFileFinder.walk(FontFileFinder.java:136) checkFontfile check /usr/share/fonts/truetype/fonts-guru-extra/Saab.ttf 
10 Apr 2024 15:11:53,160 DEBUG org.apache.fontbox.util.autodetect.FontFileFinder.walk(FontFileFinder.java:142) checkFontfile found /usr/share/fonts/truetype/fonts-guru-extra/Saab.ttf 
10 Apr 2024 15:11:53,160 DEBUG org.apache.fontbox.util.autodetect.FontFileFinder.walk(FontFileFinder.java:136) checkFontfile check /usr/share/fonts/truetype/fonts-guru-extra/.uuid 
10 Apr 2024 15:11:53,160 DEBUG org.apache.fontbox.util.autodetect.FontFileFinder.walk(FontFileFinder.java:136) checkFontfile check /usr/share/fonts/truetype/padauk/PadaukBook-Bold.ttf 
10 Apr 2024 15:11:53,160 DEBUG org.apache.fontbox.util.autodetect.FontFileFinder.walk(FontFileFinder.java:142) checkFontfile found /usr/share/fonts/truetype/padauk/PadaukBook-Bold.ttf 
10 Apr 2024 15:11:53,160 DEBUG org.apache.fontbox.util.autodetect.FontFileFinder.walk(FontFileFinder.java:136) checkFontfile check /usr/share/fonts/truetype/padauk/Padauk-Bold.ttf 
10 Apr 2024 15:11:53,160 DEBUG org.apache.fontbox.util.autodetect.FontFileFinder.walk(FontFileFinder.java:142) checkFontfile found /usr/share/fonts/truetype/padauk/Padauk-Bold.ttf 
10 Apr 2024 15:11:53,160 DEBUG org.apache.fontbox.util.autodetect.FontFileFinder.walk(FontFileFinder.java:136) checkFontfile check /usr/share/fonts/truetype/padauk/PadaukBook-Regular.ttf 
10 Apr 2024 15:11:53,161 DEBUG org.apache.fontbox.util.autodetect.FontFileFinder.walk(FontFileFinder.java:142) checkFontfile found /usr/share/fonts/truetype/padauk/PadaukBook-Regular.ttf 
10 Apr 2024 15:11:53,161 DEBUG org.apache.fontbox.util.autodetect.FontFileFinder.walk(FontFileFinder.java:136) checkFontfile check /usr/share/fonts/truetype/padauk/Padauk-Regular.ttf 
10 Apr 2024 15:11:53,161 DEBUG org.apache.fontbox.util.autodetect.FontFileFinder.walk(FontFileFinder.java:142) checkFontfile found /usr/share/fonts/truetype/padauk/Padauk-Regular.ttf 
10 Apr 2024 15:11:53,161 DEBUG org.apache.fontbox.util.autodetect.FontFileFinder.walk(FontFileFinder.java:136) checkFontfile check /usr/share/fonts/truetype/padauk/.uuid 
10 Apr 2024 15:11:53,161 DEBUG org.apache.fontbox.util.autodetect.FontFileFinder.walk(FontFileFinder.java:136) checkFontfile check /usr/share/fonts/truetype/sinhala/lklug.ttf 
10 Apr 2024 15:11:53,161 DEBUG org.apache.fontbox.util.autodetect.FontFileFinder.walk(FontFileFinder.java:142) checkFontfile found /usr/share/fonts/truetype/sinhala/lklug.ttf 
10 Apr 2024 15:11:53,161 DEBUG org.apache.fontbox.util.autodetect.FontFileFinder.walk(FontFileFinder.java:136) checkFontfile check /usr/share/fonts/truetype/sinhala/.uuid 
10 Apr 2024 15:11:53,162 DEBUG org.apache.fontbox.util.autodetect.FontFileFinder.walk(FontFileFinder.java:136) checkFontfile check /usr/share/fonts/truetype/liberation/LiberationSans-BoldItalic.ttf 
10 Apr 2024 15:11:53,162 DEBUG org.apache.fontbox.util.autodetect.FontFileFinder.walk(FontFileFinder.java:142) checkFontfile found /usr/share/fonts/truetype/liberation/LiberationSans-BoldItalic.ttf 
10 Apr 2024 15:11:53,162 DEBUG org.apache.fontbox.util.autodetect.FontFileFinder.walk(FontFileFinder.java:136) checkFontfile check /usr/share/fonts/truetype/liberation/LiberationSans-Regular.ttf 
10 Apr 2024 15:11:53,162 DEBUG org.apache.fontbox.util.autodetect.FontFileFinder.walk(FontFileFinder.java:142) checkFontfile found /usr/share/fonts/truetype/liberation/LiberationSans-Regular.ttf 
10 Apr 2024 15:11:53,162 DEBUG org.apache.fontbox.util.autodetect.FontFileFinder.walk(FontFileFinder.java:136) checkFontfile check /usr/share/fonts/truetype/liberation/LiberationMono-BoldItalic.ttf 
10 Apr 2024 15:11:53,162 DEBUG org.apache.fontbox.util.autodetect.FontFileFinder.walk(FontFileFinder.java:142) checkFontfile found /usr/share/fonts/truetype/liberation/LiberationMono-BoldItalic.ttf 
10 Apr 2024 15:11:53,162 DEBUG org.apache.fontbox.util.autodetect.FontFileFinder.walk(FontFileFinder.java:136) checkFontfile check /usr/share/fonts/truetype/liberation/LiberationSansNarrow-Regular.ttf 
10 Apr 2024 15:11:53,163 DEBUG org.apache.fontbox.util.autodetect.FontFileFinder.walk(FontFileFinder.java:142) checkFontfile found /usr/share/fonts/truetype/liberation/LiberationSansNarrow-Regular.ttf 
10 Apr 2024 15:11:53,163 DEBUG org.apache.fontbox.util.autodetect.FontFileFinder.walk(FontFileFinder.java:136) checkFontfile check /usr/share/fonts/truetype/liberation/LiberationSerif-Italic.ttf 
10 Apr 2024 15:11:53,163 DEBUG org.apache.fontbox.util.autodetect.FontFileFinder.walk(FontFileFinder.java:142) checkFontfile found /usr/share/fonts/truetype/liberation/LiberationSerif-Italic.ttf 
10 Apr 2024 15:11:53,163 DEBUG org.apache.fontbox.util.autodetect.FontFileFinder.walk(FontFileFinder.java:136) checkFontfile check /usr/share/fonts/truetype/liberation/LiberationMono-Bold.ttf 
10 Apr 2024 15:11:53,163 DEBUG org.apache.fontbox.util.autodetect.FontFileFinder.walk(FontFileFinder.java:142) checkFontfile found /usr/share/fonts/truetype/liberation/LiberationMono-Bold.ttf 
10 Apr 2024 15:11:53,163 DEBUG org.apache.fontbox.util.autodetect.FontFileFinder.walk(FontFileFinder.java:136) checkFontfile check /usr/share/fonts/truetype/liberation/LiberationMono-Italic.ttf 
10 Apr 2024 15:11:53,163 DEBUG org.apache.fontbox.util.autodetect.FontFileFinder.walk(FontFileFinder.java:142) checkFontfile found /usr/share/fonts/truetype/liberation/LiberationMono-Italic.ttf 
10 Apr 2024 15:11:53,164 DEBUG org.apache.fontbox.util.autodetect.FontFileFinder.walk(FontFileFinder.java:136) checkFontfile check /usr/share/fonts/truetype/liberation/LiberationSerif-Regular.ttf 
10 Apr 2024 15:11:53,164 DEBUG org.apache.fontbox.util.autodetect.FontFileFinder.walk(FontFileFinder.java:142) checkFontfile found /usr/share/fonts/truetype/liberation/LiberationSerif-Regular.ttf 
10 Apr 2024 15:11:53,164 DEBUG org.apache.fontbox.util.autodetect.FontFileFinder.walk(FontFileFinder.java:136) checkFontfile check /usr/share/fonts/truetype/liberation/LiberationMono-Regular.ttf 
10 Apr 2024 15:11:53,164 DEBUG org.apache.fontbox.util.autodetect.FontFileFinder.walk(FontFileFinder.java:142) checkFontfile found /usr/share/fonts/truetype/liberation/LiberationMono-Regular.ttf 
10 Apr 2024 15:11:53,164 DEBUG org.apache.fontbox.util.autodetect.FontFileFinder.walk(FontFileFinder.java:136) checkFontfile check /usr/share/fonts/truetype/liberation/.uuid 
10 Apr 2024 15:11:53,164 DEBUG org.apache.fontbox.util.autodetect.FontFileFinder.walk(FontFileFinder.java:136) checkFontfile check /usr/share/fonts/truetype/liberation/LiberationSansNarrow-BoldItalic.ttf 
10 Apr 2024 15:11:53,165 DEBUG org.apache.fontbox.util.autodetect.FontFileFinder.walk(FontFileFinder.java:142) checkFontfile found /usr/share/fonts/truetype/liberation/LiberationSansNarrow-BoldItalic.ttf 
10 Apr 2024 15:11:53,165 DEBUG org.apache.fontbox.util.autodetect.FontFileFinder.walk(FontFileFinder.java:136) checkFontfile check /usr/share/fonts/truetype/liberation/LiberationSerif-Bold.ttf 
10 Apr 2024 15:11:53,165 DEBUG org.apache.fontbox.util.autodetect.FontFileFinder.walk(FontFileFinder.java:142) checkFontfile found /usr/share/fonts/truetype/liberation/LiberationSerif-Bold.ttf 
10 Apr 2024 15:11:53,165 DEBUG org.apache.fontbox.util.autodetect.FontFileFinder.walk(FontFileFinder.java:136) checkFontfile check /usr/share/fonts/truetype/liberation/LiberationSans-Italic.ttf 
10 Apr 2024 15:11:53,165 DEBUG org.apache.fontbox.util.autodetect.FontFileFinder.walk(FontFileFinder.java:142) checkFontfile found /usr/share/fonts/truetype/liberation/LiberationSans-Italic.ttf 
10 Apr 2024 15:11:53,165 DEBUG org.apache.fontbox.util.autodetect.FontFileFinder.walk(FontFileFinder.java:136) checkFontfile check /usr/share/fonts/truetype/liberation/LiberationSansNarrow-Italic.ttf 
10 Apr 2024 15:11:53,165 DEBUG org.apache.fontbox.util.autodetect.FontFileFinder.walk(FontFileFinder.java:142) checkFontfile found /usr/share/fonts/truetype/liberation/LiberationSansNarrow-Italic.ttf 
10 Apr 2024 15:11:53,165 DEBUG org.apache.fontbox.util.autodetect.FontFileFinder.walk(FontFileFinder.java:136) checkFontfile check /usr/share/fonts/truetype/liberation/LiberationSansNarrow-Bold.ttf 
10 Apr 2024 15:11:53,166 DEBUG org.apache.fontbox.util.autodetect.FontFileFinder.walk(FontFileFinder.java:142) checkFontfile found /usr/share/fonts/truetype/liberation/LiberationSansNarrow-Bold.ttf 
10 Apr 2024 15:11:53,166 DEBUG org.apache.fontbox.util.autodetect.FontFileFinder.walk(FontFileFinder.java:136) checkFontfile check /usr/share/fonts/truetype/liberation/LiberationSans-Bold.ttf 
10 Apr 2024 15:11:53,166 DEBUG org.apache.fontbox.util.autodetect.FontFileFinder.walk(FontFileFinder.java:142) checkFontfile found /usr/share/fonts/truetype/liberation/LiberationSans-Bold.ttf 
10 Apr 2024 15:11:53,166 DEBUG org.apache.fontbox.util.autodetect.FontFileFinder.walk(FontFileFinder.java:136) checkFontfile check /usr/share/fonts/truetype/liberation/LiberationSerif-BoldItalic.ttf 
10 Apr 2024 15:11:53,166 DEBUG org.apache.fontbox.util.autodetect.FontFileFinder.walk(FontFileFinder.java:142) checkFontfile found /usr/share/fonts/truetype/liberation/LiberationSerif-BoldItalic.ttf 
10 Apr 2024 15:11:53,166 DEBUG org.apache.fontbox.util.autodetect.FontFileFinder.walk(FontFileFinder.java:136) checkFontfile check /usr/share/fonts/truetype/droid/DroidSansFallbackFull.ttf 
10 Apr 2024 15:11:53,166 DEBUG org.apache.fontbox.util.autodetect.FontFileFinder.walk(FontFileFinder.java:142) checkFontfile found /usr/share/fonts/truetype/droid/DroidSansFallbackFull.ttf 
10 Apr 2024 15:11:53,166 DEBUG org.apache.fontbox.util.autodetect.FontFileFinder.walk(FontFileFinder.java:136) checkFontfile check /usr/share/fonts/truetype/droid/.uuid 
10 Apr 2024 15:11:53,167 DEBUG org.apache.fontbox.util.autodetect.FontFileFinder.walk(FontFileFinder.java:136) checkFontfile check /usr/share/fonts/truetype/fonts-deva-extra/kalimati.ttf 
10 Apr 2024 15:11:53,167 DEBUG org.apache.fontbox.util.autodetect.FontFileFinder.walk(FontFileFinder.java:142) checkFontfile found /usr/share/fonts/truetype/fonts-deva-extra/kalimati.ttf 
10 Apr 2024 15:11:53,167 DEBUG org.apache.fontbox.util.autodetect.FontFileFinder.walk(FontFileFinder.java:136) checkFontfile check /usr/share/fonts/truetype/fonts-deva-extra/samanata.ttf 
10 Apr 2024 15:11:53,167 DEBUG org.apache.fontbox.util.autodetect.FontFileFinder.walk(FontFileFinder.java:142) checkFontfile found /usr/share/fonts/truetype/fonts-deva-extra/samanata.ttf 
10 Apr 2024 15:11:53,167 DEBUG org.apache.fontbox.util.autodetect.FontFileFinder.walk(FontFileFinder.java:136) checkFontfile check /usr/share/fonts/truetype/fonts-deva-extra/.uuid 
10 Apr 2024 15:11:53,167 DEBUG org.apache.fontbox.util.autodetect.FontFileFinder.walk(FontFileFinder.java:136) checkFontfile check /usr/share/fonts/truetype/fonts-deva-extra/chandas1-2.ttf 
10 Apr 2024 15:11:53,167 DEBUG org.apache.fontbox.util.autodetect.FontFileFinder.walk(FontFileFinder.java:142) checkFontfile found /usr/share/fonts/truetype/fonts-deva-extra/chandas1-2.ttf 
10 Apr 2024 15:11:53,168 DEBUG org.apache.fontbox.util.autodetect.FontFileFinder.walk(FontFileFinder.java:136) checkFontfile check /usr/share/fonts/truetype/Sarai/Sarai.ttf 
10 Apr 2024 15:11:53,168 DEBUG org.apache.fontbox.util.autodetect.FontFileFinder.walk(FontFileFinder.java:142) checkFontfile found /usr/share/fonts/truetype/Sarai/Sarai.ttf 
10 Apr 2024 15:11:53,168 DEBUG org.apache.fontbox.util.autodetect.FontFileFinder.walk(FontFileFinder.java:136) checkFontfile check /usr/share/fonts/truetype/Sarai/.uuid 
10 Apr 2024 15:11:53,168 DEBUG org.apache.fontbox.util.autodetect.FontFileFinder.walk(FontFileFinder.java:136) checkFontfile check /usr/share/fonts/truetype/kacst-one/KacstOne-Bold.ttf 
10 Apr 2024 15:11:53,168 DEBUG org.apache.fontbox.util.autodetect.FontFileFinder.walk(FontFileFinder.java:142) checkFontfile found /usr/share/fonts/truetype/kacst-one/KacstOne-Bold.ttf 
10 Apr 2024 15:11:53,168 DEBUG org.apache.fontbox.util.autodetect.FontFileFinder.walk(FontFileFinder.java:136) checkFontfile check /usr/share/fonts/truetype/kacst-one/.uuid 
10 Apr 2024 15:11:53,168 DEBUG org.apache.fontbox.util.autodetect.FontFileFinder.walk(FontFileFinder.java:136) checkFontfile check /usr/share/fonts/truetype/kacst-one/KacstOne.ttf 
10 Apr 2024 15:11:53,168 DEBUG org.apache.fontbox.util.autodetect.FontFileFinder.walk(FontFileFinder.java:142) checkFontfile found /usr/share/fonts/truetype/kacst-one/KacstOne.ttf 
10 Apr 2024 15:11:53,169 DEBUG org.apache.fontbox.util.autodetect.FontFileFinder.walk(FontFileFinder.java:136) checkFontfile check /usr/share/fonts/truetype/lohit-tamil/Lohit-Tamil.ttf 
10 Apr 2024 15:11:53,169 DEBUG org.apache.fontbox.util.autodetect.FontFileFinder.walk(FontFileFinder.java:142) checkFontfile found /usr/share/fonts/truetype/lohit-tamil/Lohit-Tamil.ttf 
10 Apr 2024 15:11:53,169 DEBUG org.apache.fontbox.util.autodetect.FontFileFinder.walk(FontFileFinder.java:136) checkFontfile check /usr/share/fonts/truetype/lohit-tamil/.uuid 
10 Apr 2024 15:11:53,169 DEBUG org.apache.fontbox.util.autodetect.FontFileFinder.walk(FontFileFinder.java:136) checkFontfile check /usr/share/fonts/truetype/lohit-malayalam/.uuid 
10 Apr 2024 15:11:53,169 DEBUG org.apache.fontbox.util.autodetect.FontFileFinder.walk(FontFileFinder.java:136) checkFontfile check /usr/share/fonts/truetype/lohit-malayalam/Lohit-Malayalam.ttf 
10 Apr 2024 15:11:53,169 DEBUG org.apache.fontbox.util.autodetect.FontFileFinder.walk(FontFileFinder.java:142) checkFontfile found /usr/share/fonts/truetype/lohit-malayalam/Lohit-Malayalam.ttf 
10 Apr 2024 15:11:53,169 DEBUG org.apache.fontbox.util.autodetect.FontFileFinder.walk(FontFileFinder.java:136) checkFontfile check /usr/share/fonts/truetype/dejavu/DejaVuSans-Oblique.ttf 
10 Apr 2024 15:11:53,169 DEBUG org.apache.fontbox.util.autodetect.FontFileFinder.walk(FontFileFinder.java:142) checkFontfile found /usr/share/fonts/truetype/dejavu/DejaVuSans-Oblique.ttf 
10 Apr 2024 15:11:53,170 DEBUG org.apache.fontbox.util.autodetect.FontFileFinder.walk(FontFileFinder.java:136) checkFontfile check /usr/share/fonts/truetype/dejavu/DejaVuSans.ttf 
10 Apr 2024 15:11:53,170 DEBUG org.apache.fontbox.util.autodetect.FontFileFinder.walk(FontFileFinder.java:142) checkFontfile found /usr/share/fonts/truetype/dejavu/DejaVuSans.ttf 
10 Apr 2024 15:11:53,170 DEBUG org.apache.fontbox.util.autodetect.FontFileFinder.walk(FontFileFinder.java:136) checkFontfile check /usr/share/fonts/truetype/dejavu/DejaVuSansMono.ttf 
10 Apr 2024 15:11:53,170 DEBUG org.apache.fontbox.util.autodetect.FontFileFinder.walk(FontFileFinder.java:142) checkFontfile found /usr/share/fonts/truetype/dejavu/DejaVuSansMono.ttf 
10 Apr 2024 15:11:53,170 DEBUG org.apache.fontbox.util.autodetect.FontFileFinder.walk(FontFileFinder.java:136) checkFontfile check /usr/share/fonts/truetype/dejavu/DejaVuSerifCondensed-BoldItalic.ttf 
10 Apr 2024 15:11:53,170 DEBUG org.apache.fontbox.util.autodetect.FontFileFinder.walk(FontFileFinder.java:142) checkFontfile found /usr/share/fonts/truetype/dejavu/DejaVuSerifCondensed-BoldItalic.ttf 
10 Apr 2024 15:11:53,170 DEBUG org.apache.fontbox.util.autodetect.FontFileFinder.walk(FontFileFinder.java:136) checkFontfile check /usr/share/fonts/truetype/dejavu/DejaVuSansMono-Bold.ttf 
10 Apr 2024 15:11:53,170 DEBUG org.apache.fontbox.util.autodetect.FontFileFinder.walk(FontFileFinder.java:142) checkFontfile found /usr/share/fonts/truetype/dejavu/DejaVuSansMono-Bold.ttf 
10 Apr 2024 15:11:53,170 DEBUG org.apache.fontbox.util.autodetect.FontFileFinder.walk(FontFileFinder.java:136) checkFontfile check /usr/share/fonts/truetype/dejavu/DejaVuSerif.ttf 
10 Apr 2024 15:11:53,171 DEBUG org.apache.fontbox.util.autodetect.FontFileFinder.walk(FontFileFinder.java:142) checkFontfile found /usr/share/fonts/truetype/dejavu/DejaVuSerif.ttf 
10 Apr 2024 15:11:53,171 DEBUG org.apache.fontbox.util.autodetect.FontFileFinder.walk(FontFileFinder.java:136) checkFontfile check /usr/share/fonts/truetype/dejavu/DejaVuSerifCondensed-Bold.ttf 
10 Apr 2024 15:11:53,171 DEBUG org.apache.fontbox.util.autodetect.FontFileFinder.walk(FontFileFinder.java:142) checkFontfile found /usr/share/fonts/truetype/dejavu/DejaVuSerifCondensed-Bold.ttf 
10 Apr 2024 15:11:53,171 DEBUG org.apache.fontbox.util.autodetect.FontFileFinder.walk(FontFileFinder.java:136) checkFontfile check /usr/share/fonts/truetype/dejavu/DejaVuSansCondensed.ttf 
10 Apr 2024 15:11:53,171 DEBUG org.apache.fontbox.util.autodetect.FontFileFinder.walk(FontFileFinder.java:142) checkFontfile found /usr/share/fonts/truetype/dejavu/DejaVuSansCondensed.ttf 
10 Apr 2024 15:11:53,171 DEBUG org.apache.fontbox.util.autodetect.FontFileFinder.walk(FontFileFinder.java:136) checkFontfile check /usr/share/fonts/truetype/dejavu/DejaVuSansCondensed-Bold.ttf 
10 Apr 2024 15:11:53,171 DEBUG org.apache.fontbox.util.autodetect.FontFileFinder.walk(FontFileFinder.java:142) checkFontfile found /usr/share/fonts/truetype/dejavu/DejaVuSansCondensed-Bold.ttf 
10 Apr 2024 15:11:53,171 DEBUG org.apache.fontbox.util.autodetect.FontFileFinder.walk(FontFileFinder.java:136) checkFontfile check /usr/share/fonts/truetype/dejavu/DejaVuSans-BoldOblique.ttf 
10 Apr 2024 15:11:53,171 DEBUG org.apache.fontbox.util.autodetect.FontFileFinder.walk(FontFileFinder.java:142) checkFontfile found /usr/share/fonts/truetype/dejavu/DejaVuSans-BoldOblique.ttf 
10 Apr 2024 15:11:53,172 DEBUG org.apache.fontbox.util.autodetect.FontFileFinder.walk(FontFileFinder.java:136) checkFontfile check /usr/share/fonts/truetype/dejavu/DejaVuMathTeXGyre.ttf 
10 Apr 2024 15:11:53,172 DEBUG org.apache.fontbox.util.autodetect.FontFileFinder.walk(FontFileFinder.java:142) checkFontfile found /usr/share/fonts/truetype/dejavu/DejaVuMathTeXGyre.ttf 
10 Apr 2024 15:11:53,172 DEBUG org.apache.fontbox.util.autodetect.FontFileFinder.walk(FontFileFinder.java:136) checkFontfile check /usr/share/fonts/truetype/dejavu/DejaVuSerifCondensed-Italic.ttf 
10 Apr 2024 15:11:53,172 DEBUG org.apache.fontbox.util.autodetect.FontFileFinder.walk(FontFileFinder.java:142) checkFontfile found /usr/share/fonts/truetype/dejavu/DejaVuSerifCondensed-Italic.ttf 
10 Apr 2024 15:11:53,172 DEBUG org.apache.fontbox.util.autodetect.FontFileFinder.walk(FontFileFinder.java:136) checkFontfile check /usr/share/fonts/truetype/dejavu/DejaVuSerifCondensed.ttf 
10 Apr 2024 15:11:53,172 DEBUG org.apache.fontbox.util.autodetect.FontFileFinder.walk(FontFileFinder.java:142) checkFontfile found /usr/share/fonts/truetype/dejavu/DejaVuSerifCondensed.ttf 
10 Apr 2024 15:11:53,172 DEBUG org.apache.fontbox.util.autodetect.FontFileFinder.walk(FontFileFinder.java:136) checkFontfile check /usr/share/fonts/truetype/dejavu/DejaVuSerif-Italic.ttf 
10 Apr 2024 15:11:53,172 DEBUG org.apache.fontbox.util.autodetect.FontFileFinder.walk(FontFileFinder.java:142) checkFontfile found /usr/share/fonts/truetype/dejavu/DejaVuSerif-Italic.ttf 
10 Apr 2024 15:11:53,172 DEBUG org.apache.fontbox.util.autodetect.FontFileFinder.walk(FontFileFinder.java:136) checkFontfile check /usr/share/fonts/truetype/dejavu/DejaVuSerif-Bold.ttf 
10 Apr 2024 15:11:53,173 DEBUG org.apache.fontbox.util.autodetect.FontFileFinder.walk(FontFileFinder.java:142) checkFontfile found /usr/share/fonts/truetype/dejavu/DejaVuSerif-Bold.ttf 
10 Apr 2024 15:11:53,173 DEBUG org.apache.fontbox.util.autodetect.FontFileFinder.walk(FontFileFinder.java:136) checkFontfile check /usr/share/fonts/truetype/dejavu/.uuid 
10 Apr 2024 15:11:53,173 DEBUG org.apache.fontbox.util.autodetect.FontFileFinder.walk(FontFileFinder.java:136) checkFontfile check /usr/share/fonts/truetype/dejavu/DejaVuSansCondensed-BoldOblique.ttf 
10 Apr 2024 15:11:53,173 DEBUG org.apache.fontbox.util.autodetect.FontFileFinder.walk(FontFileFinder.java:142) checkFontfile found /usr/share/fonts/truetype/dejavu/DejaVuSansCondensed-BoldOblique.ttf 
10 Apr 2024 15:11:53,173 DEBUG org.apache.fontbox.util.autodetect.FontFileFinder.walk(FontFileFinder.java:136) checkFontfile check /usr/share/fonts/truetype/dejavu/DejaVuSerif-BoldItalic.ttf 
10 Apr 2024 15:11:53,173 DEBUG org.apache.fontbox.util.autodetect.FontFileFinder.walk(FontFileFinder.java:142) checkFontfile found /usr/share/fonts/truetype/dejavu/DejaVuSerif-BoldItalic.ttf 
10 Apr 2024 15:11:53,173 DEBUG org.apache.fontbox.util.autodetect.FontFileFinder.walk(FontFileFinder.java:136) checkFontfile check /usr/share/fonts/truetype/dejavu/DejaVuSansCondensed-Oblique.ttf 
10 Apr 2024 15:11:53,173 DEBUG org.apache.fontbox.util.autodetect.FontFileFinder.walk(FontFileFinder.java:142) checkFontfile found /usr/share/fonts/truetype/dejavu/DejaVuSansCondensed-Oblique.ttf 
10 Apr 2024 15:11:53,173 DEBUG org.apache.fontbox.util.autodetect.FontFileFinder.walk(FontFileFinder.java:136) checkFontfile check /usr/share/fonts/truetype/dejavu/DejaVuSansMono-Oblique.ttf 
10 Apr 2024 15:11:53,173 DEBUG org.apache.fontbox.util.autodetect.FontFileFinder.walk(FontFileFinder.java:142) checkFontfile found /usr/share/fonts/truetype/dejavu/DejaVuSansMono-Oblique.ttf 
10 Apr 2024 15:11:53,174 DEBUG org.apache.fontbox.util.autodetect.FontFileFinder.walk(FontFileFinder.java:136) checkFontfile check /usr/share/fonts/truetype/dejavu/DejaVuSans-ExtraLight.ttf 
10 Apr 2024 15:11:53,174 DEBUG org.apache.fontbox.util.autodetect.FontFileFinder.walk(FontFileFinder.java:142) checkFontfile found /usr/share/fonts/truetype/dejavu/DejaVuSans-ExtraLight.ttf 
10 Apr 2024 15:11:53,174 DEBUG org.apache.fontbox.util.autodetect.FontFileFinder.walk(FontFileFinder.java:136) checkFontfile check /usr/share/fonts/truetype/dejavu/DejaVuSans-Bold.ttf 
10 Apr 2024 15:11:53,174 DEBUG org.apache.fontbox.util.autodetect.FontFileFinder.walk(FontFileFinder.java:142) checkFontfile found /usr/share/fonts/truetype/dejavu/DejaVuSans-Bold.ttf 
10 Apr 2024 15:11:53,174 DEBUG org.apache.fontbox.util.autodetect.FontFileFinder.walk(FontFileFinder.java:136) checkFontfile check /usr/share/fonts/truetype/dejavu/DejaVuSansMono-BoldOblique.ttf 
10 Apr 2024 15:11:53,174 DEBUG org.apache.fontbox.util.autodetect.FontFileFinder.walk(FontFileFinder.java:142) checkFontfile found /usr/share/fonts/truetype/dejavu/DejaVuSansMono-BoldOblique.ttf 
10 Apr 2024 15:11:53,174 DEBUG org.apache.fontbox.util.autodetect.FontFileFinder.walk(FontFileFinder.java:136) checkFontfile check /usr/share/fonts/truetype/lohit-punjabi/Lohit-Gurmukhi.ttf 
10 Apr 2024 15:11:53,175 DEBUG org.apache.fontbox.util.autodetect.FontFileFinder.walk(FontFileFinder.java:142) checkFontfile found /usr/share/fonts/truetype/lohit-punjabi/Lohit-Gurmukhi.ttf 
10 Apr 2024 15:11:53,175 DEBUG org.apache.fontbox.util.autodetect.FontFileFinder.walk(FontFileFinder.java:136) checkFontfile check /usr/share/fonts/truetype/lohit-punjabi/.uuid 
10 Apr 2024 15:11:53,175 DEBUG org.apache.fontbox.util.autodetect.FontFileFinder.walk(FontFileFinder.java:136) checkFontfile check /usr/share/fonts/truetype/fonts-beng-extra/Muktibold.ttf 
10 Apr 2024 15:11:53,175 DEBUG org.apache.fontbox.util.autodetect.FontFileFinder.walk(FontFileFinder.java:142) checkFontfile found /usr/share/fonts/truetype/fonts-beng-extra/Muktibold.ttf 
10 Apr 2024 15:11:53,175 DEBUG org.apache.fontbox.util.autodetect.FontFileFinder.walk(FontFileFinder.java:136) checkFontfile check /usr/share/fonts/truetype/fonts-beng-extra/Mukti.ttf 
10 Apr 2024 15:11:53,175 DEBUG org.apache.fontbox.util.autodetect.FontFileFinder.walk(FontFileFinder.java:142) checkFontfile found /usr/share/fonts/truetype/fonts-beng-extra/Mukti.ttf 
10 Apr 2024 15:11:53,175 DEBUG org.apache.fontbox.util.autodetect.FontFileFinder.walk(FontFileFinder.java:136) checkFontfile check /usr/share/fonts/truetype/fonts-beng-extra/.uuid 
10 Apr 2024 15:11:53,175 DEBUG org.apache.fontbox.util.autodetect.FontFileFinder.walk(FontFileFinder.java:136) checkFontfile check /usr/share/fonts/truetype/fonts-beng-extra/MitraMono.ttf 
10 Apr 2024 15:11:53,176 DEBUG org.apache.fontbox.util.autodetect.FontFileFinder.walk(FontFileFinder.java:142) checkFontfile found /usr/share/fonts/truetype/fonts-beng-extra/MitraMono.ttf 
10 Apr 2024 15:11:53,176 DEBUG org.apache.fontbox.util.autodetect.FontFileFinder.walk(FontFileFinder.java:136) checkFontfile check /usr/share/fonts/truetype/fonts-beng-extra/LikhanNormal.ttf 
10 Apr 2024 15:11:53,176 DEBUG org.apache.fontbox.util.autodetect.FontFileFinder.walk(FontFileFinder.java:142) checkFontfile found /usr/share/fonts/truetype/fonts-beng-extra/LikhanNormal.ttf 
10 Apr 2024 15:11:53,176 DEBUG org.apache.fontbox.util.autodetect.FontFileFinder.walk(FontFileFinder.java:136) checkFontfile check /usr/share/fonts/truetype/fonts-beng-extra/JamrulNormal.ttf 
10 Apr 2024 15:11:53,176 DEBUG org.apache.fontbox.util.autodetect.FontFileFinder.walk(FontFileFinder.java:142) checkFontfile found /usr/share/fonts/truetype/fonts-beng-extra/JamrulNormal.ttf 
10 Apr 2024 15:11:53,176 DEBUG org.apache.fontbox.util.autodetect.FontFileFinder.walk(FontFileFinder.java:136) checkFontfile check /usr/share/fonts/truetype/fonts-beng-extra/Ani.ttf 
10 Apr 2024 15:11:53,176 DEBUG org.apache.fontbox.util.autodetect.FontFileFinder.walk(FontFileFinder.java:142) checkFontfile found /usr/share/fonts/truetype/fonts-beng-extra/Ani.ttf 
10 Apr 2024 15:11:53,176 DEBUG org.apache.fontbox.util.autodetect.FontFileFinder.walk(FontFileFinder.java:136) checkFontfile check /usr/share/fonts/truetype/lohit-kannada/.uuid 
10 Apr 2024 15:11:53,176 DEBUG org.apache.fontbox.util.autodetect.FontFileFinder.walk(FontFileFinder.java:136) checkFontfile check /usr/share/fonts/truetype/lohit-kannada/Lohit-Kannada.ttf 
10 Apr 2024 15:11:53,177 DEBUG org.apache.fontbox.util.autodetect.FontFileFinder.walk(FontFileFinder.java:142) checkFontfile found /usr/share/fonts/truetype/lohit-kannada/Lohit-Kannada.ttf 
10 Apr 2024 15:11:53,177 DEBUG org.apache.fontbox.util.autodetect.FontFileFinder.walk(FontFileFinder.java:136) checkFontfile check /usr/share/fonts/truetype/kacst/KacstQurn.ttf 
10 Apr 2024 15:11:53,177 DEBUG org.apache.fontbox.util.autodetect.FontFileFinder.walk(FontFileFinder.java:142) checkFontfile found /usr/share/fonts/truetype/kacst/KacstQurn.ttf 
10 Apr 2024 15:11:53,177 DEBUG org.apache.fontbox.util.autodetect.FontFileFinder.walk(FontFileFinder.java:136) checkFontfile check /usr/share/fonts/truetype/kacst/KacstFarsi.ttf 
10 Apr 2024 15:11:53,177 DEBUG org.apache.fontbox.util.autodetect.FontFileFinder.walk(FontFileFinder.java:142) checkFontfile found /usr/share/fonts/truetype/kacst/KacstFarsi.ttf 
10 Apr 2024 15:11:53,177 DEBUG org.apache.fontbox.util.autodetect.FontFileFinder.walk(FontFileFinder.java:136) checkFontfile check /usr/share/fonts/truetype/kacst/KacstLetter.ttf 
10 Apr 2024 15:11:53,177 DEBUG org.apache.fontbox.util.autodetect.FontFileFinder.walk(FontFileFinder.java:142) checkFontfile found /usr/share/fonts/truetype/kacst/KacstLetter.ttf 
10 Apr 2024 15:11:53,177 DEBUG org.apache.fontbox.util.autodetect.FontFileFinder.walk(FontFileFinder.java:136) checkFontfile check /usr/share/fonts/truetype/kacst/KacstScreen.ttf 
10 Apr 2024 15:11:53,178 DEBUG org.apache.fontbox.util.autodetect.FontFileFinder.walk(FontFileFinder.java:142) checkFontfile found /usr/share/fonts/truetype/kacst/KacstScreen.ttf 
10 Apr 2024 15:11:53,178 DEBUG org.apache.fontbox.util.autodetect.FontFileFinder.walk(FontFileFinder.java:136) checkFontfile check /usr/share/fonts/truetype/kacst/KacstPen.ttf 
10 Apr 2024 15:11:53,178 DEBUG org.apache.fontbox.util.autodetect.FontFileFinder.walk(FontFileFinder.java:142) checkFontfile found /usr/share/fonts/truetype/kacst/KacstPen.ttf 
10 Apr 2024 15:11:53,178 DEBUG org.apache.fontbox.util.autodetect.FontFileFinder.walk(FontFileFinder.java:136) checkFontfile check /usr/share/fonts/truetype/kacst/KacstTitle.ttf 
10 Apr 2024 15:11:53,178 DEBUG org.apache.fontbox.util.autodetect.FontFileFinder.walk(FontFileFinder.java:142) checkFontfile found /usr/share/fonts/truetype/kacst/KacstTitle.ttf 
10 Apr 2024 15:11:53,178 DEBUG org.apache.fontbox.util.autodetect.FontFileFinder.walk(FontFileFinder.java:136) checkFontfile check /usr/share/fonts/truetype/kacst/KacstOffice.ttf 
10 Apr 2024 15:11:53,178 DEBUG org.apache.fontbox.util.autodetect.FontFileFinder.walk(FontFileFinder.java:142) checkFontfile found /usr/share/fonts/truetype/kacst/KacstOffice.ttf 
10 Apr 2024 15:11:53,178 DEBUG org.apache.fontbox.util.autodetect.FontFileFinder.walk(FontFileFinder.java:136) checkFontfile check /usr/share/fonts/truetype/kacst/.uuid 
10 Apr 2024 15:11:53,179 DEBUG org.apache.fontbox.util.autodetect.FontFileFinder.walk(FontFileFinder.java:136) checkFontfile check /usr/share/fonts/truetype/kacst/KacstPoster.ttf 
10 Apr 2024 15:11:53,179 DEBUG org.apache.fontbox.util.autodetect.FontFileFinder.walk(FontFileFinder.java:142) checkFontfile found /usr/share/fonts/truetype/kacst/KacstPoster.ttf 
10 Apr 2024 15:11:53,179 DEBUG org.apache.fontbox.util.autodetect.FontFileFinder.walk(FontFileFinder.java:136) checkFontfile check /usr/share/fonts/truetype/kacst/KacstDecorative.ttf 
10 Apr 2024 15:11:53,179 DEBUG org.apache.fontbox.util.autodetect.FontFileFinder.walk(FontFileFinder.java:142) checkFontfile found /usr/share/fonts/truetype/kacst/KacstDecorative.ttf 
10 Apr 2024 15:11:53,179 DEBUG org.apache.fontbox.util.autodetect.FontFileFinder.walk(FontFileFinder.java:136) checkFontfile check /usr/share/fonts/truetype/kacst/KacstNaskh.ttf 
10 Apr 2024 15:11:53,179 DEBUG org.apache.fontbox.util.autodetect.FontFileFinder.walk(FontFileFinder.java:142) checkFontfile found /usr/share/fonts/truetype/kacst/KacstNaskh.ttf 
10 Apr 2024 15:11:53,179 DEBUG org.apache.fontbox.util.autodetect.FontFileFinder.walk(FontFileFinder.java:136) checkFontfile check /usr/share/fonts/truetype/kacst/KacstBook.ttf 
10 Apr 2024 15:11:53,179 DEBUG org.apache.fontbox.util.autodetect.FontFileFinder.walk(FontFileFinder.java:142) checkFontfile found /usr/share/fonts/truetype/kacst/KacstBook.ttf 
10 Apr 2024 15:11:53,179 DEBUG org.apache.fontbox.util.autodetect.FontFileFinder.walk(FontFileFinder.java:136) checkFontfile check /usr/share/fonts/truetype/kacst/KacstTitleL.ttf 
10 Apr 2024 15:11:53,179 DEBUG org.apache.fontbox.util.autodetect.FontFileFinder.walk(FontFileFinder.java:142) checkFontfile found /usr/share/fonts/truetype/kacst/KacstTitleL.ttf 
10 Apr 2024 15:11:53,180 DEBUG org.apache.fontbox.util.autodetect.FontFileFinder.walk(FontFileFinder.java:136) checkFontfile check /usr/share/fonts/truetype/kacst/KacstDigital.ttf 
10 Apr 2024 15:11:53,180 DEBUG org.apache.fontbox.util.autodetect.FontFileFinder.walk(FontFileFinder.java:142) checkFontfile found /usr/share/fonts/truetype/kacst/KacstDigital.ttf 
10 Apr 2024 15:11:53,180 DEBUG org.apache.fontbox.util.autodetect.FontFileFinder.walk(FontFileFinder.java:136) checkFontfile check /usr/share/fonts/truetype/kacst/mry_KacstQurn.ttf 
10 Apr 2024 15:11:53,180 DEBUG org.apache.fontbox.util.autodetect.FontFileFinder.walk(FontFileFinder.java:142) checkFontfile found /usr/share/fonts/truetype/kacst/mry_KacstQurn.ttf 
10 Apr 2024 15:11:53,180 DEBUG org.apache.fontbox.util.autodetect.FontFileFinder.walk(FontFileFinder.java:136) checkFontfile check /usr/share/fonts/truetype/kacst/KacstArt.ttf 
10 Apr 2024 15:11:53,180 DEBUG org.apache.fontbox.util.autodetect.FontFileFinder.walk(FontFileFinder.java:142) checkFontfile found /usr/share/fonts/truetype/kacst/KacstArt.ttf 
10 Apr 2024 15:11:53,180 DEBUG org.apache.fontbox.util.autodetect.FontFileFinder.walk(FontFileFinder.java:136) checkFontfile check /usr/share/fonts/truetype/fonts-orya-extra/.uuid 
10 Apr 2024 15:11:53,180 DEBUG org.apache.fontbox.util.autodetect.FontFileFinder.walk(FontFileFinder.java:136) checkFontfile check /usr/share/fonts/truetype/fonts-orya-extra/utkal.ttf 
10 Apr 2024 15:11:53,181 DEBUG org.apache.fontbox.util.autodetect.FontFileFinder.walk(FontFileFinder.java:142) checkFontfile found /usr/share/fonts/truetype/fonts-orya-extra/utkal.ttf 
10 Apr 2024 15:11:53,181 DEBUG org.apache.fontbox.util.autodetect.FontFileFinder.walk(FontFileFinder.java:136) checkFontfile check /usr/share/fonts/truetype/fonts-gujr-extra/padmaa-Bold.1.1.ttf 
10 Apr 2024 15:11:53,181 DEBUG org.apache.fontbox.util.autodetect.FontFileFinder.walk(FontFileFinder.java:142) checkFontfile found /usr/share/fonts/truetype/fonts-gujr-extra/padmaa-Bold.1.1.ttf 
10 Apr 2024 15:11:53,181 DEBUG org.apache.fontbox.util.autodetect.FontFileFinder.walk(FontFileFinder.java:136) checkFontfile check /usr/share/fonts/truetype/fonts-gujr-extra/.uuid 
10 Apr 2024 15:11:53,181 DEBUG org.apache.fontbox.util.autodetect.FontFileFinder.walk(FontFileFinder.java:136) checkFontfile check /usr/share/fonts/truetype/fonts-gujr-extra/padmaa-Medium-0.5.ttf 
10 Apr 2024 15:11:53,181 DEBUG org.apache.fontbox.util.autodetect.FontFileFinder.walk(FontFileFinder.java:142) checkFontfile found /usr/share/fonts/truetype/fonts-gujr-extra/padmaa-Medium-0.5.ttf 
10 Apr 2024 15:11:53,181 DEBUG org.apache.fontbox.util.autodetect.FontFileFinder.walk(FontFileFinder.java:136) checkFontfile check /usr/share/fonts/truetype/fonts-gujr-extra/Rekha.ttf 
10 Apr 2024 15:11:53,181 DEBUG org.apache.fontbox.util.autodetect.FontFileFinder.walk(FontFileFinder.java:142) checkFontfile found /usr/share/fonts/truetype/fonts-gujr-extra/Rekha.ttf 
10 Apr 2024 15:11:53,200 DEBUG org.apache.fontbox.util.autodetect.FontFileFinder.walk(FontFileFinder.java:136) checkFontfile check /usr/share/fonts/truetype/fonts-gujr-extra/padmaa.ttf 
10 Apr 2024 15:11:53,201 DEBUG org.apache.fontbox.util.autodetect.FontFileFinder.walk(FontFileFinder.java:142) checkFontfile found /usr/share/fonts/truetype/fonts-gujr-extra/padmaa.ttf 
10 Apr 2024 15:11:53,201 DEBUG org.apache.fontbox.util.autodetect.FontFileFinder.walk(FontFileFinder.java:136) checkFontfile check /usr/share/fonts/truetype/fonts-gujr-extra/aakar-medium.ttf 
10 Apr 2024 15:11:53,201 DEBUG org.apache.fontbox.util.autodetect.FontFileFinder.walk(FontFileFinder.java:142) checkFontfile found /usr/share/fonts/truetype/fonts-gujr-extra/aakar-medium.ttf 
10 Apr 2024 15:11:53,201 DEBUG org.apache.fontbox.util.autodetect.FontFileFinder.walk(FontFileFinder.java:136) checkFontfile check /usr/share/fonts/truetype/arphic/.uuid 
10 Apr 2024 15:11:53,201 DEBUG org.apache.fontbox.util.autodetect.FontFileFinder.walk(FontFileFinder.java:136) checkFontfile check /usr/share/fonts/truetype/ttf-khmeros-core/KhmerOS.ttf 
10 Apr 2024 15:11:53,201 DEBUG org.apache.fontbox.util.autodetect.FontFileFinder.walk(FontFileFinder.java:142) checkFontfile found /usr/share/fonts/truetype/ttf-khmeros-core/KhmerOS.ttf 
10 Apr 2024 15:11:53,201 DEBUG org.apache.fontbox.util.autodetect.FontFileFinder.walk(FontFileFinder.java:136) checkFontfile check /usr/share/fonts/truetype/ttf-khmeros-core/KhmerOSsys.ttf 
10 Apr 2024 15:11:53,201 DEBUG org.apache.fontbox.util.autodetect.FontFileFinder.walk(FontFileFinder.java:142) checkFontfile found /usr/share/fonts/truetype/ttf-khmeros-core/KhmerOSsys.ttf 
10 Apr 2024 15:11:53,201 DEBUG org.apache.fontbox.util.autodetect.FontFileFinder.walk(FontFileFinder.java:136) checkFontfile check /usr/share/fonts/truetype/ttf-khmeros-core/.uuid 
10 Apr 2024 15:11:53,202 DEBUG org.apache.fontbox.util.autodetect.FontFileFinder.walk(FontFileFinder.java:136) checkFontfile check /usr/share/fonts/truetype/lohit-tamil-classical/.uuid 
10 Apr 2024 15:11:53,202 DEBUG org.apache.fontbox.util.autodetect.FontFileFinder.walk(FontFileFinder.java:136) checkFontfile check /usr/share/fonts/truetype/lohit-tamil-classical/Lohit-Tamil-Classical.ttf 
10 Apr 2024 15:11:53,202 DEBUG org.apache.fontbox.util.autodetect.FontFileFinder.walk(FontFileFinder.java:142) checkFontfile found /usr/share/fonts/truetype/lohit-tamil-classical/Lohit-Tamil-Classical.ttf 
10 Apr 2024 15:11:53,202 DEBUG org.apache.fontbox.util.autodetect.FontFileFinder.walk(FontFileFinder.java:136) checkFontfile check /usr/share/fonts/truetype/lohit-devanagari/Lohit-Devanagari.ttf 
10 Apr 2024 15:11:53,202 DEBUG org.apache.fontbox.util.autodetect.FontFileFinder.walk(FontFileFinder.java:142) checkFontfile found /usr/share/fonts/truetype/lohit-devanagari/Lohit-Devanagari.ttf 
10 Apr 2024 15:11:53,202 DEBUG org.apache.fontbox.util.autodetect.FontFileFinder.walk(FontFileFinder.java:136) checkFontfile check /usr/share/fonts/truetype/lohit-devanagari/.uuid 
10 Apr 2024 15:11:53,203 DEBUG org.apache.fontbox.util.autodetect.FontFileFinder.walk(FontFileFinder.java:136) checkFontfile check /usr/share/fonts/truetype/lao/Phetsarath_OT.ttf 
10 Apr 2024 15:11:53,203 DEBUG org.apache.fontbox.util.autodetect.FontFileFinder.walk(FontFileFinder.java:142) checkFontfile found /usr/share/fonts/truetype/lao/Phetsarath_OT.ttf 
10 Apr 2024 15:11:53,203 DEBUG org.apache.fontbox.util.autodetect.FontFileFinder.walk(FontFileFinder.java:136) checkFontfile check /usr/share/fonts/truetype/lao/.uuid 
10 Apr 2024 15:11:53,203 DEBUG org.apache.fontbox.util.autodetect.FontFileFinder.walk(FontFileFinder.java:136) checkFontfile check /usr/share/fonts/truetype/pagul/Pagul.ttf 
10 Apr 2024 15:11:53,203 DEBUG org.apache.fontbox.util.autodetect.FontFileFinder.walk(FontFileFinder.java:142) checkFontfile found /usr/share/fonts/truetype/pagul/Pagul.ttf 
10 Apr 2024 15:11:53,203 DEBUG org.apache.fontbox.util.autodetect.FontFileFinder.walk(FontFileFinder.java:136) checkFontfile check /usr/share/fonts/truetype/pagul/.uuid 
10 Apr 2024 15:11:53,203 DEBUG org.apache.fontbox.util.autodetect.FontFileFinder.walk(FontFileFinder.java:136) checkFontfile check /usr/share/fonts/truetype/fonts-yrsa-rasa/Yrsa-MediumItalic.ttf 
10 Apr 2024 15:11:53,203 DEBUG org.apache.fontbox.util.autodetect.FontFileFinder.walk(FontFileFinder.java:142) checkFontfile found /usr/share/fonts/truetype/fonts-yrsa-rasa/Yrsa-MediumItalic.ttf 
10 Apr 2024 15:11:53,203 DEBUG org.apache.fontbox.util.autodetect.FontFileFinder.walk(FontFileFinder.java:136) checkFontfile check /usr/share/fonts/truetype/fonts-yrsa-rasa/Rasa-Regular.ttf 
10 Apr 2024 15:11:53,204 DEBUG org.apache.fontbox.util.autodetect.FontFileFinder.walk(FontFileFinder.java:142) checkFontfile found /usr/share/fonts/truetype/fonts-yrsa-rasa/Rasa-Regular.ttf 
10 Apr 2024 15:11:53,204 DEBUG org.apache.fontbox.util.autodetect.FontFileFinder.walk(FontFileFinder.java:136) checkFontfile check /usr/share/fonts/truetype/fonts-yrsa-rasa/Yrsa-LightItalic.ttf 
10 Apr 2024 15:11:53,204 DEBUG org.apache.fontbox.util.autodetect.FontFileFinder.walk(FontFileFinder.java:142) checkFontfile found /usr/share/fonts/truetype/fonts-yrsa-rasa/Yrsa-LightItalic.ttf 
10 Apr 2024 15:11:53,204 DEBUG org.apache.fontbox.util.autodetect.FontFileFinder.walk(FontFileFinder.java:136) checkFontfile check /usr/share/fonts/truetype/fonts-yrsa-rasa/Yrsa-SemiBold.ttf 
10 Apr 2024 15:11:53,204 DEBUG org.apache.fontbox.util.autodetect.FontFileFinder.walk(FontFileFinder.java:142) checkFontfile found /usr/share/fonts/truetype/fonts-yrsa-rasa/Yrsa-SemiBold.ttf 
10 Apr 2024 15:11:53,204 DEBUG org.apache.fontbox.util.autodetect.FontFileFinder.walk(FontFileFinder.java:136) checkFontfile check /usr/share/fonts/truetype/fonts-yrsa-rasa/.uuid 
10 Apr 2024 15:11:53,204 DEBUG org.apache.fontbox.util.autodetect.FontFileFinder.walk(FontFileFinder.java:136) checkFontfile check /usr/share/fonts/truetype/fonts-yrsa-rasa/Yrsa-Regular.ttf 
10 Apr 2024 15:11:53,204 DEBUG org.apache.fontbox.util.autodetect.FontFileFinder.walk(FontFileFinder.java:142) checkFontfile found /usr/share/fonts/truetype/fonts-yrsa-rasa/Yrsa-Regular.ttf 
10 Apr 2024 15:11:53,204 DEBUG org.apache.fontbox.util.autodetect.FontFileFinder.walk(FontFileFinder.java:136) checkFontfile check /usr/share/fonts/truetype/fonts-yrsa-rasa/Yrsa-SemiBoldItalic.ttf 
10 Apr 2024 15:11:53,204 DEBUG org.apache.fontbox.util.autodetect.FontFileFinder.walk(FontFileFinder.java:142) checkFontfile found /usr/share/fonts/truetype/fonts-yrsa-rasa/Yrsa-SemiBoldItalic.ttf 
10 Apr 2024 15:11:53,204 DEBUG org.apache.fontbox.util.autodetect.FontFileFinder.walk(FontFileFinder.java:136) checkFontfile check /usr/share/fonts/truetype/fonts-yrsa-rasa/Rasa-Bold.ttf 
10 Apr 2024 15:11:53,205 DEBUG org.apache.fontbox.util.autodetect.FontFileFinder.walk(FontFileFinder.java:142) checkFontfile found /usr/share/fonts/truetype/fonts-yrsa-rasa/Rasa-Bold.ttf 
10 Apr 2024 15:11:53,205 DEBUG org.apache.fontbox.util.autodetect.FontFileFinder.walk(FontFileFinder.java:136) checkFontfile check /usr/share/fonts/truetype/fonts-yrsa-rasa/Yrsa-BoldItalic.ttf 
10 Apr 2024 15:11:53,205 DEBUG org.apache.fontbox.util.autodetect.FontFileFinder.walk(FontFileFinder.java:142) checkFontfile found /usr/share/fonts/truetype/fonts-yrsa-rasa/Yrsa-BoldItalic.ttf 
10 Apr 2024 15:11:53,205 DEBUG org.apache.fontbox.util.autodetect.FontFileFinder.walk(FontFileFinder.java:136) checkFontfile check /usr/share/fonts/truetype/fonts-yrsa-rasa/Yrsa-Light.ttf 
10 Apr 2024 15:11:53,205 DEBUG org.apache.fontbox.util.autodetect.FontFileFinder.walk(FontFileFinder.java:142) checkFontfile found /usr/share/fonts/truetype/fonts-yrsa-rasa/Yrsa-Light.ttf 
10 Apr 2024 15:11:53,205 DEBUG org.apache.fontbox.util.autodetect.FontFileFinder.walk(FontFileFinder.java:136) checkFontfile check /usr/share/fonts/truetype/fonts-yrsa-rasa/Rasa-Medium.ttf 
10 Apr 2024 15:11:53,205 DEBUG org.apache.fontbox.util.autodetect.FontFileFinder.walk(FontFileFinder.java:142) checkFontfile found /usr/share/fonts/truetype/fonts-yrsa-rasa/Rasa-Medium.ttf 
10 Apr 2024 15:11:53,205 DEBUG org.apache.fontbox.util.autodetect.FontFileFinder.walk(FontFileFinder.java:136) checkFontfile check /usr/share/fonts/truetype/fonts-yrsa-rasa/Rasa-SemiBold.ttf 
10 Apr 2024 15:11:53,205 DEBUG org.apache.fontbox.util.autodetect.FontFileFinder.walk(FontFileFinder.java:142) checkFontfile found /usr/share/fonts/truetype/fonts-yrsa-rasa/Rasa-SemiBold.ttf 
10 Apr 2024 15:11:53,205 DEBUG org.apache.fontbox.util.autodetect.FontFileFinder.walk(FontFileFinder.java:136) checkFontfile check /usr/share/fonts/truetype/fonts-yrsa-rasa/Yrsa-Italic.ttf 
10 Apr 2024 15:11:53,205 DEBUG org.apache.fontbox.util.autodetect.FontFileFinder.walk(FontFileFinder.java:142) checkFontfile found /usr/share/fonts/truetype/fonts-yrsa-rasa/Yrsa-Italic.ttf 
10 Apr 2024 15:11:53,206 DEBUG org.apache.fontbox.util.autodetect.FontFileFinder.walk(FontFileFinder.java:136) checkFontfile check /usr/share/fonts/truetype/fonts-yrsa-rasa/Yrsa-Bold.ttf 
10 Apr 2024 15:11:53,206 DEBUG org.apache.fontbox.util.autodetect.FontFileFinder.walk(FontFileFinder.java:142) checkFontfile found /usr/share/fonts/truetype/fonts-yrsa-rasa/Yrsa-Bold.ttf 
10 Apr 2024 15:11:53,206 DEBUG org.apache.fontbox.util.autodetect.FontFileFinder.walk(FontFileFinder.java:136) checkFontfile check /usr/share/fonts/truetype/fonts-yrsa-rasa/Rasa-Light.ttf 
10 Apr 2024 15:11:53,206 DEBUG org.apache.fontbox.util.autodetect.FontFileFinder.walk(FontFileFinder.java:142) checkFontfile found /usr/share/fonts/truetype/fonts-yrsa-rasa/Rasa-Light.ttf 
10 Apr 2024 15:11:53,206 DEBUG org.apache.fontbox.util.autodetect.FontFileFinder.walk(FontFileFinder.java:136) checkFontfile check /usr/share/fonts/truetype/fonts-yrsa-rasa/Yrsa-Medium.ttf 
10 Apr 2024 15:11:53,206 DEBUG org.apache.fontbox.util.autodetect.FontFileFinder.walk(FontFileFinder.java:142) checkFontfile found /usr/share/fonts/truetype/fonts-yrsa-rasa/Yrsa-Medium.ttf 
10 Apr 2024 15:11:53,206 DEBUG org.apache.fontbox.util.autodetect.FontFileFinder.walk(FontFileFinder.java:136) checkFontfile check /usr/share/fonts/truetype/fonts-kalapi/.uuid 
10 Apr 2024 15:11:53,206 DEBUG org.apache.fontbox.util.autodetect.FontFileFinder.walk(FontFileFinder.java:136) checkFontfile check /usr/share/fonts/truetype/fonts-kalapi/Kalapi.ttf 
10 Apr 2024 15:11:53,206 DEBUG org.apache.fontbox.util.autodetect.FontFileFinder.walk(FontFileFinder.java:142) checkFontfile found /usr/share/fonts/truetype/fonts-kalapi/Kalapi.ttf 
10 Apr 2024 15:11:53,206 DEBUG org.apache.fontbox.util.autodetect.FontFileFinder.walk(FontFileFinder.java:136) checkFontfile check /usr/share/fonts/truetype/abyssinica/AbyssinicaSIL-Regular.ttf 
10 Apr 2024 15:11:53,207 DEBUG org.apache.fontbox.util.autodetect.FontFileFinder.walk(FontFileFinder.java:142) checkFontfile found /usr/share/fonts/truetype/abyssinica/AbyssinicaSIL-Regular.ttf 
10 Apr 2024 15:11:53,207 DEBUG org.apache.fontbox.util.autodetect.FontFileFinder.walk(FontFileFinder.java:136) checkFontfile check /usr/share/fonts/truetype/abyssinica/.uuid 
10 Apr 2024 15:11:53,207 DEBUG org.apache.fontbox.util.autodetect.FontFileFinder.walk(FontFileFinder.java:136) checkFontfile check /usr/share/fonts/truetype/lohit-telugu/.uuid 
10 Apr 2024 15:11:53,207 DEBUG org.apache.fontbox.util.autodetect.FontFileFinder.walk(FontFileFinder.java:136) checkFontfile check /usr/share/fonts/truetype/lohit-telugu/Lohit-Telugu.ttf 
10 Apr 2024 15:11:53,207 DEBUG org.apache.fontbox.util.autodetect.FontFileFinder.walk(FontFileFinder.java:142) checkFontfile found /usr/share/fonts/truetype/lohit-telugu/Lohit-Telugu.ttf 
10 Apr 2024 15:11:53,207 DEBUG org.apache.fontbox.util.autodetect.FontFileFinder.walk(FontFileFinder.java:136) checkFontfile check /usr/share/fonts/truetype/.uuid 
10 Apr 2024 15:11:53,207 DEBUG org.apache.fontbox.util.autodetect.FontFileFinder.walk(FontFileFinder.java:136) checkFontfile check /usr/share/fonts/truetype/Gargi/.uuid 
10 Apr 2024 15:11:53,207 DEBUG org.apache.fontbox.util.autodetect.FontFileFinder.walk(FontFileFinder.java:136) checkFontfile check /usr/share/fonts/truetype/Gargi/Gargi.ttf 
10 Apr 2024 15:11:53,207 DEBUG org.apache.fontbox.util.autodetect.FontFileFinder.walk(FontFileFinder.java:142) checkFontfile found /usr/share/fonts/truetype/Gargi/Gargi.ttf 
10 Apr 2024 15:11:53,207 DEBUG org.apache.fontbox.util.autodetect.FontFileFinder.walk(FontFileFinder.java:136) checkFontfile check /usr/share/fonts/truetype/liberation2/LiberationSans-BoldItalic.ttf 
10 Apr 2024 15:11:53,208 DEBUG org.apache.fontbox.util.autodetect.FontFileFinder.walk(FontFileFinder.java:142) checkFontfile found /usr/share/fonts/truetype/liberation2/LiberationSans-BoldItalic.ttf 
10 Apr 2024 15:11:53,208 DEBUG org.apache.fontbox.util.autodetect.FontFileFinder.walk(FontFileFinder.java:136) checkFontfile check /usr/share/fonts/truetype/liberation2/LiberationSans-Regular.ttf 
10 Apr 2024 15:11:53,208 DEBUG org.apache.fontbox.util.autodetect.FontFileFinder.walk(FontFileFinder.java:142) checkFontfile found /usr/share/fonts/truetype/liberation2/LiberationSans-Regular.ttf 
10 Apr 2024 15:11:53,208 DEBUG org.apache.fontbox.util.autodetect.FontFileFinder.walk(FontFileFinder.java:136) checkFontfile check /usr/share/fonts/truetype/liberation2/LiberationMono-BoldItalic.ttf 
10 Apr 2024 15:11:53,208 DEBUG org.apache.fontbox.util.autodetect.FontFileFinder.walk(FontFileFinder.java:142) checkFontfile found /usr/share/fonts/truetype/liberation2/LiberationMono-BoldItalic.ttf 
10 Apr 2024 15:11:53,208 DEBUG org.apache.fontbox.util.autodetect.FontFileFinder.walk(FontFileFinder.java:136) checkFontfile check /usr/share/fonts/truetype/liberation2/LiberationSerif-Italic.ttf 
10 Apr 2024 15:11:53,209 DEBUG org.apache.fontbox.util.autodetect.FontFileFinder.walk(FontFileFinder.java:142) checkFontfile found /usr/share/fonts/truetype/liberation2/LiberationSerif-Italic.ttf 
10 Apr 2024 15:11:53,209 DEBUG org.apache.fontbox.util.autodetect.FontFileFinder.walk(FontFileFinder.java:136) checkFontfile check /usr/share/fonts/truetype/liberation2/LiberationMono-Bold.ttf 
10 Apr 2024 15:11:53,210 DEBUG org.apache.fontbox.util.autodetect.FontFileFinder.walk(FontFileFinder.java:142) checkFontfile found /usr/share/fonts/truetype/liberation2/LiberationMono-Bold.ttf 
10 Apr 2024 15:11:53,210 DEBUG org.apache.fontbox.util.autodetect.FontFileFinder.walk(FontFileFinder.java:136) checkFontfile check /usr/share/fonts/truetype/liberation2/LiberationMono-Italic.ttf 
10 Apr 2024 15:11:53,210 DEBUG org.apache.fontbox.util.autodetect.FontFileFinder.walk(FontFileFinder.java:142) checkFontfile found /usr/share/fonts/truetype/liberation2/LiberationMono-Italic.ttf 
10 Apr 2024 15:11:53,210 DEBUG org.apache.fontbox.util.autodetect.FontFileFinder.walk(FontFileFinder.java:136) checkFontfile check /usr/share/fonts/truetype/liberation2/LiberationSerif-Regular.ttf 
10 Apr 2024 15:11:53,211 DEBUG org.apache.fontbox.util.autodetect.FontFileFinder.walk(FontFileFinder.java:142) checkFontfile found /usr/share/fonts/truetype/liberation2/LiberationSerif-Regular.ttf 
10 Apr 2024 15:11:53,211 DEBUG org.apache.fontbox.util.autodetect.FontFileFinder.walk(FontFileFinder.java:136) checkFontfile check /usr/share/fonts/truetype/liberation2/LiberationMono-Regular.ttf 
10 Apr 2024 15:11:53,211 DEBUG org.apache.fontbox.util.autodetect.FontFileFinder.walk(FontFileFinder.java:142) checkFontfile found /usr/share/fonts/truetype/liberation2/LiberationMono-Regular.ttf 
10 Apr 2024 15:11:53,212 DEBUG org.apache.fontbox.util.autodetect.FontFileFinder.walk(FontFileFinder.java:136) checkFontfile check /usr/share/fonts/truetype/liberation2/.uuid 
10 Apr 2024 15:11:53,212 DEBUG org.apache.fontbox.util.autodetect.FontFileFinder.walk(FontFileFinder.java:136) checkFontfile check /usr/share/fonts/truetype/liberation2/LiberationSerif-Bold.ttf 
10 Apr 2024 15:11:53,212 DEBUG org.apache.fontbox.util.autodetect.FontFileFinder.walk(FontFileFinder.java:142) checkFontfile found /usr/share/fonts/truetype/liberation2/LiberationSerif-Bold.ttf 
10 Apr 2024 15:11:53,213 DEBUG org.apache.fontbox.util.autodetect.FontFileFinder.walk(FontFileFinder.java:136) checkFontfile check /usr/share/fonts/truetype/liberation2/LiberationSans-Italic.ttf 
10 Apr 2024 15:11:53,213 DEBUG org.apache.fontbox.util.autodetect.FontFileFinder.walk(FontFileFinder.java:142) checkFontfile found /usr/share/fonts/truetype/liberation2/LiberationSans-Italic.ttf 
10 Apr 2024 15:11:53,213 DEBUG org.apache.fontbox.util.autodetect.FontFileFinder.walk(FontFileFinder.java:136) checkFontfile check /usr/share/fonts/truetype/liberation2/LiberationSans-Bold.ttf 
10 Apr 2024 15:11:53,213 DEBUG org.apache.fontbox.util.autodetect.FontFileFinder.walk(FontFileFinder.java:142) checkFontfile found /usr/share/fonts/truetype/liberation2/LiberationSans-Bold.ttf 
10 Apr 2024 15:11:53,214 DEBUG org.apache.fontbox.util.autodetect.FontFileFinder.walk(FontFileFinder.java:136) checkFontfile check /usr/share/fonts/truetype/liberation2/LiberationSerif-BoldItalic.ttf 
10 Apr 2024 15:11:53,214 DEBUG org.apache.fontbox.util.autodetect.FontFileFinder.walk(FontFileFinder.java:142) checkFontfile found /usr/share/fonts/truetype/liberation2/LiberationSerif-BoldItalic.ttf 
10 Apr 2024 15:11:53,214 DEBUG org.apache.fontbox.util.autodetect.FontFileFinder.walk(FontFileFinder.java:136) checkFontfile check /usr/share/fonts/truetype/lohit-bengali/.uuid 
10 Apr 2024 15:11:53,214 DEBUG org.apache.fontbox.util.autodetect.FontFileFinder.walk(FontFileFinder.java:136) checkFontfile check /usr/share/fonts/truetype/lohit-bengali/Lohit-Bengali.ttf 
10 Apr 2024 15:11:53,214 DEBUG org.apache.fontbox.util.autodetect.FontFileFinder.walk(FontFileFinder.java:142) checkFontfile found /usr/share/fonts/truetype/lohit-bengali/Lohit-Bengali.ttf 
10 Apr 2024 15:11:53,214 DEBUG org.apache.fontbox.util.autodetect.FontFileFinder.walk(FontFileFinder.java:136) checkFontfile check /usr/share/fonts/truetype/lohit-assamese/Lohit-Assamese.ttf 
10 Apr 2024 15:11:53,215 DEBUG org.apache.fontbox.util.autodetect.FontFileFinder.walk(FontFileFinder.java:142) checkFontfile found /usr/share/fonts/truetype/lohit-assamese/Lohit-Assamese.ttf 
10 Apr 2024 15:11:53,215 DEBUG org.apache.fontbox.util.autodetect.FontFileFinder.walk(FontFileFinder.java:136) checkFontfile check /usr/share/fonts/truetype/lohit-assamese/.uuid 
10 Apr 2024 15:11:53,215 DEBUG org.apache.fontbox.util.autodetect.FontFileFinder.walk(FontFileFinder.java:136) checkFontfile check /usr/share/fonts/truetype/Sahadeva/.uuid 
10 Apr 2024 15:11:53,215 DEBUG org.apache.fontbox.util.autodetect.FontFileFinder.walk(FontFileFinder.java:136) checkFontfile check /usr/share/fonts/truetype/Sahadeva/sahadeva.ttf 
10 Apr 2024 15:11:53,215 DEBUG org.apache.fontbox.util.autodetect.FontFileFinder.walk(FontFileFinder.java:142) checkFontfile found /usr/share/fonts/truetype/Sahadeva/sahadeva.ttf 
10 Apr 2024 15:11:53,215 DEBUG org.apache.fontbox.util.autodetect.FontFileFinder.walk(FontFileFinder.java:136) checkFontfile check /usr/share/fonts/truetype/tibetan-machine/.uuid 
10 Apr 2024 15:11:53,215 DEBUG org.apache.fontbox.util.autodetect.FontFileFinder.walk(FontFileFinder.java:136) checkFontfile check /usr/share/fonts/truetype/tibetan-machine/TibetanMachineUni.ttf 
10 Apr 2024 15:11:53,215 DEBUG org.apache.fontbox.util.autodetect.FontFileFinder.walk(FontFileFinder.java:142) checkFontfile found /usr/share/fonts/truetype/tibetan-machine/TibetanMachineUni.ttf 
10 Apr 2024 15:11:53,215 DEBUG org.apache.fontbox.util.autodetect.FontFileFinder.walk(FontFileFinder.java:136) checkFontfile check /usr/share/fonts/truetype/ubuntu/Ubuntu-R.ttf 
10 Apr 2024 15:11:53,216 DEBUG org.apache.fontbox.util.autodetect.FontFileFinder.walk(FontFileFinder.java:142) checkFontfile found /usr/share/fonts/truetype/ubuntu/Ubuntu-R.ttf 
10 Apr 2024 15:11:53,216 DEBUG org.apache.fontbox.util.autodetect.FontFileFinder.walk(FontFileFinder.java:136) checkFontfile check /usr/share/fonts/truetype/ubuntu/UbuntuMono-BI.ttf 
10 Apr 2024 15:11:53,216 DEBUG org.apache.fontbox.util.autodetect.FontFileFinder.walk(FontFileFinder.java:142) checkFontfile found /usr/share/fonts/truetype/ubuntu/UbuntuMono-BI.ttf 
10 Apr 2024 15:11:53,216 DEBUG org.apache.fontbox.util.autodetect.FontFileFinder.walk(FontFileFinder.java:136) checkFontfile check /usr/share/fonts/truetype/ubuntu/Ubuntu-MI.ttf 
10 Apr 2024 15:11:53,216 DEBUG org.apache.fontbox.util.autodetect.FontFileFinder.walk(FontFileFinder.java:142) checkFontfile found /usr/share/fonts/truetype/ubuntu/Ubuntu-MI.ttf 
10 Apr 2024 15:11:53,216 DEBUG org.apache.fontbox.util.autodetect.FontFileFinder.walk(FontFileFinder.java:136) checkFontfile check /usr/share/fonts/truetype/ubuntu/Ubuntu-M.ttf 
10 Apr 2024 15:11:53,216 DEBUG org.apache.fontbox.util.autodetect.FontFileFinder.walk(FontFileFinder.java:142) checkFontfile found /usr/share/fonts/truetype/ubuntu/Ubuntu-M.ttf 
10 Apr 2024 15:11:53,216 DEBUG org.apache.fontbox.util.autodetect.FontFileFinder.walk(FontFileFinder.java:136) checkFontfile check /usr/share/fonts/truetype/ubuntu/Ubuntu-LI.ttf 
10 Apr 2024 15:11:53,217 DEBUG org.apache.fontbox.util.autodetect.FontFileFinder.walk(FontFileFinder.java:142) checkFontfile found /usr/share/fonts/truetype/ubuntu/Ubuntu-LI.ttf 
10 Apr 2024 15:11:53,217 DEBUG org.apache.fontbox.util.autodetect.FontFileFinder.walk(FontFileFinder.java:136) checkFontfile check /usr/share/fonts/truetype/ubuntu/Ubuntu-C.ttf 
10 Apr 2024 15:11:53,217 DEBUG org.apache.fontbox.util.autodetect.FontFileFinder.walk(FontFileFinder.java:142) checkFontfile found /usr/share/fonts/truetype/ubuntu/Ubuntu-C.ttf 
10 Apr 2024 15:11:53,217 DEBUG org.apache.fontbox.util.autodetect.FontFileFinder.walk(FontFileFinder.java:136) checkFontfile check /usr/share/fonts/truetype/ubuntu/Ubuntu-B.ttf 
10 Apr 2024 15:11:53,217 DEBUG org.apache.fontbox.util.autodetect.FontFileFinder.walk(FontFileFinder.java:142) checkFontfile found /usr/share/fonts/truetype/ubuntu/Ubuntu-B.ttf 
10 Apr 2024 15:11:53,217 DEBUG org.apache.fontbox.util.autodetect.FontFileFinder.walk(FontFileFinder.java:136) checkFontfile check /usr/share/fonts/truetype/ubuntu/UbuntuMono-B.ttf 
10 Apr 2024 15:11:53,217 DEBUG org.apache.fontbox.util.autodetect.FontFileFinder.walk(FontFileFinder.java:142) checkFontfile found /usr/share/fonts/truetype/ubuntu/UbuntuMono-B.ttf 
10 Apr 2024 15:11:53,217 DEBUG org.apache.fontbox.util.autodetect.FontFileFinder.walk(FontFileFinder.java:136) checkFontfile check /usr/share/fonts/truetype/ubuntu/UbuntuMono-R.ttf 
10 Apr 2024 15:11:53,218 DEBUG org.apache.fontbox.util.autodetect.FontFileFinder.walk(FontFileFinder.java:142) checkFontfile found /usr/share/fonts/truetype/ubuntu/UbuntuMono-R.ttf 
10 Apr 2024 15:11:53,218 DEBUG org.apache.fontbox.util.autodetect.FontFileFinder.walk(FontFileFinder.java:136) checkFontfile check /usr/share/fonts/truetype/ubuntu/.uuid 
10 Apr 2024 15:11:53,218 DEBUG org.apache.fontbox.util.autodetect.FontFileFinder.walk(FontFileFinder.java:136) checkFontfile check /usr/share/fonts/truetype/ubuntu/Ubuntu-Th.ttf 
10 Apr 2024 15:11:53,218 DEBUG org.apache.fontbox.util.autodetect.FontFileFinder.walk(FontFileFinder.java:142) checkFontfile found /usr/share/fonts/truetype/ubuntu/Ubuntu-Th.ttf 
10 Apr 2024 15:11:53,218 DEBUG org.apache.fontbox.util.autodetect.FontFileFinder.walk(FontFileFinder.java:136) checkFontfile check /usr/share/fonts/truetype/ubuntu/Ubuntu-L.ttf 
10 Apr 2024 15:11:53,218 DEBUG org.apache.fontbox.util.autodetect.FontFileFinder.walk(FontFileFinder.java:142) checkFontfile found /usr/share/fonts/truetype/ubuntu/Ubuntu-L.ttf 
10 Apr 2024 15:11:53,218 DEBUG org.apache.fontbox.util.autodetect.FontFileFinder.walk(FontFileFinder.java:136) checkFontfile check /usr/share/fonts/truetype/ubuntu/Ubuntu-RI.ttf 
10 Apr 2024 15:11:53,218 DEBUG org.apache.fontbox.util.autodetect.FontFileFinder.walk(FontFileFinder.java:142) checkFontfile found /usr/share/fonts/truetype/ubuntu/Ubuntu-RI.ttf 
10 Apr 2024 15:11:53,219 DEBUG org.apache.fontbox.util.autodetect.FontFileFinder.walk(FontFileFinder.java:136) checkFontfile check /usr/share/fonts/truetype/ubuntu/UbuntuMono-RI.ttf 
10 Apr 2024 15:11:53,219 DEBUG org.apache.fontbox.util.autodetect.FontFileFinder.walk(FontFileFinder.java:142) checkFontfile found /usr/share/fonts/truetype/ubuntu/UbuntuMono-RI.ttf 
10 Apr 2024 15:11:53,219 DEBUG org.apache.fontbox.util.autodetect.FontFileFinder.walk(FontFileFinder.java:136) checkFontfile check /usr/share/fonts/truetype/ubuntu/Ubuntu-BI.ttf 
10 Apr 2024 15:11:53,219 DEBUG org.apache.fontbox.util.autodetect.FontFileFinder.walk(FontFileFinder.java:142) checkFontfile found /usr/share/fonts/truetype/ubuntu/Ubuntu-BI.ttf 
10 Apr 2024 15:11:53,220 DEBUG org.apache.fontbox.util.autodetect.FontFileFinder.walk(FontFileFinder.java:136) checkFontfile check /usr/share/fonts/truetype/samyak-fonts/Samyak-Malayalam.ttf 
10 Apr 2024 15:11:53,220 DEBUG org.apache.fontbox.util.autodetect.FontFileFinder.walk(FontFileFinder.java:142) checkFontfile found /usr/share/fonts/truetype/samyak-fonts/Samyak-Malayalam.ttf 
10 Apr 2024 15:11:53,220 DEBUG org.apache.fontbox.util.autodetect.FontFileFinder.walk(FontFileFinder.java:136) checkFontfile check /usr/share/fonts/truetype/samyak-fonts/Samyak-Gujarati.ttf 
10 Apr 2024 15:11:53,221 DEBUG org.apache.fontbox.util.autodetect.FontFileFinder.walk(FontFileFinder.java:142) checkFontfile found /usr/share/fonts/truetype/samyak-fonts/Samyak-Gujarati.ttf 
10 Apr 2024 15:11:53,221 DEBUG org.apache.fontbox.util.autodetect.FontFileFinder.walk(FontFileFinder.java:136) checkFontfile check /usr/share/fonts/truetype/samyak-fonts/.uuid 
10 Apr 2024 15:11:53,221 DEBUG org.apache.fontbox.util.autodetect.FontFileFinder.walk(FontFileFinder.java:136) checkFontfile check /usr/share/fonts/truetype/samyak-fonts/Samyak-Tamil.ttf 
10 Apr 2024 15:11:53,222 DEBUG org.apache.fontbox.util.autodetect.FontFileFinder.walk(FontFileFinder.java:142) checkFontfile found /usr/share/fonts/truetype/samyak-fonts/Samyak-Tamil.ttf 
10 Apr 2024 15:11:53,222 DEBUG org.apache.fontbox.util.autodetect.FontFileFinder.walk(FontFileFinder.java:136) checkFontfile check /usr/share/fonts/truetype/tlwg/Norasi-BoldItalic.ttf 
10 Apr 2024 15:11:53,223 DEBUG org.apache.fontbox.util.autodetect.FontFileFinder.walk(FontFileFinder.java:142) checkFontfile found /usr/share/fonts/truetype/tlwg/Norasi-BoldItalic.ttf 
10 Apr 2024 15:11:53,223 DEBUG org.apache.fontbox.util.autodetect.FontFileFinder.walk(FontFileFinder.java:136) checkFontfile check /usr/share/fonts/truetype/tlwg/Laksaman.ttf 
10 Apr 2024 15:11:53,223 DEBUG org.apache.fontbox.util.autodetect.FontFileFinder.walk(FontFileFinder.java:142) checkFontfile found /usr/share/fonts/truetype/tlwg/Laksaman.ttf 
10 Apr 2024 15:11:53,223 DEBUG org.apache.fontbox.util.autodetect.FontFileFinder.walk(FontFileFinder.java:136) checkFontfile check /usr/share/fonts/truetype/tlwg/Norasi-Oblique.ttf 
10 Apr 2024 15:11:53,223 DEBUG org.apache.fontbox.util.autodetect.FontFileFinder.walk(FontFileFinder.java:142) checkFontfile found /usr/share/fonts/truetype/tlwg/Norasi-Oblique.ttf 
10 Apr 2024 15:11:53,223 DEBUG org.apache.fontbox.util.autodetect.FontFileFinder.walk(FontFileFinder.java:136) checkFontfile check /usr/share/fonts/truetype/tlwg/TlwgTypo-Bold.ttf 
10 Apr 2024 15:11:53,223 DEBUG org.apache.fontbox.util.autodetect.FontFileFinder.walk(FontFileFinder.java:142) checkFontfile found /usr/share/fonts/truetype/tlwg/TlwgTypo-Bold.ttf 
10 Apr 2024 15:11:53,223 DEBUG org.apache.fontbox.util.autodetect.FontFileFinder.walk(FontFileFinder.java:136) checkFontfile check /usr/share/fonts/truetype/tlwg/Waree-Bold.ttf 
10 Apr 2024 15:11:53,223 DEBUG org.apache.fontbox.util.autodetect.FontFileFinder.walk(FontFileFinder.java:142) checkFontfile found /usr/share/fonts/truetype/tlwg/Waree-Bold.ttf 
10 Apr 2024 15:11:53,224 DEBUG org.apache.fontbox.util.autodetect.FontFileFinder.walk(FontFileFinder.java:136) checkFontfile check /usr/share/fonts/truetype/tlwg/TlwgTypewriter-Oblique.ttf 
10 Apr 2024 15:11:53,224 DEBUG org.apache.fontbox.util.autodetect.FontFileFinder.walk(FontFileFinder.java:142) checkFontfile found /usr/share/fonts/truetype/tlwg/TlwgTypewriter-Oblique.ttf 
10 Apr 2024 15:11:53,224 DEBUG org.apache.fontbox.util.autodetect.FontFileFinder.walk(FontFileFinder.java:136) checkFontfile check /usr/share/fonts/truetype/tlwg/Umpush-Light.ttf 
10 Apr 2024 15:11:53,224 DEBUG org.apache.fontbox.util.autodetect.FontFileFinder.walk(FontFileFinder.java:142) checkFontfile found /usr/share/fonts/truetype/tlwg/Umpush-Light.ttf 
10 Apr 2024 15:11:53,224 DEBUG org.apache.fontbox.util.autodetect.FontFileFinder.walk(FontFileFinder.java:136) checkFontfile check /usr/share/fonts/truetype/tlwg/TlwgTypist-Bold.ttf 
10 Apr 2024 15:11:53,224 DEBUG org.apache.fontbox.util.autodetect.FontFileFinder.walk(FontFileFinder.java:142) checkFontfile found /usr/share/fonts/truetype/tlwg/TlwgTypist-Bold.ttf 
10 Apr 2024 15:11:53,224 DEBUG org.apache.fontbox.util.autodetect.FontFileFinder.walk(FontFileFinder.java:136) checkFontfile check /usr/share/fonts/truetype/tlwg/Kinnari-BoldItalic.ttf 
10 Apr 2024 15:11:53,224 DEBUG org.apache.fontbox.util.autodetect.FontFileFinder.walk(FontFileFinder.java:142) checkFontfile found /usr/share/fonts/truetype/tlwg/Kinnari-BoldItalic.ttf 
10 Apr 2024 15:11:53,225 DEBUG org.apache.fontbox.util.autodetect.FontFileFinder.walk(FontFileFinder.java:136) checkFontfile check /usr/share/fonts/truetype/tlwg/Purisa-BoldOblique.ttf 
10 Apr 2024 15:11:53,225 DEBUG org.apache.fontbox.util.autodetect.FontFileFinder.walk(FontFileFinder.java:142) checkFontfile found /usr/share/fonts/truetype/tlwg/Purisa-BoldOblique.ttf 
10 Apr 2024 15:11:53,225 DEBUG org.apache.fontbox.util.autodetect.FontFileFinder.walk(FontFileFinder.java:136) checkFontfile check /usr/share/fonts/truetype/tlwg/Laksaman-BoldItalic.ttf 
10 Apr 2024 15:11:53,225 DEBUG org.apache.fontbox.util.autodetect.FontFileFinder.walk(FontFileFinder.java:142) checkFontfile found /usr/share/fonts/truetype/tlwg/Laksaman-BoldItalic.ttf 
10 Apr 2024 15:11:53,225 DEBUG org.apache.fontbox.util.autodetect.FontFileFinder.walk(FontFileFinder.java:136) checkFontfile check /usr/share/fonts/truetype/tlwg/TlwgTypist-Oblique.ttf 
10 Apr 2024 15:11:53,225 DEBUG org.apache.fontbox.util.autodetect.FontFileFinder.walk(FontFileFinder.java:142) checkFontfile found /usr/share/fonts/truetype/tlwg/TlwgTypist-Oblique.ttf 
10 Apr 2024 15:11:53,225 DEBUG org.apache.fontbox.util.autodetect.FontFileFinder.walk(FontFileFinder.java:136) checkFontfile check /usr/share/fonts/truetype/tlwg/Sawasdee-Bold.ttf 
10 Apr 2024 15:11:53,225 DEBUG org.apache.fontbox.util.autodetect.FontFileFinder.walk(FontFileFinder.java:142) checkFontfile found /usr/share/fonts/truetype/tlwg/Sawasdee-Bold.ttf 
10 Apr 2024 15:11:53,226 DEBUG org.apache.fontbox.util.autodetect.FontFileFinder.walk(FontFileFinder.java:136) checkFontfile check /usr/share/fonts/truetype/tlwg/TlwgMono-Oblique.ttf 
10 Apr 2024 15:11:53,226 DEBUG org.apache.fontbox.util.autodetect.FontFileFinder.walk(FontFileFinder.java:142) checkFontfile found /usr/share/fonts/truetype/tlwg/TlwgMono-Oblique.ttf 
10 Apr 2024 15:11:53,226 DEBUG org.apache.fontbox.util.autodetect.FontFileFinder.walk(FontFileFinder.java:136) checkFontfile check /usr/share/fonts/truetype/tlwg/Loma-Oblique.ttf 
10 Apr 2024 15:11:53,226 DEBUG org.apache.fontbox.util.autodetect.FontFileFinder.walk(FontFileFinder.java:142) checkFontfile found /usr/share/fonts/truetype/tlwg/Loma-Oblique.ttf 
10 Apr 2024 15:11:53,226 DEBUG org.apache.fontbox.util.autodetect.FontFileFinder.walk(FontFileFinder.java:136) checkFontfile check /usr/share/fonts/truetype/tlwg/TlwgTypo.ttf 
10 Apr 2024 15:11:53,226 DEBUG org.apache.fontbox.util.autodetect.FontFileFinder.walk(FontFileFinder.java:142) checkFontfile found /usr/share/fonts/truetype/tlwg/TlwgTypo.ttf 
10 Apr 2024 15:11:53,226 DEBUG org.apache.fontbox.util.autodetect.FontFileFinder.walk(FontFileFinder.java:136) checkFontfile check /usr/share/fonts/truetype/tlwg/Laksaman-Italic.ttf 
10 Apr 2024 15:11:53,226 DEBUG org.apache.fontbox.util.autodetect.FontFileFinder.walk(FontFileFinder.java:142) checkFontfile found /usr/share/fonts/truetype/tlwg/Laksaman-Italic.ttf 
10 Apr 2024 15:11:53,226 DEBUG org.apache.fontbox.util.autodetect.FontFileFinder.walk(FontFileFinder.java:136) checkFontfile check /usr/share/fonts/truetype/tlwg/TlwgMono-BoldOblique.ttf 
10 Apr 2024 15:11:53,227 DEBUG org.apache.fontbox.util.autodetect.FontFileFinder.walk(FontFileFinder.java:142) checkFontfile found /usr/share/fonts/truetype/tlwg/TlwgMono-BoldOblique.ttf 
10 Apr 2024 15:11:53,227 DEBUG org.apache.fontbox.util.autodetect.FontFileFinder.walk(FontFileFinder.java:136) checkFontfile check /usr/share/fonts/truetype/tlwg/Norasi-Bold.ttf 
10 Apr 2024 15:11:53,227 DEBUG org.apache.fontbox.util.autodetect.FontFileFinder.walk(FontFileFinder.java:142) checkFontfile found /usr/share/fonts/truetype/tlwg/Norasi-Bold.ttf 
10 Apr 2024 15:11:53,227 DEBUG org.apache.fontbox.util.autodetect.FontFileFinder.walk(FontFileFinder.java:136) checkFontfile check /usr/share/fonts/truetype/tlwg/TlwgTypewriter-BoldOblique.ttf 
10 Apr 2024 15:11:53,227 DEBUG org.apache.fontbox.util.autodetect.FontFileFinder.walk(FontFileFinder.java:142) checkFontfile found /usr/share/fonts/truetype/tlwg/TlwgTypewriter-BoldOblique.ttf 
10 Apr 2024 15:11:53,227 DEBUG org.apache.fontbox.util.autodetect.FontFileFinder.walk(FontFileFinder.java:136) checkFontfile check /usr/share/fonts/truetype/tlwg/TlwgTypo-BoldOblique.ttf 
10 Apr 2024 15:11:53,227 DEBUG org.apache.fontbox.util.autodetect.FontFileFinder.walk(FontFileFinder.java:142) checkFontfile found /usr/share/fonts/truetype/tlwg/TlwgTypo-BoldOblique.ttf 
10 Apr 2024 15:11:53,227 DEBUG org.apache.fontbox.util.autodetect.FontFileFinder.walk(FontFileFinder.java:136) checkFontfile check /usr/share/fonts/truetype/tlwg/Norasi.ttf 
10 Apr 2024 15:11:53,228 DEBUG org.apache.fontbox.util.autodetect.FontFileFinder.walk(FontFileFinder.java:142) checkFontfile found /usr/share/fonts/truetype/tlwg/Norasi.ttf 
10 Apr 2024 15:11:53,228 DEBUG org.apache.fontbox.util.autodetect.FontFileFinder.walk(FontFileFinder.java:136) checkFontfile check /usr/share/fonts/truetype/tlwg/Purisa.ttf 
10 Apr 2024 15:11:53,228 DEBUG org.apache.fontbox.util.autodetect.FontFileFinder.walk(FontFileFinder.java:142) checkFontfile found /usr/share/fonts/truetype/tlwg/Purisa.ttf 
10 Apr 2024 15:11:53,228 DEBUG org.apache.fontbox.util.autodetect.FontFileFinder.walk(FontFileFinder.java:136) checkFontfile check /usr/share/fonts/truetype/tlwg/Umpush-LightOblique.ttf 
10 Apr 2024 15:11:53,228 DEBUG org.apache.fontbox.util.autodetect.FontFileFinder.walk(FontFileFinder.java:142) checkFontfile found /usr/share/fonts/truetype/tlwg/Umpush-LightOblique.ttf 
10 Apr 2024 15:11:53,228 DEBUG org.apache.fontbox.util.autodetect.FontFileFinder.walk(FontFileFinder.java:136) checkFontfile check /usr/share/fonts/truetype/tlwg/TlwgMono-Bold.ttf 
10 Apr 2024 15:11:53,228 DEBUG org.apache.fontbox.util.autodetect.FontFileFinder.walk(FontFileFinder.java:142) checkFontfile found /usr/share/fonts/truetype/tlwg/TlwgMono-Bold.ttf 
10 Apr 2024 15:11:53,228 DEBUG org.apache.fontbox.util.autodetect.FontFileFinder.walk(FontFileFinder.java:136) checkFontfile check /usr/share/fonts/truetype/tlwg/Kinnari-BoldOblique.ttf 
10 Apr 2024 15:11:53,228 DEBUG org.apache.fontbox.util.autodetect.FontFileFinder.walk(FontFileFinder.java:142) checkFontfile found /usr/share/fonts/truetype/tlwg/Kinnari-BoldOblique.ttf 
10 Apr 2024 15:11:53,229 DEBUG org.apache.fontbox.util.autodetect.FontFileFinder.walk(FontFileFinder.java:136) checkFontfile check /usr/share/fonts/truetype/tlwg/Sawasdee-BoldOblique.ttf 
10 Apr 2024 15:11:53,229 DEBUG org.apache.fontbox.util.autodetect.FontFileFinder.walk(FontFileFinder.java:142) checkFontfile found /usr/share/fonts/truetype/tlwg/Sawasdee-BoldOblique.ttf 
10 Apr 2024 15:11:53,229 DEBUG org.apache.fontbox.util.autodetect.FontFileFinder.walk(FontFileFinder.java:136) checkFontfile check /usr/share/fonts/truetype/tlwg/Waree-Oblique.ttf 
10 Apr 2024 15:11:53,229 DEBUG org.apache.fontbox.util.autodetect.FontFileFinder.walk(FontFileFinder.java:142) checkFontfile found /usr/share/fonts/truetype/tlwg/Waree-Oblique.ttf 
10 Apr 2024 15:11:53,230 DEBUG org.apache.fontbox.util.autodetect.FontFileFinder.walk(FontFileFinder.java:136) checkFontfile check /usr/share/fonts/truetype/tlwg/Kinnari-Oblique.ttf 
10 Apr 2024 15:11:53,230 DEBUG org.apache.fontbox.util.autodetect.FontFileFinder.walk(FontFileFinder.java:142) checkFontfile found /usr/share/fonts/truetype/tlwg/Kinnari-Oblique.ttf 
10 Apr 2024 15:11:53,230 DEBUG org.apache.fontbox.util.autodetect.FontFileFinder.walk(FontFileFinder.java:136) checkFontfile check /usr/share/fonts/truetype/tlwg/Norasi-BoldOblique.ttf 
10 Apr 2024 15:11:53,230 DEBUG org.apache.fontbox.util.autodetect.FontFileFinder.walk(FontFileFinder.java:142) checkFontfile found /usr/share/fonts/truetype/tlwg/Norasi-BoldOblique.ttf 
10 Apr 2024 15:11:53,230 DEBUG org.apache.fontbox.util.autodetect.FontFileFinder.walk(FontFileFinder.java:136) checkFontfile check /usr/share/fonts/truetype/tlwg/Norasi-Italic.ttf 
10 Apr 2024 15:11:53,231 DEBUG org.apache.fontbox.util.autodetect.FontFileFinder.walk(FontFileFinder.java:142) checkFontfile found /usr/share/fonts/truetype/tlwg/Norasi-Italic.ttf 
10 Apr 2024 15:11:53,231 DEBUG org.apache.fontbox.util.autodetect.FontFileFinder.walk(FontFileFinder.java:136) checkFontfile check /usr/share/fonts/truetype/tlwg/TlwgTypo-Oblique.ttf 
10 Apr 2024 15:11:53,231 DEBUG org.apache.fontbox.util.autodetect.FontFileFinder.walk(FontFileFinder.java:142) checkFontfile found /usr/share/fonts/truetype/tlwg/TlwgTypo-Oblique.ttf 
10 Apr 2024 15:11:53,231 DEBUG org.apache.fontbox.util.autodetect.FontFileFinder.walk(FontFileFinder.java:136) checkFontfile check /usr/share/fonts/truetype/tlwg/TlwgMono.ttf 
10 Apr 2024 15:11:53,231 DEBUG org.apache.fontbox.util.autodetect.FontFileFinder.walk(FontFileFinder.java:142) checkFontfile found /usr/share/fonts/truetype/tlwg/TlwgMono.ttf 
10 Apr 2024 15:11:53,232 DEBUG org.apache.fontbox.util.autodetect.FontFileFinder.walk(FontFileFinder.java:136) checkFontfile check /usr/share/fonts/truetype/tlwg/TlwgTypewriter.ttf 
10 Apr 2024 15:11:53,232 DEBUG org.apache.fontbox.util.autodetect.FontFileFinder.walk(FontFileFinder.java:142) checkFontfile found /usr/share/fonts/truetype/tlwg/TlwgTypewriter.ttf 
10 Apr 2024 15:11:53,232 DEBUG org.apache.fontbox.util.autodetect.FontFileFinder.walk(FontFileFinder.java:136) checkFontfile check /usr/share/fonts/truetype/tlwg/Purisa-Oblique.ttf 
10 Apr 2024 15:11:53,232 DEBUG org.apache.fontbox.util.autodetect.FontFileFinder.walk(FontFileFinder.java:142) checkFontfile found /usr/share/fonts/truetype/tlwg/Purisa-Oblique.ttf 
10 Apr 2024 15:11:53,232 DEBUG org.apache.fontbox.util.autodetect.FontFileFinder.walk(FontFileFinder.java:136) checkFontfile check /usr/share/fonts/truetype/tlwg/Kinnari.ttf 
10 Apr 2024 15:11:53,232 DEBUG org.apache.fontbox.util.autodetect.FontFileFinder.walk(FontFileFinder.java:142) checkFontfile found /usr/share/fonts/truetype/tlwg/Kinnari.ttf 
10 Apr 2024 15:11:53,232 DEBUG org.apache.fontbox.util.autodetect.FontFileFinder.walk(FontFileFinder.java:136) checkFontfile check /usr/share/fonts/truetype/tlwg/Garuda.ttf 
10 Apr 2024 15:11:53,232 DEBUG org.apache.fontbox.util.autodetect.FontFileFinder.walk(FontFileFinder.java:142) checkFontfile found /usr/share/fonts/truetype/tlwg/Garuda.ttf 
10 Apr 2024 15:11:53,232 DEBUG org.apache.fontbox.util.autodetect.FontFileFinder.walk(FontFileFinder.java:136) checkFontfile check /usr/share/fonts/truetype/tlwg/.uuid 
10 Apr 2024 15:11:53,233 DEBUG org.apache.fontbox.util.autodetect.FontFileFinder.walk(FontFileFinder.java:136) checkFontfile check /usr/share/fonts/truetype/tlwg/Kinnari-Bold.ttf 
10 Apr 2024 15:11:53,233 DEBUG org.apache.fontbox.util.autodetect.FontFileFinder.walk(FontFileFinder.java:142) checkFontfile found /usr/share/fonts/truetype/tlwg/Kinnari-Bold.ttf 
10 Apr 2024 15:11:53,233 DEBUG org.apache.fontbox.util.autodetect.FontFileFinder.walk(FontFileFinder.java:136) checkFontfile check /usr/share/fonts/truetype/tlwg/Waree-BoldOblique.ttf 
10 Apr 2024 15:11:53,233 DEBUG org.apache.fontbox.util.autodetect.FontFileFinder.walk(FontFileFinder.java:142) checkFontfile found /usr/share/fonts/truetype/tlwg/Waree-BoldOblique.ttf 
10 Apr 2024 15:11:53,233 DEBUG org.apache.fontbox.util.autodetect.FontFileFinder.walk(FontFileFinder.java:136) checkFontfile check /usr/share/fonts/truetype/tlwg/Sawasdee-Oblique.ttf 
10 Apr 2024 15:11:53,233 DEBUG org.apache.fontbox.util.autodetect.FontFileFinder.walk(FontFileFinder.java:142) checkFontfile found /usr/share/fonts/truetype/tlwg/Sawasdee-Oblique.ttf 
10 Apr 2024 15:11:53,233 DEBUG org.apache.fontbox.util.autodetect.FontFileFinder.walk(FontFileFinder.java:136) checkFontfile check /usr/share/fonts/truetype/tlwg/TlwgTypist.ttf 
10 Apr 2024 15:11:53,233 DEBUG org.apache.fontbox.util.autodetect.FontFileFinder.walk(FontFileFinder.java:142) checkFontfile found /usr/share/fonts/truetype/tlwg/TlwgTypist.ttf 
10 Apr 2024 15:11:53,233 DEBUG org.apache.fontbox.util.autodetect.FontFileFinder.walk(FontFileFinder.java:136) checkFontfile check /usr/share/fonts/truetype/tlwg/Laksaman-Bold.ttf 
10 Apr 2024 15:11:53,233 DEBUG org.apache.fontbox.util.autodetect.FontFileFinder.walk(FontFileFinder.java:142) checkFontfile found /usr/share/fonts/truetype/tlwg/Laksaman-Bold.ttf 
10 Apr 2024 15:11:53,234 DEBUG org.apache.fontbox.util.autodetect.FontFileFinder.walk(FontFileFinder.java:136) checkFontfile check /usr/share/fonts/truetype/tlwg/Garuda-BoldOblique.ttf 
10 Apr 2024 15:11:53,234 DEBUG org.apache.fontbox.util.autodetect.FontFileFinder.walk(FontFileFinder.java:142) checkFontfile found /usr/share/fonts/truetype/tlwg/Garuda-BoldOblique.ttf 
10 Apr 2024 15:11:53,234 DEBUG org.apache.fontbox.util.autodetect.FontFileFinder.walk(FontFileFinder.java:136) checkFontfile check /usr/share/fonts/truetype/tlwg/Kinnari-Italic.ttf 
10 Apr 2024 15:11:53,234 DEBUG org.apache.fontbox.util.autodetect.FontFileFinder.walk(FontFileFinder.java:142) checkFontfile found /usr/share/fonts/truetype/tlwg/Kinnari-Italic.ttf 
10 Apr 2024 15:11:53,234 DEBUG org.apache.fontbox.util.autodetect.FontFileFinder.walk(FontFileFinder.java:136) checkFontfile check /usr/share/fonts/truetype/tlwg/Umpush-Bold.ttf 
10 Apr 2024 15:11:53,234 DEBUG org.apache.fontbox.util.autodetect.FontFileFinder.walk(FontFileFinder.java:142) checkFontfile found /usr/share/fonts/truetype/tlwg/Umpush-Bold.ttf 
10 Apr 2024 15:11:53,234 DEBUG org.apache.fontbox.util.autodetect.FontFileFinder.walk(FontFileFinder.java:136) checkFontfile check /usr/share/fonts/truetype/tlwg/Umpush-BoldOblique.ttf 
10 Apr 2024 15:11:53,234 DEBUG org.apache.fontbox.util.autodetect.FontFileFinder.walk(FontFileFinder.java:142) checkFontfile found /usr/share/fonts/truetype/tlwg/Umpush-BoldOblique.ttf 
10 Apr 2024 15:11:53,234 DEBUG org.apache.fontbox.util.autodetect.FontFileFinder.walk(FontFileFinder.java:136) checkFontfile check /usr/share/fonts/truetype/tlwg/TlwgTypewriter-Bold.ttf 
10 Apr 2024 15:11:53,235 DEBUG org.apache.fontbox.util.autodetect.FontFileFinder.walk(FontFileFinder.java:142) checkFontfile found /usr/share/fonts/truetype/tlwg/TlwgTypewriter-Bold.ttf 
10 Apr 2024 15:11:53,235 DEBUG org.apache.fontbox.util.autodetect.FontFileFinder.walk(FontFileFinder.java:136) checkFontfile check /usr/share/fonts/truetype/tlwg/Sawasdee.ttf 
10 Apr 2024 15:11:53,235 DEBUG org.apache.fontbox.util.autodetect.FontFileFinder.walk(FontFileFinder.java:142) checkFontfile found /usr/share/fonts/truetype/tlwg/Sawasdee.ttf 
10 Apr 2024 15:11:53,235 DEBUG org.apache.fontbox.util.autodetect.FontFileFinder.walk(FontFileFinder.java:136) checkFontfile check /usr/share/fonts/truetype/tlwg/Loma.ttf 
10 Apr 2024 15:11:53,235 DEBUG org.apache.fontbox.util.autodetect.FontFileFinder.walk(FontFileFinder.java:142) checkFontfile found /usr/share/fonts/truetype/tlwg/Loma.ttf 
10 Apr 2024 15:11:53,235 DEBUG org.apache.fontbox.util.autodetect.FontFileFinder.walk(FontFileFinder.java:136) checkFontfile check /usr/share/fonts/truetype/tlwg/TlwgTypist-BoldOblique.ttf 
10 Apr 2024 15:11:53,235 DEBUG org.apache.fontbox.util.autodetect.FontFileFinder.walk(FontFileFinder.java:142) checkFontfile found /usr/share/fonts/truetype/tlwg/TlwgTypist-BoldOblique.ttf 
10 Apr 2024 15:11:53,235 DEBUG org.apache.fontbox.util.autodetect.FontFileFinder.walk(FontFileFinder.java:136) checkFontfile check /usr/share/fonts/truetype/tlwg/Garuda-Bold.ttf 
10 Apr 2024 15:11:53,235 DEBUG org.apache.fontbox.util.autodetect.FontFileFinder.walk(FontFileFinder.java:142) checkFontfile found /usr/share/fonts/truetype/tlwg/Garuda-Bold.ttf 
10 Apr 2024 15:11:53,235 DEBUG org.apache.fontbox.util.autodetect.FontFileFinder.walk(FontFileFinder.java:136) checkFontfile check /usr/share/fonts/truetype/tlwg/Waree.ttf 
10 Apr 2024 15:11:53,236 DEBUG org.apache.fontbox.util.autodetect.FontFileFinder.walk(FontFileFinder.java:142) checkFontfile found /usr/share/fonts/truetype/tlwg/Waree.ttf 
10 Apr 2024 15:11:53,236 DEBUG org.apache.fontbox.util.autodetect.FontFileFinder.walk(FontFileFinder.java:136) checkFontfile check /usr/share/fonts/truetype/tlwg/Garuda-Oblique.ttf 
10 Apr 2024 15:11:53,236 DEBUG org.apache.fontbox.util.autodetect.FontFileFinder.walk(FontFileFinder.java:142) checkFontfile found /usr/share/fonts/truetype/tlwg/Garuda-Oblique.ttf 
10 Apr 2024 15:11:53,236 DEBUG org.apache.fontbox.util.autodetect.FontFileFinder.walk(FontFileFinder.java:136) checkFontfile check /usr/share/fonts/truetype/tlwg/Umpush.ttf 
10 Apr 2024 15:11:53,236 DEBUG org.apache.fontbox.util.autodetect.FontFileFinder.walk(FontFileFinder.java:142) checkFontfile found /usr/share/fonts/truetype/tlwg/Umpush.ttf 
10 Apr 2024 15:11:53,236 DEBUG org.apache.fontbox.util.autodetect.FontFileFinder.walk(FontFileFinder.java:136) checkFontfile check /usr/share/fonts/truetype/tlwg/Umpush-Oblique.ttf 
10 Apr 2024 15:11:53,236 DEBUG org.apache.fontbox.util.autodetect.FontFileFinder.walk(FontFileFinder.java:142) checkFontfile found /usr/share/fonts/truetype/tlwg/Umpush-Oblique.ttf 
10 Apr 2024 15:11:53,237 DEBUG org.apache.fontbox.util.autodetect.FontFileFinder.walk(FontFileFinder.java:136) checkFontfile check /usr/share/fonts/truetype/tlwg/Purisa-Bold.ttf 
10 Apr 2024 15:11:53,237 DEBUG org.apache.fontbox.util.autodetect.FontFileFinder.walk(FontFileFinder.java:142) checkFontfile found /usr/share/fonts/truetype/tlwg/Purisa-Bold.ttf 
10 Apr 2024 15:11:53,237 DEBUG org.apache.fontbox.util.autodetect.FontFileFinder.walk(FontFileFinder.java:136) checkFontfile check /usr/share/fonts/truetype/tlwg/Loma-BoldOblique.ttf 
10 Apr 2024 15:11:53,237 DEBUG org.apache.fontbox.util.autodetect.FontFileFinder.walk(FontFileFinder.java:142) checkFontfile found /usr/share/fonts/truetype/tlwg/Loma-BoldOblique.ttf 
10 Apr 2024 15:11:53,237 DEBUG org.apache.fontbox.util.autodetect.FontFileFinder.walk(FontFileFinder.java:136) checkFontfile check /usr/share/fonts/truetype/tlwg/Loma-Bold.ttf 
10 Apr 2024 15:11:53,237 DEBUG org.apache.fontbox.util.autodetect.FontFileFinder.walk(FontFileFinder.java:142) checkFontfile found /usr/share/fonts/truetype/tlwg/Loma-Bold.ttf 
10 Apr 2024 15:11:53,237 DEBUG org.apache.fontbox.util.autodetect.FontFileFinder.walk(FontFileFinder.java:136) checkFontfile check /usr/share/fonts/truetype/malayalam/RaghuMalayalamSans-Regular.ttf 
10 Apr 2024 15:11:53,237 DEBUG org.apache.fontbox.util.autodetect.FontFileFinder.walk(FontFileFinder.java:142) checkFontfile found /usr/share/fonts/truetype/malayalam/RaghuMalayalamSans-Regular.ttf 
10 Apr 2024 15:11:53,237 DEBUG org.apache.fontbox.util.autodetect.FontFileFinder.walk(FontFileFinder.java:136) checkFontfile check /usr/share/fonts/truetype/malayalam/Karumbi-Regular.ttf 
10 Apr 2024 15:11:53,238 DEBUG org.apache.fontbox.util.autodetect.FontFileFinder.walk(FontFileFinder.java:142) checkFontfile found /usr/share/fonts/truetype/malayalam/Karumbi-Regular.ttf 
10 Apr 2024 15:11:53,238 DEBUG org.apache.fontbox.util.autodetect.FontFileFinder.walk(FontFileFinder.java:136) checkFontfile check /usr/share/fonts/truetype/malayalam/Meera-Regular.ttf 
10 Apr 2024 15:11:53,238 DEBUG org.apache.fontbox.util.autodetect.FontFileFinder.walk(FontFileFinder.java:142) checkFontfile found /usr/share/fonts/truetype/malayalam/Meera-Regular.ttf 
10 Apr 2024 15:11:53,238 DEBUG org.apache.fontbox.util.autodetect.FontFileFinder.walk(FontFileFinder.java:136) checkFontfile check /usr/share/fonts/truetype/malayalam/Keraleeyam-Regular.ttf 
10 Apr 2024 15:11:53,238 DEBUG org.apache.fontbox.util.autodetect.FontFileFinder.walk(FontFileFinder.java:142) checkFontfile found /usr/share/fonts/truetype/malayalam/Keraleeyam-Regular.ttf 
10 Apr 2024 15:11:53,238 DEBUG org.apache.fontbox.util.autodetect.FontFileFinder.walk(FontFileFinder.java:136) checkFontfile check /usr/share/fonts/truetype/malayalam/Uroob-Regular.ttf 
10 Apr 2024 15:11:53,238 DEBUG org.apache.fontbox.util.autodetect.FontFileFinder.walk(FontFileFinder.java:142) checkFontfile found /usr/share/fonts/truetype/malayalam/Uroob-Regular.ttf 
10 Apr 2024 15:11:53,238 DEBUG org.apache.fontbox.util.autodetect.FontFileFinder.walk(FontFileFinder.java:136) checkFontfile check /usr/share/fonts/truetype/malayalam/Dyuthi-Regular.ttf 
10 Apr 2024 15:11:53,238 DEBUG org.apache.fontbox.util.autodetect.FontFileFinder.walk(FontFileFinder.java:142) checkFontfile found /usr/share/fonts/truetype/malayalam/Dyuthi-Regular.ttf 
10 Apr 2024 15:11:53,238 DEBUG org.apache.fontbox.util.autodetect.FontFileFinder.walk(FontFileFinder.java:136) checkFontfile check /usr/share/fonts/truetype/malayalam/.uuid 
10 Apr 2024 15:11:53,238 DEBUG org.apache.fontbox.util.autodetect.FontFileFinder.walk(FontFileFinder.java:136) checkFontfile check /usr/share/fonts/truetype/malayalam/Rachana-Bold.ttf 
10 Apr 2024 15:11:53,239 DEBUG org.apache.fontbox.util.autodetect.FontFileFinder.walk(FontFileFinder.java:142) checkFontfile found /usr/share/fonts/truetype/malayalam/Rachana-Bold.ttf 
10 Apr 2024 15:11:53,239 DEBUG org.apache.fontbox.util.autodetect.FontFileFinder.walk(FontFileFinder.java:136) checkFontfile check /usr/share/fonts/truetype/malayalam/Rachana-Regular.ttf 
10 Apr 2024 15:11:53,239 DEBUG org.apache.fontbox.util.autodetect.FontFileFinder.walk(FontFileFinder.java:142) checkFontfile found /usr/share/fonts/truetype/malayalam/Rachana-Regular.ttf 
10 Apr 2024 15:11:53,239 DEBUG org.apache.fontbox.util.autodetect.FontFileFinder.walk(FontFileFinder.java:136) checkFontfile check /usr/share/fonts/truetype/malayalam/AnjaliOldLipi-Regular.ttf 
10 Apr 2024 15:11:53,239 DEBUG org.apache.fontbox.util.autodetect.FontFileFinder.walk(FontFileFinder.java:142) checkFontfile found /usr/share/fonts/truetype/malayalam/AnjaliOldLipi-Regular.ttf 
10 Apr 2024 15:11:53,239 DEBUG org.apache.fontbox.util.autodetect.FontFileFinder.walk(FontFileFinder.java:136) checkFontfile check /usr/share/fonts/truetype/malayalam/Suruma.ttf 
10 Apr 2024 15:11:53,239 DEBUG org.apache.fontbox.util.autodetect.FontFileFinder.walk(FontFileFinder.java:142) checkFontfile found /usr/share/fonts/truetype/malayalam/Suruma.ttf 
10 Apr 2024 15:11:53,239 DEBUG org.apache.fontbox.util.autodetect.FontFileFinder.walk(FontFileFinder.java:136) checkFontfile check /usr/share/fonts/truetype/lohit-gujarati/Lohit-Gujarati.ttf 
10 Apr 2024 15:11:53,239 DEBUG org.apache.fontbox.util.autodetect.FontFileFinder.walk(FontFileFinder.java:142) checkFontfile found /usr/share/fonts/truetype/lohit-gujarati/Lohit-Gujarati.ttf 
10 Apr 2024 15:11:53,240 DEBUG org.apache.fontbox.util.autodetect.FontFileFinder.walk(FontFileFinder.java:136) checkFontfile check /usr/share/fonts/truetype/lohit-gujarati/.uuid 
10 Apr 2024 15:11:53,240 DEBUG org.apache.fontbox.util.autodetect.FontFileFinder.walk(FontFileFinder.java:136) checkFontfile check /usr/share/fonts/truetype/freefont/FreeMonoBold.ttf 
10 Apr 2024 15:11:53,241 DEBUG org.apache.fontbox.util.autodetect.FontFileFinder.walk(FontFileFinder.java:142) checkFontfile found /usr/share/fonts/truetype/freefont/FreeMonoBold.ttf 
10 Apr 2024 15:11:53,241 DEBUG org.apache.fontbox.util.autodetect.FontFileFinder.walk(FontFileFinder.java:136) checkFontfile check /usr/share/fonts/truetype/freefont/FreeMonoOblique.ttf 
10 Apr 2024 15:11:53,242 DEBUG org.apache.fontbox.util.autodetect.FontFileFinder.walk(FontFileFinder.java:142) checkFontfile found /usr/share/fonts/truetype/freefont/FreeMonoOblique.ttf 
10 Apr 2024 15:11:53,242 DEBUG org.apache.fontbox.util.autodetect.FontFileFinder.walk(FontFileFinder.java:136) checkFontfile check /usr/share/fonts/truetype/freefont/FreeSansBold.ttf 
10 Apr 2024 15:11:53,242 DEBUG org.apache.fontbox.util.autodetect.FontFileFinder.walk(FontFileFinder.java:142) checkFontfile found /usr/share/fonts/truetype/freefont/FreeSansBold.ttf 
10 Apr 2024 15:11:53,242 DEBUG org.apache.fontbox.util.autodetect.FontFileFinder.walk(FontFileFinder.java:136) checkFontfile check /usr/share/fonts/truetype/freefont/FreeSerif.ttf 
10 Apr 2024 15:11:53,242 DEBUG org.apache.fontbox.util.autodetect.FontFileFinder.walk(FontFileFinder.java:142) checkFontfile found /usr/share/fonts/truetype/freefont/FreeSerif.ttf 
10 Apr 2024 15:11:53,242 DEBUG org.apache.fontbox.util.autodetect.FontFileFinder.walk(FontFileFinder.java:136) checkFontfile check /usr/share/fonts/truetype/freefont/FreeSans.ttf 
10 Apr 2024 15:11:53,242 DEBUG org.apache.fontbox.util.autodetect.FontFileFinder.walk(FontFileFinder.java:142) checkFontfile found /usr/share/fonts/truetype/freefont/FreeSans.ttf 
10 Apr 2024 15:11:53,243 DEBUG org.apache.fontbox.util.autodetect.FontFileFinder.walk(FontFileFinder.java:136) checkFontfile check /usr/share/fonts/truetype/freefont/.uuid 
10 Apr 2024 15:11:53,243 DEBUG org.apache.fontbox.util.autodetect.FontFileFinder.walk(FontFileFinder.java:136) checkFontfile check /usr/share/fonts/truetype/freefont/FreeSansOblique.ttf 
10 Apr 2024 15:11:53,243 DEBUG org.apache.fontbox.util.autodetect.FontFileFinder.walk(FontFileFinder.java:142) checkFontfile found /usr/share/fonts/truetype/freefont/FreeSansOblique.ttf 
10 Apr 2024 15:11:53,243 DEBUG org.apache.fontbox.util.autodetect.FontFileFinder.walk(FontFileFinder.java:136) checkFontfile check /usr/share/fonts/truetype/freefont/FreeMonoBoldOblique.ttf 
10 Apr 2024 15:11:53,243 DEBUG org.apache.fontbox.util.autodetect.FontFileFinder.walk(FontFileFinder.java:142) checkFontfile found /usr/share/fonts/truetype/freefont/FreeMonoBoldOblique.ttf 
10 Apr 2024 15:11:53,243 DEBUG org.apache.fontbox.util.autodetect.FontFileFinder.walk(FontFileFinder.java:136) checkFontfile check /usr/share/fonts/truetype/freefont/FreeSerifItalic.ttf 
10 Apr 2024 15:11:53,243 DEBUG org.apache.fontbox.util.autodetect.FontFileFinder.walk(FontFileFinder.java:142) checkFontfile found /usr/share/fonts/truetype/freefont/FreeSerifItalic.ttf 
10 Apr 2024 15:11:53,243 DEBUG org.apache.fontbox.util.autodetect.FontFileFinder.walk(FontFileFinder.java:136) checkFontfile check /usr/share/fonts/truetype/freefont/FreeSerifBold.ttf 
10 Apr 2024 15:11:53,244 DEBUG org.apache.fontbox.util.autodetect.FontFileFinder.walk(FontFileFinder.java:142) checkFontfile found /usr/share/fonts/truetype/freefont/FreeSerifBold.ttf 
10 Apr 2024 15:11:53,244 DEBUG org.apache.fontbox.util.autodetect.FontFileFinder.walk(FontFileFinder.java:136) checkFontfile check /usr/share/fonts/truetype/freefont/FreeMono.ttf 
10 Apr 2024 15:11:53,244 DEBUG org.apache.fontbox.util.autodetect.FontFileFinder.walk(FontFileFinder.java:142) checkFontfile found /usr/share/fonts/truetype/freefont/FreeMono.ttf 
10 Apr 2024 15:11:53,244 DEBUG org.apache.fontbox.util.autodetect.FontFileFinder.walk(FontFileFinder.java:136) checkFontfile check /usr/share/fonts/truetype/freefont/FreeSerifBoldItalic.ttf 
10 Apr 2024 15:11:53,244 DEBUG org.apache.fontbox.util.autodetect.FontFileFinder.walk(FontFileFinder.java:142) checkFontfile found /usr/share/fonts/truetype/freefont/FreeSerifBoldItalic.ttf 
10 Apr 2024 15:11:53,244 DEBUG org.apache.fontbox.util.autodetect.FontFileFinder.walk(FontFileFinder.java:136) checkFontfile check /usr/share/fonts/truetype/freefont/FreeSansBoldOblique.ttf 
10 Apr 2024 15:11:53,244 DEBUG org.apache.fontbox.util.autodetect.FontFileFinder.walk(FontFileFinder.java:142) checkFontfile found /usr/share/fonts/truetype/freefont/FreeSansBoldOblique.ttf 
10 Apr 2024 15:11:53,244 DEBUG org.apache.fontbox.util.autodetect.FontFileFinder.walk(FontFileFinder.java:136) checkFontfile check /usr/share/fonts/truetype/fonts-telu-extra/vemana2000.ttf 
10 Apr 2024 15:11:53,245 DEBUG org.apache.fontbox.util.autodetect.FontFileFinder.walk(FontFileFinder.java:142) checkFontfile found /usr/share/fonts/truetype/fonts-telu-extra/vemana2000.ttf 
10 Apr 2024 15:11:53,245 DEBUG org.apache.fontbox.util.autodetect.FontFileFinder.walk(FontFileFinder.java:136) checkFontfile check /usr/share/fonts/truetype/fonts-telu-extra/.uuid 
10 Apr 2024 15:11:53,245 DEBUG org.apache.fontbox.util.autodetect.FontFileFinder.walk(FontFileFinder.java:136) checkFontfile check /usr/share/fonts/truetype/fonts-telu-extra/Pothana2000.ttf 
10 Apr 2024 15:11:53,245 DEBUG org.apache.fontbox.util.autodetect.FontFileFinder.walk(FontFileFinder.java:142) checkFontfile found /usr/share/fonts/truetype/fonts-telu-extra/Pothana2000.ttf 
10 Apr 2024 15:11:53,245 DEBUG org.apache.fontbox.util.autodetect.FontFileFinder.walk(FontFileFinder.java:136) checkFontfile check /usr/share/fonts/truetype/lohit-oriya/Lohit-Odia.ttf 
10 Apr 2024 15:11:53,245 DEBUG org.apache.fontbox.util.autodetect.FontFileFinder.walk(FontFileFinder.java:142) checkFontfile found /usr/share/fonts/truetype/lohit-oriya/Lohit-Odia.ttf 
10 Apr 2024 15:11:53,245 DEBUG org.apache.fontbox.util.autodetect.FontFileFinder.walk(FontFileFinder.java:136) checkFontfile check /usr/share/fonts/truetype/lohit-oriya/.uuid 
10 Apr 2024 15:11:53,246 DEBUG org.apache.fontbox.util.autodetect.FontFileFinder.walk(FontFileFinder.java:136) checkFontfile check /usr/share/fonts/truetype/Nakula/nakula.ttf 
10 Apr 2024 15:11:53,246 DEBUG org.apache.fontbox.util.autodetect.FontFileFinder.walk(FontFileFinder.java:142) checkFontfile found /usr/share/fonts/truetype/Nakula/nakula.ttf 
10 Apr 2024 15:11:53,246 DEBUG org.apache.fontbox.util.autodetect.FontFileFinder.walk(FontFileFinder.java:136) checkFontfile check /usr/share/fonts/truetype/Nakula/.uuid 
10 Apr 2024 15:11:53,246 DEBUG org.apache.fontbox.util.autodetect.FontFileFinder.walk(FontFileFinder.java:136) checkFontfile check /usr/share/fonts/truetype/samyak/.uuid 
10 Apr 2024 15:11:53,246 DEBUG org.apache.fontbox.util.autodetect.FontFileFinder.walk(FontFileFinder.java:136) checkFontfile check /usr/share/fonts/truetype/samyak/Samyak-Devanagari.ttf 
10 Apr 2024 15:11:53,246 DEBUG org.apache.fontbox.util.autodetect.FontFileFinder.walk(FontFileFinder.java:142) checkFontfile found /usr/share/fonts/truetype/samyak/Samyak-Devanagari.ttf 
10 Apr 2024 15:11:53,247 DEBUG org.apache.fontbox.util.autodetect.FontFileFinder.walk(FontFileFinder.java:136) checkFontfile check /usr/share/fonts/truetype/Gubbi/Gubbi.ttf 
10 Apr 2024 15:11:53,247 DEBUG org.apache.fontbox.util.autodetect.FontFileFinder.walk(FontFileFinder.java:142) checkFontfile found /usr/share/fonts/truetype/Gubbi/Gubbi.ttf 
10 Apr 2024 15:11:53,247 DEBUG org.apache.fontbox.util.autodetect.FontFileFinder.walk(FontFileFinder.java:136) checkFontfile check /usr/share/fonts/truetype/Gubbi/.uuid 
10 Apr 2024 15:11:53,247 DEBUG org.apache.fontbox.util.autodetect.FontFileFinder.walk(FontFileFinder.java:136) checkFontfile check /usr/share/fonts/truetype/libreoffice/opens___.ttf 
10 Apr 2024 15:11:53,247 DEBUG org.apache.fontbox.util.autodetect.FontFileFinder.walk(FontFileFinder.java:142) checkFontfile found /usr/share/fonts/truetype/libreoffice/opens___.ttf 
10 Apr 2024 15:11:53,247 DEBUG org.apache.fontbox.util.autodetect.FontFileFinder.walk(FontFileFinder.java:136) checkFontfile check /usr/share/fonts/truetype/libreoffice/.uuid 
10 Apr 2024 15:11:53,247 DEBUG org.apache.fontbox.util.autodetect.FontFileFinder.walk(FontFileFinder.java:136) checkFontfile check /usr/share/fonts/truetype/Navilu/.uuid 
10 Apr 2024 15:11:53,247 DEBUG org.apache.fontbox.util.autodetect.FontFileFinder.walk(FontFileFinder.java:136) checkFontfile check /usr/share/fonts/truetype/Navilu/Navilu.ttf 
10 Apr 2024 15:11:53,248 DEBUG org.apache.fontbox.util.autodetect.FontFileFinder.walk(FontFileFinder.java:142) checkFontfile found /usr/share/fonts/truetype/Navilu/Navilu.ttf 
10 Apr 2024 15:11:53,248 DEBUG org.apache.fontbox.util.autodetect.FontFileFinder.walk(FontFileFinder.java:136) checkFontfile check /usr/share/fonts/truetype/teluguvijayam/PottiSreeramulu.ttf 
10 Apr 2024 15:11:53,248 DEBUG org.apache.fontbox.util.autodetect.FontFileFinder.walk(FontFileFinder.java:142) checkFontfile found /usr/share/fonts/truetype/teluguvijayam/PottiSreeramulu.ttf 
10 Apr 2024 15:11:53,248 DEBUG org.apache.fontbox.util.autodetect.FontFileFinder.walk(FontFileFinder.java:136) checkFontfile check /usr/share/fonts/truetype/teluguvijayam/Gurajada.ttf 
10 Apr 2024 15:11:53,248 DEBUG org.apache.fontbox.util.autodetect.FontFileFinder.walk(FontFileFinder.java:142) checkFontfile found /usr/share/fonts/truetype/teluguvijayam/Gurajada.ttf 
10 Apr 2024 15:11:53,248 DEBUG org.apache.fontbox.util.autodetect.FontFileFinder.walk(FontFileFinder.java:136) checkFontfile check /usr/share/fonts/truetype/teluguvijayam/Ramaraja-Regular.ttf 
10 Apr 2024 15:11:53,248 DEBUG org.apache.fontbox.util.autodetect.FontFileFinder.walk(FontFileFinder.java:142) checkFontfile found /usr/share/fonts/truetype/teluguvijayam/Ramaraja-Regular.ttf 
10 Apr 2024 15:11:53,248 DEBUG org.apache.fontbox.util.autodetect.FontFileFinder.walk(FontFileFinder.java:136) checkFontfile check /usr/share/fonts/truetype/teluguvijayam/LakkiReddy.ttf 
10 Apr 2024 15:11:53,249 DEBUG org.apache.fontbox.util.autodetect.FontFileFinder.walk(FontFileFinder.java:142) checkFontfile found /usr/share/fonts/truetype/teluguvijayam/LakkiReddy.ttf 
10 Apr 2024 15:11:53,249 DEBUG org.apache.fontbox.util.autodetect.FontFileFinder.walk(FontFileFinder.java:136) checkFontfile check /usr/share/fonts/truetype/teluguvijayam/ramabhadra.ttf 
10 Apr 2024 15:11:53,249 DEBUG org.apache.fontbox.util.autodetect.FontFileFinder.walk(FontFileFinder.java:142) checkFontfile found /usr/share/fonts/truetype/teluguvijayam/ramabhadra.ttf 
10 Apr 2024 15:11:53,249 DEBUG org.apache.fontbox.util.autodetect.FontFileFinder.walk(FontFileFinder.java:136) checkFontfile check /usr/share/fonts/truetype/teluguvijayam/Ponnala.ttf 
10 Apr 2024 15:11:53,249 DEBUG org.apache.fontbox.util.autodetect.FontFileFinder.walk(FontFileFinder.java:142) checkFontfile found /usr/share/fonts/truetype/teluguvijayam/Ponnala.ttf 
10 Apr 2024 15:11:53,249 DEBUG org.apache.fontbox.util.autodetect.FontFileFinder.walk(FontFileFinder.java:136) checkFontfile check /usr/share/fonts/truetype/teluguvijayam/Suravaram.ttf 
10 Apr 2024 15:11:53,249 DEBUG org.apache.fontbox.util.autodetect.FontFileFinder.walk(FontFileFinder.java:142) checkFontfile found /usr/share/fonts/truetype/teluguvijayam/Suravaram.ttf 
10 Apr 2024 15:11:53,249 DEBUG org.apache.fontbox.util.autodetect.FontFileFinder.walk(FontFileFinder.java:136) checkFontfile check /usr/share/fonts/truetype/teluguvijayam/Mandali-Regular.ttf 
10 Apr 2024 15:11:53,249 DEBUG org.apache.fontbox.util.autodetect.FontFileFinder.walk(FontFileFinder.java:142) checkFontfile found /usr/share/fonts/truetype/teluguvijayam/Mandali-Regular.ttf 
10 Apr 2024 15:11:53,250 DEBUG org.apache.fontbox.util.autodetect.FontFileFinder.walk(FontFileFinder.java:136) checkFontfile check /usr/share/fonts/truetype/teluguvijayam/dhurjati.ttf 
10 Apr 2024 15:11:53,250 DEBUG org.apache.fontbox.util.autodetect.FontFileFinder.walk(FontFileFinder.java:142) checkFontfile found /usr/share/fonts/truetype/teluguvijayam/dhurjati.ttf 
10 Apr 2024 15:11:53,250 DEBUG org.apache.fontbox.util.autodetect.FontFileFinder.walk(FontFileFinder.java:136) checkFontfile check /usr/share/fonts/truetype/teluguvijayam/Peddana-Regular.ttf 
10 Apr 2024 15:11:53,250 DEBUG org.apache.fontbox.util.autodetect.FontFileFinder.walk(FontFileFinder.java:142) checkFontfile found /usr/share/fonts/truetype/teluguvijayam/Peddana-Regular.ttf 
10 Apr 2024 15:11:53,250 DEBUG org.apache.fontbox.util.autodetect.FontFileFinder.walk(FontFileFinder.java:136) checkFontfile check /usr/share/fonts/truetype/teluguvijayam/TenaliRamakrishna-Regular.ttf 
10 Apr 2024 15:11:53,250 DEBUG org.apache.fontbox.util.autodetect.FontFileFinder.walk(FontFileFinder.java:142) checkFontfile found /usr/share/fonts/truetype/teluguvijayam/TenaliRamakrishna-Regular.ttf 
10 Apr 2024 15:11:53,250 DEBUG org.apache.fontbox.util.autodetect.FontFileFinder.walk(FontFileFinder.java:136) checkFontfile check /usr/share/fonts/truetype/teluguvijayam/NTR.ttf 
10 Apr 2024 15:11:53,250 DEBUG org.apache.fontbox.util.autodetect.FontFileFinder.walk(FontFileFinder.java:142) checkFontfile found /usr/share/fonts/truetype/teluguvijayam/NTR.ttf 
10 Apr 2024 15:11:53,250 DEBUG org.apache.fontbox.util.autodetect.FontFileFinder.walk(FontFileFinder.java:136) checkFontfile check /usr/share/fonts/truetype/teluguvijayam/RaviPrakash.ttf 
10 Apr 2024 15:11:53,251 DEBUG org.apache.fontbox.util.autodetect.FontFileFinder.walk(FontFileFinder.java:142) checkFontfile found /usr/share/fonts/truetype/teluguvijayam/RaviPrakash.ttf 
10 Apr 2024 15:11:53,251 DEBUG org.apache.fontbox.util.autodetect.FontFileFinder.walk(FontFileFinder.java:136) checkFontfile check /usr/share/fonts/truetype/teluguvijayam/TimmanaRegular.ttf 
10 Apr 2024 15:11:53,251 DEBUG org.apache.fontbox.util.autodetect.FontFileFinder.walk(FontFileFinder.java:142) checkFontfile found /usr/share/fonts/truetype/teluguvijayam/TimmanaRegular.ttf 
10 Apr 2024 15:11:53,251 DEBUG org.apache.fontbox.util.autodetect.FontFileFinder.walk(FontFileFinder.java:136) checkFontfile check /usr/share/fonts/truetype/teluguvijayam/Gidugu.ttf 
10 Apr 2024 15:11:53,251 DEBUG org.apache.fontbox.util.autodetect.FontFileFinder.walk(FontFileFinder.java:142) checkFontfile found /usr/share/fonts/truetype/teluguvijayam/Gidugu.ttf 
10 Apr 2024 15:11:53,251 DEBUG org.apache.fontbox.util.autodetect.FontFileFinder.walk(FontFileFinder.java:136) checkFontfile check /usr/share/fonts/truetype/teluguvijayam/.uuid 
10 Apr 2024 15:11:53,251 DEBUG org.apache.fontbox.util.autodetect.FontFileFinder.walk(FontFileFinder.java:136) checkFontfile check /usr/share/fonts/truetype/teluguvijayam/SyamalaRamana.ttf 
10 Apr 2024 15:11:53,251 DEBUG org.apache.fontbox.util.autodetect.FontFileFinder.walk(FontFileFinder.java:142) checkFontfile found /usr/share/fonts/truetype/teluguvijayam/SyamalaRamana.ttf 
10 Apr 2024 15:11:53,251 DEBUG org.apache.fontbox.util.autodetect.FontFileFinder.walk(FontFileFinder.java:136) checkFontfile check /usr/share/fonts/truetype/teluguvijayam/suranna.ttf 
10 Apr 2024 15:11:53,251 DEBUG org.apache.fontbox.util.autodetect.FontFileFinder.walk(FontFileFinder.java:142) checkFontfile found /usr/share/fonts/truetype/teluguvijayam/suranna.ttf 
10 Apr 2024 15:11:53,252 DEBUG org.apache.fontbox.util.autodetect.FontFileFinder.walk(FontFileFinder.java:136) checkFontfile check /usr/share/fonts/truetype/teluguvijayam/NATS.ttf 
10 Apr 2024 15:11:53,252 DEBUG org.apache.fontbox.util.autodetect.FontFileFinder.walk(FontFileFinder.java:142) checkFontfile found /usr/share/fonts/truetype/teluguvijayam/NATS.ttf 
10 Apr 2024 15:11:53,252 DEBUG org.apache.fontbox.util.autodetect.FontFileFinder.walk(FontFileFinder.java:136) checkFontfile check /usr/share/fonts/truetype/teluguvijayam/mallanna.ttf 
10 Apr 2024 15:11:53,252 DEBUG org.apache.fontbox.util.autodetect.FontFileFinder.walk(FontFileFinder.java:142) checkFontfile found /usr/share/fonts/truetype/teluguvijayam/mallanna.ttf 
10 Apr 2024 15:11:53,252 DEBUG org.apache.fontbox.util.autodetect.FontFileFinder.walk(FontFileFinder.java:136) checkFontfile check /usr/share/fonts/truetype/teluguvijayam/SreeKrushnadevaraya.ttf 
10 Apr 2024 15:11:53,252 DEBUG org.apache.fontbox.util.autodetect.FontFileFinder.walk(FontFileFinder.java:142) checkFontfile found /usr/share/fonts/truetype/teluguvijayam/SreeKrushnadevaraya.ttf 
10 Apr 2024 15:11:53,252 DEBUG org.apache.fontbox.util.autodetect.FontFileFinder.walk(FontFileFinder.java:136) checkFontfile check /usr/share/fonts/cMap/.uuid 
10 Apr 2024 15:11:53,252 DEBUG org.apache.fontbox.util.autodetect.FontFileFinder.walk(FontFileFinder.java:136) checkFontfile check /usr/share/fonts/cMap/Identity-UTF16-H 
10 Apr 2024 15:11:53,253 DEBUG org.apache.fontbox.util.autodetect.FontFileFinder.walk(FontFileFinder.java:136) checkFontfile check /usr/share/fonts/X11/misc/cursor.pcf.gz 
10 Apr 2024 15:11:53,253 DEBUG org.apache.fontbox.util.autodetect.FontFileFinder.walk(FontFileFinder.java:136) checkFontfile check /usr/share/fonts/X11/misc/8x13-ISO8859-4.pcf.gz 
10 Apr 2024 15:11:53,253 DEBUG org.apache.fontbox.util.autodetect.FontFileFinder.walk(FontFileFinder.java:136) checkFontfile check /usr/share/fonts/X11/misc/6x10-ISO8859-8.pcf.gz 
10 Apr 2024 15:11:53,253 DEBUG org.apache.fontbox.util.autodetect.FontFileFinder.walk(FontFileFinder.java:136) checkFontfile check /usr/share/fonts/X11/misc/6x13O-ISO8859-4.pcf.gz 
10 Apr 2024 15:11:53,254 DEBUG org.apache.fontbox.util.autodetect.FontFileFinder.walk(FontFileFinder.java:136) checkFontfile check /usr/share/fonts/X11/misc/6x10-ISO8859-13.pcf.gz 
10 Apr 2024 15:11:53,254 DEBUG org.apache.fontbox.util.autodetect.FontFileFinder.walk(FontFileFinder.java:136) checkFontfile check /usr/share/fonts/X11/misc/6x13B-ISO8859-1.pcf.gz 
10 Apr 2024 15:11:53,254 DEBUG org.apache.fontbox.util.autodetect.FontFileFinder.walk(FontFileFinder.java:136) checkFontfile check /usr/share/fonts/X11/misc/clR6x12-ISO8859-10.pcf.gz 
10 Apr 2024 15:11:53,254 DEBUG org.apache.fontbox.util.autodetect.FontFileFinder.walk(FontFileFinder.java:136) checkFontfile check /usr/share/fonts/X11/misc/clR6x12-ISO8859-3.pcf.gz 
10 Apr 2024 15:11:53,254 DEBUG org.apache.fontbox.util.autodetect.FontFileFinder.walk(FontFileFinder.java:136) checkFontfile check /usr/share/fonts/X11/misc/6x9-ISO8859-3.pcf.gz 
10 Apr 2024 15:11:53,254 DEBUG org.apache.fontbox.util.autodetect.FontFileFinder.walk(FontFileFinder.java:136) checkFontfile check /usr/share/fonts/X11/misc/6x13B-ISO8859-9.pcf.gz 
10 Apr 2024 15:11:53,254 DEBUG org.apache.fontbox.util.autodetect.FontFileFinder.walk(FontFileFinder.java:136) checkFontfile check /usr/share/fonts/X11/misc/clR6x12-ISO8859-2.pcf.gz 
10 Apr 2024 15:11:53,254 DEBUG org.apache.fontbox.util.autodetect.FontFileFinder.walk(FontFileFinder.java:136) checkFontfile check /usr/share/fonts/X11/misc/5x8-ISO8859-9.pcf.gz 
10 Apr 2024 15:11:53,254 DEBUG org.apache.fontbox.util.autodetect.FontFileFinder.walk(FontFileFinder.java:136) checkFontfile check /usr/share/fonts/X11/misc/fonts.alias 
10 Apr 2024 15:11:53,255 DEBUG org.apache.fontbox.util.autodetect.FontFileFinder.walk(FontFileFinder.java:136) checkFontfile check /usr/share/fonts/X11/misc/9x15-KOI8-R.pcf.gz 
10 Apr 2024 15:11:53,255 DEBUG org.apache.fontbox.util.autodetect.FontFileFinder.walk(FontFileFinder.java:136) checkFontfile check /usr/share/fonts/X11/misc/7x13-ISO8859-10.pcf.gz 
10 Apr 2024 15:11:53,255 DEBUG org.apache.fontbox.util.autodetect.FontFileFinder.walk(FontFileFinder.java:136) checkFontfile check /usr/share/fonts/X11/misc/6x13-ISO8859-10.pcf.gz 
10 Apr 2024 15:11:53,255 DEBUG org.apache.fontbox.util.autodetect.FontFileFinder.walk(FontFileFinder.java:136) checkFontfile check /usr/share/fonts/X11/misc/clR6x12-ISO8859-8.pcf.gz 
10 Apr 2024 15:11:53,255 DEBUG org.apache.fontbox.util.autodetect.FontFileFinder.walk(FontFileFinder.java:136) checkFontfile check /usr/share/fonts/X11/misc/8x16rk.pcf.gz 
10 Apr 2024 15:11:53,255 DEBUG org.apache.fontbox.util.autodetect.FontFileFinder.walk(FontFileFinder.java:136) checkFontfile check /usr/share/fonts/X11/misc/6x12-ISO8859-7.pcf.gz 
10 Apr 2024 15:11:53,255 DEBUG org.apache.fontbox.util.autodetect.FontFileFinder.walk(FontFileFinder.java:136) checkFontfile check /usr/share/fonts/X11/misc/7x13-ISO8859-16.pcf.gz 
10 Apr 2024 15:11:53,255 DEBUG org.apache.fontbox.util.autodetect.FontFileFinder.walk(FontFileFinder.java:136) checkFontfile check /usr/share/fonts/X11/misc/6x10.pcf.gz 
10 Apr 2024 15:11:53,255 DEBUG org.apache.fontbox.util.autodetect.FontFileFinder.walk(FontFileFinder.java:136) checkFontfile check /usr/share/fonts/X11/misc/7x13B-ISO8859-4.pcf.gz 
10 Apr 2024 15:11:53,255 DEBUG org.apache.fontbox.util.autodetect.FontFileFinder.walk(FontFileFinder.java:136) checkFontfile check /usr/share/fonts/X11/misc/9x18-ISO8859-16.pcf.gz 
10 Apr 2024 15:11:53,255 DEBUG org.apache.fontbox.util.autodetect.FontFileFinder.walk(FontFileFinder.java:136) checkFontfile check /usr/share/fonts/X11/misc/9x15B.pcf.gz 
10 Apr 2024 15:11:53,255 DEBUG org.apache.fontbox.util.autodetect.FontFileFinder.walk(FontFileFinder.java:136) checkFontfile check /usr/share/fonts/X11/misc/9x18B-ISO8859-8.pcf.gz 
10 Apr 2024 15:11:53,255 DEBUG org.apache.fontbox.util.autodetect.FontFileFinder.walk(FontFileFinder.java:136) checkFontfile check /usr/share/fonts/X11/misc/cudevnag12.pcf.gz 
10 Apr 2024 15:11:53,255 DEBUG org.apache.fontbox.util.autodetect.FontFileFinder.walk(FontFileFinder.java:136) checkFontfile check /usr/share/fonts/X11/misc/6x13O-ISO8859-1.pcf.gz 
10 Apr 2024 15:11:53,255 DEBUG org.apache.fontbox.util.autodetect.FontFileFinder.walk(FontFileFinder.java:136) checkFontfile check /usr/share/fonts/X11/misc/7x14B-ISO8859-10.pcf.gz 
10 Apr 2024 15:11:53,256 DEBUG org.apache.fontbox.util.autodetect.FontFileFinder.walk(FontFileFinder.java:136) checkFontfile check /usr/share/fonts/X11/misc/8x13-ISO8859-1.pcf.gz 
10 Apr 2024 15:11:53,256 DEBUG org.apache.fontbox.util.autodetect.FontFileFinder.walk(FontFileFinder.java:136) checkFontfile check /usr/share/fonts/X11/misc/7x14B-ISO8859-15.pcf.gz 
10 Apr 2024 15:11:53,256 DEBUG org.apache.fontbox.util.autodetect.FontFileFinder.walk(FontFileFinder.java:136) checkFontfile check /usr/share/fonts/X11/misc/7x14-ISO8859-11.pcf.gz 
10 Apr 2024 15:11:53,256 DEBUG org.apache.fontbox.util.autodetect.FontFileFinder.walk(FontFileFinder.java:136) checkFontfile check /usr/share/fonts/X11/misc/9x18-ISO8859-8.pcf.gz 
10 Apr 2024 15:11:53,256 DEBUG org.apache.fontbox.util.autodetect.FontFileFinder.walk(FontFileFinder.java:136) checkFontfile check /usr/share/fonts/X11/misc/9x15-ISO8859-16.pcf.gz 
10 Apr 2024 15:11:53,256 DEBUG org.apache.fontbox.util.autodetect.FontFileFinder.walk(FontFileFinder.java:136) checkFontfile check /usr/share/fonts/X11/misc/4x6-ISO8859-16.pcf.gz 
10 Apr 2024 15:11:53,256 DEBUG org.apache.fontbox.util.autodetect.FontFileFinder.walk(FontFileFinder.java:136) checkFontfile check /usr/share/fonts/X11/misc/6x9-ISO8859-7.pcf.gz 
10 Apr 2024 15:11:53,256 DEBUG org.apache.fontbox.util.autodetect.FontFileFinder.walk(FontFileFinder.java:136) checkFontfile check /usr/share/fonts/X11/misc/5x8-ISO8859-4.pcf.gz 
10 Apr 2024 15:11:53,256 DEBUG org.apache.fontbox.util.autodetect.FontFileFinder.walk(FontFileFinder.java:136) checkFontfile check /usr/share/fonts/X11/misc/8x13O-ISO8859-3.pcf.gz 
10 Apr 2024 15:11:53,256 DEBUG org.apache.fontbox.util.autodetect.FontFileFinder.walk(FontFileFinder.java:136) checkFontfile check /usr/share/fonts/X11/misc/10x20-ISO8859-10.pcf.gz 
10 Apr 2024 15:11:53,256 DEBUG org.apache.fontbox.util.autodetect.FontFileFinder.walk(FontFileFinder.java:136) checkFontfile check /usr/share/fonts/X11/misc/6x10-ISO8859-14.pcf.gz 
10 Apr 2024 15:11:53,256 DEBUG org.apache.fontbox.util.autodetect.FontFileFinder.walk(FontFileFinder.java:136) checkFontfile check /usr/share/fonts/X11/misc/6x12-ISO8859-10.pcf.gz 
10 Apr 2024 15:11:53,256 DEBUG org.apache.fontbox.util.autodetect.FontFileFinder.walk(FontFileFinder.java:136) checkFontfile check /usr/share/fonts/X11/misc/9x15B-ISO8859-9.pcf.gz 
10 Apr 2024 15:11:53,256 DEBUG org.apache.fontbox.util.autodetect.FontFileFinder.walk(FontFileFinder.java:136) checkFontfile check /usr/share/fonts/X11/misc/7x14B-ISO8859-7.pcf.gz 
10 Apr 2024 15:11:53,256 DEBUG org.apache.fontbox.util.autodetect.FontFileFinder.walk(FontFileFinder.java:136) checkFontfile check /usr/share/fonts/X11/misc/5x8-ISO8859-2.pcf.gz 
10 Apr 2024 15:11:53,256 DEBUG org.apache.fontbox.util.autodetect.FontFileFinder.walk(FontFileFinder.java:136) checkFontfile check /usr/share/fonts/X11/misc/6x9-ISO8859-4.pcf.gz 
10 Apr 2024 15:11:53,256 DEBUG org.apache.fontbox.util.autodetect.FontFileFinder.walk(FontFileFinder.java:136) checkFontfile check /usr/share/fonts/X11/misc/gb16fs.pcf.gz 
10 Apr 2024 15:11:53,257 DEBUG org.apache.fontbox.util.autodetect.FontFileFinder.walk(FontFileFinder.java:136) checkFontfile check /usr/share/fonts/X11/misc/7x13B-ISO8859-3.pcf.gz 
10 Apr 2024 15:11:53,257 DEBUG org.apache.fontbox.util.autodetect.FontFileFinder.walk(FontFileFinder.java:136) checkFontfile check /usr/share/fonts/X11/misc/9x15-ISO8859-9.pcf.gz 
10 Apr 2024 15:11:53,257 DEBUG org.apache.fontbox.util.autodetect.FontFileFinder.walk(FontFileFinder.java:136) checkFontfile check /usr/share/fonts/X11/misc/clB8x14.pcf.gz 
10 Apr 2024 15:11:53,257 DEBUG org.apache.fontbox.util.autodetect.FontFileFinder.walk(FontFileFinder.java:136) checkFontfile check /usr/share/fonts/X11/misc/clR7x10.pcf.gz 
10 Apr 2024 15:11:53,257 DEBUG org.apache.fontbox.util.autodetect.FontFileFinder.walk(FontFileFinder.java:136) checkFontfile check /usr/share/fonts/X11/misc/6x13O-ISO8859-3.pcf.gz 
10 Apr 2024 15:11:53,257 DEBUG org.apache.fontbox.util.autodetect.FontFileFinder.walk(FontFileFinder.java:136) checkFontfile check /usr/share/fonts/X11/misc/4x6.pcf.gz 
10 Apr 2024 15:11:53,257 DEBUG org.apache.fontbox.util.autodetect.FontFileFinder.walk(FontFileFinder.java:136) checkFontfile check /usr/share/fonts/X11/misc/7x13-ISO8859-2.pcf.gz 
10 Apr 2024 15:11:53,257 DEBUG org.apache.fontbox.util.autodetect.FontFileFinder.walk(FontFileFinder.java:136) checkFontfile check /usr/share/fonts/X11/misc/clR8x13.pcf.gz 
10 Apr 2024 15:11:53,257 DEBUG org.apache.fontbox.util.autodetect.FontFileFinder.walk(FontFileFinder.java:136) checkFontfile check /usr/share/fonts/X11/misc/6x13-ISO8859-5.pcf.gz 
10 Apr 2024 15:11:53,257 DEBUG org.apache.fontbox.util.autodetect.FontFileFinder.walk(FontFileFinder.java:136) checkFontfile check /usr/share/fonts/X11/misc/7x13B.pcf.gz 
10 Apr 2024 15:11:53,257 DEBUG org.apache.fontbox.util.autodetect.FontFileFinder.walk(FontFileFinder.java:136) checkFontfile check /usr/share/fonts/X11/misc/5x8-KOI8-R.pcf.gz 
10 Apr 2024 15:11:53,257 DEBUG org.apache.fontbox.util.autodetect.FontFileFinder.walk(FontFileFinder.java:136) checkFontfile check /usr/share/fonts/X11/misc/7x13O-ISO8859-5.pcf.gz 
10 Apr 2024 15:11:53,257 DEBUG org.apache.fontbox.util.autodetect.FontFileFinder.walk(FontFileFinder.java:136) checkFontfile check /usr/share/fonts/X11/misc/4x6-ISO8859-5.pcf.gz 
10 Apr 2024 15:11:53,257 DEBUG org.apache.fontbox.util.autodetect.FontFileFinder.walk(FontFileFinder.java:136) checkFontfile check /usr/share/fonts/X11/misc/7x13O-ISO8859-9.pcf.gz 
10 Apr 2024 15:11:53,257 DEBUG org.apache.fontbox.util.autodetect.FontFileFinder.walk(FontFileFinder.java:136) checkFontfile check /usr/share/fonts/X11/misc/6x13O-ISO8859-10.pcf.gz 
10 Apr 2024 15:11:53,257 DEBUG org.apache.fontbox.util.autodetect.FontFileFinder.walk(FontFileFinder.java:136) checkFontfile check /usr/share/fonts/X11/misc/7x13O-ISO8859-4.pcf.gz 
10 Apr 2024 15:11:53,257 DEBUG org.apache.fontbox.util.autodetect.FontFileFinder.walk(FontFileFinder.java:136) checkFontfile check /usr/share/fonts/X11/misc/clB6x12.pcf.gz 
10 Apr 2024 15:11:53,258 DEBUG org.apache.fontbox.util.autodetect.FontFileFinder.walk(FontFileFinder.java:136) checkFontfile check /usr/share/fonts/X11/misc/6x13-KOI8-R.pcf.gz 
10 Apr 2024 15:11:53,258 DEBUG org.apache.fontbox.util.autodetect.FontFileFinder.walk(FontFileFinder.java:136) checkFontfile check /usr/share/fonts/X11/misc/8x13O-ISO8859-9.pcf.gz 
10 Apr 2024 15:11:53,258 DEBUG org.apache.fontbox.util.autodetect.FontFileFinder.walk(FontFileFinder.java:136) checkFontfile check /usr/share/fonts/X11/misc/5x7-KOI8-R.pcf.gz 
10 Apr 2024 15:11:53,258 DEBUG org.apache.fontbox.util.autodetect.FontFileFinder.walk(FontFileFinder.java:136) checkFontfile check /usr/share/fonts/X11/misc/6x13B-ISO8859-16.pcf.gz 
10 Apr 2024 15:11:53,258 DEBUG org.apache.fontbox.util.autodetect.FontFileFinder.walk(FontFileFinder.java:136) checkFontfile check /usr/share/fonts/X11/misc/6x10-ISO8859-9.pcf.gz 
10 Apr 2024 15:11:53,258 DEBUG org.apache.fontbox.util.autodetect.FontFileFinder.walk(FontFileFinder.java:136) checkFontfile check /usr/share/fonts/X11/misc/9x15-ISO8859-11.pcf.gz 
10 Apr 2024 15:11:53,258 DEBUG org.apache.fontbox.util.autodetect.FontFileFinder.walk(FontFileFinder.java:136) checkFontfile check /usr/share/fonts/X11/misc/6x12-ISO8859-8.pcf.gz 
10 Apr 2024 15:11:53,258 DEBUG org.apache.fontbox.util.autodetect.FontFileFinder.walk(FontFileFinder.java:136) checkFontfile check /usr/share/fonts/X11/misc/6x13B-ISO8859-2.pcf.gz 
10 Apr 2024 15:11:53,258 DEBUG org.apache.fontbox.util.autodetect.FontFileFinder.walk(FontFileFinder.java:136) checkFontfile check /usr/share/fonts/X11/misc/8x13O-ISO8859-15.pcf.gz 
10 Apr 2024 15:11:53,258 DEBUG org.apache.fontbox.util.autodetect.FontFileFinder.walk(FontFileFinder.java:136) checkFontfile check /usr/share/fonts/X11/misc/7x13B-ISO8859-7.pcf.gz 
10 Apr 2024 15:11:53,258 DEBUG org.apache.fontbox.util.autodetect.FontFileFinder.walk(FontFileFinder.java:136) checkFontfile check /usr/share/fonts/X11/misc/5x8-ISO8859-13.pcf.gz 
10 Apr 2024 15:11:53,258 DEBUG org.apache.fontbox.util.autodetect.FontFileFinder.walk(FontFileFinder.java:136) checkFontfile check /usr/share/fonts/X11/misc/8x13-ISO8859-15.pcf.gz 
10 Apr 2024 15:11:53,258 DEBUG org.apache.fontbox.util.autodetect.FontFileFinder.walk(FontFileFinder.java:136) checkFontfile check /usr/share/fonts/X11/misc/gb16st.pcf.gz 
10 Apr 2024 15:11:53,258 DEBUG org.apache.fontbox.util.autodetect.FontFileFinder.walk(FontFileFinder.java:136) checkFontfile check /usr/share/fonts/X11/misc/10x20-ISO8859-11.pcf.gz 
10 Apr 2024 15:11:53,258 DEBUG org.apache.fontbox.util.autodetect.FontFileFinder.walk(FontFileFinder.java:136) checkFontfile check /usr/share/fonts/X11/misc/cu12.pcf.gz 
10 Apr 2024 15:11:53,258 DEBUG org.apache.fontbox.util.autodetect.FontFileFinder.walk(FontFileFinder.java:136) checkFontfile check /usr/share/fonts/X11/misc/7x13B-ISO8859-9.pcf.gz 
10 Apr 2024 15:11:53,258 DEBUG org.apache.fontbox.util.autodetect.FontFileFinder.walk(FontFileFinder.java:136) checkFontfile check /usr/share/fonts/X11/misc/6x13B-ISO8859-8.pcf.gz 
10 Apr 2024 15:11:53,258 DEBUG org.apache.fontbox.util.autodetect.FontFileFinder.walk(FontFileFinder.java:136) checkFontfile check /usr/share/fonts/X11/misc/6x10-ISO8859-15.pcf.gz 
10 Apr 2024 15:11:53,259 DEBUG org.apache.fontbox.util.autodetect.FontFileFinder.walk(FontFileFinder.java:136) checkFontfile check /usr/share/fonts/X11/misc/6x10-ISO8859-7.pcf.gz 
10 Apr 2024 15:11:53,259 DEBUG org.apache.fontbox.util.autodetect.FontFileFinder.walk(FontFileFinder.java:136) checkFontfile check /usr/share/fonts/X11/misc/7x13O-ISO8859-3.pcf.gz 
10 Apr 2024 15:11:53,259 DEBUG org.apache.fontbox.util.autodetect.FontFileFinder.walk(FontFileFinder.java:136) checkFontfile check /usr/share/fonts/X11/misc/encodings.dir 
10 Apr 2024 15:11:53,259 DEBUG org.apache.fontbox.util.autodetect.FontFileFinder.walk(FontFileFinder.java:136) checkFontfile check /usr/share/fonts/X11/misc/8x13O-ISO8859-13.pcf.gz 
10 Apr 2024 15:11:53,259 DEBUG org.apache.fontbox.util.autodetect.FontFileFinder.walk(FontFileFinder.java:136) checkFontfile check /usr/share/fonts/X11/misc/9x18-KOI8-R.pcf.gz 
10 Apr 2024 15:11:53,259 DEBUG org.apache.fontbox.util.autodetect.FontFileFinder.walk(FontFileFinder.java:136) checkFontfile check /usr/share/fonts/X11/misc/5x7-ISO8859-4.pcf.gz 
10 Apr 2024 15:11:53,259 DEBUG org.apache.fontbox.util.autodetect.FontFileFinder.walk(FontFileFinder.java:136) checkFontfile check /usr/share/fonts/X11/misc/10x20-ISO8859-14.pcf.gz 
10 Apr 2024 15:11:53,259 DEBUG org.apache.fontbox.util.autodetect.FontFileFinder.walk(FontFileFinder.java:136) checkFontfile check /usr/share/fonts/X11/misc/7x13-ISO8859-3.pcf.gz 
10 Apr 2024 15:11:53,259 DEBUG org.apache.fontbox.util.autodetect.FontFileFinder.walk(FontFileFinder.java:136) checkFontfile check /usr/share/fonts/X11/misc/8x13B-ISO8859-15.pcf.gz 
10 Apr 2024 15:11:53,259 DEBUG org.apache.fontbox.util.autodetect.FontFileFinder.walk(FontFileFinder.java:136) checkFontfile check /usr/share/fonts/X11/misc/arabic24.pcf.gz 
10 Apr 2024 15:11:53,259 DEBUG org.apache.fontbox.util.autodetect.FontFileFinder.walk(FontFileFinder.java:136) checkFontfile check /usr/share/fonts/X11/misc/7x14B-ISO8859-2.pcf.gz 
10 Apr 2024 15:11:53,259 DEBUG org.apache.fontbox.util.autodetect.FontFileFinder.walk(FontFileFinder.java:136) checkFontfile check /usr/share/fonts/X11/misc/8x13B-ISO8859-13.pcf.gz 
10 Apr 2024 15:11:53,260 DEBUG org.apache.fontbox.util.autodetect.FontFileFinder.walk(FontFileFinder.java:136) checkFontfile check /usr/share/fonts/X11/misc/deccurs.pcf.gz 
10 Apr 2024 15:11:53,260 DEBUG org.apache.fontbox.util.autodetect.FontFileFinder.walk(FontFileFinder.java:136) checkFontfile check /usr/share/fonts/X11/misc/5x7-ISO8859-2.pcf.gz 
10 Apr 2024 15:11:53,260 DEBUG org.apache.fontbox.util.autodetect.FontFileFinder.walk(FontFileFinder.java:136) checkFontfile check /usr/share/fonts/X11/misc/6x13-ISO8859-4.pcf.gz 
10 Apr 2024 15:11:53,260 DEBUG org.apache.fontbox.util.autodetect.FontFileFinder.walk(FontFileFinder.java:136) checkFontfile check /usr/share/fonts/X11/misc/6x9-ISO8859-5.pcf.gz 
10 Apr 2024 15:11:53,260 DEBUG org.apache.fontbox.util.autodetect.FontFileFinder.walk(FontFileFinder.java:136) checkFontfile check /usr/share/fonts/X11/misc/clR8x16.pcf.gz 
10 Apr 2024 15:11:53,260 DEBUG org.apache.fontbox.util.autodetect.FontFileFinder.walk(FontFileFinder.java:136) checkFontfile check /usr/share/fonts/X11/misc/8x13-ISO8859-3.pcf.gz 
10 Apr 2024 15:11:53,260 DEBUG org.apache.fontbox.util.autodetect.FontFileFinder.walk(FontFileFinder.java:136) checkFontfile check /usr/share/fonts/X11/misc/6x12-ISO8859-14.pcf.gz 
10 Apr 2024 15:11:53,260 DEBUG org.apache.fontbox.util.autodetect.FontFileFinder.walk(FontFileFinder.java:136) checkFontfile check /usr/share/fonts/X11/misc/7x13O.pcf.gz 
10 Apr 2024 15:11:53,260 DEBUG org.apache.fontbox.util.autodetect.FontFileFinder.walk(FontFileFinder.java:136) checkFontfile check /usr/share/fonts/X11/misc/7x13-ISO8859-4.pcf.gz 
10 Apr 2024 15:11:53,260 DEBUG org.apache.fontbox.util.autodetect.FontFileFinder.walk(FontFileFinder.java:136) checkFontfile check /usr/share/fonts/X11/misc/6x9-ISO8859-9.pcf.gz 
10 Apr 2024 15:11:53,260 DEBUG org.apache.fontbox.util.autodetect.FontFileFinder.walk(FontFileFinder.java:136) checkFontfile check /usr/share/fonts/X11/misc/5x7.pcf.gz 
10 Apr 2024 15:11:53,260 DEBUG org.apache.fontbox.util.autodetect.FontFileFinder.walk(FontFileFinder.java:136) checkFontfile check /usr/share/fonts/X11/misc/7x13B-ISO8859-14.pcf.gz 
10 Apr 2024 15:11:53,261 DEBUG org.apache.fontbox.util.autodetect.FontFileFinder.walk(FontFileFinder.java:136) checkFontfile check /usr/share/fonts/X11/misc/9x15-ISO8859-2.pcf.gz 
10 Apr 2024 15:11:53,261 DEBUG org.apache.fontbox.util.autodetect.FontFileFinder.walk(FontFileFinder.java:136) checkFontfile check /usr/share/fonts/X11/misc/7x13B-ISO8859-16.pcf.gz 
10 Apr 2024 15:11:53,261 DEBUG org.apache.fontbox.util.autodetect.FontFileFinder.walk(FontFileFinder.java:136) checkFontfile check /usr/share/fonts/X11/misc/7x13B-ISO8859-2.pcf.gz 
10 Apr 2024 15:11:53,261 DEBUG org.apache.fontbox.util.autodetect.FontFileFinder.walk(FontFileFinder.java:136) checkFontfile check /usr/share/fonts/X11/misc/8x13B-ISO8859-9.pcf.gz 
10 Apr 2024 15:11:53,261 DEBUG org.apache.fontbox.util.autodetect.FontFileFinder.walk(FontFileFinder.java:136) checkFontfile check /usr/share/fonts/X11/misc/6x10-ISO8859-5.pcf.gz 
10 Apr 2024 15:11:53,261 DEBUG org.apache.fontbox.util.autodetect.FontFileFinder.walk(FontFileFinder.java:136) checkFontfile check /usr/share/fonts/X11/misc/6x10-ISO8859-16.pcf.gz 
10 Apr 2024 15:11:53,261 DEBUG org.apache.fontbox.util.autodetect.FontFileFinder.walk(FontFileFinder.java:136) checkFontfile check /usr/share/fonts/X11/misc/clR8x8.pcf.gz 
10 Apr 2024 15:11:53,261 DEBUG org.apache.fontbox.util.autodetect.FontFileFinder.walk(FontFileFinder.java:136) checkFontfile check /usr/share/fonts/X11/misc/9x15-ISO8859-10.pcf.gz 
10 Apr 2024 15:11:53,261 DEBUG org.apache.fontbox.util.autodetect.FontFileFinder.walk(FontFileFinder.java:136) checkFontfile check /usr/share/fonts/X11/misc/6x9-ISO8859-2.pcf.gz 
10 Apr 2024 15:11:53,261 DEBUG org.apache.fontbox.util.autodetect.FontFileFinder.walk(FontFileFinder.java:136) checkFontfile check /usr/share/fonts/X11/misc/5x7-ISO8859-3.pcf.gz 
10 Apr 2024 15:11:53,261 DEBUG org.apache.fontbox.util.autodetect.FontFileFinder.walk(FontFileFinder.java:136) checkFontfile check /usr/share/fonts/X11/misc/clR6x12-ISO8859-1.pcf.gz 
10 Apr 2024 15:11:53,261 DEBUG org.apache.fontbox.util.autodetect.FontFileFinder.walk(FontFileFinder.java:136) checkFontfile check /usr/share/fonts/X11/misc/6x10-ISO8859-10.pcf.gz 
10 Apr 2024 15:11:53,262 DEBUG org.apache.fontbox.util.autodetect.FontFileFinder.walk(FontFileFinder.java:136) checkFontfile check /usr/share/fonts/X11/misc/5x8-ISO8859-10.pcf.gz 
10 Apr 2024 15:11:53,262 DEBUG org.apache.fontbox.util.autodetect.FontFileFinder.walk(FontFileFinder.java:136) checkFontfile check /usr/share/fonts/X11/misc/9x18B-ISO8859-2.pcf.gz 
10 Apr 2024 15:11:53,262 DEBUG org.apache.fontbox.util.autodetect.FontFileFinder.walk(FontFileFinder.java:136) checkFontfile check /usr/share/fonts/X11/misc/9x15B-ISO8859-2.pcf.gz 
10 Apr 2024 15:11:53,262 DEBUG org.apache.fontbox.util.autodetect.FontFileFinder.walk(FontFileFinder.java:136) checkFontfile check /usr/share/fonts/X11/misc/7x14-ISO8859-15.pcf.gz 
10 Apr 2024 15:11:53,262 DEBUG org.apache.fontbox.util.autodetect.FontFileFinder.walk(FontFileFinder.java:136) checkFontfile check /usr/share/fonts/X11/misc/olgl19.pcf.gz 
10 Apr 2024 15:11:53,262 DEBUG org.apache.fontbox.util.autodetect.FontFileFinder.walk(FontFileFinder.java:136) checkFontfile check /usr/share/fonts/X11/misc/9x15.pcf.gz 
10 Apr 2024 15:11:53,262 DEBUG org.apache.fontbox.util.autodetect.FontFileFinder.walk(FontFileFinder.java:136) checkFontfile check /usr/share/fonts/X11/misc/7x14-ISO8859-2.pcf.gz 
10 Apr 2024 15:11:53,262 DEBUG org.apache.fontbox.util.autodetect.FontFileFinder.walk(FontFileFinder.java:136) checkFontfile check /usr/share/fonts/X11/misc/9x18B-ISO8859-15.pcf.gz 
10 Apr 2024 15:11:53,262 DEBUG org.apache.fontbox.util.autodetect.FontFileFinder.walk(FontFileFinder.java:136) checkFontfile check /usr/share/fonts/X11/misc/clR6x12-ISO8859-5.pcf.gz 
10 Apr 2024 15:11:53,262 DEBUG org.apache.fontbox.util.autodetect.FontFileFinder.walk(FontFileFinder.java:136) checkFontfile check /usr/share/fonts/X11/misc/8x13O-ISO8859-4.pcf.gz 
10 Apr 2024 15:11:53,263 DEBUG org.apache.fontbox.util.autodetect.FontFileFinder.walk(FontFileFinder.java:136) checkFontfile check /usr/share/fonts/X11/misc/clR6x6.pcf.gz 
10 Apr 2024 15:11:53,263 DEBUG org.apache.fontbox.util.autodetect.FontFileFinder.walk(FontFileFinder.java:136) checkFontfile check /usr/share/fonts/X11/misc/4x6-ISO8859-7.pcf.gz 
10 Apr 2024 15:11:53,263 DEBUG org.apache.fontbox.util.autodetect.FontFileFinder.walk(FontFileFinder.java:136) checkFontfile check /usr/share/fonts/X11/misc/4x6-ISO8859-14.pcf.gz 
10 Apr 2024 15:11:53,263 DEBUG org.apache.fontbox.util.autodetect.FontFileFinder.walk(FontFileFinder.java:136) checkFontfile check /usr/share/fonts/X11/misc/9x18B-ISO8859-1.pcf.gz 
10 Apr 2024 15:11:53,263 DEBUG org.apache.fontbox.util.autodetect.FontFileFinder.walk(FontFileFinder.java:136) checkFontfile check /usr/share/fonts/X11/misc/4x6-ISO8859-3.pcf.gz 
10 Apr 2024 15:11:53,263 DEBUG org.apache.fontbox.util.autodetect.FontFileFinder.walk(FontFileFinder.java:136) checkFontfile check /usr/share/fonts/X11/misc/7x13O-ISO8859-1.pcf.gz 
10 Apr 2024 15:11:53,263 DEBUG org.apache.fontbox.util.autodetect.FontFileFinder.walk(FontFileFinder.java:136) checkFontfile check /usr/share/fonts/X11/misc/8x13O-ISO8859-14.pcf.gz 
10 Apr 2024 15:11:53,263 DEBUG org.apache.fontbox.util.autodetect.FontFileFinder.walk(FontFileFinder.java:136) checkFontfile check /usr/share/fonts/X11/misc/5x8-ISO8859-7.pcf.gz 
10 Apr 2024 15:11:53,263 DEBUG org.apache.fontbox.util.autodetect.FontFileFinder.walk(FontFileFinder.java:136) checkFontfile check /usr/share/fonts/X11/misc/clR9x15.pcf.gz 
10 Apr 2024 15:11:53,263 DEBUG org.apache.fontbox.util.autodetect.FontFileFinder.walk(FontFileFinder.java:136) checkFontfile check /usr/share/fonts/X11/misc/clR7x12.pcf.gz 
10 Apr 2024 15:11:53,263 DEBUG org.apache.fontbox.util.autodetect.FontFileFinder.walk(FontFileFinder.java:136) checkFontfile check /usr/share/fonts/X11/misc/9x15B-ISO8859-10.pcf.gz 
10 Apr 2024 15:11:53,263 DEBUG org.apache.fontbox.util.autodetect.FontFileFinder.walk(FontFileFinder.java:136) checkFontfile check /usr/share/fonts/X11/misc/9x18-ISO8859-3.pcf.gz 
10 Apr 2024 15:11:53,263 DEBUG org.apache.fontbox.util.autodetect.FontFileFinder.walk(FontFileFinder.java:136) checkFontfile check /usr/share/fonts/X11/misc/5x7-ISO8859-15.pcf.gz 
10 Apr 2024 15:11:53,263 DEBUG org.apache.fontbox.util.autodetect.FontFileFinder.walk(FontFileFinder.java:136) checkFontfile check /usr/share/fonts/X11/misc/clR6x12-ISO8859-4.pcf.gz 
10 Apr 2024 15:11:53,264 DEBUG org.apache.fontbox.util.autodetect.FontFileFinder.walk(FontFileFinder.java:136) checkFontfile check /usr/share/fonts/X11/misc/10x20-ISO8859-2.pcf.gz 
10 Apr 2024 15:11:53,264 DEBUG org.apache.fontbox.util.autodetect.FontFileFinder.walk(FontFileFinder.java:136) checkFontfile check /usr/share/fonts/X11/misc/6x12-ISO8859-9.pcf.gz 
10 Apr 2024 15:11:53,264 DEBUG org.apache.fontbox.util.autodetect.FontFileFinder.walk(FontFileFinder.java:136) checkFontfile check /usr/share/fonts/X11/misc/12x13ja.pcf.gz 
10 Apr 2024 15:11:53,264 DEBUG org.apache.fontbox.util.autodetect.FontFileFinder.walk(FontFileFinder.java:136) checkFontfile check /usr/share/fonts/X11/misc/8x13-ISO8859-10.pcf.gz 
10 Apr 2024 15:11:53,264 DEBUG org.apache.fontbox.util.autodetect.FontFileFinder.walk(FontFileFinder.java:136) checkFontfile check /usr/share/fonts/X11/misc/6x10-ISO8859-2.pcf.gz 
10 Apr 2024 15:11:53,264 DEBUG org.apache.fontbox.util.autodetect.FontFileFinder.walk(FontFileFinder.java:136) checkFontfile check /usr/share/fonts/X11/misc/clR6x12-ISO8859-16.pcf.gz 
10 Apr 2024 15:11:53,264 DEBUG org.apache.fontbox.util.autodetect.FontFileFinder.walk(FontFileFinder.java:136) checkFontfile check /usr/share/fonts/X11/misc/10x20-ISO8859-7.pcf.gz 
10 Apr 2024 15:11:53,264 DEBUG org.apache.fontbox.util.autodetect.FontFileFinder.walk(FontFileFinder.java:136) checkFontfile check /usr/share/fonts/X11/misc/5x7-ISO8859-9.pcf.gz 
10 Apr 2024 15:11:53,264 DEBUG org.apache.fontbox.util.autodetect.FontFileFinder.walk(FontFileFinder.java:136) checkFontfile check /usr/share/fonts/X11/misc/6x13O-ISO8859-9.pcf.gz 
10 Apr 2024 15:11:53,264 DEBUG org.apache.fontbox.util.autodetect.FontFileFinder.walk(FontFileFinder.java:136) checkFontfile check /usr/share/fonts/X11/misc/9x18-ISO8859-13.pcf.gz 
10 Apr 2024 15:11:53,264 DEBUG org.apache.fontbox.util.autodetect.FontFileFinder.walk(FontFileFinder.java:136) checkFontfile check /usr/share/fonts/X11/misc/clB8x10.pcf.gz 
10 Apr 2024 15:11:53,264 DEBUG org.apache.fontbox.util.autodetect.FontFileFinder.walk(FontFileFinder.java:136) checkFontfile check /usr/share/fonts/X11/misc/4x6-ISO8859-15.pcf.gz 
10 Apr 2024 15:11:53,264 DEBUG org.apache.fontbox.util.autodetect.FontFileFinder.walk(FontFileFinder.java:136) checkFontfile check /usr/share/fonts/X11/misc/fonts.dir 
10 Apr 2024 15:11:53,264 DEBUG org.apache.fontbox.util.autodetect.FontFileFinder.walk(FontFileFinder.java:136) checkFontfile check /usr/share/fonts/X11/misc/7x14-ISO8859-5.pcf.gz 
10 Apr 2024 15:11:53,264 DEBUG org.apache.fontbox.util.autodetect.FontFileFinder.walk(FontFileFinder.java:136) checkFontfile check /usr/share/fonts/X11/misc/9x15B-ISO8859-13.pcf.gz 
10 Apr 2024 15:11:53,265 DEBUG org.apache.fontbox.util.autodetect.FontFileFinder.walk(FontFileFinder.java:136) checkFontfile check /usr/share/fonts/X11/misc/6x13O-ISO8859-15.pcf.gz 
10 Apr 2024 15:11:53,265 DEBUG org.apache.fontbox.util.autodetect.FontFileFinder.walk(FontFileFinder.java:136) checkFontfile check /usr/share/fonts/X11/misc/clR6x12.pcf.gz 
10 Apr 2024 15:11:53,265 DEBUG org.apache.fontbox.util.autodetect.FontFileFinder.walk(FontFileFinder.java:136) checkFontfile check /usr/share/fonts/X11/misc/10x20.pcf.gz 
10 Apr 2024 15:11:53,265 DEBUG org.apache.fontbox.util.autodetect.FontFileFinder.walk(FontFileFinder.java:136) checkFontfile check /usr/share/fonts/X11/misc/6x13O-ISO8859-2.pcf.gz 
10 Apr 2024 15:11:53,265 DEBUG org.apache.fontbox.util.autodetect.FontFileFinder.walk(FontFileFinder.java:136) checkFontfile check /usr/share/fonts/X11/misc/6x9-ISO8859-16.pcf.gz 
10 Apr 2024 15:11:53,265 DEBUG org.apache.fontbox.util.autodetect.FontFileFinder.walk(FontFileFinder.java:136) checkFontfile check /usr/share/fonts/X11/misc/8x13B-ISO8859-7.pcf.gz 
10 Apr 2024 15:11:53,265 DEBUG org.apache.fontbox.util.autodetect.FontFileFinder.walk(FontFileFinder.java:136) checkFontfile check /usr/share/fonts/X11/misc/4x6-ISO8859-10.pcf.gz 
10 Apr 2024 15:11:53,265 DEBUG org.apache.fontbox.util.autodetect.FontFileFinder.walk(FontFileFinder.java:136) checkFontfile check /usr/share/fonts/X11/misc/9x15B-ISO8859-16.pcf.gz 
10 Apr 2024 15:11:53,265 DEBUG org.apache.fontbox.util.autodetect.FontFileFinder.walk(FontFileFinder.java:136) checkFontfile check /usr/share/fonts/X11/misc/6x13B.pcf.gz 
10 Apr 2024 15:11:53,265 DEBUG org.apache.fontbox.util.autodetect.FontFileFinder.walk(FontFileFinder.java:136) checkFontfile check /usr/share/fonts/X11/misc/7x14-ISO8859-10.pcf.gz 
10 Apr 2024 15:11:53,265 DEBUG org.apache.fontbox.util.autodetect.FontFileFinder.walk(FontFileFinder.java:136) checkFontfile check /usr/share/fonts/X11/misc/7x13-ISO8859-15.pcf.gz 
10 Apr 2024 15:11:53,266 DEBUG org.apache.fontbox.util.autodetect.FontFileFinder.walk(FontFileFinder.java:136) checkFontfile check /usr/share/fonts/X11/misc/clB8x13.pcf.gz 
10 Apr 2024 15:11:53,266 DEBUG org.apache.fontbox.util.autodetect.FontFileFinder.walk(FontFileFinder.java:136) checkFontfile check /usr/share/fonts/X11/misc/9x18-ISO8859-10.pcf.gz 
10 Apr 2024 15:11:53,266 DEBUG org.apache.fontbox.util.autodetect.FontFileFinder.walk(FontFileFinder.java:136) checkFontfile check /usr/share/fonts/X11/misc/8x13-ISO8859-7.pcf.gz 
10 Apr 2024 15:11:53,266 DEBUG org.apache.fontbox.util.autodetect.FontFileFinder.walk(FontFileFinder.java:136) checkFontfile check /usr/share/fonts/X11/misc/9x18.pcf.gz 
10 Apr 2024 15:11:53,266 DEBUG org.apache.fontbox.util.autodetect.FontFileFinder.walk(FontFileFinder.java:136) checkFontfile check /usr/share/fonts/X11/misc/7x13-ISO8859-7.pcf.gz 
10 Apr 2024 15:11:53,266 DEBUG org.apache.fontbox.util.autodetect.FontFileFinder.walk(FontFileFinder.java:136) checkFontfile check /usr/share/fonts/X11/misc/clR6x12-KOI8-R.pcf.gz 
10 Apr 2024 15:11:53,266 DEBUG org.apache.fontbox.util.autodetect.FontFileFinder.walk(FontFileFinder.java:136) checkFontfile check /usr/share/fonts/X11/misc/7x14B-ISO8859-3.pcf.gz 
10 Apr 2024 15:11:53,266 DEBUG org.apache.fontbox.util.autodetect.FontFileFinder.walk(FontFileFinder.java:136) checkFontfile check /usr/share/fonts/X11/misc/9x15B-ISO8859-4.pcf.gz 
10 Apr 2024 15:11:53,266 DEBUG org.apache.fontbox.util.autodetect.FontFileFinder.walk(FontFileFinder.java:136) checkFontfile check /usr/share/fonts/X11/misc/6x13-ISO8859-16.pcf.gz 
10 Apr 2024 15:11:53,267 DEBUG org.apache.fontbox.util.autodetect.FontFileFinder.walk(FontFileFinder.java:136) checkFontfile check /usr/share/fonts/X11/misc/8x13B-ISO8859-5.pcf.gz 
10 Apr 2024 15:11:53,267 DEBUG org.apache.fontbox.util.autodetect.FontFileFinder.walk(FontFileFinder.java:136) checkFontfile check /usr/share/fonts/X11/misc/8x13-ISO8859-2.pcf.gz 
10 Apr 2024 15:11:53,267 DEBUG org.apache.fontbox.util.autodetect.FontFileFinder.walk(FontFileFinder.java:136) checkFontfile check /usr/share/fonts/X11/misc/7x14.pcf.gz 
10 Apr 2024 15:11:53,267 DEBUG org.apache.fontbox.util.autodetect.FontFileFinder.walk(FontFileFinder.java:136) checkFontfile check /usr/share/fonts/X11/misc/7x13B-ISO8859-1.pcf.gz 
10 Apr 2024 15:11:53,267 DEBUG org.apache.fontbox.util.autodetect.FontFileFinder.walk(FontFileFinder.java:136) checkFontfile check /usr/share/fonts/X11/misc/7x13B-ISO8859-11.pcf.gz 
10 Apr 2024 15:11:53,267 DEBUG org.apache.fontbox.util.autodetect.FontFileFinder.walk(FontFileFinder.java:136) checkFontfile check /usr/share/fonts/X11/misc/10x20-ISO8859-9.pcf.gz 
10 Apr 2024 15:11:53,267 DEBUG org.apache.fontbox.util.autodetect.FontFileFinder.walk(FontFileFinder.java:136) checkFontfile check /usr/share/fonts/X11/misc/clR6x12-ISO8859-9.pcf.gz 
10 Apr 2024 15:11:53,267 DEBUG org.apache.fontbox.util.autodetect.FontFileFinder.walk(FontFileFinder.java:136) checkFontfile check /usr/share/fonts/X11/misc/clB8x16.pcf.gz 
10 Apr 2024 15:11:53,267 DEBUG org.apache.fontbox.util.autodetect.FontFileFinder.walk(FontFileFinder.java:136) checkFontfile check /usr/share/fonts/X11/misc/8x16.pcf.gz 
10 Apr 2024 15:11:53,267 DEBUG org.apache.fontbox.util.autodetect.FontFileFinder.walk(FontFileFinder.java:136) checkFontfile check /usr/share/fonts/X11/misc/7x13O-ISO8859-16.pcf.gz 
10 Apr 2024 15:11:53,268 DEBUG org.apache.fontbox.util.autodetect.FontFileFinder.walk(FontFileFinder.java:136) checkFontfile check /usr/share/fonts/X11/misc/gb24st.pcf.gz 
10 Apr 2024 15:11:53,268 DEBUG org.apache.fontbox.util.autodetect.FontFileFinder.walk(FontFileFinder.java:136) checkFontfile check /usr/share/fonts/X11/misc/7x13O-ISO8859-11.pcf.gz 
10 Apr 2024 15:11:53,268 DEBUG org.apache.fontbox.util.autodetect.FontFileFinder.walk(FontFileFinder.java:136) checkFontfile check /usr/share/fonts/X11/misc/clB8x8.pcf.gz 
10 Apr 2024 15:11:53,268 DEBUG org.apache.fontbox.util.autodetect.FontFileFinder.walk(FontFileFinder.java:136) checkFontfile check /usr/share/fonts/X11/misc/12x24.pcf.gz 
10 Apr 2024 15:11:53,268 DEBUG org.apache.fontbox.util.autodetect.FontFileFinder.walk(FontFileFinder.java:136) checkFontfile check /usr/share/fonts/X11/misc/7x13B-ISO8859-13.pcf.gz 
10 Apr 2024 15:11:53,268 DEBUG org.apache.fontbox.util.autodetect.FontFileFinder.walk(FontFileFinder.java:136) checkFontfile check /usr/share/fonts/X11/misc/6x13-ISO8859-14.pcf.gz 
10 Apr 2024 15:11:53,268 DEBUG org.apache.fontbox.util.autodetect.FontFileFinder.walk(FontFileFinder.java:136) checkFontfile check /usr/share/fonts/X11/misc/9x18-ISO8859-2.pcf.gz 
10 Apr 2024 15:11:53,268 DEBUG org.apache.fontbox.util.autodetect.FontFileFinder.walk(FontFileFinder.java:136) checkFontfile check /usr/share/fonts/X11/misc/9x15-ISO8859-8.pcf.gz 
10 Apr 2024 15:11:53,268 DEBUG org.apache.fontbox.util.autodetect.FontFileFinder.walk(FontFileFinder.java:136) checkFontfile check /usr/share/fonts/X11/misc/6x12.pcf.gz 
10 Apr 2024 15:11:53,268 DEBUG org.apache.fontbox.util.autodetect.FontFileFinder.walk(FontFileFinder.java:136) checkFontfile check /usr/share/fonts/X11/misc/4x6-KOI8-R.pcf.gz 
10 Apr 2024 15:11:53,268 DEBUG org.apache.fontbox.util.autodetect.FontFileFinder.walk(FontFileFinder.java:136) checkFontfile check /usr/share/fonts/X11/misc/5x7-ISO8859-8.pcf.gz 
10 Apr 2024 15:11:53,268 DEBUG org.apache.fontbox.util.autodetect.FontFileFinder.walk(FontFileFinder.java:136) checkFontfile check /usr/share/fonts/X11/misc/9x15B-ISO8859-3.pcf.gz 
10 Apr 2024 15:11:53,268 DEBUG org.apache.fontbox.util.autodetect.FontFileFinder.walk(FontFileFinder.java:136) checkFontfile check /usr/share/fonts/X11/misc/8x13-ISO8859-13.pcf.gz 
10 Apr 2024 15:11:53,268 DEBUG org.apache.fontbox.util.autodetect.FontFileFinder.walk(FontFileFinder.java:136) checkFontfile check /usr/share/fonts/X11/misc/8x13-ISO8859-14.pcf.gz 
10 Apr 2024 15:11:53,269 DEBUG org.apache.fontbox.util.autodetect.FontFileFinder.walk(FontFileFinder.java:136) checkFontfile check /usr/share/fonts/X11/misc/8x13B-ISO8859-4.pcf.gz 
10 Apr 2024 15:11:53,269 DEBUG org.apache.fontbox.util.autodetect.FontFileFinder.walk(FontFileFinder.java:136) checkFontfile check /usr/share/fonts/X11/misc/7x14-ISO8859-8.pcf.gz 
10 Apr 2024 15:11:53,269 DEBUG org.apache.fontbox.util.autodetect.FontFileFinder.walk(FontFileFinder.java:136) checkFontfile check /usr/share/fonts/X11/misc/clB9x15.pcf.gz 
10 Apr 2024 15:11:53,269 DEBUG org.apache.fontbox.util.autodetect.FontFileFinder.walk(FontFileFinder.java:136) checkFontfile check /usr/share/fonts/X11/misc/cu-arabic12.pcf.gz 
10 Apr 2024 15:11:53,269 DEBUG org.apache.fontbox.util.autodetect.FontFileFinder.walk(FontFileFinder.java:136) checkFontfile check /usr/share/fonts/X11/misc/10x20-ISO8859-15.pcf.gz 
10 Apr 2024 15:11:53,269 DEBUG org.apache.fontbox.util.autodetect.FontFileFinder.walk(FontFileFinder.java:136) checkFontfile check /usr/share/fonts/X11/misc/7x14-ISO8859-7.pcf.gz 
10 Apr 2024 15:11:53,269 DEBUG org.apache.fontbox.util.autodetect.FontFileFinder.walk(FontFileFinder.java:136) checkFontfile check /usr/share/fonts/X11/misc/5x7-ISO8859-5.pcf.gz 
10 Apr 2024 15:11:53,269 DEBUG org.apache.fontbox.util.autodetect.FontFileFinder.walk(FontFileFinder.java:136) checkFontfile check /usr/share/fonts/X11/misc/6x12-ISO8859-16.pcf.gz 
10 Apr 2024 15:11:53,269 DEBUG org.apache.fontbox.util.autodetect.FontFileFinder.walk(FontFileFinder.java:136) checkFontfile check /usr/share/fonts/X11/misc/8x13B-ISO8859-3.pcf.gz 
10 Apr 2024 15:11:53,269 DEBUG org.apache.fontbox.util.autodetect.FontFileFinder.walk(FontFileFinder.java:136) checkFontfile check /usr/share/fonts/X11/misc/7x13O-ISO8859-2.pcf.gz 
10 Apr 2024 15:11:53,269 DEBUG org.apache.fontbox.util.autodetect.FontFileFinder.walk(FontFileFinder.java:136) checkFontfile check /usr/share/fonts/X11/misc/4x6-ISO8859-9.pcf.gz 
10 Apr 2024 15:11:53,269 DEBUG org.apache.fontbox.util.autodetect.FontFileFinder.walk(FontFileFinder.java:136) checkFontfile check /usr/share/fonts/X11/misc/10x20-ISO8859-4.pcf.gz 
10 Apr 2024 15:11:53,269 DEBUG org.apache.fontbox.util.autodetect.FontFileFinder.walk(FontFileFinder.java:136) checkFontfile check /usr/share/fonts/X11/misc/12x24rk.pcf.gz 
10 Apr 2024 15:11:53,269 DEBUG org.apache.fontbox.util.autodetect.FontFileFinder.walk(FontFileFinder.java:136) checkFontfile check /usr/share/fonts/X11/misc/6x13B-ISO8859-7.pcf.gz 
10 Apr 2024 15:11:53,269 DEBUG org.apache.fontbox.util.autodetect.FontFileFinder.walk(FontFileFinder.java:136) checkFontfile check /usr/share/fonts/X11/misc/6x13-ISO8859-2.pcf.gz 
10 Apr 2024 15:11:53,270 DEBUG org.apache.fontbox.util.autodetect.FontFileFinder.walk(FontFileFinder.java:136) checkFontfile check /usr/share/fonts/X11/misc/6x12-ISO8859-3.pcf.gz 
10 Apr 2024 15:11:53,270 DEBUG org.apache.fontbox.util.autodetect.FontFileFinder.walk(FontFileFinder.java:136) checkFontfile check /usr/share/fonts/X11/misc/6x9-ISO8859-14.pcf.gz 
10 Apr 2024 15:11:53,270 DEBUG org.apache.fontbox.util.autodetect.FontFileFinder.walk(FontFileFinder.java:136) checkFontfile check /usr/share/fonts/X11/misc/7x14B-ISO8859-8.pcf.gz 
10 Apr 2024 15:11:53,270 DEBUG org.apache.fontbox.util.autodetect.FontFileFinder.walk(FontFileFinder.java:136) checkFontfile check /usr/share/fonts/X11/misc/7x13-ISO8859-8.pcf.gz 
10 Apr 2024 15:11:53,270 DEBUG org.apache.fontbox.util.autodetect.FontFileFinder.walk(FontFileFinder.java:136) checkFontfile check /usr/share/fonts/X11/misc/nil2.pcf.gz 
10 Apr 2024 15:11:53,270 DEBUG org.apache.fontbox.util.autodetect.FontFileFinder.walk(FontFileFinder.java:136) checkFontfile check /usr/share/fonts/X11/misc/7x13-ISO8859-13.pcf.gz 
10 Apr 2024 15:11:53,270 DEBUG org.apache.fontbox.util.autodetect.FontFileFinder.walk(FontFileFinder.java:136) checkFontfile check /usr/share/fonts/X11/misc/7x14B-ISO8859-13.pcf.gz 
10 Apr 2024 15:11:53,270 DEBUG org.apache.fontbox.util.autodetect.FontFileFinder.walk(FontFileFinder.java:136) checkFontfile check /usr/share/fonts/X11/misc/9x18B-ISO8859-16.pcf.gz 
10 Apr 2024 15:11:53,270 DEBUG org.apache.fontbox.util.autodetect.FontFileFinder.walk(FontFileFinder.java:136) checkFontfile check /usr/share/fonts/X11/misc/9x18-ISO8859-14.pcf.gz 
10 Apr 2024 15:11:53,270 DEBUG org.apache.fontbox.util.autodetect.FontFileFinder.walk(FontFileFinder.java:136) checkFontfile check /usr/share/fonts/X11/misc/9x18B.pcf.gz 
10 Apr 2024 15:11:53,270 DEBUG org.apache.fontbox.util.autodetect.FontFileFinder.walk(FontFileFinder.java:136) checkFontfile check /usr/share/fonts/X11/misc/7x13-ISO8859-9.pcf.gz 
10 Apr 2024 15:11:53,270 DEBUG org.apache.fontbox.util.autodetect.FontFileFinder.walk(FontFileFinder.java:136) checkFontfile check /usr/share/fonts/X11/misc/7x14-ISO8859-1.pcf.gz 
10 Apr 2024 15:11:53,271 DEBUG org.apache.fontbox.util.autodetect.FontFileFinder.walk(FontFileFinder.java:136) checkFontfile check /usr/share/fonts/X11/misc/9x18-ISO8859-7.pcf.gz 
10 Apr 2024 15:11:53,271 DEBUG org.apache.fontbox.util.autodetect.FontFileFinder.walk(FontFileFinder.java:136) checkFontfile check /usr/share/fonts/X11/misc/9x18B-ISO8859-9.pcf.gz 
10 Apr 2024 15:11:53,271 DEBUG org.apache.fontbox.util.autodetect.FontFileFinder.walk(FontFileFinder.java:136) checkFontfile check /usr/share/fonts/X11/misc/6x10-ISO8859-4.pcf.gz 
10 Apr 2024 15:11:53,271 DEBUG org.apache.fontbox.util.autodetect.FontFileFinder.walk(FontFileFinder.java:136) checkFontfile check /usr/share/fonts/X11/misc/jiskan16.pcf.gz 
10 Apr 2024 15:11:53,271 DEBUG org.apache.fontbox.util.autodetect.FontFileFinder.walk(FontFileFinder.java:136) checkFontfile check /usr/share/fonts/X11/misc/9x18B-ISO8859-4.pcf.gz 
10 Apr 2024 15:11:53,271 DEBUG org.apache.fontbox.util.autodetect.FontFileFinder.walk(FontFileFinder.java:136) checkFontfile check /usr/share/fonts/X11/misc/5x8-ISO8859-8.pcf.gz 
10 Apr 2024 15:11:53,271 DEBUG org.apache.fontbox.util.autodetect.FontFileFinder.walk(FontFileFinder.java:136) checkFontfile check /usr/share/fonts/X11/misc/6x13B-ISO8859-3.pcf.gz 
10 Apr 2024 15:11:53,271 DEBUG org.apache.fontbox.util.autodetect.FontFileFinder.walk(FontFileFinder.java:136) checkFontfile check /usr/share/fonts/X11/misc/6x13-ISO8859-1.pcf.gz 
10 Apr 2024 15:11:53,271 DEBUG org.apache.fontbox.util.autodetect.FontFileFinder.walk(FontFileFinder.java:136) checkFontfile check /usr/share/fonts/X11/misc/6x12-ISO8859-5.pcf.gz 
10 Apr 2024 15:11:53,271 DEBUG org.apache.fontbox.util.autodetect.FontFileFinder.walk(FontFileFinder.java:136) checkFontfile check /usr/share/fonts/X11/misc/k14.pcf.gz 
10 Apr 2024 15:11:53,272 DEBUG org.apache.fontbox.util.autodetect.FontFileFinder.walk(FontFileFinder.java:136) checkFontfile check /usr/share/fonts/X11/misc/5x8-ISO8859-16.pcf.gz 
10 Apr 2024 15:11:53,272 DEBUG org.apache.fontbox.util.autodetect.FontFileFinder.walk(FontFileFinder.java:136) checkFontfile check /usr/share/fonts/X11/misc/6x12-KOI8-R.pcf.gz 
10 Apr 2024 15:11:53,272 DEBUG org.apache.fontbox.util.autodetect.FontFileFinder.walk(FontFileFinder.java:136) checkFontfile check /usr/share/fonts/X11/misc/8x13B-ISO8859-1.pcf.gz 
10 Apr 2024 15:11:53,272 DEBUG org.apache.fontbox.util.autodetect.FontFileFinder.walk(FontFileFinder.java:136) checkFontfile check /usr/share/fonts/X11/misc/clR6x12-ISO8859-7.pcf.gz 
10 Apr 2024 15:11:53,272 DEBUG org.apache.fontbox.util.autodetect.FontFileFinder.walk(FontFileFinder.java:136) checkFontfile check /usr/share/fonts/X11/misc/6x10-ISO8859-1.pcf.gz 
10 Apr 2024 15:11:53,272 DEBUG org.apache.fontbox.util.autodetect.FontFileFinder.walk(FontFileFinder.java:136) checkFontfile check /usr/share/fonts/X11/misc/9x15-ISO8859-5.pcf.gz 
10 Apr 2024 15:11:53,272 DEBUG org.apache.fontbox.util.autodetect.FontFileFinder.walk(FontFileFinder.java:136) checkFontfile check /usr/share/fonts/X11/misc/clR8x10.pcf.gz 
10 Apr 2024 15:11:53,272 DEBUG org.apache.fontbox.util.autodetect.FontFileFinder.walk(FontFileFinder.java:136) checkFontfile check /usr/share/fonts/X11/misc/6x9-ISO8859-13.pcf.gz 
10 Apr 2024 15:11:53,272 DEBUG org.apache.fontbox.util.autodetect.FontFileFinder.walk(FontFileFinder.java:136) checkFontfile check /usr/share/fonts/X11/misc/5x7-ISO8859-10.pcf.gz 
10 Apr 2024 15:11:53,272 DEBUG org.apache.fontbox.util.autodetect.FontFileFinder.walk(FontFileFinder.java:136) checkFontfile check /usr/share/fonts/X11/misc/6x9.pcf.gz 
10 Apr 2024 15:11:53,272 DEBUG org.apache.fontbox.util.autodetect.FontFileFinder.walk(FontFileFinder.java:136) checkFontfile check /usr/share/fonts/X11/misc/5x8-ISO8859-14.pcf.gz 
10 Apr 2024 15:11:53,272 DEBUG org.apache.fontbox.util.autodetect.FontFileFinder.walk(FontFileFinder.java:136) checkFontfile check /usr/share/fonts/X11/misc/8x13-KOI8-R.pcf.gz 
10 Apr 2024 15:11:53,272 DEBUG org.apache.fontbox.util.autodetect.FontFileFinder.walk(FontFileFinder.java:136) checkFontfile check /usr/share/fonts/X11/misc/6x12-ISO8859-15.pcf.gz 
10 Apr 2024 15:11:53,273 DEBUG org.apache.fontbox.util.autodetect.FontFileFinder.walk(FontFileFinder.java:136) checkFontfile check /usr/share/fonts/X11/misc/8x13-ISO8859-5.pcf.gz 
10 Apr 2024 15:11:53,273 DEBUG org.apache.fontbox.util.autodetect.FontFileFinder.walk(FontFileFinder.java:136) checkFontfile check /usr/share/fonts/X11/misc/9x15B-ISO8859-11.pcf.gz 
10 Apr 2024 15:11:53,273 DEBUG org.apache.fontbox.util.autodetect.FontFileFinder.walk(FontFileFinder.java:136) checkFontfile check /usr/share/fonts/X11/misc/9x18-ISO8859-11.pcf.gz 
10 Apr 2024 15:11:53,273 DEBUG org.apache.fontbox.util.autodetect.FontFileFinder.walk(FontFileFinder.java:136) checkFontfile check /usr/share/fonts/X11/misc/7x14-ISO8859-3.pcf.gz 
10 Apr 2024 15:11:53,273 DEBUG org.apache.fontbox.util.autodetect.FontFileFinder.walk(FontFileFinder.java:136) checkFontfile check /usr/share/fonts/X11/misc/6x13-ISO8859-8.pcf.gz 
10 Apr 2024 15:11:53,273 DEBUG org.apache.fontbox.util.autodetect.FontFileFinder.walk(FontFileFinder.java:136) checkFontfile check /usr/share/fonts/X11/misc/4x6-ISO8859-8.pcf.gz 
10 Apr 2024 15:11:53,273 DEBUG org.apache.fontbox.util.autodetect.FontFileFinder.walk(FontFileFinder.java:136) checkFontfile check /usr/share/fonts/X11/misc/olgl10.pcf.gz 
10 Apr 2024 15:11:53,273 DEBUG org.apache.fontbox.util.autodetect.FontFileFinder.walk(FontFileFinder.java:136) checkFontfile check /usr/share/fonts/X11/misc/7x13B-ISO8859-5.pcf.gz 
10 Apr 2024 15:11:53,273 DEBUG org.apache.fontbox.util.autodetect.FontFileFinder.walk(FontFileFinder.java:136) checkFontfile check /usr/share/fonts/X11/misc/.uuid 
10 Apr 2024 15:11:53,273 DEBUG org.apache.fontbox.util.autodetect.FontFileFinder.walk(FontFileFinder.java:136) checkFontfile check /usr/share/fonts/X11/misc/clR6x12-ISO8859-13.pcf.gz 
10 Apr 2024 15:11:53,273 DEBUG org.apache.fontbox.util.autodetect.FontFileFinder.walk(FontFileFinder.java:136) checkFontfile check /usr/share/fonts/X11/misc/7x13-ISO8859-5.pcf.gz 
10 Apr 2024 15:11:53,273 DEBUG org.apache.fontbox.util.autodetect.FontFileFinder.walk(FontFileFinder.java:136) checkFontfile check /usr/share/fonts/X11/misc/clR7x8.pcf.gz 
10 Apr 2024 15:11:53,273 DEBUG org.apache.fontbox.util.autodetect.FontFileFinder.walk(FontFileFinder.java:136) checkFontfile check /usr/share/fonts/X11/misc/9x18B-ISO8859-3.pcf.gz 
10 Apr 2024 15:11:53,273 DEBUG org.apache.fontbox.util.autodetect.FontFileFinder.walk(FontFileFinder.java:136) checkFontfile check /usr/share/fonts/X11/misc/8x13.pcf.gz 
10 Apr 2024 15:11:53,274 DEBUG org.apache.fontbox.util.autodetect.FontFileFinder.walk(FontFileFinder.java:136) checkFontfile check /usr/share/fonts/X11/misc/9x18-ISO8859-1.pcf.gz 
10 Apr 2024 15:11:53,274 DEBUG org.apache.fontbox.util.autodetect.FontFileFinder.walk(FontFileFinder.java:136) checkFontfile check /usr/share/fonts/X11/misc/7x14B-ISO8859-11.pcf.gz 
10 Apr 2024 15:11:53,274 DEBUG org.apache.fontbox.util.autodetect.FontFileFinder.walk(FontFileFinder.java:136) checkFontfile check /usr/share/fonts/X11/misc/cuarabic12.pcf.gz 
10 Apr 2024 15:11:53,274 DEBUG org.apache.fontbox.util.autodetect.FontFileFinder.walk(FontFileFinder.java:136) checkFontfile check /usr/share/fonts/X11/misc/9x18B-ISO8859-7.pcf.gz 
10 Apr 2024 15:11:53,274 DEBUG org.apache.fontbox.util.autodetect.FontFileFinder.walk(FontFileFinder.java:136) checkFontfile check /usr/share/fonts/X11/misc/8x13-ISO8859-9.pcf.gz 
10 Apr 2024 15:11:53,274 DEBUG org.apache.fontbox.util.autodetect.FontFileFinder.walk(FontFileFinder.java:136) checkFontfile check /usr/share/fonts/X11/misc/7x13B-ISO8859-8.pcf.gz 
10 Apr 2024 15:11:53,274 DEBUG org.apache.fontbox.util.autodetect.FontFileFinder.walk(FontFileFinder.java:136) checkFontfile check /usr/share/fonts/X11/misc/6x13-ISO8859-9.pcf.gz 
10 Apr 2024 15:11:53,274 DEBUG org.apache.fontbox.util.autodetect.FontFileFinder.walk(FontFileFinder.java:136) checkFontfile check /usr/share/fonts/X11/misc/6x13O.pcf.gz 
10 Apr 2024 15:11:53,274 DEBUG org.apache.fontbox.util.autodetect.FontFileFinder.walk(FontFileFinder.java:136) checkFontfile check /usr/share/fonts/X11/misc/8x13O-ISO8859-7.pcf.gz 
10 Apr 2024 15:11:53,274 DEBUG org.apache.fontbox.util.autodetect.FontFileFinder.walk(FontFileFinder.java:136) checkFontfile check /usr/share/fonts/X11/misc/4x6-ISO8859-4.pcf.gz 
10 Apr 2024 15:11:53,274 DEBUG org.apache.fontbox.util.autodetect.FontFileFinder.walk(FontFileFinder.java:136) checkFontfile check /usr/share/fonts/X11/misc/9x15-ISO8859-1.pcf.gz 
10 Apr 2024 15:11:53,274 DEBUG org.apache.fontbox.util.autodetect.FontFileFinder.walk(FontFileFinder.java:136) checkFontfile check /usr/share/fonts/X11/misc/clB8x12.pcf.gz 
10 Apr 2024 15:11:53,274 DEBUG org.apache.fontbox.util.autodetect.FontFileFinder.walk(FontFileFinder.java:136) checkFontfile check /usr/share/fonts/X11/misc/8x13B.pcf.gz 
10 Apr 2024 15:11:53,274 DEBUG org.apache.fontbox.util.autodetect.FontFileFinder.walk(FontFileFinder.java:136) checkFontfile check /usr/share/fonts/X11/misc/7x13B-ISO8859-10.pcf.gz 
10 Apr 2024 15:11:53,274 DEBUG org.apache.fontbox.util.autodetect.FontFileFinder.walk(FontFileFinder.java:136) checkFontfile check /usr/share/fonts/X11/misc/9x15-ISO8859-15.pcf.gz 
10 Apr 2024 15:11:53,274 DEBUG org.apache.fontbox.util.autodetect.FontFileFinder.walk(FontFileFinder.java:136) checkFontfile check /usr/share/fonts/X11/misc/7x13O-ISO8859-15.pcf.gz 
10 Apr 2024 15:11:53,275 DEBUG org.apache.fontbox.util.autodetect.FontFileFinder.walk(FontFileFinder.java:136) checkFontfile check /usr/share/fonts/X11/misc/8x13O-ISO8859-2.pcf.gz 
10 Apr 2024 15:11:53,275 DEBUG org.apache.fontbox.util.autodetect.FontFileFinder.walk(FontFileFinder.java:136) checkFontfile check /usr/share/fonts/X11/misc/5x7-ISO8859-16.pcf.gz 
10 Apr 2024 15:11:53,275 DEBUG org.apache.fontbox.util.autodetect.FontFileFinder.walk(FontFileFinder.java:136) checkFontfile check /usr/share/fonts/X11/misc/6x12-ISO8859-13.pcf.gz 
10 Apr 2024 15:11:53,275 DEBUG org.apache.fontbox.util.autodetect.FontFileFinder.walk(FontFileFinder.java:136) checkFontfile check /usr/share/fonts/X11/misc/8x13B-ISO8859-2.pcf.gz 
10 Apr 2024 15:11:53,275 DEBUG org.apache.fontbox.util.autodetect.FontFileFinder.walk(FontFileFinder.java:136) checkFontfile check /usr/share/fonts/X11/misc/8x13B-ISO8859-16.pcf.gz 
10 Apr 2024 15:11:53,275 DEBUG org.apache.fontbox.util.autodetect.FontFileFinder.walk(FontFileFinder.java:136) checkFontfile check /usr/share/fonts/X11/misc/5x8-ISO8859-15.pcf.gz 
10 Apr 2024 15:11:53,275 DEBUG org.apache.fontbox.util.autodetect.FontFileFinder.walk(FontFileFinder.java:136) checkFontfile check /usr/share/fonts/X11/misc/7x13-ISO8859-1.pcf.gz 
10 Apr 2024 15:11:53,275 DEBUG org.apache.fontbox.util.autodetect.FontFileFinder.walk(FontFileFinder.java:136) checkFontfile check /usr/share/fonts/X11/misc/6x13O-ISO8859-7.pcf.gz 
10 Apr 2024 15:11:53,275 DEBUG org.apache.fontbox.util.autodetect.FontFileFinder.walk(FontFileFinder.java:136) checkFontfile check /usr/share/fonts/X11/misc/clB6x10.pcf.gz 
10 Apr 2024 15:11:53,275 DEBUG org.apache.fontbox.util.autodetect.FontFileFinder.walk(FontFileFinder.java:136) checkFontfile check /usr/share/fonts/X11/misc/olgl12.pcf.gz 
10 Apr 2024 15:11:53,275 DEBUG org.apache.fontbox.util.autodetect.FontFileFinder.walk(FontFileFinder.java:136) checkFontfile check /usr/share/fonts/X11/misc/6x13B-ISO8859-14.pcf.gz 
10 Apr 2024 15:11:53,275 DEBUG org.apache.fontbox.util.autodetect.FontFileFinder.walk(FontFileFinder.java:136) checkFontfile check /usr/share/fonts/X11/misc/6x12-ISO8859-1.pcf.gz 
10 Apr 2024 15:11:53,275 DEBUG org.apache.fontbox.util.autodetect.FontFileFinder.walk(FontFileFinder.java:136) checkFontfile check /usr/share/fonts/X11/misc/5x7-ISO8859-14.pcf.gz 
10 Apr 2024 15:11:53,276 DEBUG org.apache.fontbox.util.autodetect.FontFileFinder.walk(FontFileFinder.java:136) checkFontfile check /usr/share/fonts/X11/misc/7x14-ISO8859-14.pcf.gz 
10 Apr 2024 15:11:53,276 DEBUG org.apache.fontbox.util.autodetect.FontFileFinder.walk(FontFileFinder.java:136) checkFontfile check /usr/share/fonts/X11/misc/18x18ko.pcf.gz 
10 Apr 2024 15:11:53,276 DEBUG org.apache.fontbox.util.autodetect.FontFileFinder.walk(FontFileFinder.java:136) checkFontfile check /usr/share/fonts/X11/misc/hanglm24.pcf.gz 
10 Apr 2024 15:11:53,276 DEBUG org.apache.fontbox.util.autodetect.FontFileFinder.walk(FontFileFinder.java:136) checkFontfile check /usr/share/fonts/X11/misc/8x13-ISO8859-16.pcf.gz 
10 Apr 2024 15:11:53,276 DEBUG org.apache.fontbox.util.autodetect.FontFileFinder.walk(FontFileFinder.java:136) checkFontfile check /usr/share/fonts/X11/misc/9x15-ISO8859-3.pcf.gz 
10 Apr 2024 15:11:53,276 DEBUG org.apache.fontbox.util.autodetect.FontFileFinder.walk(FontFileFinder.java:136) checkFontfile check /usr/share/fonts/X11/misc/7x14B-ISO8859-16.pcf.gz 
10 Apr 2024 15:11:53,276 DEBUG org.apache.fontbox.util.autodetect.FontFileFinder.walk(FontFileFinder.java:136) checkFontfile check /usr/share/fonts/X11/misc/6x13-ISO8859-3.pcf.gz 
10 Apr 2024 15:11:53,276 DEBUG org.apache.fontbox.util.autodetect.FontFileFinder.walk(FontFileFinder.java:136) checkFontfile check /usr/share/fonts/X11/misc/9x15B-ISO8859-8.pcf.gz 
10 Apr 2024 15:11:53,276 DEBUG org.apache.fontbox.util.autodetect.FontFileFinder.walk(FontFileFinder.java:136) checkFontfile check /usr/share/fonts/X11/misc/6x13O-ISO8859-5.pcf.gz 
10 Apr 2024 15:11:53,277 DEBUG org.apache.fontbox.util.autodetect.FontFileFinder.walk(FontFileFinder.java:136) checkFontfile check /usr/share/fonts/X11/misc/8x13B-ISO8859-10.pcf.gz 
10 Apr 2024 15:11:53,277 DEBUG org.apache.fontbox.util.autodetect.FontFileFinder.walk(FontFileFinder.java:136) checkFontfile check /usr/share/fonts/X11/misc/5x7-ISO8859-13.pcf.gz 
10 Apr 2024 15:11:53,277 DEBUG org.apache.fontbox.util.autodetect.FontFileFinder.walk(FontFileFinder.java:136) checkFontfile check /usr/share/fonts/X11/misc/7x13O-ISO8859-13.pcf.gz 
10 Apr 2024 15:11:53,277 DEBUG org.apache.fontbox.util.autodetect.FontFileFinder.walk(FontFileFinder.java:136) checkFontfile check /usr/share/fonts/X11/misc/9x15-ISO8859-7.pcf.gz 
10 Apr 2024 15:11:53,277 DEBUG org.apache.fontbox.util.autodetect.FontFileFinder.walk(FontFileFinder.java:136) checkFontfile check /usr/share/fonts/X11/misc/18x18ja.pcf.gz 
10 Apr 2024 15:11:53,277 DEBUG org.apache.fontbox.util.autodetect.FontFileFinder.walk(FontFileFinder.java:136) checkFontfile check /usr/share/fonts/X11/misc/10x20-ISO8859-8.pcf.gz 
10 Apr 2024 15:11:53,277 DEBUG org.apache.fontbox.util.autodetect.FontFileFinder.walk(FontFileFinder.java:136) checkFontfile check /usr/share/fonts/X11/misc/cu-alt12.pcf.gz 
10 Apr 2024 15:11:53,277 DEBUG org.apache.fontbox.util.autodetect.FontFileFinder.walk(FontFileFinder.java:136) checkFontfile check /usr/share/fonts/X11/misc/5x8.pcf.gz 
10 Apr 2024 15:11:53,277 DEBUG org.apache.fontbox.util.autodetect.FontFileFinder.walk(FontFileFinder.java:136) checkFontfile check /usr/share/fonts/X11/misc/6x13-ISO8859-13.pcf.gz 
10 Apr 2024 15:11:53,278 DEBUG org.apache.fontbox.util.autodetect.FontFileFinder.walk(FontFileFinder.java:136) checkFontfile check /usr/share/fonts/X11/misc/clR5x8.pcf.gz 
10 Apr 2024 15:11:53,278 DEBUG org.apache.fontbox.util.autodetect.FontFileFinder.walk(FontFileFinder.java:136) checkFontfile check /usr/share/fonts/X11/misc/cu-lig12.pcf.gz 
10 Apr 2024 15:11:53,278 DEBUG org.apache.fontbox.util.autodetect.FontFileFinder.walk(FontFileFinder.java:136) checkFontfile check /usr/share/fonts/X11/misc/olgl14.pcf.gz 
10 Apr 2024 15:11:53,278 DEBUG org.apache.fontbox.util.autodetect.FontFileFinder.walk(FontFileFinder.java:136) checkFontfile check /usr/share/fonts/X11/misc/7x13O-ISO8859-10.pcf.gz 
10 Apr 2024 15:11:53,278 DEBUG org.apache.fontbox.util.autodetect.FontFileFinder.walk(FontFileFinder.java:136) checkFontfile check /usr/share/fonts/X11/misc/7x13-KOI8-R.pcf.gz 
10 Apr 2024 15:11:53,278 DEBUG org.apache.fontbox.util.autodetect.FontFileFinder.walk(FontFileFinder.java:136) checkFontfile check /usr/share/fonts/X11/misc/4x6-ISO8859-1.pcf.gz 
10 Apr 2024 15:11:53,278 DEBUG org.apache.fontbox.util.autodetect.FontFileFinder.walk(FontFileFinder.java:136) checkFontfile check /usr/share/fonts/X11/misc/7x13B-ISO8859-15.pcf.gz 
10 Apr 2024 15:11:53,278 DEBUG org.apache.fontbox.util.autodetect.FontFileFinder.walk(FontFileFinder.java:136) checkFontfile check /usr/share/fonts/X11/misc/6x13O-ISO8859-16.pcf.gz 
10 Apr 2024 15:11:53,278 DEBUG org.apache.fontbox.util.autodetect.FontFileFinder.walk(FontFileFinder.java:136) checkFontfile check /usr/share/fonts/X11/misc/micro.pcf.gz 
10 Apr 2024 15:11:53,278 DEBUG org.apache.fontbox.util.autodetect.FontFileFinder.walk(FontFileFinder.java:136) checkFontfile check /usr/share/fonts/X11/misc/clR4x6.pcf.gz 
10 Apr 2024 15:11:53,278 DEBUG org.apache.fontbox.util.autodetect.FontFileFinder.walk(FontFileFinder.java:136) checkFontfile check /usr/share/fonts/X11/misc/7x14B-ISO8859-9.pcf.gz 
10 Apr 2024 15:11:53,279 DEBUG org.apache.fontbox.util.autodetect.FontFileFinder.walk(FontFileFinder.java:136) checkFontfile check /usr/share/fonts/X11/misc/9x18B-ISO8859-13.pcf.gz 
10 Apr 2024 15:11:53,279 DEBUG org.apache.fontbox.util.autodetect.FontFileFinder.walk(FontFileFinder.java:136) checkFontfile check /usr/share/fonts/X11/misc/6x13B-ISO8859-13.pcf.gz 
10 Apr 2024 15:11:53,279 DEBUG org.apache.fontbox.util.autodetect.FontFileFinder.walk(FontFileFinder.java:136) checkFontfile check /usr/share/fonts/X11/misc/clR7x14.pcf.gz 
10 Apr 2024 15:11:53,279 DEBUG org.apache.fontbox.util.autodetect.FontFileFinder.walk(FontFileFinder.java:136) checkFontfile check /usr/share/fonts/X11/misc/8x13-ISO8859-8.pcf.gz 
10 Apr 2024 15:11:53,279 DEBUG org.apache.fontbox.util.autodetect.FontFileFinder.walk(FontFileFinder.java:136) checkFontfile check /usr/share/fonts/X11/misc/8x13O.pcf.gz 
10 Apr 2024 15:11:53,279 DEBUG org.apache.fontbox.util.autodetect.FontFileFinder.walk(FontFileFinder.java:136) checkFontfile check /usr/share/fonts/X11/misc/8x13B-ISO8859-14.pcf.gz 
10 Apr 2024 15:11:53,279 DEBUG org.apache.fontbox.util.autodetect.FontFileFinder.walk(FontFileFinder.java:136) checkFontfile check /usr/share/fonts/X11/misc/7x14-KOI8-R.pcf.gz 
10 Apr 2024 15:11:53,279 DEBUG org.apache.fontbox.util.autodetect.FontFileFinder.walk(FontFileFinder.java:136) checkFontfile check /usr/share/fonts/X11/misc/7x14B-ISO8859-1.pcf.gz 
10 Apr 2024 15:11:53,279 DEBUG org.apache.fontbox.util.autodetect.FontFileFinder.walk(FontFileFinder.java:136) checkFontfile check /usr/share/fonts/X11/misc/9x18-ISO8859-5.pcf.gz 
10 Apr 2024 15:11:53,279 DEBUG org.apache.fontbox.util.autodetect.FontFileFinder.walk(FontFileFinder.java:136) checkFontfile check /usr/share/fonts/X11/misc/6x13B-ISO8859-5.pcf.gz 
10 Apr 2024 15:11:53,279 DEBUG org.apache.fontbox.util.autodetect.FontFileFinder.walk(FontFileFinder.java:136) checkFontfile check /usr/share/fonts/X11/misc/clI8x8.pcf.gz 
10 Apr 2024 15:11:53,279 DEBUG org.apache.fontbox.util.autodetect.FontFileFinder.walk(FontFileFinder.java:136) checkFontfile check /usr/share/fonts/X11/misc/7x14B-ISO8859-4.pcf.gz 
10 Apr 2024 15:11:53,279 DEBUG org.apache.fontbox.util.autodetect.FontFileFinder.walk(FontFileFinder.java:136) checkFontfile check /usr/share/fonts/X11/misc/7x13-ISO8859-14.pcf.gz 
10 Apr 2024 15:11:53,279 DEBUG org.apache.fontbox.util.autodetect.FontFileFinder.walk(FontFileFinder.java:136) checkFontfile check /usr/share/fonts/X11/misc/clR6x10.pcf.gz 
10 Apr 2024 15:11:53,280 DEBUG org.apache.fontbox.util.autodetect.FontFileFinder.walk(FontFileFinder.java:136) checkFontfile check /usr/share/fonts/X11/misc/5x7-ISO8859-1.pcf.gz 
10 Apr 2024 15:11:53,280 DEBUG org.apache.fontbox.util.autodetect.FontFileFinder.walk(FontFileFinder.java:136) checkFontfile check /usr/share/fonts/X11/misc/5x8-ISO8859-3.pcf.gz 
10 Apr 2024 15:11:53,280 DEBUG org.apache.fontbox.util.autodetect.FontFileFinder.walk(FontFileFinder.java:136) checkFontfile check /usr/share/fonts/X11/misc/6x12-ISO8859-2.pcf.gz 
10 Apr 2024 15:11:53,280 DEBUG org.apache.fontbox.util.autodetect.FontFileFinder.walk(FontFileFinder.java:136) checkFontfile check /usr/share/fonts/X11/misc/cu-pua12.pcf.gz 
10 Apr 2024 15:11:53,280 DEBUG org.apache.fontbox.util.autodetect.FontFileFinder.walk(FontFileFinder.java:136) checkFontfile check /usr/share/fonts/X11/misc/7x14-ISO8859-4.pcf.gz 
10 Apr 2024 15:11:53,280 DEBUG org.apache.fontbox.util.autodetect.FontFileFinder.walk(FontFileFinder.java:136) checkFontfile check /usr/share/fonts/X11/misc/decsess.pcf.gz 
10 Apr 2024 15:11:53,280 DEBUG org.apache.fontbox.util.autodetect.FontFileFinder.walk(FontFileFinder.java:136) checkFontfile check /usr/share/fonts/X11/misc/10x20-ISO8859-16.pcf.gz 
10 Apr 2024 15:11:53,280 DEBUG org.apache.fontbox.util.autodetect.FontFileFinder.walk(FontFileFinder.java:136) checkFontfile check /usr/share/fonts/X11/misc/6x10-KOI8-R.pcf.gz 
10 Apr 2024 15:11:53,280 DEBUG org.apache.fontbox.util.autodetect.FontFileFinder.walk(FontFileFinder.java:136) checkFontfile check /usr/share/fonts/X11/misc/9x15B-ISO8859-14.pcf.gz 
10 Apr 2024 15:11:53,280 DEBUG org.apache.fontbox.util.autodetect.FontFileFinder.walk(FontFileFinder.java:136) checkFontfile check /usr/share/fonts/X11/misc/5x8-ISO8859-1.pcf.gz 
10 Apr 2024 15:11:53,280 DEBUG org.apache.fontbox.util.autodetect.FontFileFinder.walk(FontFileFinder.java:136) checkFontfile check /usr/share/fonts/X11/misc/5x8-ISO8859-5.pcf.gz 
10 Apr 2024 15:11:53,280 DEBUG org.apache.fontbox.util.autodetect.FontFileFinder.walk(FontFileFinder.java:136) checkFontfile check /usr/share/fonts/X11/misc/clR8x14.pcf.gz 
10 Apr 2024 15:11:53,281 DEBUG org.apache.fontbox.util.autodetect.FontFileFinder.walk(FontFileFinder.java:136) checkFontfile check /usr/share/fonts/X11/misc/8x13O-ISO8859-5.pcf.gz 
10 Apr 2024 15:11:53,281 DEBUG org.apache.fontbox.util.autodetect.FontFileFinder.walk(FontFileFinder.java:136) checkFontfile check /usr/share/fonts/X11/misc/6x13-ISO8859-7.pcf.gz 
10 Apr 2024 15:11:53,281 DEBUG org.apache.fontbox.util.autodetect.FontFileFinder.walk(FontFileFinder.java:136) checkFontfile check /usr/share/fonts/X11/misc/5x7-ISO8859-7.pcf.gz 
10 Apr 2024 15:11:53,281 DEBUG org.apache.fontbox.util.autodetect.FontFileFinder.walk(FontFileFinder.java:136) checkFontfile check /usr/share/fonts/X11/misc/9x15B-ISO8859-1.pcf.gz 
10 Apr 2024 15:11:53,281 DEBUG org.apache.fontbox.util.autodetect.FontFileFinder.walk(FontFileFinder.java:136) checkFontfile check /usr/share/fonts/X11/misc/9x18B-ISO8859-14.pcf.gz 
10 Apr 2024 15:11:53,281 DEBUG org.apache.fontbox.util.autodetect.FontFileFinder.walk(FontFileFinder.java:136) checkFontfile check /usr/share/fonts/X11/misc/hanglg16.pcf.gz 
10 Apr 2024 15:11:53,281 DEBUG org.apache.fontbox.util.autodetect.FontFileFinder.walk(FontFileFinder.java:136) checkFontfile check /usr/share/fonts/X11/misc/6x13B-ISO8859-4.pcf.gz 
10 Apr 2024 15:11:53,281 DEBUG org.apache.fontbox.util.autodetect.FontFileFinder.walk(FontFileFinder.java:136) checkFontfile check /usr/share/fonts/X11/misc/6x13B-ISO8859-15.pcf.gz 
10 Apr 2024 15:11:53,281 DEBUG org.apache.fontbox.util.autodetect.FontFileFinder.walk(FontFileFinder.java:136) checkFontfile check /usr/share/fonts/X11/misc/clR6x12-ISO8859-14.pcf.gz 
10 Apr 2024 15:11:53,281 DEBUG org.apache.fontbox.util.autodetect.FontFileFinder.walk(FontFileFinder.java:136) checkFontfile check /usr/share/fonts/X11/misc/6x13O-ISO8859-14.pcf.gz 
10 Apr 2024 15:11:53,281 DEBUG org.apache.fontbox.util.autodetect.FontFileFinder.walk(FontFileFinder.java:136) checkFontfile check /usr/share/fonts/X11/misc/9x18-ISO8859-9.pcf.gz 
10 Apr 2024 15:11:53,281 DEBUG org.apache.fontbox.util.autodetect.FontFileFinder.walk(FontFileFinder.java:136) checkFontfile check /usr/share/fonts/X11/misc/7x13O-ISO8859-7.pcf.gz 
10 Apr 2024 15:11:53,281 DEBUG org.apache.fontbox.util.autodetect.FontFileFinder.walk(FontFileFinder.java:136) checkFontfile check /usr/share/fonts/X11/misc/9x15B-ISO8859-5.pcf.gz 
10 Apr 2024 15:11:53,281 DEBUG org.apache.fontbox.util.autodetect.FontFileFinder.walk(FontFileFinder.java:136) checkFontfile check /usr/share/fonts/X11/misc/7x14-ISO8859-13.pcf.gz 
10 Apr 2024 15:11:53,282 DEBUG org.apache.fontbox.util.autodetect.FontFileFinder.walk(FontFileFinder.java:136) checkFontfile check /usr/share/fonts/X11/misc/6x13.pcf.gz 
10 Apr 2024 15:11:53,282 DEBUG org.apache.fontbox.util.autodetect.FontFileFinder.walk(FontFileFinder.java:136) checkFontfile check /usr/share/fonts/X11/misc/6x9-ISO8859-8.pcf.gz 
10 Apr 2024 15:11:53,282 DEBUG org.apache.fontbox.util.autodetect.FontFileFinder.walk(FontFileFinder.java:136) checkFontfile check /usr/share/fonts/X11/misc/9x18-ISO8859-4.pcf.gz 
10 Apr 2024 15:11:53,282 DEBUG org.apache.fontbox.util.autodetect.FontFileFinder.walk(FontFileFinder.java:136) checkFontfile check /usr/share/fonts/X11/misc/clI6x12.pcf.gz 
10 Apr 2024 15:11:53,282 DEBUG org.apache.fontbox.util.autodetect.FontFileFinder.walk(FontFileFinder.java:136) checkFontfile check /usr/share/fonts/X11/misc/7x14B-ISO8859-14.pcf.gz 
10 Apr 2024 15:11:53,282 DEBUG org.apache.fontbox.util.autodetect.FontFileFinder.walk(FontFileFinder.java:136) checkFontfile check /usr/share/fonts/X11/misc/clR5x6.pcf.gz 
10 Apr 2024 15:11:53,282 DEBUG org.apache.fontbox.util.autodetect.FontFileFinder.walk(FontFileFinder.java:136) checkFontfile check /usr/share/fonts/X11/misc/hanglm16.pcf.gz 
10 Apr 2024 15:11:53,282 DEBUG org.apache.fontbox.util.autodetect.FontFileFinder.walk(FontFileFinder.java:136) checkFontfile check /usr/share/fonts/X11/misc/9x18B-ISO8859-5.pcf.gz 
10 Apr 2024 15:11:53,282 DEBUG org.apache.fontbox.util.autodetect.FontFileFinder.walk(FontFileFinder.java:136) checkFontfile check /usr/share/fonts/X11/misc/6x13B-ISO8859-10.pcf.gz 
10 Apr 2024 15:11:53,282 DEBUG org.apache.fontbox.util.autodetect.FontFileFinder.walk(FontFileFinder.java:136) checkFontfile check /usr/share/fonts/X11/misc/9x18-ISO8859-15.pcf.gz 
10 Apr 2024 15:11:53,282 DEBUG org.apache.fontbox.util.autodetect.FontFileFinder.walk(FontFileFinder.java:136) checkFontfile check /usr/share/fonts/X11/misc/7x13.pcf.gz 
10 Apr 2024 15:11:53,282 DEBUG org.apache.fontbox.util.autodetect.FontFileFinder.walk(FontFileFinder.java:136) checkFontfile check /usr/share/fonts/X11/misc/olcursor.pcf.gz 
10 Apr 2024 15:11:53,282 DEBUG org.apache.fontbox.util.autodetect.FontFileFinder.walk(FontFileFinder.java:136) checkFontfile check /usr/share/fonts/X11/misc/6x13-ISO8859-11.pcf.gz 
10 Apr 2024 15:11:53,282 DEBUG org.apache.fontbox.util.autodetect.FontFileFinder.walk(FontFileFinder.java:136) checkFontfile check /usr/share/fonts/X11/misc/10x20-KOI8-R.pcf.gz 
10 Apr 2024 15:11:53,282 DEBUG org.apache.fontbox.util.autodetect.FontFileFinder.walk(FontFileFinder.java:136) checkFontfile check /usr/share/fonts/X11/misc/8x13O-ISO8859-1.pcf.gz 
10 Apr 2024 15:11:53,282 DEBUG org.apache.fontbox.util.autodetect.FontFileFinder.walk(FontFileFinder.java:136) checkFontfile check /usr/share/fonts/X11/misc/8x13O-ISO8859-16.pcf.gz 
10 Apr 2024 15:11:53,283 DEBUG org.apache.fontbox.util.autodetect.FontFileFinder.walk(FontFileFinder.java:136) checkFontfile check /usr/share/fonts/X11/misc/10x20-ISO8859-1.pcf.gz 
10 Apr 2024 15:11:53,283 DEBUG org.apache.fontbox.util.autodetect.FontFileFinder.walk(FontFileFinder.java:136) checkFontfile check /usr/share/fonts/X11/misc/6x12-ISO8859-4.pcf.gz 
10 Apr 2024 15:11:53,283 DEBUG org.apache.fontbox.util.autodetect.FontFileFinder.walk(FontFileFinder.java:136) checkFontfile check /usr/share/fonts/X11/misc/9x18B-ISO8859-10.pcf.gz 
10 Apr 2024 15:11:53,283 DEBUG org.apache.fontbox.util.autodetect.FontFileFinder.walk(FontFileFinder.java:136) checkFontfile check /usr/share/fonts/X11/misc/4x6-ISO8859-2.pcf.gz 
10 Apr 2024 15:11:53,283 DEBUG org.apache.fontbox.util.autodetect.FontFileFinder.walk(FontFileFinder.java:136) checkFontfile check /usr/share/fonts/X11/misc/6x9-KOI8-R.pcf.gz 
10 Apr 2024 15:11:53,283 DEBUG org.apache.fontbox.util.autodetect.FontFileFinder.walk(FontFileFinder.java:136) checkFontfile check /usr/share/fonts/X11/misc/6x13O-ISO8859-13.pcf.gz 
10 Apr 2024 15:11:53,283 DEBUG org.apache.fontbox.util.autodetect.FontFileFinder.walk(FontFileFinder.java:136) checkFontfile check /usr/share/fonts/X11/misc/6x10-ISO8859-3.pcf.gz 
10 Apr 2024 15:11:53,283 DEBUG org.apache.fontbox.util.autodetect.FontFileFinder.walk(FontFileFinder.java:136) checkFontfile check /usr/share/fonts/X11/misc/6x13-ISO8859-15.pcf.gz 
10 Apr 2024 15:11:53,283 DEBUG org.apache.fontbox.util.autodetect.FontFileFinder.walk(FontFileFinder.java:136) checkFontfile check /usr/share/fonts/X11/misc/9x15-ISO8859-13.pcf.gz 
10 Apr 2024 15:11:53,283 DEBUG org.apache.fontbox.util.autodetect.FontFileFinder.walk(FontFileFinder.java:136) checkFontfile check /usr/share/fonts/X11/misc/clR6x12-ISO8859-15.pcf.gz 
10 Apr 2024 15:11:53,283 DEBUG org.apache.fontbox.util.autodetect.FontFileFinder.walk(FontFileFinder.java:136) checkFontfile check /usr/share/fonts/X11/misc/6x9-ISO8859-1.pcf.gz 
10 Apr 2024 15:11:53,283 DEBUG org.apache.fontbox.util.autodetect.FontFileFinder.walk(FontFileFinder.java:136) checkFontfile check /usr/share/fonts/X11/misc/9x15-ISO8859-14.pcf.gz 
10 Apr 2024 15:11:53,284 DEBUG org.apache.fontbox.util.autodetect.FontFileFinder.walk(FontFileFinder.java:136) checkFontfile check /usr/share/fonts/X11/misc/7x14B.pcf.gz 
10 Apr 2024 15:11:53,284 DEBUG org.apache.fontbox.util.autodetect.FontFileFinder.walk(FontFileFinder.java:136) checkFontfile check /usr/share/fonts/X11/misc/6x9-ISO8859-10.pcf.gz 
10 Apr 2024 15:11:53,284 DEBUG org.apache.fontbox.util.autodetect.FontFileFinder.walk(FontFileFinder.java:136) checkFontfile check /usr/share/fonts/X11/misc/clR6x8.pcf.gz 
10 Apr 2024 15:11:53,284 DEBUG org.apache.fontbox.util.autodetect.FontFileFinder.walk(FontFileFinder.java:136) checkFontfile check /usr/share/fonts/X11/misc/8x13O-ISO8859-10.pcf.gz 
10 Apr 2024 15:11:53,284 DEBUG org.apache.fontbox.util.autodetect.FontFileFinder.walk(FontFileFinder.java:136) checkFontfile check /usr/share/fonts/X11/misc/clR8x12.pcf.gz 
10 Apr 2024 15:11:53,284 DEBUG org.apache.fontbox.util.autodetect.FontFileFinder.walk(FontFileFinder.java:136) checkFontfile check /usr/share/fonts/X11/misc/7x13O-ISO8859-14.pcf.gz 
10 Apr 2024 15:11:53,284 DEBUG org.apache.fontbox.util.autodetect.FontFileFinder.walk(FontFileFinder.java:136) checkFontfile check /usr/share/fonts/X11/misc/7x14B-ISO8859-5.pcf.gz 
10 Apr 2024 15:11:53,284 DEBUG org.apache.fontbox.util.autodetect.FontFileFinder.walk(FontFileFinder.java:136) checkFontfile check /usr/share/fonts/X11/misc/7x13-ISO8859-11.pcf.gz 
10 Apr 2024 15:11:53,284 DEBUG org.apache.fontbox.util.autodetect.FontFileFinder.walk(FontFileFinder.java:136) checkFontfile check /usr/share/fonts/X11/misc/7x14-ISO8859-16.pcf.gz 
10 Apr 2024 15:11:53,284 DEBUG org.apache.fontbox.util.autodetect.FontFileFinder.walk(FontFileFinder.java:136) checkFontfile check /usr/share/fonts/X11/misc/8x13B-ISO8859-8.pcf.gz 
10 Apr 2024 15:11:53,284 DEBUG org.apache.fontbox.util.autodetect.FontFileFinder.walk(FontFileFinder.java:136) checkFontfile check /usr/share/fonts/X11/misc/9x15B-ISO8859-7.pcf.gz 
10 Apr 2024 15:11:53,284 DEBUG org.apache.fontbox.util.autodetect.FontFileFinder.walk(FontFileFinder.java:136) checkFontfile check /usr/share/fonts/X11/misc/10x20-ISO8859-3.pcf.gz 
10 Apr 2024 15:11:53,284 DEBUG org.apache.fontbox.util.autodetect.FontFileFinder.walk(FontFileFinder.java:136) checkFontfile check /usr/share/fonts/X11/misc/10x20-ISO8859-13.pcf.gz 
10 Apr 2024 15:11:53,284 DEBUG org.apache.fontbox.util.autodetect.FontFileFinder.walk(FontFileFinder.java:136) checkFontfile check /usr/share/fonts/X11/misc/7x14-JISX0201.1976-0.pcf.gz 
10 Apr 2024 15:11:53,284 DEBUG org.apache.fontbox.util.autodetect.FontFileFinder.walk(FontFileFinder.java:136) checkFontfile check /usr/share/fonts/X11/misc/cu-devnag12.pcf.gz 
10 Apr 2024 15:11:53,285 DEBUG org.apache.fontbox.util.autodetect.FontFileFinder.walk(FontFileFinder.java:136) checkFontfile check /usr/share/fonts/X11/misc/7x14-ISO8859-9.pcf.gz 
10 Apr 2024 15:11:53,285 DEBUG org.apache.fontbox.util.autodetect.FontFileFinder.walk(FontFileFinder.java:136) checkFontfile check /usr/share/fonts/X11/misc/jiskan24.pcf.gz 
10 Apr 2024 15:11:53,285 DEBUG org.apache.fontbox.util.autodetect.FontFileFinder.walk(FontFileFinder.java:136) checkFontfile check /usr/share/fonts/X11/misc/clR5x10.pcf.gz 
10 Apr 2024 15:11:53,285 DEBUG org.apache.fontbox.util.autodetect.FontFileFinder.walk(FontFileFinder.java:136) checkFontfile check /usr/share/fonts/X11/misc/10x20-ISO8859-5.pcf.gz 
10 Apr 2024 15:11:53,285 DEBUG org.apache.fontbox.util.autodetect.FontFileFinder.walk(FontFileFinder.java:136) checkFontfile check /usr/share/fonts/X11/misc/6x9-ISO8859-15.pcf.gz 
10 Apr 2024 15:11:53,285 DEBUG org.apache.fontbox.util.autodetect.FontFileFinder.walk(FontFileFinder.java:136) checkFontfile check /usr/share/fonts/X11/misc/9x15B-ISO8859-15.pcf.gz 
10 Apr 2024 15:11:53,285 DEBUG org.apache.fontbox.util.autodetect.FontFileFinder.walk(FontFileFinder.java:136) checkFontfile check /usr/share/fonts/X11/misc/4x6-ISO8859-13.pcf.gz 
10 Apr 2024 15:11:53,285 DEBUG org.apache.fontbox.util.autodetect.FontFileFinder.walk(FontFileFinder.java:136) checkFontfile check /usr/share/fonts/X11/misc/9x15-ISO8859-4.pcf.gz 
10 Apr 2024 15:11:53,285 DEBUG org.apache.fontbox.util.autodetect.FontFileFinder.walk(FontFileFinder.java:136) checkFontfile check /usr/share/fonts/X11/misc/clR6x13.pcf.gz 
10 Apr 2024 15:11:53,285 DEBUG org.apache.fontbox.util.autodetect.FontFileFinder.walk(FontFileFinder.java:136) checkFontfile check /usr/share/fonts/X11/Type1/c0583bt_.pfb 
10 Apr 2024 15:11:53,285 DEBUG org.apache.fontbox.util.autodetect.FontFileFinder.walk(FontFileFinder.java:142) checkFontfile found /usr/share/fonts/X11/Type1/c0583bt_.pfb 
10 Apr 2024 15:11:53,285 DEBUG org.apache.fontbox.util.autodetect.FontFileFinder.walk(FontFileFinder.java:136) checkFontfile check /usr/share/fonts/X11/Type1/fonts.scale 
10 Apr 2024 15:11:53,285 DEBUG org.apache.fontbox.util.autodetect.FontFileFinder.walk(FontFileFinder.java:136) checkFontfile check /usr/share/fonts/X11/Type1/c0582bt_.pfb 
10 Apr 2024 15:11:53,286 DEBUG org.apache.fontbox.util.autodetect.FontFileFinder.walk(FontFileFinder.java:142) checkFontfile found /usr/share/fonts/X11/Type1/c0582bt_.pfb 
10 Apr 2024 15:11:53,286 DEBUG org.apache.fontbox.util.autodetect.FontFileFinder.walk(FontFileFinder.java:136) checkFontfile check /usr/share/fonts/X11/Type1/encodings.dir 
10 Apr 2024 15:11:53,286 DEBUG org.apache.fontbox.util.autodetect.FontFileFinder.walk(FontFileFinder.java:136) checkFontfile check /usr/share/fonts/X11/Type1/c0611bt_.pfb 
10 Apr 2024 15:11:53,286 DEBUG org.apache.fontbox.util.autodetect.FontFileFinder.walk(FontFileFinder.java:142) checkFontfile found /usr/share/fonts/X11/Type1/c0611bt_.pfb 
10 Apr 2024 15:11:53,286 DEBUG org.apache.fontbox.util.autodetect.FontFileFinder.walk(FontFileFinder.java:136) checkFontfile check /usr/share/fonts/X11/Type1/c0633bt_.afm 
10 Apr 2024 15:11:53,286 DEBUG org.apache.fontbox.util.autodetect.FontFileFinder.walk(FontFileFinder.java:136) checkFontfile check /usr/share/fonts/X11/Type1/fonts.dir 
10 Apr 2024 15:11:53,286 DEBUG org.apache.fontbox.util.autodetect.FontFileFinder.walk(FontFileFinder.java:136) checkFontfile check /usr/share/fonts/X11/Type1/c0633bt_.pfb 
10 Apr 2024 15:11:53,286 DEBUG org.apache.fontbox.util.autodetect.FontFileFinder.walk(FontFileFinder.java:142) checkFontfile found /usr/share/fonts/X11/Type1/c0633bt_.pfb 
10 Apr 2024 15:11:53,286 DEBUG org.apache.fontbox.util.autodetect.FontFileFinder.walk(FontFileFinder.java:136) checkFontfile check /usr/share/fonts/X11/Type1/c0632bt_.pfb 
10 Apr 2024 15:11:53,286 DEBUG org.apache.fontbox.util.autodetect.FontFileFinder.walk(FontFileFinder.java:142) checkFontfile found /usr/share/fonts/X11/Type1/c0632bt_.pfb 
10 Apr 2024 15:11:53,287 DEBUG org.apache.fontbox.util.autodetect.FontFileFinder.walk(FontFileFinder.java:136) checkFontfile check /usr/share/fonts/X11/Type1/c0611bt_.afm 
10 Apr 2024 15:11:53,287 DEBUG org.apache.fontbox.util.autodetect.FontFileFinder.walk(FontFileFinder.java:136) checkFontfile check /usr/share/fonts/X11/Type1/c0583bt_.afm 
10 Apr 2024 15:11:53,287 DEBUG org.apache.fontbox.util.autodetect.FontFileFinder.walk(FontFileFinder.java:136) checkFontfile check /usr/share/fonts/X11/Type1/c0648bt_.afm 
10 Apr 2024 15:11:53,287 DEBUG org.apache.fontbox.util.autodetect.FontFileFinder.walk(FontFileFinder.java:136) checkFontfile check /usr/share/fonts/X11/Type1/c0419bt_.pfb 
10 Apr 2024 15:11:53,287 DEBUG org.apache.fontbox.util.autodetect.FontFileFinder.walk(FontFileFinder.java:142) checkFontfile found /usr/share/fonts/X11/Type1/c0419bt_.pfb 
10 Apr 2024 15:11:53,287 DEBUG org.apache.fontbox.util.autodetect.FontFileFinder.walk(FontFileFinder.java:136) checkFontfile check /usr/share/fonts/X11/Type1/c0632bt_.afm 
10 Apr 2024 15:11:53,287 DEBUG org.apache.fontbox.util.autodetect.FontFileFinder.walk(FontFileFinder.java:136) checkFontfile check /usr/share/fonts/X11/Type1/.uuid 
10 Apr 2024 15:11:53,287 DEBUG org.apache.fontbox.util.autodetect.FontFileFinder.walk(FontFileFinder.java:136) checkFontfile check /usr/share/fonts/X11/Type1/c0649bt_.pfb 
10 Apr 2024 15:11:53,287 DEBUG org.apache.fontbox.util.autodetect.FontFileFinder.walk(FontFileFinder.java:142) checkFontfile found /usr/share/fonts/X11/Type1/c0649bt_.pfb 
10 Apr 2024 15:11:53,288 DEBUG org.apache.fontbox.util.autodetect.FontFileFinder.walk(FontFileFinder.java:136) checkFontfile check /usr/share/fonts/X11/Type1/c0419bt_.afm 
10 Apr 2024 15:11:53,288 DEBUG org.apache.fontbox.util.autodetect.FontFileFinder.walk(FontFileFinder.java:136) checkFontfile check /usr/share/fonts/X11/Type1/c0582bt_.afm 
10 Apr 2024 15:11:53,288 DEBUG org.apache.fontbox.util.autodetect.FontFileFinder.walk(FontFileFinder.java:136) checkFontfile check /usr/share/fonts/X11/Type1/c0648bt_.pfb 
10 Apr 2024 15:11:53,288 DEBUG org.apache.fontbox.util.autodetect.FontFileFinder.walk(FontFileFinder.java:142) checkFontfile found /usr/share/fonts/X11/Type1/c0648bt_.pfb 
10 Apr 2024 15:11:53,288 DEBUG org.apache.fontbox.util.autodetect.FontFileFinder.walk(FontFileFinder.java:136) checkFontfile check /usr/share/fonts/X11/Type1/c0649bt_.afm 
10 Apr 2024 15:11:53,288 DEBUG org.apache.fontbox.util.autodetect.FontFileFinder.walk(FontFileFinder.java:136) checkFontfile check /usr/share/fonts/X11/util/map-KOI8-R 
10 Apr 2024 15:11:53,288 DEBUG org.apache.fontbox.util.autodetect.FontFileFinder.walk(FontFileFinder.java:136) checkFontfile check /usr/share/fonts/X11/util/map-ISO8859-3 
10 Apr 2024 15:11:53,288 DEBUG org.apache.fontbox.util.autodetect.FontFileFinder.walk(FontFileFinder.java:136) checkFontfile check /usr/share/fonts/X11/util/map-ISO8859-9 
10 Apr 2024 15:11:53,289 DEBUG org.apache.fontbox.util.autodetect.FontFileFinder.walk(FontFileFinder.java:136) checkFontfile check /usr/share/fonts/X11/util/map-ISO8859-6 
10 Apr 2024 15:11:53,289 DEBUG org.apache.fontbox.util.autodetect.FontFileFinder.walk(FontFileFinder.java:136) checkFontfile check /usr/share/fonts/X11/util/map-ISO8859-7 
10 Apr 2024 15:11:53,289 DEBUG org.apache.fontbox.util.autodetect.FontFileFinder.walk(FontFileFinder.java:136) checkFontfile check /usr/share/fonts/X11/util/map-ISO8859-10 
10 Apr 2024 15:11:53,289 DEBUG org.apache.fontbox.util.autodetect.FontFileFinder.walk(FontFileFinder.java:136) checkFontfile check /usr/share/fonts/X11/util/map-ISO8859-16 
10 Apr 2024 15:11:53,289 DEBUG org.apache.fontbox.util.autodetect.FontFileFinder.walk(FontFileFinder.java:136) checkFontfile check /usr/share/fonts/X11/util/map-ISO8859-4 
10 Apr 2024 15:11:53,289 DEBUG org.apache.fontbox.util.autodetect.FontFileFinder.walk(FontFileFinder.java:136) checkFontfile check /usr/share/fonts/X11/util/map-ISO8859-2 
10 Apr 2024 15:11:53,289 DEBUG org.apache.fontbox.util.autodetect.FontFileFinder.walk(FontFileFinder.java:136) checkFontfile check /usr/share/fonts/X11/util/map-ISO8859-8 
10 Apr 2024 15:11:53,289 DEBUG org.apache.fontbox.util.autodetect.FontFileFinder.walk(FontFileFinder.java:136) checkFontfile check /usr/share/fonts/X11/util/map-ISO8859-11 
10 Apr 2024 15:11:53,289 DEBUG org.apache.fontbox.util.autodetect.FontFileFinder.walk(FontFileFinder.java:136) checkFontfile check /usr/share/fonts/X11/util/map-ISO8859-1 
10 Apr 2024 15:11:53,289 DEBUG org.apache.fontbox.util.autodetect.FontFileFinder.walk(FontFileFinder.java:136) checkFontfile check /usr/share/fonts/X11/util/map-ISO8859-15 
10 Apr 2024 15:11:53,290 DEBUG org.apache.fontbox.util.autodetect.FontFileFinder.walk(FontFileFinder.java:136) checkFontfile check /usr/share/fonts/X11/util/.uuid 
10 Apr 2024 15:11:53,290 DEBUG org.apache.fontbox.util.autodetect.FontFileFinder.walk(FontFileFinder.java:136) checkFontfile check /usr/share/fonts/X11/util/map-ISO8859-14 
10 Apr 2024 15:11:53,290 DEBUG org.apache.fontbox.util.autodetect.FontFileFinder.walk(FontFileFinder.java:136) checkFontfile check /usr/share/fonts/X11/util/map-ISO8859-5 
10 Apr 2024 15:11:53,290 DEBUG org.apache.fontbox.util.autodetect.FontFileFinder.walk(FontFileFinder.java:136) checkFontfile check /usr/share/fonts/X11/util/map-JISX0201.1976-0 
10 Apr 2024 15:11:53,290 DEBUG org.apache.fontbox.util.autodetect.FontFileFinder.walk(FontFileFinder.java:136) checkFontfile check /usr/share/fonts/X11/util/map-ISO8859-13 
10 Apr 2024 15:11:53,290 DEBUG org.apache.fontbox.util.autodetect.FontFileFinder.walk(FontFileFinder.java:136) checkFontfile check /usr/share/fonts/X11/.uuid 
10 Apr 2024 15:11:53,290 DEBUG org.apache.fontbox.util.autodetect.FontFileFinder.walk(FontFileFinder.java:136) checkFontfile check /usr/share/fonts/X11/encodings/iso8859-6.8x.enc.gz 
10 Apr 2024 15:11:53,290 DEBUG org.apache.fontbox.util.autodetect.FontFileFinder.walk(FontFileFinder.java:136) checkFontfile check /usr/share/fonts/X11/encodings/mulearabic-0.enc.gz 
10 Apr 2024 15:11:53,290 DEBUG org.apache.fontbox.util.autodetect.FontFileFinder.walk(FontFileFinder.java:136) checkFontfile check /usr/share/fonts/X11/encodings/adobe-dingbats.enc.gz 
10 Apr 2024 15:11:53,291 DEBUG org.apache.fontbox.util.autodetect.FontFileFinder.walk(FontFileFinder.java:136) checkFontfile check /usr/share/fonts/X11/encodings/tis620-2.enc.gz 
10 Apr 2024 15:11:53,291 DEBUG org.apache.fontbox.util.autodetect.FontFileFinder.walk(FontFileFinder.java:136) checkFontfile check /usr/share/fonts/X11/encodings/microsoft-cp1253.enc.gz 
10 Apr 2024 15:11:53,291 DEBUG org.apache.fontbox.util.autodetect.FontFileFinder.walk(FontFileFinder.java:136) checkFontfile check /usr/share/fonts/X11/encodings/encodings.dir 
10 Apr 2024 15:11:53,291 DEBUG org.apache.fontbox.util.autodetect.FontFileFinder.walk(FontFileFinder.java:136) checkFontfile check /usr/share/fonts/X11/encodings/adobe-symbol.enc.gz 
10 Apr 2024 15:11:53,291 DEBUG org.apache.fontbox.util.autodetect.FontFileFinder.walk(FontFileFinder.java:136) checkFontfile check /usr/share/fonts/X11/encodings/ibm-cp437.enc.gz 
10 Apr 2024 15:11:53,291 DEBUG org.apache.fontbox.util.autodetect.FontFileFinder.walk(FontFileFinder.java:136) checkFontfile check /usr/share/fonts/X11/encodings/microsoft-cp1251.enc.gz 
10 Apr 2024 15:11:53,291 DEBUG org.apache.fontbox.util.autodetect.FontFileFinder.walk(FontFileFinder.java:136) checkFontfile check /usr/share/fonts/X11/encodings/microsoft-cp1254.enc.gz 
10 Apr 2024 15:11:53,291 DEBUG org.apache.fontbox.util.autodetect.FontFileFinder.walk(FontFileFinder.java:136) checkFontfile check /usr/share/fonts/X11/encodings/ibm-cp850.enc.gz 
10 Apr 2024 15:11:53,292 DEBUG org.apache.fontbox.util.autodetect.FontFileFinder.walk(FontFileFinder.java:136) checkFontfile check /usr/share/fonts/X11/encodings/mulearabic-2.enc.gz 
10 Apr 2024 15:11:53,292 DEBUG org.apache.fontbox.util.autodetect.FontFileFinder.walk(FontFileFinder.java:136) checkFontfile check /usr/share/fonts/X11/encodings/mulearabic-1.enc.gz 
10 Apr 2024 15:11:53,292 DEBUG org.apache.fontbox.util.autodetect.FontFileFinder.walk(FontFileFinder.java:136) checkFontfile check /usr/share/fonts/X11/encodings/microsoft-cp1257.enc.gz 
10 Apr 2024 15:11:53,292 DEBUG org.apache.fontbox.util.autodetect.FontFileFinder.walk(FontFileFinder.java:136) checkFontfile check /usr/share/fonts/X11/encodings/microsoft-cp1256.enc.gz 
10 Apr 2024 15:11:53,292 DEBUG org.apache.fontbox.util.autodetect.FontFileFinder.walk(FontFileFinder.java:136) checkFontfile check /usr/share/fonts/X11/encodings/iso8859-11.enc.gz 
10 Apr 2024 15:11:53,292 DEBUG org.apache.fontbox.util.autodetect.FontFileFinder.walk(FontFileFinder.java:136) checkFontfile check /usr/share/fonts/X11/encodings/microsoft-cp1258.enc.gz 
10 Apr 2024 15:11:53,292 DEBUG org.apache.fontbox.util.autodetect.FontFileFinder.walk(FontFileFinder.java:136) checkFontfile check /usr/share/fonts/X11/encodings/ascii-0.enc.gz 
10 Apr 2024 15:11:53,292 DEBUG org.apache.fontbox.util.autodetect.FontFileFinder.walk(FontFileFinder.java:136) checkFontfile check /usr/share/fonts/X11/encodings/microsoft-cp1250.enc.gz 
10 Apr 2024 15:11:53,293 DEBUG org.apache.fontbox.util.autodetect.FontFileFinder.walk(FontFileFinder.java:136) checkFontfile check /usr/share/fonts/X11/encodings/large/jisx0208.1990-0.enc.gz 
10 Apr 2024 15:11:53,293 DEBUG org.apache.fontbox.util.autodetect.FontFileFinder.walk(FontFileFinder.java:136) checkFontfile check /usr/share/fonts/X11/encodings/large/cns11643-2.enc.gz 
10 Apr 2024 15:11:53,293 DEBUG org.apache.fontbox.util.autodetect.FontFileFinder.walk(FontFileFinder.java:136) checkFontfile check /usr/share/fonts/X11/encodings/large/encodings.dir 
10 Apr 2024 15:11:53,293 DEBUG org.apache.fontbox.util.autodetect.FontFileFinder.walk(FontFileFinder.java:136) checkFontfile check /usr/share/fonts/X11/encodings/large/cns11643-3.enc.gz 
10 Apr 2024 15:11:53,293 DEBUG org.apache.fontbox.util.autodetect.FontFileFinder.walk(FontFileFinder.java:136) checkFontfile check /usr/share/fonts/X11/encodings/large/big5.eten-0.enc.gz 
10 Apr 2024 15:11:53,293 DEBUG org.apache.fontbox.util.autodetect.FontFileFinder.walk(FontFileFinder.java:136) checkFontfile check /usr/share/fonts/X11/encodings/large/ksc5601.1987-0.enc.gz 
10 Apr 2024 15:11:53,293 DEBUG org.apache.fontbox.util.autodetect.FontFileFinder.walk(FontFileFinder.java:136) checkFontfile check /usr/share/fonts/X11/encodings/large/cns11643-1.enc.gz 
10 Apr 2024 15:11:53,293 DEBUG org.apache.fontbox.util.autodetect.FontFileFinder.walk(FontFileFinder.java:136) checkFontfile check /usr/share/fonts/X11/encodings/large/gbk-0.enc.gz 
10 Apr 2024 15:11:53,293 DEBUG org.apache.fontbox.util.autodetect.FontFileFinder.walk(FontFileFinder.java:136) checkFontfile check /usr/share/fonts/X11/encodings/large/jisx0212.1990-0.enc.gz 
10 Apr 2024 15:11:53,293 DEBUG org.apache.fontbox.util.autodetect.FontFileFinder.walk(FontFileFinder.java:136) checkFontfile check /usr/share/fonts/X11/encodings/large/.uuid 
10 Apr 2024 15:11:53,294 DEBUG org.apache.fontbox.util.autodetect.FontFileFinder.walk(FontFileFinder.java:136) checkFontfile check /usr/share/fonts/X11/encodings/large/sun.unicode.india-0.enc.gz 
10 Apr 2024 15:11:53,294 DEBUG org.apache.fontbox.util.autodetect.FontFileFinder.walk(FontFileFinder.java:136) checkFontfile check /usr/share/fonts/X11/encodings/large/gb18030.2000-0.enc.gz 
10 Apr 2024 15:11:53,294 DEBUG org.apache.fontbox.util.autodetect.FontFileFinder.walk(FontFileFinder.java:136) checkFontfile check /usr/share/fonts/X11/encodings/large/ksc5601.1992-3.enc.gz 
10 Apr 2024 15:11:53,294 DEBUG org.apache.fontbox.util.autodetect.FontFileFinder.walk(FontFileFinder.java:136) checkFontfile check /usr/share/fonts/X11/encodings/large/jisx0201.1976-0.enc.gz 
10 Apr 2024 15:11:53,294 DEBUG org.apache.fontbox.util.autodetect.FontFileFinder.walk(FontFileFinder.java:136) checkFontfile check /usr/share/fonts/X11/encodings/large/gb18030.2000-1.enc.gz 
10 Apr 2024 15:11:53,294 DEBUG org.apache.fontbox.util.autodetect.FontFileFinder.walk(FontFileFinder.java:136) checkFontfile check /usr/share/fonts/X11/encodings/large/gb18030-0.enc.gz 
10 Apr 2024 15:11:53,294 DEBUG org.apache.fontbox.util.autodetect.FontFileFinder.walk(FontFileFinder.java:136) checkFontfile check /usr/share/fonts/X11/encodings/large/gb2312.1980-0.enc.gz 
10 Apr 2024 15:11:53,294 DEBUG org.apache.fontbox.util.autodetect.FontFileFinder.walk(FontFileFinder.java:136) checkFontfile check /usr/share/fonts/X11/encodings/large/big5hkscs-0.enc.gz 
10 Apr 2024 15:11:53,294 DEBUG org.apache.fontbox.util.autodetect.FontFileFinder.walk(FontFileFinder.java:136) checkFontfile check /usr/share/fonts/X11/encodings/iso8859-6.16.enc.gz 
10 Apr 2024 15:11:53,295 DEBUG org.apache.fontbox.util.autodetect.FontFileFinder.walk(FontFileFinder.java:136) checkFontfile check /usr/share/fonts/X11/encodings/mulelao-1.enc.gz 
10 Apr 2024 15:11:53,295 DEBUG org.apache.fontbox.util.autodetect.FontFileFinder.walk(FontFileFinder.java:136) checkFontfile check /usr/share/fonts/X11/encodings/iso8859-16.enc.gz 
10 Apr 2024 15:11:53,295 DEBUG org.apache.fontbox.util.autodetect.FontFileFinder.walk(FontFileFinder.java:136) checkFontfile check /usr/share/fonts/X11/encodings/.uuid 
10 Apr 2024 15:11:53,295 DEBUG org.apache.fontbox.util.autodetect.FontFileFinder.walk(FontFileFinder.java:136) checkFontfile check /usr/share/fonts/X11/encodings/microsoft-win3.1.enc.gz 
10 Apr 2024 15:11:53,295 DEBUG org.apache.fontbox.util.autodetect.FontFileFinder.walk(FontFileFinder.java:136) checkFontfile check /usr/share/fonts/X11/encodings/ibm-cp866.enc.gz 
10 Apr 2024 15:11:53,295 DEBUG org.apache.fontbox.util.autodetect.FontFileFinder.walk(FontFileFinder.java:136) checkFontfile check /usr/share/fonts/X11/encodings/microsoft-cp1252.enc.gz 
10 Apr 2024 15:11:53,295 DEBUG org.apache.fontbox.util.autodetect.FontFileFinder.walk(FontFileFinder.java:136) checkFontfile check /usr/share/fonts/X11/encodings/ibm-cp852.enc.gz 
10 Apr 2024 15:11:53,295 DEBUG org.apache.fontbox.util.autodetect.FontFileFinder.walk(FontFileFinder.java:136) checkFontfile check /usr/share/fonts/X11/encodings/iso8859-13.enc.gz 
10 Apr 2024 15:11:53,295 DEBUG org.apache.fontbox.util.autodetect.FontFileFinder.walk(FontFileFinder.java:136) checkFontfile check /usr/share/fonts/X11/encodings/viscii1.1-1.enc.gz 
10 Apr 2024 15:11:53,295 DEBUG org.apache.fontbox.util.autodetect.FontFileFinder.walk(FontFileFinder.java:136) checkFontfile check /usr/share/fonts/X11/encodings/suneu-greek.enc.gz 
10 Apr 2024 15:11:53,295 DEBUG org.apache.fontbox.util.autodetect.FontFileFinder.walk(FontFileFinder.java:136) checkFontfile check /usr/share/fonts/X11/encodings/tcvn-0.enc.gz 
10 Apr 2024 15:11:53,295 DEBUG org.apache.fontbox.util.autodetect.FontFileFinder.walk(FontFileFinder.java:136) checkFontfile check /usr/share/fonts/X11/encodings/microsoft-cp1255.enc.gz 
10 Apr 2024 15:11:53,295 DEBUG org.apache.fontbox.util.autodetect.FontFileFinder.walk(FontFileFinder.java:136) checkFontfile check /usr/share/fonts/X11/encodings/adobe-standard.enc.gz 
10 Apr 2024 15:11:53,295 DEBUG org.apache.fontbox.util.autodetect.FontFileFinder.walk(FontFileFinder.java:136) checkFontfile check /usr/share/fonts/X11/encodings/armscii-8.enc.gz 
10 Apr 2024 15:11:53,295 DEBUG org.apache.fontbox.util.autodetect.FontFileFinder.walk(FontFileFinder.java:136) checkFontfile check /usr/share/fonts/X11/encodings/dec-special.enc.gz 
10 Apr 2024 15:11:53,296 DEBUG org.apache.fontbox.util.autodetect.FontFileFinder.walk(FontFileFinder.java:136) checkFontfile check /usr/share/fonts/cmap/adobe-gb1/Adobe-GB1-2 
10 Apr 2024 15:11:53,296 DEBUG org.apache.fontbox.util.autodetect.FontFileFinder.walk(FontFileFinder.java:136) checkFontfile check /usr/share/fonts/cmap/adobe-gb1/GBTpc-EUC-H 
10 Apr 2024 15:11:53,296 DEBUG org.apache.fontbox.util.autodetect.FontFileFinder.walk(FontFileFinder.java:136) checkFontfile check /usr/share/fonts/cmap/adobe-gb1/GBKp-EUC-H 
10 Apr 2024 15:11:53,296 DEBUG org.apache.fontbox.util.autodetect.FontFileFinder.walk(FontFileFinder.java:136) checkFontfile check /usr/share/fonts/cmap/adobe-gb1/GBpc-EUC-V 
10 Apr 2024 15:11:53,296 DEBUG org.apache.fontbox.util.autodetect.FontFileFinder.walk(FontFileFinder.java:136) checkFontfile check /usr/share/fonts/cmap/adobe-gb1/GBK2K-V 
10 Apr 2024 15:11:53,296 DEBUG org.apache.fontbox.util.autodetect.FontFileFinder.walk(FontFileFinder.java:136) checkFontfile check /usr/share/fonts/cmap/adobe-gb1/GBT-H 
10 Apr 2024 15:11:53,296 DEBUG org.apache.fontbox.util.autodetect.FontFileFinder.walk(FontFileFinder.java:136) checkFontfile check /usr/share/fonts/cmap/adobe-gb1/UCS2-GBK-EUC 
10 Apr 2024 15:11:53,296 DEBUG org.apache.fontbox.util.autodetect.FontFileFinder.walk(FontFileFinder.java:136) checkFontfile check /usr/share/fonts/cmap/adobe-gb1/GBK2K-H 
10 Apr 2024 15:11:53,296 DEBUG org.apache.fontbox.util.autodetect.FontFileFinder.walk(FontFileFinder.java:136) checkFontfile check /usr/share/fonts/cmap/adobe-gb1/GBKp-EUC-V 
10 Apr 2024 15:11:53,296 DEBUG org.apache.fontbox.util.autodetect.FontFileFinder.walk(FontFileFinder.java:136) checkFontfile check /usr/share/fonts/cmap/adobe-gb1/GBK-EUC-V 
10 Apr 2024 15:11:53,296 DEBUG org.apache.fontbox.util.autodetect.FontFileFinder.walk(FontFileFinder.java:136) checkFontfile check /usr/share/fonts/cmap/adobe-gb1/GB-EUC-H 
10 Apr 2024 15:11:53,296 DEBUG org.apache.fontbox.util.autodetect.FontFileFinder.walk(FontFileFinder.java:136) checkFontfile check /usr/share/fonts/cmap/adobe-gb1/GBpc-EUC-UCS2 
10 Apr 2024 15:11:53,296 DEBUG org.apache.fontbox.util.autodetect.FontFileFinder.walk(FontFileFinder.java:136) checkFontfile check /usr/share/fonts/cmap/adobe-gb1/GB-EUC-V 
10 Apr 2024 15:11:53,296 DEBUG org.apache.fontbox.util.autodetect.FontFileFinder.walk(FontFileFinder.java:136) checkFontfile check /usr/share/fonts/cmap/adobe-gb1/GBK-EUC-UCS2 
10 Apr 2024 15:11:53,296 DEBUG org.apache.fontbox.util.autodetect.FontFileFinder.walk(FontFileFinder.java:136) checkFontfile check /usr/share/fonts/cmap/adobe-gb1/GBpc-EUC-H 
10 Apr 2024 15:11:53,297 DEBUG org.apache.fontbox.util.autodetect.FontFileFinder.walk(FontFileFinder.java:136) checkFontfile check /usr/share/fonts/cmap/adobe-gb1/Adobe-GB1-GBpc-EUC 
10 Apr 2024 15:11:53,297 DEBUG org.apache.fontbox.util.autodetect.FontFileFinder.walk(FontFileFinder.java:136) checkFontfile check /usr/share/fonts/cmap/adobe-gb1/UniGB-UTF8-H 
10 Apr 2024 15:11:53,297 DEBUG org.apache.fontbox.util.autodetect.FontFileFinder.walk(FontFileFinder.java:136) checkFontfile check /usr/share/fonts/cmap/adobe-gb1/Adobe-GB1-H-CID 
10 Apr 2024 15:11:53,297 DEBUG org.apache.fontbox.util.autodetect.FontFileFinder.walk(FontFileFinder.java:136) checkFontfile check /usr/share/fonts/cmap/adobe-gb1/UCS2-GBpc-EUC 
10 Apr 2024 15:11:53,297 DEBUG org.apache.fontbox.util.autodetect.FontFileFinder.walk(FontFileFinder.java:136) checkFontfile check /usr/share/fonts/cmap/adobe-gb1/Adobe-GB1-H-Mac 
10 Apr 2024 15:11:53,297 DEBUG org.apache.fontbox.util.autodetect.FontFileFinder.walk(FontFileFinder.java:136) checkFontfile check /usr/share/fonts/cmap/adobe-gb1/GBK-EUC-H 
10 Apr 2024 15:11:53,297 DEBUG org.apache.fontbox.util.autodetect.FontFileFinder.walk(FontFileFinder.java:136) checkFontfile check /usr/share/fonts/cmap/adobe-gb1/Adobe-GB1-4 
10 Apr 2024 15:11:53,297 DEBUG org.apache.fontbox.util.autodetect.FontFileFinder.walk(FontFileFinder.java:136) checkFontfile check /usr/share/fonts/cmap/adobe-gb1/GBTpc-EUC-V 
10 Apr 2024 15:11:53,297 DEBUG org.apache.fontbox.util.autodetect.FontFileFinder.walk(FontFileFinder.java:136) checkFontfile check /usr/share/fonts/cmap/adobe-gb1/UniGB-UTF32-H 
10 Apr 2024 15:11:53,297 DEBUG org.apache.fontbox.util.autodetect.FontFileFinder.walk(FontFileFinder.java:136) checkFontfile check /usr/share/fonts/cmap/adobe-gb1/UniGB-UCS2-V 
10 Apr 2024 15:11:53,297 DEBUG org.apache.fontbox.util.autodetect.FontFileFinder.walk(FontFileFinder.java:136) checkFontfile check /usr/share/fonts/cmap/adobe-gb1/Adobe-GB1-3 
10 Apr 2024 15:11:53,297 DEBUG org.apache.fontbox.util.autodetect.FontFileFinder.walk(FontFileFinder.java:136) checkFontfile check /usr/share/fonts/cmap/adobe-gb1/.uuid 
10 Apr 2024 15:11:53,297 DEBUG org.apache.fontbox.util.autodetect.FontFileFinder.walk(FontFileFinder.java:136) checkFontfile check /usr/share/fonts/cmap/adobe-gb1/UniGB-UTF32-V 
10 Apr 2024 15:11:53,297 DEBUG org.apache.fontbox.util.autodetect.FontFileFinder.walk(FontFileFinder.java:136) checkFontfile check /usr/share/fonts/cmap/adobe-gb1/Adobe-GB1-0 
10 Apr 2024 15:11:53,297 DEBUG org.apache.fontbox.util.autodetect.FontFileFinder.walk(FontFileFinder.java:136) checkFontfile check /usr/share/fonts/cmap/adobe-gb1/GBT-EUC-H 
10 Apr 2024 15:11:53,298 DEBUG org.apache.fontbox.util.autodetect.FontFileFinder.walk(FontFileFinder.java:136) checkFontfile check /usr/share/fonts/cmap/adobe-gb1/GB-H 
10 Apr 2024 15:11:53,298 DEBUG org.apache.fontbox.util.autodetect.FontFileFinder.walk(FontFileFinder.java:136) checkFontfile check /usr/share/fonts/cmap/adobe-gb1/GBT-EUC-V 
10 Apr 2024 15:11:53,298 DEBUG org.apache.fontbox.util.autodetect.FontFileFinder.walk(FontFileFinder.java:136) checkFontfile check /usr/share/fonts/cmap/adobe-gb1/Adobe-GB1-H-Host 
10 Apr 2024 15:11:53,298 DEBUG org.apache.fontbox.util.autodetect.FontFileFinder.walk(FontFileFinder.java:136) checkFontfile check /usr/share/fonts/cmap/adobe-gb1/Adobe-GB1-UCS2 
10 Apr 2024 15:11:53,298 DEBUG org.apache.fontbox.util.autodetect.FontFileFinder.walk(FontFileFinder.java:136) checkFontfile check /usr/share/fonts/cmap/adobe-gb1/Adobe-GB1-1 
10 Apr 2024 15:11:53,298 DEBUG org.apache.fontbox.util.autodetect.FontFileFinder.walk(FontFileFinder.java:136) checkFontfile check /usr/share/fonts/cmap/adobe-gb1/UniGB-UTF16-H 
10 Apr 2024 15:11:53,298 DEBUG org.apache.fontbox.util.autodetect.FontFileFinder.walk(FontFileFinder.java:136) checkFontfile check /usr/share/fonts/cmap/adobe-gb1/GBpc-EUC-UCS2C 
10 Apr 2024 15:11:53,298 DEBUG org.apache.fontbox.util.autodetect.FontFileFinder.walk(FontFileFinder.java:136) checkFontfile check /usr/share/fonts/cmap/adobe-gb1/UniGB-UTF16-V 
10 Apr 2024 15:11:53,298 DEBUG org.apache.fontbox.util.autodetect.FontFileFinder.walk(FontFileFinder.java:136) checkFontfile check /usr/share/fonts/cmap/adobe-gb1/UniGB-UCS2-H 
10 Apr 2024 15:11:53,298 DEBUG org.apache.fontbox.util.autodetect.FontFileFinder.walk(FontFileFinder.java:136) checkFontfile check /usr/share/fonts/cmap/adobe-gb1/GB-V 
10 Apr 2024 15:11:53,298 DEBUG org.apache.fontbox.util.autodetect.FontFileFinder.walk(FontFileFinder.java:136) checkFontfile check /usr/share/fonts/cmap/adobe-gb1/Adobe-GB1-5 
10 Apr 2024 15:11:53,298 DEBUG org.apache.fontbox.util.autodetect.FontFileFinder.walk(FontFileFinder.java:136) checkFontfile check /usr/share/fonts/cmap/adobe-gb1/GBT-V 
10 Apr 2024 15:11:53,299 DEBUG org.apache.fontbox.util.autodetect.FontFileFinder.walk(FontFileFinder.java:136) checkFontfile check /usr/share/fonts/cmap/adobe-gb1/Adobe-GB1-GBK-EUC 
10 Apr 2024 15:11:53,299 DEBUG org.apache.fontbox.util.autodetect.FontFileFinder.walk(FontFileFinder.java:136) checkFontfile check /usr/share/fonts/cmap/adobe-gb1/UniGB-UTF8-V 
10 Apr 2024 15:11:53,299 DEBUG org.apache.fontbox.util.autodetect.FontFileFinder.walk(FontFileFinder.java:136) checkFontfile check /usr/share/fonts/cmap/adobe-japan1/90ms-RKSJ-UCS2 
10 Apr 2024 15:11:53,299 DEBUG org.apache.fontbox.util.autodetect.FontFileFinder.walk(FontFileFinder.java:136) checkFontfile check /usr/share/fonts/cmap/adobe-japan1/UniJISPro-UCS2-HW-V 
10 Apr 2024 15:11:53,299 DEBUG org.apache.fontbox.util.autodetect.FontFileFinder.walk(FontFileFinder.java:136) checkFontfile check /usr/share/fonts/cmap/adobe-japan1/90pv-RKSJ-V 
10 Apr 2024 15:11:53,299 DEBUG org.apache.fontbox.util.autodetect.FontFileFinder.walk(FontFileFinder.java:136) checkFontfile check /usr/share/fonts/cmap/adobe-japan1/UniJISX02132004-UTF32-H 
10 Apr 2024 15:11:53,299 DEBUG org.apache.fontbox.util.autodetect.FontFileFinder.walk(FontFileFinder.java:136) checkFontfile check /usr/share/fonts/cmap/adobe-japan1/UniHojo-UTF8-H 
10 Apr 2024 15:11:53,299 DEBUG org.apache.fontbox.util.autodetect.FontFileFinder.walk(FontFileFinder.java:136) checkFontfile check /usr/share/fonts/cmap/adobe-japan1/90ms-RKSJ-H 
10 Apr 2024 15:11:53,299 DEBUG org.apache.fontbox.util.autodetect.FontFileFinder.walk(FontFileFinder.java:136) checkFontfile check /usr/share/fonts/cmap/adobe-japan1/90msp-RKSJ-H 
10 Apr 2024 15:11:53,300 DEBUG org.apache.fontbox.util.autodetect.FontFileFinder.walk(FontFileFinder.java:136) checkFontfile check /usr/share/fonts/cmap/adobe-japan1/H 
10 Apr 2024 15:11:53,300 DEBUG org.apache.fontbox.util.autodetect.FontFileFinder.walk(FontFileFinder.java:136) checkFontfile check /usr/share/fonts/cmap/adobe-japan1/Roman 
10 Apr 2024 15:11:53,300 DEBUG org.apache.fontbox.util.autodetect.FontFileFinder.walk(FontFileFinder.java:136) checkFontfile check /usr/share/fonts/cmap/adobe-japan1/Hojo-EUC-H 
10 Apr 2024 15:11:53,300 DEBUG org.apache.fontbox.util.autodetect.FontFileFinder.walk(FontFileFinder.java:136) checkFontfile check /usr/share/fonts/cmap/adobe-japan1/UniJIS-UCS2-HW-H 
10 Apr 2024 15:11:53,300 DEBUG org.apache.fontbox.util.autodetect.FontFileFinder.walk(FontFileFinder.java:136) checkFontfile check /usr/share/fonts/cmap/adobe-japan1/UniJISPro-UTF8-V 
10 Apr 2024 15:11:53,300 DEBUG org.apache.fontbox.util.autodetect.FontFileFinder.walk(FontFileFinder.java:136) checkFontfile check /usr/share/fonts/cmap/adobe-japan1/UniJISX02132004-UTF32-V 
10 Apr 2024 15:11:53,300 DEBUG org.apache.fontbox.util.autodetect.FontFileFinder.walk(FontFileFinder.java:136) checkFontfile check /usr/share/fonts/cmap/adobe-japan1/UniJIS2004-UTF8-V 
10 Apr 2024 15:11:53,301 DEBUG org.apache.fontbox.util.autodetect.FontFileFinder.walk(FontFileFinder.java:136) checkFontfile check /usr/share/fonts/cmap/adobe-japan1/Katakana 
10 Apr 2024 15:11:53,301 DEBUG org.apache.fontbox.util.autodetect.FontFileFinder.walk(FontFileFinder.java:136) checkFontfile check /usr/share/fonts/cmap/adobe-japan1/78-RKSJ-H 
10 Apr 2024 15:11:53,301 DEBUG org.apache.fontbox.util.autodetect.FontFileFinder.walk(FontFileFinder.java:136) checkFontfile check /usr/share/fonts/cmap/adobe-japan1/UniJIS-UTF8-H 
10 Apr 2024 15:11:53,301 DEBUG org.apache.fontbox.util.autodetect.FontFileFinder.walk(FontFileFinder.java:136) checkFontfile check /usr/share/fonts/cmap/adobe-japan1/UniJIS-UCS2-HW-V 
10 Apr 2024 15:11:53,301 DEBUG org.apache.fontbox.util.autodetect.FontFileFinder.walk(FontFileFinder.java:136) checkFontfile check /usr/share/fonts/cmap/adobe-japan1/Ext-V 
10 Apr 2024 15:11:53,301 DEBUG org.apache.fontbox.util.autodetect.FontFileFinder.walk(FontFileFinder.java:136) checkFontfile check /usr/share/fonts/cmap/adobe-japan1/UniJISX0213-UTF32-V 
10 Apr 2024 15:11:53,301 DEBUG org.apache.fontbox.util.autodetect.FontFileFinder.walk(FontFileFinder.java:136) checkFontfile check /usr/share/fonts/cmap/adobe-japan1/UniJIS2004-UTF32-V 
10 Apr 2024 15:11:53,302 DEBUG org.apache.fontbox.util.autodetect.FontFileFinder.walk(FontFileFinder.java:136) checkFontfile check /usr/share/fonts/cmap/adobe-japan1/Adobe-Japan1-2 
10 Apr 2024 15:11:53,302 DEBUG org.apache.fontbox.util.autodetect.FontFileFinder.walk(FontFileFinder.java:136) checkFontfile check /usr/share/fonts/cmap/adobe-japan1/UniHojo-UCS2-H 
10 Apr 2024 15:11:53,302 DEBUG org.apache.fontbox.util.autodetect.FontFileFinder.walk(FontFileFinder.java:136) checkFontfile check /usr/share/fonts/cmap/adobe-japan1/78-H 
10 Apr 2024 15:11:53,302 DEBUG org.apache.fontbox.util.autodetect.FontFileFinder.walk(FontFileFinder.java:136) checkFontfile check /usr/share/fonts/cmap/adobe-japan1/RKSJ-V 
10 Apr 2024 15:11:53,302 DEBUG org.apache.fontbox.util.autodetect.FontFileFinder.walk(FontFileFinder.java:136) checkFontfile check /usr/share/fonts/cmap/adobe-japan1/Add-RKSJ-V 
10 Apr 2024 15:11:53,302 DEBUG org.apache.fontbox.util.autodetect.FontFileFinder.walk(FontFileFinder.java:136) checkFontfile check /usr/share/fonts/cmap/adobe-japan1/UniHojo-UTF32-H 
10 Apr 2024 15:11:53,304 DEBUG org.apache.fontbox.util.autodetect.FontFileFinder.walk(FontFileFinder.java:136) checkFontfile check /usr/share/fonts/cmap/adobe-japan1/UniJIS-UTF32-V 
10 Apr 2024 15:11:53,304 DEBUG org.apache.fontbox.util.autodetect.FontFileFinder.walk(FontFileFinder.java:136) checkFontfile check /usr/share/fonts/cmap/adobe-japan1/Adobe-Japan1-6 
10 Apr 2024 15:11:53,304 DEBUG org.apache.fontbox.util.autodetect.FontFileFinder.walk(FontFileFinder.java:136) checkFontfile check /usr/share/fonts/cmap/adobe-japan1/UniJIS2004-UTF32-H 
10 Apr 2024 15:11:53,304 DEBUG org.apache.fontbox.util.autodetect.FontFileFinder.walk(FontFileFinder.java:136) checkFontfile check /usr/share/fonts/cmap/adobe-japan1/78ms-RKSJ-H 
10 Apr 2024 15:11:53,304 DEBUG org.apache.fontbox.util.autodetect.FontFileFinder.walk(FontFileFinder.java:136) checkFontfile check /usr/share/fonts/cmap/adobe-japan1/EUC-V 
10 Apr 2024 15:11:53,304 DEBUG org.apache.fontbox.util.autodetect.FontFileFinder.walk(FontFileFinder.java:136) checkFontfile check /usr/share/fonts/cmap/adobe-japan1/83pv-RKSJ-H 
10 Apr 2024 15:11:53,304 DEBUG org.apache.fontbox.util.autodetect.FontFileFinder.walk(FontFileFinder.java:136) checkFontfile check /usr/share/fonts/cmap/adobe-japan1/UniJIS-UTF16-V 
10 Apr 2024 15:11:53,304 DEBUG org.apache.fontbox.util.autodetect.FontFileFinder.walk(FontFileFinder.java:136) checkFontfile check /usr/share/fonts/cmap/adobe-japan1/78-RKSJ-V 
10 Apr 2024 15:11:53,305 DEBUG org.apache.fontbox.util.autodetect.FontFileFinder.walk(FontFileFinder.java:136) checkFontfile check /usr/share/fonts/cmap/adobe-japan1/V 
10 Apr 2024 15:11:53,305 DEBUG org.apache.fontbox.util.autodetect.FontFileFinder.walk(FontFileFinder.java:136) checkFontfile check /usr/share/fonts/cmap/adobe-japan1/UniHojo-UTF16-H 
10 Apr 2024 15:11:53,305 DEBUG org.apache.fontbox.util.autodetect.FontFileFinder.walk(FontFileFinder.java:136) checkFontfile check /usr/share/fonts/cmap/adobe-japan1/WP-Symbol 
10 Apr 2024 15:11:53,305 DEBUG org.apache.fontbox.util.autodetect.FontFileFinder.walk(FontFileFinder.java:136) checkFontfile check /usr/share/fonts/cmap/adobe-japan1/Adobe-Japan1-PS-V 
10 Apr 2024 15:11:53,305 DEBUG org.apache.fontbox.util.autodetect.FontFileFinder.walk(FontFileFinder.java:136) checkFontfile check /usr/share/fonts/cmap/adobe-japan1/78-V 
10 Apr 2024 15:11:53,305 DEBUG org.apache.fontbox.util.autodetect.FontFileFinder.walk(FontFileFinder.java:136) checkFontfile check /usr/share/fonts/cmap/adobe-japan1/Hojo-H 
10 Apr 2024 15:11:53,305 DEBUG org.apache.fontbox.util.autodetect.FontFileFinder.walk(FontFileFinder.java:136) checkFontfile check /usr/share/fonts/cmap/adobe-japan1/Add-H 
10 Apr 2024 15:11:53,306 DEBUG org.apache.fontbox.util.autodetect.FontFileFinder.walk(FontFileFinder.java:136) checkFontfile check /usr/share/fonts/cmap/adobe-japan1/78-EUC-H 
10 Apr 2024 15:11:53,307 DEBUG org.apache.fontbox.util.autodetect.FontFileFinder.walk(FontFileFinder.java:136) checkFontfile check /usr/share/fonts/cmap/adobe-japan1/UniHojo-UTF16-V 
10 Apr 2024 15:11:53,307 DEBUG org.apache.fontbox.util.autodetect.FontFileFinder.walk(FontFileFinder.java:136) checkFontfile check /usr/share/fonts/cmap/adobe-japan1/EUC-H 
10 Apr 2024 15:11:53,307 DEBUG org.apache.fontbox.util.autodetect.FontFileFinder.walk(FontFileFinder.java:136) checkFontfile check /usr/share/fonts/cmap/adobe-japan1/UniJIS-UCS2-V 
10 Apr 2024 15:11:53,307 DEBUG org.apache.fontbox.util.autodetect.FontFileFinder.walk(FontFileFinder.java:136) checkFontfile check /usr/share/fonts/cmap/adobe-japan1/78ms-RKSJ-V 
10 Apr 2024 15:11:53,307 DEBUG org.apache.fontbox.util.autodetect.FontFileFinder.walk(FontFileFinder.java:136) checkFontfile check /usr/share/fonts/cmap/adobe-japan1/Adobe-Japan1-90ms-RKSJ 
10 Apr 2024 15:11:53,307 DEBUG org.apache.fontbox.util.autodetect.FontFileFinder.walk(FontFileFinder.java:136) checkFontfile check /usr/share/fonts/cmap/adobe-japan1/UniJIS2004-UTF8-H 
10 Apr 2024 15:11:53,307 DEBUG org.apache.fontbox.util.autodetect.FontFileFinder.walk(FontFileFinder.java:136) checkFontfile check /usr/share/fonts/cmap/adobe-japan1/UniHojo-UTF8-V 
10 Apr 2024 15:11:53,307 DEBUG org.apache.fontbox.util.autodetect.FontFileFinder.walk(FontFileFinder.java:136) checkFontfile check /usr/share/fonts/cmap/adobe-japan1/UniHojo-UTF32-V 
10 Apr 2024 15:11:53,307 DEBUG org.apache.fontbox.util.autodetect.FontFileFinder.walk(FontFileFinder.java:136) checkFontfile check /usr/share/fonts/cmap/adobe-japan1/Adobe-Japan1-PS-H 
10 Apr 2024 15:11:53,308 DEBUG org.apache.fontbox.util.autodetect.FontFileFinder.walk(FontFileFinder.java:136) checkFontfile check /usr/share/fonts/cmap/adobe-japan1/Adobe-Japan1-3 
10 Apr 2024 15:11:53,308 DEBUG org.apache.fontbox.util.autodetect.FontFileFinder.walk(FontFileFinder.java:136) checkFontfile check /usr/share/fonts/cmap/adobe-japan1/UniJIS-UCS2-H 
10 Apr 2024 15:11:53,308 DEBUG org.apache.fontbox.util.autodetect.FontFileFinder.walk(FontFileFinder.java:136) checkFontfile check /usr/share/fonts/cmap/adobe-japan1/UniJISPro-UCS2-V 
10 Apr 2024 15:11:53,308 DEBUG org.apache.fontbox.util.autodetect.FontFileFinder.walk(FontFileFinder.java:136) checkFontfile check /usr/share/fonts/cmap/adobe-japan1/.uuid 
10 Apr 2024 15:11:53,308 DEBUG org.apache.fontbox.util.autodetect.FontFileFinder.walk(FontFileFinder.java:136) checkFontfile check /usr/share/fonts/cmap/adobe-japan1/Add-V 
10 Apr 2024 15:11:53,308 DEBUG org.apache.fontbox.util.autodetect.FontFileFinder.walk(FontFileFinder.java:136) checkFontfile check /usr/share/fonts/cmap/adobe-japan1/Adobe-Japan1-7 
10 Apr 2024 15:11:53,308 DEBUG org.apache.fontbox.util.autodetect.FontFileFinder.walk(FontFileFinder.java:136) checkFontfile check /usr/share/fonts/cmap/adobe-japan1/Adobe-Japan1-5 
10 Apr 2024 15:11:53,308 DEBUG org.apache.fontbox.util.autodetect.FontFileFinder.walk(FontFileFinder.java:136) checkFontfile check /usr/share/fonts/cmap/adobe-japan1/UniJIS2004-UTF16-H 
10 Apr 2024 15:11:53,309 DEBUG org.apache.fontbox.util.autodetect.FontFileFinder.walk(FontFileFinder.java:136) checkFontfile check /usr/share/fonts/cmap/adobe-japan1/Adobe-Japan1-0 
10 Apr 2024 15:11:53,309 DEBUG org.apache.fontbox.util.autodetect.FontFileFinder.walk(FontFileFinder.java:136) checkFontfile check /usr/share/fonts/cmap/adobe-japan1/90msp-RKSJ-V 
10 Apr 2024 15:11:53,309 DEBUG org.apache.fontbox.util.autodetect.FontFileFinder.walk(FontFileFinder.java:136) checkFontfile check /usr/share/fonts/cmap/adobe-japan1/RKSJ-H 
10 Apr 2024 15:11:53,309 DEBUG org.apache.fontbox.util.autodetect.FontFileFinder.walk(FontFileFinder.java:136) checkFontfile check /usr/share/fonts/cmap/adobe-japan1/Hankaku 
10 Apr 2024 15:11:53,309 DEBUG org.apache.fontbox.util.autodetect.FontFileFinder.walk(FontFileFinder.java:136) checkFontfile check /usr/share/fonts/cmap/adobe-japan1/Adobe-Japan1-UCS2 
10 Apr 2024 15:11:53,309 DEBUG org.apache.fontbox.util.autodetect.FontFileFinder.walk(FontFileFinder.java:136) checkFontfile check /usr/share/fonts/cmap/adobe-japan1/Hojo-EUC-V 
10 Apr 2024 15:11:53,309 DEBUG org.apache.fontbox.util.autodetect.FontFileFinder.walk(FontFileFinder.java:136) checkFontfile check /usr/share/fonts/cmap/adobe-japan1/Hojo-V 
10 Apr 2024 15:11:53,309 DEBUG org.apache.fontbox.util.autodetect.FontFileFinder.walk(FontFileFinder.java:136) checkFontfile check /usr/share/fonts/cmap/adobe-japan1/Hiragana 
10 Apr 2024 15:11:53,309 DEBUG org.apache.fontbox.util.autodetect.FontFileFinder.walk(FontFileFinder.java:136) checkFontfile check /usr/share/fonts/cmap/adobe-japan1/Adobe-Japan1-H-Mac 
10 Apr 2024 15:11:53,309 DEBUG org.apache.fontbox.util.autodetect.FontFileFinder.walk(FontFileFinder.java:136) checkFontfile check /usr/share/fonts/cmap/adobe-japan1/UCS2-90ms-RKSJ 
10 Apr 2024 15:11:53,310 DEBUG org.apache.fontbox.util.autodetect.FontFileFinder.walk(FontFileFinder.java:136) checkFontfile check /usr/share/fonts/cmap/adobe-japan1/Adobe-Japan1-90pv-RKSJ 
10 Apr 2024 15:11:53,310 DEBUG org.apache.fontbox.util.autodetect.FontFileFinder.walk(FontFileFinder.java:136) checkFontfile check /usr/share/fonts/cmap/adobe-japan1/90ms-RKSJ-V 
10 Apr 2024 15:11:53,310 DEBUG org.apache.fontbox.util.autodetect.FontFileFinder.walk(FontFileFinder.java:136) checkFontfile check /usr/share/fonts/cmap/adobe-japan1/NWP-V 
10 Apr 2024 15:11:53,310 DEBUG org.apache.fontbox.util.autodetect.FontFileFinder.walk(FontFileFinder.java:136) checkFontfile check /usr/share/fonts/cmap/adobe-japan1/UniJIS-UTF32-H 
10 Apr 2024 15:11:53,310 DEBUG org.apache.fontbox.util.autodetect.FontFileFinder.walk(FontFileFinder.java:136) checkFontfile check /usr/share/fonts/cmap/adobe-japan1/Ext-H 
10 Apr 2024 15:11:53,310 DEBUG org.apache.fontbox.util.autodetect.FontFileFinder.walk(FontFileFinder.java:136) checkFontfile check /usr/share/fonts/cmap/adobe-japan1/Adobe-Japan1-4 
10 Apr 2024 15:11:53,310 DEBUG org.apache.fontbox.util.autodetect.FontFileFinder.walk(FontFileFinder.java:136) checkFontfile check /usr/share/fonts/cmap/adobe-japan1/Ext-RKSJ-H 
10 Apr 2024 15:11:53,310 DEBUG org.apache.fontbox.util.autodetect.FontFileFinder.walk(FontFileFinder.java:136) checkFontfile check /usr/share/fonts/cmap/adobe-japan1/90pv-RKSJ-UCS2C 
10 Apr 2024 15:11:53,310 DEBUG org.apache.fontbox.util.autodetect.FontFileFinder.walk(FontFileFinder.java:136) checkFontfile check /usr/share/fonts/cmap/adobe-japan1/UCS2-90pv-RKSJ 
10 Apr 2024 15:11:53,311 DEBUG org.apache.fontbox.util.autodetect.FontFileFinder.walk(FontFileFinder.java:136) checkFontfile check /usr/share/fonts/cmap/adobe-japan1/90pv-RKSJ-UCS2 
10 Apr 2024 15:11:53,311 DEBUG org.apache.fontbox.util.autodetect.FontFileFinder.walk(FontFileFinder.java:136) checkFontfile check /usr/share/fonts/cmap/adobe-japan1/Adobe-Japan1-1 
10 Apr 2024 15:11:53,311 DEBUG org.apache.fontbox.util.autodetect.FontFileFinder.walk(FontFileFinder.java:136) checkFontfile check /usr/share/fonts/cmap/adobe-japan1/Ext-RKSJ-V 
10 Apr 2024 15:11:53,311 DEBUG org.apache.fontbox.util.autodetect.FontFileFinder.walk(FontFileFinder.java:136) checkFontfile check /usr/share/fonts/cmap/adobe-japan1/Add-RKSJ-H 
10 Apr 2024 15:11:53,311 DEBUG org.apache.fontbox.util.autodetect.FontFileFinder.walk(FontFileFinder.java:136) checkFontfile check /usr/share/fonts/cmap/adobe-japan1/NWP-H 
10 Apr 2024 15:11:53,311 DEBUG org.apache.fontbox.util.autodetect.FontFileFinder.walk(FontFileFinder.java:136) checkFontfile check /usr/share/fonts/cmap/adobe-japan1/Adobe-Japan1-H-CID 
10 Apr 2024 15:11:53,311 DEBUG org.apache.fontbox.util.autodetect.FontFileFinder.walk(FontFileFinder.java:136) checkFontfile check /usr/share/fonts/cmap/adobe-japan1/Adobe-Japan1-H-Host 
10 Apr 2024 15:11:53,311 DEBUG org.apache.fontbox.util.autodetect.FontFileFinder.walk(FontFileFinder.java:136) checkFontfile check /usr/share/fonts/cmap/adobe-japan1/UniJISX0213-UTF32-H 
10 Apr 2024 15:11:53,311 DEBUG org.apache.fontbox.util.autodetect.FontFileFinder.walk(FontFileFinder.java:136) checkFontfile check /usr/share/fonts/cmap/adobe-japan1/78-EUC-V 
10 Apr 2024 15:11:53,311 DEBUG org.apache.fontbox.util.autodetect.FontFileFinder.walk(FontFileFinder.java:136) checkFontfile check /usr/share/fonts/cmap/adobe-japan1/UniJIS-UTF16-H 
10 Apr 2024 15:11:53,311 DEBUG org.apache.fontbox.util.autodetect.FontFileFinder.walk(FontFileFinder.java:136) checkFontfile check /usr/share/fonts/cmap/adobe-japan1/UniJIS-UTF8-V 
10 Apr 2024 15:11:53,312 DEBUG org.apache.fontbox.util.autodetect.FontFileFinder.walk(FontFileFinder.java:136) checkFontfile check /usr/share/fonts/cmap/adobe-japan1/UniJIS2004-UTF16-V 
10 Apr 2024 15:11:53,312 DEBUG org.apache.fontbox.util.autodetect.FontFileFinder.walk(FontFileFinder.java:136) checkFontfile check /usr/share/fonts/cmap/adobe-japan1/90pv-RKSJ-H 
10 Apr 2024 15:11:53,312 DEBUG org.apache.fontbox.util.autodetect.FontFileFinder.walk(FontFileFinder.java:136) checkFontfile check /usr/share/fonts/cmap/adobe-japan1/UniHojo-UCS2-V 
10 Apr 2024 15:11:53,312 DEBUG org.apache.fontbox.util.autodetect.FontFileFinder.walk(FontFileFinder.java:136) checkFontfile check /usr/share/fonts/cmap/adobe-japan2/Adobe-Japan2-0 
10 Apr 2024 15:11:53,312 DEBUG org.apache.fontbox.util.autodetect.FontFileFinder.walk(FontFileFinder.java:136) checkFontfile check /usr/share/fonts/cmap/adobe-japan2/.uuid 
10 Apr 2024 15:11:53,312 DEBUG org.apache.fontbox.util.autodetect.FontFileFinder.walk(FontFileFinder.java:136) checkFontfile check /usr/share/fonts/cmap/.uuid 
10 Apr 2024 15:11:53,312 DEBUG org.apache.fontbox.util.autodetect.FontFileFinder.walk(FontFileFinder.java:136) checkFontfile check /usr/share/fonts/cmap/adobe-cns1/UniCNS-UTF16-H 
10 Apr 2024 15:11:53,313 DEBUG org.apache.fontbox.util.autodetect.FontFileFinder.walk(FontFileFinder.java:136) checkFontfile check /usr/share/fonts/cmap/adobe-cns1/HKscs-B5-V 
10 Apr 2024 15:11:53,313 DEBUG org.apache.fontbox.util.autodetect.FontFileFinder.walk(FontFileFinder.java:136) checkFontfile check /usr/share/fonts/cmap/adobe-cns1/ETenms-B5-H 
10 Apr 2024 15:11:53,313 DEBUG org.apache.fontbox.util.autodetect.FontFileFinder.walk(FontFileFinder.java:136) checkFontfile check /usr/share/fonts/cmap/adobe-cns1/B5pc-H 
10 Apr 2024 15:11:53,313 DEBUG org.apache.fontbox.util.autodetect.FontFileFinder.walk(FontFileFinder.java:136) checkFontfile check /usr/share/fonts/cmap/adobe-cns1/HKm314-B5-V 
10 Apr 2024 15:11:53,313 DEBUG org.apache.fontbox.util.autodetect.FontFileFinder.walk(FontFileFinder.java:136) checkFontfile check /usr/share/fonts/cmap/adobe-cns1/HKm314-B5-H 
10 Apr 2024 15:11:53,313 DEBUG org.apache.fontbox.util.autodetect.FontFileFinder.walk(FontFileFinder.java:136) checkFontfile check /usr/share/fonts/cmap/adobe-cns1/HKm471-B5-H 
10 Apr 2024 15:11:53,313 DEBUG org.apache.fontbox.util.autodetect.FontFileFinder.walk(FontFileFinder.java:136) checkFontfile check /usr/share/fonts/cmap/adobe-cns1/CNS2-H 
10 Apr 2024 15:11:53,313 DEBUG org.apache.fontbox.util.autodetect.FontFileFinder.walk(FontFileFinder.java:136) checkFontfile check /usr/share/fonts/cmap/adobe-cns1/HKgccs-B5-V 
10 Apr 2024 15:11:53,313 DEBUG org.apache.fontbox.util.autodetect.FontFileFinder.walk(FontFileFinder.java:136) checkFontfile check /usr/share/fonts/cmap/adobe-cns1/UniCNS-UTF8-V 
10 Apr 2024 15:11:53,313 DEBUG org.apache.fontbox.util.autodetect.FontFileFinder.walk(FontFileFinder.java:136) checkFontfile check /usr/share/fonts/cmap/adobe-cns1/CNS1-V 
10 Apr 2024 15:11:53,314 DEBUG org.apache.fontbox.util.autodetect.FontFileFinder.walk(FontFileFinder.java:136) checkFontfile check /usr/share/fonts/cmap/adobe-cns1/CNS-EUC-V 
10 Apr 2024 15:11:53,314 DEBUG org.apache.fontbox.util.autodetect.FontFileFinder.walk(FontFileFinder.java:136) checkFontfile check /usr/share/fonts/cmap/adobe-cns1/Adobe-CNS1-6 
10 Apr 2024 15:11:53,314 DEBUG org.apache.fontbox.util.autodetect.FontFileFinder.walk(FontFileFinder.java:136) checkFontfile check /usr/share/fonts/cmap/adobe-cns1/B5-V 
10 Apr 2024 15:11:53,314 DEBUG org.apache.fontbox.util.autodetect.FontFileFinder.walk(FontFileFinder.java:136) checkFontfile check /usr/share/fonts/cmap/adobe-cns1/Adobe-CNS1-2 
10 Apr 2024 15:11:53,314 DEBUG org.apache.fontbox.util.autodetect.FontFileFinder.walk(FontFileFinder.java:136) checkFontfile check /usr/share/fonts/cmap/adobe-cns1/Adobe-CNS1-UCS2 
10 Apr 2024 15:11:53,314 DEBUG org.apache.fontbox.util.autodetect.FontFileFinder.walk(FontFileFinder.java:136) checkFontfile check /usr/share/fonts/cmap/adobe-cns1/Adobe-CNS1-7 
10 Apr 2024 15:11:53,314 DEBUG org.apache.fontbox.util.autodetect.FontFileFinder.walk(FontFileFinder.java:136) checkFontfile check /usr/share/fonts/cmap/adobe-cns1/UniCNS-UTF16-V 
10 Apr 2024 15:11:53,314 DEBUG org.apache.fontbox.util.autodetect.FontFileFinder.walk(FontFileFinder.java:136) checkFontfile check /usr/share/fonts/cmap/adobe-cns1/Adobe-CNS1-0 
10 Apr 2024 15:11:53,314 DEBUG org.apache.fontbox.util.autodetect.FontFileFinder.walk(FontFileFinder.java:136) checkFontfile check /usr/share/fonts/cmap/adobe-cns1/HKdlb-B5-V 
10 Apr 2024 15:11:53,314 DEBUG org.apache.fontbox.util.autodetect.FontFileFinder.walk(FontFileFinder.java:136) checkFontfile check /usr/share/fonts/cmap/adobe-cns1/UniCNS-UTF32-V 
10 Apr 2024 15:11:53,314 DEBUG org.apache.fontbox.util.autodetect.FontFileFinder.walk(FontFileFinder.java:136) checkFontfile check /usr/share/fonts/cmap/adobe-cns1/Adobe-CNS1-ETen-B5 
10 Apr 2024 15:11:53,314 DEBUG org.apache.fontbox.util.autodetect.FontFileFinder.walk(FontFileFinder.java:136) checkFontfile check /usr/share/fonts/cmap/adobe-cns1/HKm471-B5-V 
10 Apr 2024 15:11:53,314 DEBUG org.apache.fontbox.util.autodetect.FontFileFinder.walk(FontFileFinder.java:136) checkFontfile check /usr/share/fonts/cmap/adobe-cns1/B5pc-UCS2 
10 Apr 2024 15:11:53,314 DEBUG org.apache.fontbox.util.autodetect.FontFileFinder.walk(FontFileFinder.java:136) checkFontfile check /usr/share/fonts/cmap/adobe-cns1/UniCNS-UTF32-H 
10 Apr 2024 15:11:53,315 DEBUG org.apache.fontbox.util.autodetect.FontFileFinder.walk(FontFileFinder.java:136) checkFontfile check /usr/share/fonts/cmap/adobe-cns1/Adobe-CNS1-H-Host 
10 Apr 2024 15:11:53,315 DEBUG org.apache.fontbox.util.autodetect.FontFileFinder.walk(FontFileFinder.java:136) checkFontfile check /usr/share/fonts/cmap/adobe-cns1/B5pc-V 
10 Apr 2024 15:11:53,315 DEBUG org.apache.fontbox.util.autodetect.FontFileFinder.walk(FontFileFinder.java:136) checkFontfile check /usr/share/fonts/cmap/adobe-cns1/Adobe-CNS1-4 
10 Apr 2024 15:11:53,315 DEBUG org.apache.fontbox.util.autodetect.FontFileFinder.walk(FontFileFinder.java:136) checkFontfile check /usr/share/fonts/cmap/adobe-cns1/CNS1-H 
10 Apr 2024 15:11:53,315 DEBUG org.apache.fontbox.util.autodetect.FontFileFinder.walk(FontFileFinder.java:136) checkFontfile check /usr/share/fonts/cmap/adobe-cns1/Adobe-CNS1-5 
10 Apr 2024 15:11:53,315 DEBUG org.apache.fontbox.util.autodetect.FontFileFinder.walk(FontFileFinder.java:136) checkFontfile check /usr/share/fonts/cmap/adobe-cns1/ETen-B5-V 
10 Apr 2024 15:11:53,315 DEBUG org.apache.fontbox.util.autodetect.FontFileFinder.walk(FontFileFinder.java:136) checkFontfile check /usr/share/fonts/cmap/adobe-cns1/HKscs-B5-H 
10 Apr 2024 15:11:53,315 DEBUG org.apache.fontbox.util.autodetect.FontFileFinder.walk(FontFileFinder.java:136) checkFontfile check /usr/share/fonts/cmap/adobe-cns1/B5pc-UCS2C 
10 Apr 2024 15:11:53,316 DEBUG org.apache.fontbox.util.autodetect.FontFileFinder.walk(FontFileFinder.java:136) checkFontfile check /usr/share/fonts/cmap/adobe-cns1/UniCNS-UTF8-H 
10 Apr 2024 15:11:53,316 DEBUG org.apache.fontbox.util.autodetect.FontFileFinder.walk(FontFileFinder.java:136) checkFontfile check /usr/share/fonts/cmap/adobe-cns1/ETenms-B5-V 
10 Apr 2024 15:11:53,316 DEBUG org.apache.fontbox.util.autodetect.FontFileFinder.walk(FontFileFinder.java:136) checkFontfile check /usr/share/fonts/cmap/adobe-cns1/.uuid 
10 Apr 2024 15:11:53,316 DEBUG org.apache.fontbox.util.autodetect.FontFileFinder.walk(FontFileFinder.java:136) checkFontfile check /usr/share/fonts/cmap/adobe-cns1/Adobe-CNS1-H-CID 
10 Apr 2024 15:11:53,316 DEBUG org.apache.fontbox.util.autodetect.FontFileFinder.walk(FontFileFinder.java:136) checkFontfile check /usr/share/fonts/cmap/adobe-cns1/UCS2-ETen-B5 
10 Apr 2024 15:11:53,316 DEBUG org.apache.fontbox.util.autodetect.FontFileFinder.walk(FontFileFinder.java:136) checkFontfile check /usr/share/fonts/cmap/adobe-cns1/ETen-B5-H 
10 Apr 2024 15:11:53,316 DEBUG org.apache.fontbox.util.autodetect.FontFileFinder.walk(FontFileFinder.java:136) checkFontfile check /usr/share/fonts/cmap/adobe-cns1/Adobe-CNS1-B5pc 
10 Apr 2024 15:11:53,316 DEBUG org.apache.fontbox.util.autodetect.FontFileFinder.walk(FontFileFinder.java:136) checkFontfile check /usr/share/fonts/cmap/adobe-cns1/ETen-B5-UCS2 
10 Apr 2024 15:11:53,316 DEBUG org.apache.fontbox.util.autodetect.FontFileFinder.walk(FontFileFinder.java:136) checkFontfile check /usr/share/fonts/cmap/adobe-cns1/UniCNS-UCS2-V 
10 Apr 2024 15:11:53,317 DEBUG org.apache.fontbox.util.autodetect.FontFileFinder.walk(FontFileFinder.java:136) checkFontfile check /usr/share/fonts/cmap/adobe-cns1/ETHK-B5-V 
10 Apr 2024 15:11:53,317 DEBUG org.apache.fontbox.util.autodetect.FontFileFinder.walk(FontFileFinder.java:136) checkFontfile check /usr/share/fonts/cmap/adobe-cns1/UCS2-B5pc 
10 Apr 2024 15:11:53,317 DEBUG org.apache.fontbox.util.autodetect.FontFileFinder.walk(FontFileFinder.java:136) checkFontfile check /usr/share/fonts/cmap/adobe-cns1/B5-H 
10 Apr 2024 15:11:53,317 DEBUG org.apache.fontbox.util.autodetect.FontFileFinder.walk(FontFileFinder.java:136) checkFontfile check /usr/share/fonts/cmap/adobe-cns1/HKdla-B5-H 
10 Apr 2024 15:11:53,317 DEBUG org.apache.fontbox.util.autodetect.FontFileFinder.walk(FontFileFinder.java:136) checkFontfile check /usr/share/fonts/cmap/adobe-cns1/HKdlb-B5-H 
10 Apr 2024 15:11:53,317 DEBUG org.apache.fontbox.util.autodetect.FontFileFinder.walk(FontFileFinder.java:136) checkFontfile check /usr/share/fonts/cmap/adobe-cns1/CNS2-V 
10 Apr 2024 15:11:53,317 DEBUG org.apache.fontbox.util.autodetect.FontFileFinder.walk(FontFileFinder.java:136) checkFontfile check /usr/share/fonts/cmap/adobe-cns1/Adobe-CNS1-H-Mac 
10 Apr 2024 15:11:53,317 DEBUG org.apache.fontbox.util.autodetect.FontFileFinder.walk(FontFileFinder.java:136) checkFontfile check /usr/share/fonts/cmap/adobe-cns1/ETHK-B5-H 
10 Apr 2024 15:11:53,317 DEBUG org.apache.fontbox.util.autodetect.FontFileFinder.walk(FontFileFinder.java:136) checkFontfile check /usr/share/fonts/cmap/adobe-cns1/Adobe-CNS1-3 
10 Apr 2024 15:11:53,317 DEBUG org.apache.fontbox.util.autodetect.FontFileFinder.walk(FontFileFinder.java:136) checkFontfile check /usr/share/fonts/cmap/adobe-cns1/HKdla-B5-V 
10 Apr 2024 15:11:53,318 DEBUG org.apache.fontbox.util.autodetect.FontFileFinder.walk(FontFileFinder.java:136) checkFontfile check /usr/share/fonts/cmap/adobe-cns1/UniCNS-UCS2-H 
10 Apr 2024 15:11:53,318 DEBUG org.apache.fontbox.util.autodetect.FontFileFinder.walk(FontFileFinder.java:136) checkFontfile check /usr/share/fonts/cmap/adobe-cns1/CNS-EUC-H 
10 Apr 2024 15:11:53,318 DEBUG org.apache.fontbox.util.autodetect.FontFileFinder.walk(FontFileFinder.java:136) checkFontfile check /usr/share/fonts/cmap/adobe-cns1/Adobe-CNS1-1 
10 Apr 2024 15:11:53,318 DEBUG org.apache.fontbox.util.autodetect.FontFileFinder.walk(FontFileFinder.java:136) checkFontfile check /usr/share/fonts/cmap/adobe-cns1/HKgccs-B5-H 
10 Apr 2024 15:11:53,318 DEBUG org.apache.fontbox.util.autodetect.FontFileFinder.walk(FontFileFinder.java:136) checkFontfile check /usr/share/fonts/cmap/adobe-korea1/KSCms-UHC-HW-V 
10 Apr 2024 15:11:53,318 DEBUG org.apache.fontbox.util.autodetect.FontFileFinder.walk(FontFileFinder.java:136) checkFontfile check /usr/share/fonts/cmap/adobe-korea1/KSCms-UHC-V 
10 Apr 2024 15:11:53,318 DEBUG org.apache.fontbox.util.autodetect.FontFileFinder.walk(FontFileFinder.java:136) checkFontfile check /usr/share/fonts/cmap/adobe-korea1/UniKS-UTF8-H 
10 Apr 2024 15:11:53,318 DEBUG org.apache.fontbox.util.autodetect.FontFileFinder.walk(FontFileFinder.java:136) checkFontfile check /usr/share/fonts/cmap/adobe-korea1/Adobe-Korea1-H-CID 
10 Apr 2024 15:11:53,318 DEBUG org.apache.fontbox.util.autodetect.FontFileFinder.walk(FontFileFinder.java:136) checkFontfile check /usr/share/fonts/cmap/adobe-korea1/UniKS-UCS2-V 
10 Apr 2024 15:11:53,319 DEBUG org.apache.fontbox.util.autodetect.FontFileFinder.walk(FontFileFinder.java:136) checkFontfile check /usr/share/fonts/cmap/adobe-korea1/KSCpc-EUC-H 
10 Apr 2024 15:11:53,319 DEBUG org.apache.fontbox.util.autodetect.FontFileFinder.walk(FontFileFinder.java:136) checkFontfile check /usr/share/fonts/cmap/adobe-korea1/Adobe-Korea1-KSCpc-EUC 
10 Apr 2024 15:11:53,319 DEBUG org.apache.fontbox.util.autodetect.FontFileFinder.walk(FontFileFinder.java:136) checkFontfile check /usr/share/fonts/cmap/adobe-korea1/KSCms-UHC-H 
10 Apr 2024 15:11:53,319 DEBUG org.apache.fontbox.util.autodetect.FontFileFinder.walk(FontFileFinder.java:136) checkFontfile check /usr/share/fonts/cmap/adobe-korea1/UniKS-UTF32-V 
10 Apr 2024 15:11:53,319 DEBUG org.apache.fontbox.util.autodetect.FontFileFinder.walk(FontFileFinder.java:136) checkFontfile check /usr/share/fonts/cmap/adobe-korea1/KSCms-UHC-UCS2 
10 Apr 2024 15:11:53,319 DEBUG org.apache.fontbox.util.autodetect.FontFileFinder.walk(FontFileFinder.java:136) checkFontfile check /usr/share/fonts/cmap/adobe-korea1/KSC-Johab-V 
10 Apr 2024 15:11:53,319 DEBUG org.apache.fontbox.util.autodetect.FontFileFinder.walk(FontFileFinder.java:136) checkFontfile check /usr/share/fonts/cmap/adobe-korea1/UCS2-KSCms-UHC 
10 Apr 2024 15:11:53,319 DEBUG org.apache.fontbox.util.autodetect.FontFileFinder.walk(FontFileFinder.java:136) checkFontfile check /usr/share/fonts/cmap/adobe-korea1/UCS2-KSCpc-EUC 
10 Apr 2024 15:11:53,319 DEBUG org.apache.fontbox.util.autodetect.FontFileFinder.walk(FontFileFinder.java:136) checkFontfile check /usr/share/fonts/cmap/adobe-korea1/UniKS-UTF32-H 
10 Apr 2024 15:11:53,320 DEBUG org.apache.fontbox.util.autodetect.FontFileFinder.walk(FontFileFinder.java:136) checkFontfile check /usr/share/fonts/cmap/adobe-korea1/UniKS-UTF16-H 
10 Apr 2024 15:11:53,320 DEBUG org.apache.fontbox.util.autodetect.FontFileFinder.walk(FontFileFinder.java:136) checkFontfile check /usr/share/fonts/cmap/adobe-korea1/Adobe-Korea1-H-Host 
10 Apr 2024 15:11:53,320 DEBUG org.apache.fontbox.util.autodetect.FontFileFinder.walk(FontFileFinder.java:136) checkFontfile check /usr/share/fonts/cmap/adobe-korea1/Adobe-Korea1-0 
10 Apr 2024 15:11:53,320 DEBUG org.apache.fontbox.util.autodetect.FontFileFinder.walk(FontFileFinder.java:136) checkFontfile check /usr/share/fonts/cmap/adobe-korea1/KSC-H 
10 Apr 2024 15:11:53,320 DEBUG org.apache.fontbox.util.autodetect.FontFileFinder.walk(FontFileFinder.java:136) checkFontfile check /usr/share/fonts/cmap/adobe-korea1/Adobe-Korea1-1 
10 Apr 2024 15:11:53,320 DEBUG org.apache.fontbox.util.autodetect.FontFileFinder.walk(FontFileFinder.java:136) checkFontfile check /usr/share/fonts/cmap/adobe-korea1/KSC-V 
10 Apr 2024 15:11:53,320 DEBUG org.apache.fontbox.util.autodetect.FontFileFinder.walk(FontFileFinder.java:136) checkFontfile check /usr/share/fonts/cmap/adobe-korea1/.uuid 
10 Apr 2024 15:11:53,320 DEBUG org.apache.fontbox.util.autodetect.FontFileFinder.walk(FontFileFinder.java:136) checkFontfile check /usr/share/fonts/cmap/adobe-korea1/UniKS-UCS2-H 
10 Apr 2024 15:11:53,320 DEBUG org.apache.fontbox.util.autodetect.FontFileFinder.walk(FontFileFinder.java:136) checkFontfile check /usr/share/fonts/cmap/adobe-korea1/UniKS-UTF16-V 
10 Apr 2024 15:11:53,320 DEBUG org.apache.fontbox.util.autodetect.FontFileFinder.walk(FontFileFinder.java:136) checkFontfile check /usr/share/fonts/cmap/adobe-korea1/KSCpc-EUC-UCS2C 
10 Apr 2024 15:11:53,321 DEBUG org.apache.fontbox.util.autodetect.FontFileFinder.walk(FontFileFinder.java:136) checkFontfile check /usr/share/fonts/cmap/adobe-korea1/KSCpc-EUC-UCS2 
10 Apr 2024 15:11:53,321 DEBUG org.apache.fontbox.util.autodetect.FontFileFinder.walk(FontFileFinder.java:136) checkFontfile check /usr/share/fonts/cmap/adobe-korea1/Adobe-Korea1-UCS2 
10 Apr 2024 15:11:53,321 DEBUG org.apache.fontbox.util.autodetect.FontFileFinder.walk(FontFileFinder.java:136) checkFontfile check /usr/share/fonts/cmap/adobe-korea1/KSCms-UHC-HW-H 
10 Apr 2024 15:11:53,321 DEBUG org.apache.fontbox.util.autodetect.FontFileFinder.walk(FontFileFinder.java:136) checkFontfile check /usr/share/fonts/cmap/adobe-korea1/KSC-EUC-H 
10 Apr 2024 15:11:53,321 DEBUG org.apache.fontbox.util.autodetect.FontFileFinder.walk(FontFileFinder.java:136) checkFontfile check /usr/share/fonts/cmap/adobe-korea1/KSCpc-EUC-V 
10 Apr 2024 15:11:53,321 DEBUG org.apache.fontbox.util.autodetect.FontFileFinder.walk(FontFileFinder.java:136) checkFontfile check /usr/share/fonts/cmap/adobe-korea1/Adobe-Korea1-H-Mac 
10 Apr 2024 15:11:53,321 DEBUG org.apache.fontbox.util.autodetect.FontFileFinder.walk(FontFileFinder.java:136) checkFontfile check /usr/share/fonts/cmap/adobe-korea1/KSC-Johab-H 
10 Apr 2024 15:11:53,321 DEBUG org.apache.fontbox.util.autodetect.FontFileFinder.walk(FontFileFinder.java:136) checkFontfile check /usr/share/fonts/cmap/adobe-korea1/UniKS-UTF8-V 
10 Apr 2024 15:11:53,321 DEBUG org.apache.fontbox.util.autodetect.FontFileFinder.walk(FontFileFinder.java:136) checkFontfile check /usr/share/fonts/cmap/adobe-korea1/Adobe-Korea1-2 
10 Apr 2024 15:11:53,321 DEBUG org.apache.fontbox.util.autodetect.FontFileFinder.walk(FontFileFinder.java:136) checkFontfile check /usr/share/fonts/cmap/adobe-korea1/KSC-EUC-V 
10 Apr 2024 15:11:53,322 DEBUG org.apache.fontbox.util.autodetect.FontFileFinder.walk(FontFileFinder.java:136) checkFontfile check /usr/share/fonts/cmap/adobe-korea1/Adobe-Korea1-KSCms-UHC 
10 Apr 2024 15:11:53,323 DEBUG org.apache.fontbox.util.autodetect.FontFileFinder.walk(FontFileFinder.java:136) checkFontfile check /usr/share/fonts/cmap/Identity-H 
10 Apr 2024 15:11:53,323 DEBUG org.apache.fontbox.util.autodetect.FontFileFinder.walk(FontFileFinder.java:136) checkFontfile check /usr/share/fonts/cmap/Identity-V 
10 Apr 2024 15:11:53,334 DEBUG org.apache.pdfbox.pdmodel.font.FontMapperImpl.getFont(FontMapperImpl.java:484) getFont('TTF','LiberationSans') returns LiberationSans (TTF, mac: 0x0, os/2: 0x805, cid: null) /usr/share/fonts/truetype/liberation2/LiberationSans-Regular.ttf 
10 Apr 2024 15:11:53,339 DEBUG org.apache.pdfbox.pdmodel.font.FileSystemFontProvider$FSFontInfo.getTrueTypeFont(FileSystemFontProvider.java:196) Loaded LiberationSans from /usr/share/fonts/truetype/liberation2/LiberationSans-Regular.ttf 
10 Apr 2024 15:11:53,346 DEBUG org.apache.pdfbox.pdmodel.font.FontMapperImpl.getFont(FontMapperImpl.java:484) getFont('TTF','LiberationSans-Bold') returns LiberationSans-Bold (TTF, mac: 0x1, os/2: 0x805, cid: null) /usr/share/fonts/truetype/liberation2/LiberationSans-Bold.ttf 
10 Apr 2024 15:11:53,347 DEBUG org.apache.pdfbox.pdmodel.font.FileSystemFontProvider$FSFontInfo.getTrueTypeFont(FileSystemFontProvider.java:196) Loaded LiberationSans-Bold from /usr/share/fonts/truetype/liberation2/LiberationSans-Bold.ttf 
10 Apr 2024 15:11:54,268 DEBUG org.apache.pdfbox.pdmodel.PDDocumentCatalog.getAcroForm(PDDocumentCatalog.java:138) AcroForm content has already been retrieved with fixes applied - original content changed because of that 
10 Apr 2024 15:11:54,268 DEBUG org.apache.pdfbox.pdmodel.PDDocumentCatalog.getAcroForm(PDDocumentCatalog.java:138) AcroForm content has already been retrieved with fixes applied - original content changed because of that 
10 Apr 2024 15:11:54,302 DEBUG org.apache.pdfbox.io.ScratchFileBuffer.finalize(ScratchFileBuffer.java:520) ScratchFileBuffer not closed! 
10 Apr 2024 15:11:54,359 DEBUG org.apache.pdfbox.pdmodel.PDDocumentCatalog.getAcroForm(PDDocumentCatalog.java:138) AcroForm content has already been retrieved with fixes applied - original content changed because of that 
10 Apr 2024 15:11:54,359 DEBUG org.apache.pdfbox.pdmodel.PDDocumentCatalog.getAcroForm(PDDocumentCatalog.java:138) AcroForm content has already been retrieved with fixes applied - original content changed because of that 
10 Apr 2024 15:11:54,359 DEBUG org.apache.pdfbox.pdmodel.PDDocumentCatalog.getAcroForm(PDDocumentCatalog.java:138) AcroForm content has already been retrieved with fixes applied - original content changed because of that 
10 Apr 2024 15:11:54,360 DEBUG org.apache.pdfbox.pdmodel.PDDocumentCatalog.getAcroForm(PDDocumentCatalog.java:138) AcroForm content has already been retrieved with fixes applied - original content changed because of that 
10 Apr 2024 15:11:54,407 DEBUG org.apache.pdfbox.pdmodel.PDDocumentCatalog.getAcroForm(PDDocumentCatalog.java:138) AcroForm content has already been retrieved with fixes applied - original content changed because of that 
10 Apr 2024 15:11:54,407 DEBUG org.apache.pdfbox.pdmodel.PDDocumentCatalog.getAcroForm(PDDocumentCatalog.java:138) AcroForm content has already been retrieved with fixes applied - original content changed because of that 
10 Apr 2024 15:11:54,407 DEBUG org.apache.pdfbox.pdmodel.PDDocumentCatalog.getAcroForm(PDDocumentCatalog.java:138) AcroForm content has already been retrieved with fixes applied - original content changed because of that 
10 Apr 2024 15:11:54,407 DEBUG org.apache.pdfbox.pdmodel.PDDocumentCatalog.getAcroForm(PDDocumentCatalog.java:138) AcroForm content has already been retrieved with fixes applied - original content changed because of that 
10 Apr 2024 15:11:57,987 DEBUG org.apache.pdfbox.io.ScratchFile.enlarge(ScratchFile.java:246) file: /tmp/PDFBox8226931847414731330.tmp 
10 Apr 2024 15:11:57,988 DEBUG org.apache.pdfbox.io.ScratchFile.enlarge(ScratchFile.java:247) fileLen before: 0, raf length: 0, file length: 0 
10 Apr 2024 15:11:57,988 DEBUG org.apache.pdfbox.io.ScratchFile.enlarge(ScratchFile.java:255) fileLen after1: 65536, raf length: 65536, file length: 65536 
10 Apr 2024 15:11:57,989 DEBUG org.apache.pdfbox.io.ScratchFile.enlarge(ScratchFile.java:246) file: /tmp/PDFBox8226931847414731330.tmp 
10 Apr 2024 15:11:57,989 DEBUG org.apache.pdfbox.io.ScratchFile.enlarge(ScratchFile.java:247) fileLen before: 65536, raf length: 65536, file length: 65536 
10 Apr 2024 15:11:57,989 DEBUG org.apache.pdfbox.io.ScratchFile.enlarge(ScratchFile.java:255) fileLen after1: 131072, raf length: 131072, file length: 131072 
10 Apr 2024 15:11:58,355 DEBUG org.apache.pdfbox.io.ScratchFile.enlarge(ScratchFile.java:246) file: /tmp/PDFBox8226931847414731330.tmp 
10 Apr 2024 15:11:58,356 DEBUG org.apache.pdfbox.io.ScratchFile.enlarge(ScratchFile.java:247) fileLen before: 131072, raf length: 131072, file length: 131072 
10 Apr 2024 15:11:58,356 DEBUG org.apache.pdfbox.io.ScratchFile.enlarge(ScratchFile.java:255) fileLen after1: 196608, raf length: 196608, file length: 196608 
10 Apr 2024 15:11:58,356 DEBUG org.apache.pdfbox.io.ScratchFile.enlarge(ScratchFile.java:246) file: /tmp/PDFBox8226931847414731330.tmp 
10 Apr 2024 15:11:58,356 DEBUG org.apache.pdfbox.io.ScratchFile.enlarge(ScratchFile.java:247) fileLen before: 196608, raf length: 196608, file length: 196608 
10 Apr 2024 15:11:58,356 DEBUG org.apache.pdfbox.io.ScratchFile.enlarge(ScratchFile.java:255) fileLen after1: 262144, raf length: 262144, file length: 262144 
10 Apr 2024 15:11:58,752 DEBUG org.apache.pdfbox.io.ScratchFile.enlarge(ScratchFile.java:246) file: /tmp/PDFBox8226931847414731330.tmp 
10 Apr 2024 15:11:58,753 DEBUG org.apache.pdfbox.io.ScratchFile.enlarge(ScratchFile.java:247) fileLen before: 262144, raf length: 262144, file length: 262144 
10 Apr 2024 15:11:58,753 DEBUG org.apache.pdfbox.io.ScratchFile.enlarge(ScratchFile.java:255) fileLen after1: 327680, raf length: 327680, file length: 327680 
10 Apr 2024 15:11:58,754 DEBUG org.apache.pdfbox.io.ScratchFile.enlarge(ScratchFile.java:246) file: /tmp/PDFBox8226931847414731330.tmp 
10 Apr 2024 15:11:58,754 DEBUG org.apache.pdfbox.io.ScratchFile.enlarge(ScratchFile.java:247) fileLen before: 327680, raf length: 327680, file length: 327680 
10 Apr 2024 15:11:58,754 DEBUG org.apache.pdfbox.io.ScratchFile.enlarge(ScratchFile.java:255) fileLen after1: 393216, raf length: 393216, file length: 393216 
10 Apr 2024 15:11:59,039 DEBUG org.apache.pdfbox.io.ScratchFile.enlarge(ScratchFile.java:246) file: /tmp/PDFBox8226931847414731330.tmp 
10 Apr 2024 15:11:59,039 DEBUG org.apache.pdfbox.io.ScratchFile.enlarge(ScratchFile.java:247) fileLen before: 393216, raf length: 393216, file length: 393216 
10 Apr 2024 15:11:59,039 DEBUG org.apache.pdfbox.io.ScratchFile.enlarge(ScratchFile.java:255) fileLen after1: 458752, raf length: 458752, file length: 458752 
10 Apr 2024 15:11:59,040 DEBUG org.apache.pdfbox.io.ScratchFile.enlarge(ScratchFile.java:246) file: /tmp/PDFBox8226931847414731330.tmp 
10 Apr 2024 15:11:59,040 DEBUG org.apache.pdfbox.io.ScratchFile.enlarge(ScratchFile.java:247) fileLen before: 458752, raf length: 458752, file length: 458752 
10 Apr 2024 15:11:59,040 DEBUG org.apache.pdfbox.io.ScratchFile.enlarge(ScratchFile.java:255) fileLen after1: 524288, raf length: 524288, file length: 524288 
10 Apr 2024 15:11:59,372 DEBUG org.apache.pdfbox.io.ScratchFile.enlarge(ScratchFile.java:246) file: /tmp/PDFBox8226931847414731330.tmp 
10 Apr 2024 15:11:59,372 DEBUG org.apache.pdfbox.io.ScratchFile.enlarge(ScratchFile.java:247) fileLen before: 524288, raf length: 524288, file length: 524288 
10 Apr 2024 15:11:59,372 DEBUG org.apache.pdfbox.io.ScratchFile.enlarge(ScratchFile.java:255) fileLen after1: 589824, raf length: 589824, file length: 589824 
10 Apr 2024 15:11:59,696 DEBUG org.apache.pdfbox.io.ScratchFile.enlarge(ScratchFile.java:246) file: /tmp/PDFBox8226931847414731330.tmp 
10 Apr 2024 15:11:59,696 DEBUG org.apache.pdfbox.io.ScratchFile.enlarge(ScratchFile.java:247) fileLen before: 589824, raf length: 589824, file length: 589824 
10 Apr 2024 15:11:59,696 DEBUG org.apache.pdfbox.io.ScratchFile.enlarge(ScratchFile.java:255) fileLen after1: 655360, raf length: 655360, file length: 655360 
10 Apr 2024 15:11:59,697 DEBUG org.apache.pdfbox.io.ScratchFile.enlarge(ScratchFile.java:246) file: /tmp/PDFBox8226931847414731330.tmp 
10 Apr 2024 15:11:59,697 DEBUG org.apache.pdfbox.io.ScratchFile.enlarge(ScratchFile.java:247) fileLen before: 655360, raf length: 655360, file length: 655360 
10 Apr 2024 15:11:59,697 DEBUG org.apache.pdfbox.io.ScratchFile.enlarge(ScratchFile.java:255) fileLen after1: 720896, raf length: 720896, file length: 720896 
10 Apr 2024 15:11:59,969 DEBUG org.apache.pdfbox.io.ScratchFile.enlarge(ScratchFile.java:246) file: /tmp/PDFBox8226931847414731330.tmp 
10 Apr 2024 15:11:59,969 DEBUG org.apache.pdfbox.io.ScratchFile.enlarge(ScratchFile.java:247) fileLen before: 720896, raf length: 720896, file length: 720896 
10 Apr 2024 15:11:59,970 DEBUG org.apache.pdfbox.io.ScratchFile.enlarge(ScratchFile.java:255) fileLen after1: 786432, raf length: 786432, file length: 786432 
10 Apr 2024 15:11:59,970 DEBUG org.apache.pdfbox.io.ScratchFile.enlarge(ScratchFile.java:246) file: /tmp/PDFBox8226931847414731330.tmp 
10 Apr 2024 15:11:59,971 DEBUG org.apache.pdfbox.io.ScratchFile.enlarge(ScratchFile.java:247) fileLen before: 786432, raf length: 786432, file length: 786432 
10 Apr 2024 15:11:59,971 DEBUG org.apache.pdfbox.io.ScratchFile.enlarge(ScratchFile.java:255) fileLen after1: 851968, raf length: 851968, file length: 851968 
10 Apr 2024 15:12:00,275 DEBUG org.apache.pdfbox.io.ScratchFile.enlarge(ScratchFile.java:246) file: /tmp/PDFBox8226931847414731330.tmp 
10 Apr 2024 15:12:00,275 DEBUG org.apache.pdfbox.io.ScratchFile.enlarge(ScratchFile.java:247) fileLen before: 851968, raf length: 851968, file length: 851968 
10 Apr 2024 15:12:00,275 DEBUG org.apache.pdfbox.io.ScratchFile.enlarge(ScratchFile.java:255) fileLen after1: 917504, raf length: 917504, file length: 917504 
10 Apr 2024 15:12:00,455 DEBUG org.apache.pdfbox.io.ScratchFile.enlarge(ScratchFile.java:246) file: /tmp/PDFBox8226931847414731330.tmp 
10 Apr 2024 15:12:00,456 DEBUG org.apache.pdfbox.io.ScratchFile.enlarge(ScratchFile.java:247) fileLen before: 917504, raf length: 917504, file length: 917504 
10 Apr 2024 15:12:00,456 DEBUG org.apache.pdfbox.io.ScratchFile.enlarge(ScratchFile.java:255) fileLen after1: 983040, raf length: 983040, file length: 983040 
10 Apr 2024 15:12:00,456 DEBUG org.apache.pdfbox.io.ScratchFile.enlarge(ScratchFile.java:246) file: /tmp/PDFBox8226931847414731330.tmp 
10 Apr 2024 15:12:00,456 DEBUG org.apache.pdfbox.io.ScratchFile.enlarge(ScratchFile.java:247) fileLen before: 983040, raf length: 983040, file length: 983040 
10 Apr 2024 15:12:00,456 DEBUG org.apache.pdfbox.io.ScratchFile.enlarge(ScratchFile.java:255) fileLen after1: 1048576, raf length: 1048576, file length: 1048576 
10 Apr 2024 15:12:00,713 DEBUG org.apache.pdfbox.io.ScratchFile.enlarge(ScratchFile.java:246) file: /tmp/PDFBox8226931847414731330.tmp 
10 Apr 2024 15:12:00,714 DEBUG org.apache.pdfbox.io.ScratchFile.enlarge(ScratchFile.java:247) fileLen before: 1048576, raf length: 1048576, file length: 1048576 
10 Apr 2024 15:12:00,714 DEBUG org.apache.pdfbox.io.ScratchFile.enlarge(ScratchFile.java:255) fileLen after1: 1114112, raf length: 1114112, file length: 1114112 
10 Apr 2024 15:12:00,715 DEBUG org.apache.pdfbox.io.ScratchFile.enlarge(ScratchFile.java:246) file: /tmp/PDFBox8226931847414731330.tmp 
10 Apr 2024 15:12:00,715 DEBUG org.apache.pdfbox.io.ScratchFile.enlarge(ScratchFile.java:247) fileLen before: 1114112, raf length: 1114112, file length: 1114112 
10 Apr 2024 15:12:00,715 DEBUG org.apache.pdfbox.io.ScratchFile.enlarge(ScratchFile.java:255) fileLen after1: 1179648, raf length: 1179648, file length: 1179648 
10 Apr 2024 15:12:01,041 DEBUG org.apache.pdfbox.io.ScratchFile.enlarge(ScratchFile.java:246) file: /tmp/PDFBox8226931847414731330.tmp 
10 Apr 2024 15:12:01,041 DEBUG org.apache.pdfbox.io.ScratchFile.enlarge(ScratchFile.java:247) fileLen before: 1179648, raf length: 1179648, file length: 1179648 
10 Apr 2024 15:12:01,041 DEBUG org.apache.pdfbox.io.ScratchFile.enlarge(ScratchFile.java:255) fileLen after1: 1245184, raf length: 1245184, file length: 1245184 
10 Apr 2024 15:12:01,245 DEBUG org.apache.pdfbox.io.ScratchFile.enlarge(ScratchFile.java:246) file: /tmp/PDFBox8226931847414731330.tmp 
10 Apr 2024 15:12:01,245 DEBUG org.apache.pdfbox.io.ScratchFile.enlarge(ScratchFile.java:247) fileLen before: 1245184, raf length: 1245184, file length: 1245184 
10 Apr 2024 15:12:01,246 DEBUG org.apache.pdfbox.io.ScratchFile.enlarge(ScratchFile.java:255) fileLen after1: 1310720, raf length: 1310720, file length: 1310720 
10 Apr 2024 15:12:01,246 DEBUG org.apache.pdfbox.io.ScratchFile.enlarge(ScratchFile.java:246) file: /tmp/PDFBox8226931847414731330.tmp 
10 Apr 2024 15:12:01,246 DEBUG org.apache.pdfbox.io.ScratchFile.enlarge(ScratchFile.java:247) fileLen before: 1310720, raf length: 1310720, file length: 1310720 
10 Apr 2024 15:12:01,246 DEBUG org.apache.pdfbox.io.ScratchFile.enlarge(ScratchFile.java:255) fileLen after1: 1376256, raf length: 1376256, file length: 1376256 
10 Apr 2024 15:12:01,578 DEBUG org.apache.pdfbox.io.ScratchFile.enlarge(ScratchFile.java:246) file: /tmp/PDFBox8226931847414731330.tmp 
10 Apr 2024 15:12:01,578 DEBUG org.apache.pdfbox.io.ScratchFile.enlarge(ScratchFile.java:247) fileLen before: 1376256, raf length: 1376256, file length: 1376256 
10 Apr 2024 15:12:01,578 DEBUG org.apache.pdfbox.io.ScratchFile.enlarge(ScratchFile.java:255) fileLen after1: 1441792, raf length: 1441792, file length: 1441792 
10 Apr 2024 15:12:01,579 DEBUG org.apache.pdfbox.io.ScratchFile.enlarge(ScratchFile.java:246) file: /tmp/PDFBox8226931847414731330.tmp 
10 Apr 2024 15:12:01,579 DEBUG org.apache.pdfbox.io.ScratchFile.enlarge(ScratchFile.java:247) fileLen before: 1441792, raf length: 1441792, file length: 1441792 
10 Apr 2024 15:12:01,579 DEBUG org.apache.pdfbox.io.ScratchFile.enlarge(ScratchFile.java:255) fileLen after1: 1507328, raf length: 1507328, file length: 1507328 
10 Apr 2024 15:12:01,774 DEBUG org.apache.pdfbox.io.ScratchFile.enlarge(ScratchFile.java:246) file: /tmp/PDFBox8226931847414731330.tmp 
10 Apr 2024 15:12:01,774 DEBUG org.apache.pdfbox.io.ScratchFile.enlarge(ScratchFile.java:247) fileLen before: 1507328, raf length: 1507328, file length: 1507328 
10 Apr 2024 15:12:01,775 DEBUG org.apache.pdfbox.io.ScratchFile.enlarge(ScratchFile.java:255) fileLen after1: 1572864, raf length: 1572864, file length: 1572864 
10 Apr 2024 15:12:01,775 DEBUG org.apache.pdfbox.io.ScratchFile.enlarge(ScratchFile.java:246) file: /tmp/PDFBox8226931847414731330.tmp 
10 Apr 2024 15:12:01,775 DEBUG org.apache.pdfbox.io.ScratchFile.enlarge(ScratchFile.java:247) fileLen before: 1572864, raf length: 1572864, file length: 1572864 
10 Apr 2024 15:12:01,775 DEBUG org.apache.pdfbox.io.ScratchFile.enlarge(ScratchFile.java:255) fileLen after1: 1638400, raf length: 1638400, file length: 1638400 
10 Apr 2024 15:12:02,048 DEBUG org.apache.pdfbox.io.ScratchFile.enlarge(ScratchFile.java:246) file: /tmp/PDFBox8226931847414731330.tmp 
10 Apr 2024 15:12:02,049 DEBUG org.apache.pdfbox.io.ScratchFile.enlarge(ScratchFile.java:247) fileLen before: 1638400, raf length: 1638400, file length: 1638400 
10 Apr 2024 15:12:02,049 DEBUG org.apache.pdfbox.io.ScratchFile.enlarge(ScratchFile.java:255) fileLen after1: 1703936, raf length: 1703936, file length: 1703936 
10 Apr 2024 15:12:02,261 DEBUG org.apache.pdfbox.io.ScratchFile.enlarge(ScratchFile.java:246) file: /tmp/PDFBox8226931847414731330.tmp 
10 Apr 2024 15:12:02,261 DEBUG org.apache.pdfbox.io.ScratchFile.enlarge(ScratchFile.java:247) fileLen before: 1703936, raf length: 1703936, file length: 1703936 
10 Apr 2024 15:12:02,261 DEBUG org.apache.pdfbox.io.ScratchFile.enlarge(ScratchFile.java:255) fileLen after1: 1769472, raf length: 1769472, file length: 1769472 
10 Apr 2024 15:12:02,262 DEBUG org.apache.pdfbox.io.ScratchFile.enlarge(ScratchFile.java:246) file: /tmp/PDFBox8226931847414731330.tmp 
10 Apr 2024 15:12:02,262 DEBUG org.apache.pdfbox.io.ScratchFile.enlarge(ScratchFile.java:247) fileLen before: 1769472, raf length: 1769472, file length: 1769472 
10 Apr 2024 15:12:02,262 DEBUG org.apache.pdfbox.io.ScratchFile.enlarge(ScratchFile.java:255) fileLen after1: 1835008, raf length: 1835008, file length: 1835008 
10 Apr 2024 15:12:02,619 DEBUG org.apache.pdfbox.io.ScratchFile.enlarge(ScratchFile.java:246) file: /tmp/PDFBox8226931847414731330.tmp 
10 Apr 2024 15:12:02,620 DEBUG org.apache.pdfbox.io.ScratchFile.enlarge(ScratchFile.java:247) fileLen before: 1835008, raf length: 1835008, file length: 1835008 
10 Apr 2024 15:12:02,620 DEBUG org.apache.pdfbox.io.ScratchFile.enlarge(ScratchFile.java:255) fileLen after1: 1900544, raf length: 1900544, file length: 1900544 
10 Apr 2024 15:12:02,631 DEBUG org.apache.pdfbox.io.ScratchFile.enlarge(ScratchFile.java:246) file: /tmp/PDFBox8226931847414731330.tmp 
10 Apr 2024 15:12:02,631 DEBUG org.apache.pdfbox.io.ScratchFile.enlarge(ScratchFile.java:247) fileLen before: 1900544, raf length: 1900544, file length: 1900544 
10 Apr 2024 15:12:02,631 DEBUG org.apache.pdfbox.io.ScratchFile.enlarge(ScratchFile.java:255) fileLen after1: 1966080, raf length: 1966080, file length: 1966080 
10 Apr 2024 15:12:02,865 DEBUG org.apache.pdfbox.io.ScratchFile.enlarge(ScratchFile.java:246) file: /tmp/PDFBox8226931847414731330.tmp 
10 Apr 2024 15:12:02,865 DEBUG org.apache.pdfbox.io.ScratchFile.enlarge(ScratchFile.java:247) fileLen before: 1966080, raf length: 1966080, file length: 1966080 
10 Apr 2024 15:12:02,865 DEBUG org.apache.pdfbox.io.ScratchFile.enlarge(ScratchFile.java:255) fileLen after1: 2031616, raf length: 2031616, file length: 2031616 
10 Apr 2024 15:12:03,192 DEBUG org.apache.pdfbox.io.ScratchFile.enlarge(ScratchFile.java:246) file: /tmp/PDFBox8226931847414731330.tmp 
10 Apr 2024 15:12:03,193 DEBUG org.apache.pdfbox.io.ScratchFile.enlarge(ScratchFile.java:247) fileLen before: 2031616, raf length: 2031616, file length: 2031616 
10 Apr 2024 15:12:03,193 DEBUG org.apache.pdfbox.io.ScratchFile.enlarge(ScratchFile.java:255) fileLen after1: 2097152, raf length: 2097152, file length: 2097152 
10 Apr 2024 15:12:03,193 DEBUG org.apache.pdfbox.io.ScratchFile.enlarge(ScratchFile.java:246) file: /tmp/PDFBox8226931847414731330.tmp 
10 Apr 2024 15:12:03,193 DEBUG org.apache.pdfbox.io.ScratchFile.enlarge(ScratchFile.java:247) fileLen before: 2097152, raf length: 2097152, file length: 2097152 
10 Apr 2024 15:12:03,193 DEBUG org.apache.pdfbox.io.ScratchFile.enlarge(ScratchFile.java:255) fileLen after1: 2162688, raf length: 2162688, file length: 2162688 
10 Apr 2024 15:12:03,528 DEBUG org.apache.pdfbox.io.ScratchFile.enlarge(ScratchFile.java:246) file: /tmp/PDFBox8226931847414731330.tmp 
10 Apr 2024 15:12:03,528 DEBUG org.apache.pdfbox.io.ScratchFile.enlarge(ScratchFile.java:247) fileLen before: 2162688, raf length: 2162688, file length: 2162688 
10 Apr 2024 15:12:03,528 DEBUG org.apache.pdfbox.io.ScratchFile.enlarge(ScratchFile.java:255) fileLen after1: 2228224, raf length: 2228224, file length: 2228224 
10 Apr 2024 15:12:03,529 DEBUG org.apache.pdfbox.io.ScratchFile.enlarge(ScratchFile.java:246) file: /tmp/PDFBox8226931847414731330.tmp 
10 Apr 2024 15:12:03,529 DEBUG org.apache.pdfbox.io.ScratchFile.enlarge(ScratchFile.java:247) fileLen before: 2228224, raf length: 2228224, file length: 2228224 
10 Apr 2024 15:12:03,529 DEBUG org.apache.pdfbox.io.ScratchFile.enlarge(ScratchFile.java:255) fileLen after1: 2293760, raf length: 2293760, file length: 2293760 
10 Apr 2024 15:12:03,732 DEBUG org.apache.pdfbox.io.ScratchFile.enlarge(ScratchFile.java:246) file: /tmp/PDFBox8226931847414731330.tmp 
10 Apr 2024 15:12:03,732 DEBUG org.apache.pdfbox.io.ScratchFile.enlarge(ScratchFile.java:247) fileLen before: 2293760, raf length: 2293760, file length: 2293760 
10 Apr 2024 15:12:03,732 DEBUG org.apache.pdfbox.io.ScratchFile.enlarge(ScratchFile.java:255) fileLen after1: 2359296, raf length: 2359296, file length: 2359296 
10 Apr 2024 15:12:03,895 DEBUG org.apache.pdfbox.io.ScratchFile.enlarge(ScratchFile.java:246) file: /tmp/PDFBox8226931847414731330.tmp 
10 Apr 2024 15:12:03,896 DEBUG org.apache.pdfbox.io.ScratchFile.enlarge(ScratchFile.java:247) fileLen before: 2359296, raf length: 2359296, file length: 2359296 
10 Apr 2024 15:12:03,896 DEBUG org.apache.pdfbox.io.ScratchFile.enlarge(ScratchFile.java:255) fileLen after1: 2424832, raf length: 2424832, file length: 2424832 
10 Apr 2024 15:12:03,896 DEBUG org.apache.pdfbox.io.ScratchFile.enlarge(ScratchFile.java:246) file: /tmp/PDFBox8226931847414731330.tmp 
10 Apr 2024 15:12:03,896 DEBUG org.apache.pdfbox.io.ScratchFile.enlarge(ScratchFile.java:247) fileLen before: 2424832, raf length: 2424832, file length: 2424832 
10 Apr 2024 15:12:03,896 DEBUG org.apache.pdfbox.io.ScratchFile.enlarge(ScratchFile.java:255) fileLen after1: 2490368, raf length: 2490368, file length: 2490368 
10 Apr 2024 15:12:04,125 DEBUG org.apache.pdfbox.io.ScratchFile.enlarge(ScratchFile.java:246) file: /tmp/PDFBox8226931847414731330.tmp 
10 Apr 2024 15:12:04,126 DEBUG org.apache.pdfbox.io.ScratchFile.enlarge(ScratchFile.java:247) fileLen before: 2490368, raf length: 2490368, file length: 2490368 
10 Apr 2024 15:12:04,126 DEBUG org.apache.pdfbox.io.ScratchFile.enlarge(ScratchFile.java:255) fileLen after1: 2555904, raf length: 2555904, file length: 2555904 
10 Apr 2024 15:12:04,126 DEBUG org.apache.pdfbox.io.ScratchFile.enlarge(ScratchFile.java:246) file: /tmp/PDFBox8226931847414731330.tmp 
10 Apr 2024 15:12:04,126 DEBUG org.apache.pdfbox.io.ScratchFile.enlarge(ScratchFile.java:247) fileLen before: 2555904, raf length: 2555904, file length: 2555904 
10 Apr 2024 15:12:04,126 DEBUG org.apache.pdfbox.io.ScratchFile.enlarge(ScratchFile.java:255) fileLen after1: 2621440, raf length: 2621440, file length: 2621440 
10 Apr 2024 15:12:04,481 DEBUG org.apache.pdfbox.io.ScratchFile.enlarge(ScratchFile.java:246) file: /tmp/PDFBox8226931847414731330.tmp 
10 Apr 2024 15:12:04,481 DEBUG org.apache.pdfbox.io.ScratchFile.enlarge(ScratchFile.java:247) fileLen before: 2621440, raf length: 2621440, file length: 2621440 
10 Apr 2024 15:12:04,481 DEBUG org.apache.pdfbox.io.ScratchFile.enlarge(ScratchFile.java:255) fileLen after1: 2686976, raf length: 2686976, file length: 2686976 
10 Apr 2024 15:12:04,778 DEBUG org.apache.pdfbox.io.ScratchFile.enlarge(ScratchFile.java:246) file: /tmp/PDFBox8226931847414731330.tmp 
10 Apr 2024 15:12:04,778 DEBUG org.apache.pdfbox.io.ScratchFile.enlarge(ScratchFile.java:247) fileLen before: 2686976, raf length: 2686976, file length: 2686976 
10 Apr 2024 15:12:04,778 DEBUG org.apache.pdfbox.io.ScratchFile.enlarge(ScratchFile.java:255) fileLen after1: 2752512, raf length: 2752512, file length: 2752512 
10 Apr 2024 15:12:04,778 DEBUG org.apache.pdfbox.io.ScratchFile.enlarge(ScratchFile.java:246) file: /tmp/PDFBox8226931847414731330.tmp 
10 Apr 2024 15:12:04,778 DEBUG org.apache.pdfbox.io.ScratchFile.enlarge(ScratchFile.java:247) fileLen before: 2752512, raf length: 2752512, file length: 2752512 
10 Apr 2024 15:12:04,778 DEBUG org.apache.pdfbox.io.ScratchFile.enlarge(ScratchFile.java:255) fileLen after1: 2818048, raf length: 2818048, file length: 2818048 
10 Apr 2024 15:12:05,026 DEBUG org.apache.pdfbox.io.ScratchFile.enlarge(ScratchFile.java:246) file: /tmp/PDFBox8226931847414731330.tmp 
10 Apr 2024 15:12:05,026 DEBUG org.apache.pdfbox.io.ScratchFile.enlarge(ScratchFile.java:247) fileLen before: 2818048, raf length: 2818048, file length: 2818048 
10 Apr 2024 15:12:05,026 DEBUG org.apache.pdfbox.io.ScratchFile.enlarge(ScratchFile.java:255) fileLen after1: 2883584, raf length: 2883584, file length: 2883584 
10 Apr 2024 15:12:05,027 DEBUG org.apache.pdfbox.io.ScratchFile.enlarge(ScratchFile.java:246) file: /tmp/PDFBox8226931847414731330.tmp 
10 Apr 2024 15:12:05,027 DEBUG org.apache.pdfbox.io.ScratchFile.enlarge(ScratchFile.java:247) fileLen before: 2883584, raf length: 2883584, file length: 2883584 
10 Apr 2024 15:12:05,027 DEBUG org.apache.pdfbox.io.ScratchFile.enlarge(ScratchFile.java:255) fileLen after1: 2949120, raf length: 2949120, file length: 2949120 
10 Apr 2024 15:12:05,378 DEBUG org.apache.pdfbox.io.ScratchFile.enlarge(ScratchFile.java:246) file: /tmp/PDFBox8226931847414731330.tmp 
10 Apr 2024 15:12:05,378 DEBUG org.apache.pdfbox.io.ScratchFile.enlarge(ScratchFile.java:247) fileLen before: 2949120, raf length: 2949120, file length: 2949120 
10 Apr 2024 15:12:05,378 DEBUG org.apache.pdfbox.io.ScratchFile.enlarge(ScratchFile.java:255) fileLen after1: 3014656, raf length: 3014656, file length: 3014656 
10 Apr 2024 15:12:05,713 DEBUG org.apache.pdfbox.io.ScratchFile.enlarge(ScratchFile.java:246) file: /tmp/PDFBox8226931847414731330.tmp 
10 Apr 2024 15:12:05,713 DEBUG org.apache.pdfbox.io.ScratchFile.enlarge(ScratchFile.java:247) fileLen before: 3014656, raf length: 3014656, file length: 3014656 
10 Apr 2024 15:12:05,713 DEBUG org.apache.pdfbox.io.ScratchFile.enlarge(ScratchFile.java:255) fileLen after1: 3080192, raf length: 3080192, file length: 3080192 
10 Apr 2024 15:12:05,714 DEBUG org.apache.pdfbox.io.ScratchFile.enlarge(ScratchFile.java:246) file: /tmp/PDFBox8226931847414731330.tmp 
10 Apr 2024 15:12:05,714 DEBUG org.apache.pdfbox.io.ScratchFile.enlarge(ScratchFile.java:247) fileLen before: 3080192, raf length: 3080192, file length: 3080192 
10 Apr 2024 15:12:05,714 DEBUG org.apache.pdfbox.io.ScratchFile.enlarge(ScratchFile.java:255) fileLen after1: 3145728, raf length: 3145728, file length: 3145728 
10 Apr 2024 15:12:05,940 DEBUG org.apache.pdfbox.io.ScratchFile.enlarge(ScratchFile.java:246) file: /tmp/PDFBox8226931847414731330.tmp 
10 Apr 2024 15:12:05,941 DEBUG org.apache.pdfbox.io.ScratchFile.enlarge(ScratchFile.java:247) fileLen before: 3145728, raf length: 3145728, file length: 3145728 
10 Apr 2024 15:12:05,941 DEBUG org.apache.pdfbox.io.ScratchFile.enlarge(ScratchFile.java:255) fileLen after1: 3211264, raf length: 3211264, file length: 3211264 
10 Apr 2024 15:12:05,941 DEBUG org.apache.pdfbox.io.ScratchFile.enlarge(ScratchFile.java:246) file: /tmp/PDFBox8226931847414731330.tmp 
10 Apr 2024 15:12:05,941 DEBUG org.apache.pdfbox.io.ScratchFile.enlarge(ScratchFile.java:247) fileLen before: 3211264, raf length: 3211264, file length: 3211264 
10 Apr 2024 15:12:05,941 DEBUG org.apache.pdfbox.io.ScratchFile.enlarge(ScratchFile.java:255) fileLen after1: 3276800, raf length: 3276800, file length: 3276800 
10 Apr 2024 15:12:06,186 DEBUG org.apache.pdfbox.io.ScratchFile.enlarge(ScratchFile.java:246) file: /tmp/PDFBox8226931847414731330.tmp 
10 Apr 2024 15:12:06,186 DEBUG org.apache.pdfbox.io.ScratchFile.enlarge(ScratchFile.java:247) fileLen before: 3276800, raf length: 3276800, file length: 3276800 
10 Apr 2024 15:12:06,186 DEBUG org.apache.pdfbox.io.ScratchFile.enlarge(ScratchFile.java:255) fileLen after1: 3342336, raf length: 3342336, file length: 3342336 
10 Apr 2024 15:12:06,187 DEBUG org.apache.pdfbox.io.ScratchFile.enlarge(ScratchFile.java:246) file: /tmp/PDFBox8226931847414731330.tmp 
10 Apr 2024 15:12:06,187 DEBUG org.apache.pdfbox.io.ScratchFile.enlarge(ScratchFile.java:247) fileLen before: 3342336, raf length: 3342336, file length: 3342336 
10 Apr 2024 15:12:06,187 DEBUG org.apache.pdfbox.io.ScratchFile.enlarge(ScratchFile.java:255) fileLen after1: 3407872, raf length: 3407872, file length: 3407872 
10 Apr 2024 15:12:06,389 DEBUG org.apache.pdfbox.io.ScratchFile.enlarge(ScratchFile.java:246) file: /tmp/PDFBox8226931847414731330.tmp 
10 Apr 2024 15:12:06,389 DEBUG org.apache.pdfbox.io.ScratchFile.enlarge(ScratchFile.java:247) fileLen before: 3407872, raf length: 3407872, file length: 3407872 
10 Apr 2024 15:12:06,390 DEBUG org.apache.pdfbox.io.ScratchFile.enlarge(ScratchFile.java:255) fileLen after1: 3473408, raf length: 3473408, file length: 3473408 
10 Apr 2024 15:12:06,641 DEBUG org.apache.pdfbox.io.ScratchFile.enlarge(ScratchFile.java:246) file: /tmp/PDFBox8226931847414731330.tmp 
10 Apr 2024 15:12:06,642 DEBUG org.apache.pdfbox.io.ScratchFile.enlarge(ScratchFile.java:247) fileLen before: 3473408, raf length: 3473408, file length: 3473408 
10 Apr 2024 15:12:06,642 DEBUG org.apache.pdfbox.io.ScratchFile.enlarge(ScratchFile.java:255) fileLen after1: 3538944, raf length: 3538944, file length: 3538944 
10 Apr 2024 15:12:06,642 DEBUG org.apache.pdfbox.io.ScratchFile.enlarge(ScratchFile.java:246) file: /tmp/PDFBox8226931847414731330.tmp 
10 Apr 2024 15:12:06,643 DEBUG org.apache.pdfbox.io.ScratchFile.enlarge(ScratchFile.java:247) fileLen before: 3538944, raf length: 3538944, file length: 3538944 
10 Apr 2024 15:12:06,643 DEBUG org.apache.pdfbox.io.ScratchFile.enlarge(ScratchFile.java:255) fileLen after1: 3604480, raf length: 3604480, file length: 3604480 
10 Apr 2024 15:12:06,834 DEBUG org.apache.pdfbox.io.ScratchFile.enlarge(ScratchFile.java:246) file: /tmp/PDFBox8226931847414731330.tmp 
10 Apr 2024 15:12:06,835 DEBUG org.apache.pdfbox.io.ScratchFile.enlarge(ScratchFile.java:247) fileLen before: 3604480, raf length: 3604480, file length: 3604480 
10 Apr 2024 15:12:06,835 DEBUG org.apache.pdfbox.io.ScratchFile.enlarge(ScratchFile.java:255) fileLen after1: 3670016, raf length: 3670016, file length: 3670016 
10 Apr 2024 15:12:06,835 DEBUG org.apache.pdfbox.io.ScratchFile.enlarge(ScratchFile.java:246) file: /tmp/PDFBox8226931847414731330.tmp 
10 Apr 2024 15:12:06,835 DEBUG org.apache.pdfbox.io.ScratchFile.enlarge(ScratchFile.java:247) fileLen before: 3670016, raf length: 3670016, file length: 3670016 
10 Apr 2024 15:12:06,835 DEBUG org.apache.pdfbox.io.ScratchFile.enlarge(ScratchFile.java:255) fileLen after1: 3735552, raf length: 3735552, file length: 3735552 
10 Apr 2024 15:12:07,073 DEBUG org.apache.pdfbox.io.ScratchFile.enlarge(ScratchFile.java:246) file: /tmp/PDFBox8226931847414731330.tmp 
10 Apr 2024 15:12:07,074 DEBUG org.apache.pdfbox.io.ScratchFile.enlarge(ScratchFile.java:247) fileLen before: 3735552, raf length: 3735552, file length: 3735552 
10 Apr 2024 15:12:07,074 DEBUG org.apache.pdfbox.io.ScratchFile.enlarge(ScratchFile.java:255) fileLen after1: 3801088, raf length: 3801088, file length: 3801088 
]]></system-out>
    <system-err><![CDATA[Apr 10, 2024 3:11:54 PM org.odftoolkit.odfdom.pkg.OdfXMLFactory newOdfAttribute
INFO: None-ODF attribute created for loext:contextual-spacing
Apr 10, 2024 3:11:54 PM org.odftoolkit.odfdom.pkg.OdfXMLFactory newOdfAttribute
INFO: None-ODF attribute created for loext:contextual-spacing
Apr 10, 2024 3:11:54 PM org.odftoolkit.odfdom.pkg.OdfXMLFactory newOdfAttribute
INFO: None-ODF attribute created for loext:contextual-spacing
Apr 10, 2024 3:11:54 PM org.odftoolkit.odfdom.pkg.OdfXMLFactory newOdfAttribute
INFO: None-ODF attribute created for loext:contextual-spacing
Apr 10, 2024 3:11:54 PM org.odftoolkit.odfdom.pkg.OdfXMLFactory newOdfAttribute
INFO: None-ODF attribute created for loext:contextual-spacing
Apr 10, 2024 3:11:54 PM org.odftoolkit.odfdom.pkg.OdfXMLFactory newOdfAttribute
INFO: None-ODF attribute created for loext:contextual-spacing
Apr 10, 2024 3:11:54 PM org.odftoolkit.odfdom.pkg.OdfXMLFactory newOdfAttribute
INFO: None-ODF attribute created for loext:contextual-spacing
Apr 10, 2024 3:11:54 PM org.odftoolkit.odfdom.pkg.OdfXMLFactory newOdfAttribute
INFO: None-ODF attribute created for loext:contextual-spacing
Apr 10, 2024 3:11:54 PM org.odftoolkit.odfdom.pkg.OdfXMLFactory newOdfAttribute
INFO: None-ODF attribute created for officeooo:rsid
Apr 10, 2024 3:11:54 PM org.odftoolkit.odfdom.pkg.OdfXMLFactory newOdfAttribute
INFO: None-ODF attribute created for officeooo:paragraph-rsid
]]></system-err>
  </testcase>
  <testcase name="extractContentPdf" classname="com.sismics.docs.core.util.TestFileUtil" time="0.126">
    <system-out><![CDATA[10 Apr 2024 15:12:07,183 DEBUG org.apache.fontbox.ttf.PostScriptTable.read(PostScriptTable.java:170) No PostScript name information is provided for the font DGCDAO+ArialUnicodeMS 
10 Apr 2024 15:12:07,188 WARN org.apache.pdfbox.pdmodel.font.PDSimpleFont.toUnicode(PDSimpleFont.java:301) No Unicode mapping for 3 (32) in font DGCDAO+ArialUnicodeMS 
10 Apr 2024 15:12:07,189 WARN org.apache.pdfbox.pdmodel.font.PDSimpleFont.toUnicode(PDSimpleFont.java:301) No Unicode mapping for 56 (85) in font DGCDAO+ArialUnicodeMS 
10 Apr 2024 15:12:07,189 WARN org.apache.pdfbox.pdmodel.font.PDSimpleFont.toUnicode(PDSimpleFont.java:301) No Unicode mapping for 81 (110) in font DGCDAO+ArialUnicodeMS 
10 Apr 2024 15:12:07,189 WARN org.apache.pdfbox.pdmodel.font.PDSimpleFont.toUnicode(PDSimpleFont.java:301) No Unicode mapping for 76 (105) in font DGCDAO+ArialUnicodeMS 
10 Apr 2024 15:12:07,189 WARN org.apache.pdfbox.pdmodel.font.PDSimpleFont.toUnicode(PDSimpleFont.java:301) No Unicode mapping for 89 (118) in font DGCDAO+ArialUnicodeMS 
10 Apr 2024 15:12:07,189 WARN org.apache.pdfbox.pdmodel.font.PDSimpleFont.toUnicode(PDSimpleFont.java:301) No Unicode mapping for 72 (101) in font DGCDAO+ArialUnicodeMS 
10 Apr 2024 15:12:07,189 WARN org.apache.pdfbox.pdmodel.font.PDSimpleFont.toUnicode(PDSimpleFont.java:301) No Unicode mapping for 85 (114) in font DGCDAO+ArialUnicodeMS 
10 Apr 2024 15:12:07,189 WARN org.apache.pdfbox.pdmodel.font.PDSimpleFont.toUnicode(PDSimpleFont.java:301) No Unicode mapping for 86 (115) in font DGCDAO+ArialUnicodeMS 
10 Apr 2024 15:12:07,189 WARN org.apache.pdfbox.pdmodel.font.PDSimpleFont.toUnicode(PDSimpleFont.java:301) No Unicode mapping for 68 (97) in font DGCDAO+ArialUnicodeMS 
10 Apr 2024 15:12:07,190 WARN org.apache.pdfbox.pdmodel.font.PDSimpleFont.toUnicode(PDSimpleFont.java:301) No Unicode mapping for 79 (108) in font DGCDAO+ArialUnicodeMS 
10 Apr 2024 15:12:07,190 WARN org.apache.pdfbox.pdmodel.font.PDSimpleFont.toUnicode(PDSimpleFont.java:301) No Unicode mapping for 39 (68) in font DGCDAO+ArialUnicodeMS 
10 Apr 2024 15:12:07,190 WARN org.apache.pdfbox.pdmodel.font.PDSimpleFont.toUnicode(PDSimpleFont.java:301) No Unicode mapping for 70 (99) in font DGCDAO+ArialUnicodeMS 
10 Apr 2024 15:12:07,190 WARN org.apache.pdfbox.pdmodel.font.PDSimpleFont.toUnicode(PDSimpleFont.java:301) No Unicode mapping for 87 (116) in font DGCDAO+ArialUnicodeMS 
10 Apr 2024 15:12:07,190 WARN org.apache.pdfbox.pdmodel.font.PDSimpleFont.toUnicode(PDSimpleFont.java:301) No Unicode mapping for 82 (111) in font DGCDAO+ArialUnicodeMS 
10 Apr 2024 15:12:07,190 WARN org.apache.pdfbox.pdmodel.font.PDSimpleFont.toUnicode(PDSimpleFont.java:301) No Unicode mapping for 73 (102) in font DGCDAO+ArialUnicodeMS 
10 Apr 2024 15:12:07,190 WARN org.apache.pdfbox.pdmodel.font.PDSimpleFont.toUnicode(PDSimpleFont.java:301) No Unicode mapping for 43 (72) in font DGCDAO+ArialUnicodeMS 
10 Apr 2024 15:12:07,191 WARN org.apache.pdfbox.pdmodel.font.PDSimpleFont.toUnicode(PDSimpleFont.java:301) No Unicode mapping for 88 (117) in font DGCDAO+ArialUnicodeMS 
10 Apr 2024 15:12:07,191 WARN org.apache.pdfbox.pdmodel.font.PDSimpleFont.toUnicode(PDSimpleFont.java:301) No Unicode mapping for 80 (109) in font DGCDAO+ArialUnicodeMS 
10 Apr 2024 15:12:07,191 WARN org.apache.pdfbox.pdmodel.font.PDSimpleFont.toUnicode(PDSimpleFont.java:301) No Unicode mapping for 53 (82) in font DGCDAO+ArialUnicodeMS 
10 Apr 2024 15:12:07,191 WARN org.apache.pdfbox.pdmodel.font.PDSimpleFont.toUnicode(PDSimpleFont.java:301) No Unicode mapping for 74 (103) in font DGCDAO+ArialUnicodeMS 
10 Apr 2024 15:12:07,191 WARN org.apache.pdfbox.pdmodel.font.PDSimpleFont.toUnicode(PDSimpleFont.java:301) No Unicode mapping for 75 (104) in font DGCDAO+ArialUnicodeMS 
10 Apr 2024 15:12:07,191 WARN org.apache.pdfbox.pdmodel.font.PDSimpleFont.toUnicode(PDSimpleFont.java:301) No Unicode mapping for 51 (80) in font DGCDAO+ArialUnicodeMS 
10 Apr 2024 15:12:07,192 WARN org.apache.pdfbox.pdmodel.font.PDSimpleFont.toUnicode(PDSimpleFont.java:301) No Unicode mapping for 69 (98) in font DGCDAO+ArialUnicodeMS 
10 Apr 2024 15:12:07,192 WARN org.apache.pdfbox.pdmodel.font.PDSimpleFont.toUnicode(PDSimpleFont.java:301) No Unicode mapping for 58 (87) in font DGCDAO+ArialUnicodeMS 
10 Apr 2024 15:12:07,194 WARN org.apache.pdfbox.pdmodel.font.PDSimpleFont.toUnicode(PDSimpleFont.java:301) No Unicode mapping for 71 (100) in font DGCDAO+ArialUnicodeMS 
10 Apr 2024 15:12:07,194 WARN org.apache.pdfbox.pdmodel.font.PDSimpleFont.toUnicode(PDSimpleFont.java:301) No Unicode mapping for 92 (121) in font DGCDAO+ArialUnicodeMS 
10 Apr 2024 15:12:07,195 WARN org.apache.pdfbox.pdmodel.font.PDSimpleFont.toUnicode(PDSimpleFont.java:301) No Unicode mapping for 84 (113) in font DGCDAO+ArialUnicodeMS 
10 Apr 2024 15:12:07,199 WARN org.apache.pdfbox.pdmodel.font.PDSimpleFont.toUnicode(PDSimpleFont.java:301) No Unicode mapping for 15 (44) in font DGCDAO+ArialUnicodeMS 
10 Apr 2024 15:12:07,199 WARN org.apache.pdfbox.pdmodel.font.PDSimpleFont.toUnicode(PDSimpleFont.java:301) No Unicode mapping for 77 (106) in font DGCDAO+ArialUnicodeMS 
10 Apr 2024 15:12:07,200 WARN org.apache.pdfbox.pdmodel.font.PDSimpleFont.toUnicode(PDSimpleFont.java:301) No Unicode mapping for 83 (112) in font DGCDAO+ArialUnicodeMS 
10 Apr 2024 15:12:07,201 WARN org.apache.pdfbox.pdmodel.font.PDSimpleFont.toUnicode(PDSimpleFont.java:301) No Unicode mapping for 90 (119) in font DGCDAO+ArialUnicodeMS 
10 Apr 2024 15:12:07,209 WARN org.apache.pdfbox.pdmodel.font.PDSimpleFont.toUnicode(PDSimpleFont.java:301) No Unicode mapping for 78 (107) in font DGCDAO+ArialUnicodeMS 
10 Apr 2024 15:12:07,224 WARN org.apache.pdfbox.pdmodel.font.PDSimpleFont.toUnicode(PDSimpleFont.java:301) No Unicode mapping for 49 (78) in font DGCDAO+ArialUnicodeMS 
10 Apr 2024 15:12:07,225 WARN org.apache.pdfbox.pdmodel.font.PDSimpleFont.toUnicode(PDSimpleFont.java:301) No Unicode mapping for 38 (67) in font DGCDAO+ArialUnicodeMS 
10 Apr 2024 15:12:07,230 WARN org.apache.pdfbox.pdmodel.font.PDSimpleFont.toUnicode(PDSimpleFont.java:301) No Unicode mapping for 48 (77) in font DGCDAO+ArialUnicodeMS 
10 Apr 2024 15:12:07,230 WARN org.apache.pdfbox.pdmodel.font.PDSimpleFont.toUnicode(PDSimpleFont.java:301) No Unicode mapping for 54 (83) in font DGCDAO+ArialUnicodeMS 
10 Apr 2024 15:12:07,235 WARN org.apache.pdfbox.pdmodel.font.PDSimpleFont.toUnicode(PDSimpleFont.java:301) No Unicode mapping for 93 (122) in font DGCDAO+ArialUnicodeMS 
10 Apr 2024 15:12:07,235 WARN org.apache.pdfbox.pdmodel.font.PDSimpleFont.toUnicode(PDSimpleFont.java:301) No Unicode mapping for 55 (84) in font DGCDAO+ArialUnicodeMS 
10 Apr 2024 15:12:07,236 WARN org.apache.pdfbox.pdmodel.font.PDSimpleFont.toUnicode(PDSimpleFont.java:301) No Unicode mapping for 42 (71) in font DGCDAO+ArialUnicodeMS 
10 Apr 2024 15:12:07,236 WARN org.apache.pdfbox.pdmodel.font.PDSimpleFont.toUnicode(PDSimpleFont.java:301) No Unicode mapping for 36 (65) in font DGCDAO+ArialUnicodeMS 
10 Apr 2024 15:12:07,251 WARN org.apache.pdfbox.pdmodel.font.PDSimpleFont.toUnicode(PDSimpleFont.java:301) No Unicode mapping for 17 (46) in font DGCDAO+ArialUnicodeMS 
10 Apr 2024 15:12:07,252 WARN org.apache.pdfbox.pdmodel.font.PDSimpleFont.toUnicode(PDSimpleFont.java:301) No Unicode mapping for 44 (73) in font DGCDAO+ArialUnicodeMS 
10 Apr 2024 15:12:07,254 WARN org.apache.pdfbox.pdmodel.font.PDSimpleFont.toUnicode(PDSimpleFont.java:301) No Unicode mapping for 21 (50) in font DGCDAO+ArialUnicodeMS 
10 Apr 2024 15:12:07,254 WARN org.apache.pdfbox.pdmodel.font.PDSimpleFont.toUnicode(PDSimpleFont.java:301) No Unicode mapping for 40 (69) in font DGCDAO+ArialUnicodeMS 
10 Apr 2024 15:12:07,256 WARN org.apache.pdfbox.pdmodel.font.PDSimpleFont.toUnicode(PDSimpleFont.java:301) No Unicode mapping for 91 (120) in font DGCDAO+ArialUnicodeMS 
10 Apr 2024 15:12:07,257 WARN org.apache.pdfbox.pdmodel.font.PDSimpleFont.toUnicode(PDSimpleFont.java:301) No Unicode mapping for 41 (70) in font DGCDAO+ArialUnicodeMS 
10 Apr 2024 15:12:07,258 WARN org.apache.pdfbox.pdmodel.font.PDSimpleFont.toUnicode(PDSimpleFont.java:301) No Unicode mapping for 16 (45) in font DGCDAO+ArialUnicodeMS 
10 Apr 2024 15:12:07,259 WARN org.apache.pdfbox.pdmodel.font.PDSimpleFont.toUnicode(PDSimpleFont.java:301) No Unicode mapping for 22 (51) in font DGCDAO+ArialUnicodeMS 
10 Apr 2024 15:12:07,260 WARN org.apache.pdfbox.pdmodel.font.PDSimpleFont.toUnicode(PDSimpleFont.java:301) No Unicode mapping for 23 (52) in font DGCDAO+ArialUnicodeMS 
10 Apr 2024 15:12:07,260 WARN org.apache.pdfbox.pdmodel.font.PDSimpleFont.toUnicode(PDSimpleFont.java:301) No Unicode mapping for 30 (59) in font DGCDAO+ArialUnicodeMS 
10 Apr 2024 15:12:07,261 WARN org.apache.pdfbox.pdmodel.font.PDSimpleFont.toUnicode(PDSimpleFont.java:301) No Unicode mapping for 24 (53) in font DGCDAO+ArialUnicodeMS 
10 Apr 2024 15:12:07,265 WARN org.apache.pdfbox.pdmodel.font.PDSimpleFont.toUnicode(PDSimpleFont.java:301) No Unicode mapping for 25 (54) in font DGCDAO+ArialUnicodeMS 
10 Apr 2024 15:12:07,266 WARN org.apache.pdfbox.pdmodel.font.PDSimpleFont.toUnicode(PDSimpleFont.java:301) No Unicode mapping for 26 (55) in font DGCDAO+ArialUnicodeMS 
10 Apr 2024 15:12:07,269 WARN org.apache.pdfbox.pdmodel.font.PDSimpleFont.toUnicode(PDSimpleFont.java:301) No Unicode mapping for 27 (56) in font DGCDAO+ArialUnicodeMS 
10 Apr 2024 15:12:07,271 WARN org.apache.pdfbox.pdmodel.font.PDSimpleFont.toUnicode(PDSimpleFont.java:301) No Unicode mapping for 28 (57) in font DGCDAO+ArialUnicodeMS 
10 Apr 2024 15:12:07,272 WARN org.apache.pdfbox.pdmodel.font.PDSimpleFont.toUnicode(PDSimpleFont.java:301) No Unicode mapping for 20 (49) in font DGCDAO+ArialUnicodeMS 
10 Apr 2024 15:12:07,272 WARN org.apache.pdfbox.pdmodel.font.PDSimpleFont.toUnicode(PDSimpleFont.java:301) No Unicode mapping for 19 (48) in font DGCDAO+ArialUnicodeMS 
]]></system-out>
  </testcase>
  <testcase name="extractContentScannedPdf" classname="com.sismics.docs.core.util.TestFileUtil" time="15.986">
    <system-out><![CDATA[10 Apr 2024 15:12:07,365 INFO com.sismics.docs.core.util.format.PdfFormatHandler.extractContent(PdfFormatHandler.java:62) OCR page 1/3 of PDF file containing only images 
10 Apr 2024 15:12:08,440 DEBUG org.apache.pdfbox.io.ScratchFileBuffer.finalize(ScratchFileBuffer.java:520) ScratchFileBuffer not closed! 
10 Apr 2024 15:12:08,441 DEBUG org.apache.pdfbox.io.ScratchFileBuffer.finalize(ScratchFileBuffer.java:520) ScratchFileBuffer not closed! 
10 Apr 2024 15:12:08,443 DEBUG org.apache.pdfbox.io.ScratchFileBuffer.finalize(ScratchFileBuffer.java:520) ScratchFileBuffer not closed! 
10 Apr 2024 15:12:08,443 DEBUG org.apache.pdfbox.io.ScratchFileBuffer.finalize(ScratchFileBuffer.java:520) ScratchFileBuffer not closed! 
10 Apr 2024 15:12:08,443 DEBUG org.apache.pdfbox.io.ScratchFileBuffer.finalize(ScratchFileBuffer.java:520) ScratchFileBuffer not closed! 
10 Apr 2024 15:12:08,443 DEBUG org.apache.pdfbox.io.ScratchFileBuffer.finalize(ScratchFileBuffer.java:520) ScratchFileBuffer not closed! 
10 Apr 2024 15:12:08,443 DEBUG org.apache.pdfbox.io.ScratchFileBuffer.finalize(ScratchFileBuffer.java:520) ScratchFileBuffer not closed! 
10 Apr 2024 15:12:08,443 DEBUG org.apache.pdfbox.io.ScratchFileBuffer.finalize(ScratchFileBuffer.java:520) ScratchFileBuffer not closed! 
10 Apr 2024 15:12:08,443 DEBUG org.apache.pdfbox.io.ScratchFileBuffer.finalize(ScratchFileBuffer.java:520) ScratchFileBuffer not closed! 
10 Apr 2024 15:12:08,444 DEBUG org.apache.pdfbox.io.ScratchFileBuffer.finalize(ScratchFileBuffer.java:520) ScratchFileBuffer not closed! 
10 Apr 2024 15:12:08,444 DEBUG org.apache.pdfbox.io.ScratchFileBuffer.finalize(ScratchFileBuffer.java:520) ScratchFileBuffer not closed! 
10 Apr 2024 15:12:08,444 DEBUG org.apache.pdfbox.io.ScratchFileBuffer.finalize(ScratchFileBuffer.java:520) ScratchFileBuffer not closed! 
10 Apr 2024 15:12:13,738 INFO com.sismics.docs.core.util.format.PdfFormatHandler.extractContent(PdfFormatHandler.java:62) OCR page 2/3 of PDF file containing only images 
10 Apr 2024 15:12:14,417 DEBUG org.apache.pdfbox.io.ScratchFileBuffer.finalize(ScratchFileBuffer.java:520) ScratchFileBuffer not closed! 
10 Apr 2024 15:12:18,982 INFO com.sismics.docs.core.util.format.PdfFormatHandler.extractContent(PdfFormatHandler.java:62) OCR page 3/3 of PDF file containing only images 
10 Apr 2024 15:12:20,003 DEBUG org.apache.pdfbox.io.ScratchFileBuffer.finalize(ScratchFileBuffer.java:520) ScratchFileBuffer not closed! 
]]></system-out>
  </testcase>
</testsuite>