<?xml version="1.0" encoding="UTF-8"?>
<testsuite xmlns:xsi="http://www.w3.org/2001/XMLSchema-instance" xsi:noNamespaceSchemaLocation="https://maven.apache.org/surefire/maven-surefire-plugin/xsd/surefire-test-report-3.0.xsd" version="3.0" name="com.sismics.docs.rest.TestDocumentResource" time="65.48" tests="9" errors="0" skipped="0" failures="1">
  <properties>
    <property name="sun.desktop" value="gnome"/>
    <property name="awt.toolkit" value="sun.awt.X11.XToolkit"/>
    <property name="java.specification.version" value="11"/>
    <property name="sun.cpu.isalist" value=""/>
    <property name="sun.jnu.encoding" value="UTF-8"/>
    <property name="java.class.path" value="/home/tang-12110502/Teedy/docs-web/target/test-classes:/home/tang-12110502/Teedy/docs-web/target/classes:/home/tang-12110502/Teedy/docs-core/target/classes:/home/tang-12110502/.m2/repository/org/hibernate/hibernate-core/5.4.27.Final/hibernate-core-5.4.27.Final.jar:/home/tang-12110502/.m2/repository/org/jboss/logging/jboss-logging/3.4.1.Final/jboss-logging-3.4.1.Final.jar:/home/tang-12110502/.m2/repository/javax/persistence/javax.persistence-api/2.2/javax.persistence-api-2.2.jar:/home/tang-12110502/.m2/repository/net/bytebuddy/byte-buddy/1.10.17/byte-buddy-1.10.17.jar:/home/tang-12110502/.m2/repository/antlr/antlr/2.7.7/antlr-2.7.7.jar:/home/tang-12110502/.m2/repository/org/jboss/spec/javax/transaction/jboss-transaction-api_1.2_spec/1.1.1.Final/jboss-transaction-api_1.2_spec-1.1.1.Final.jar:/home/tang-12110502/.m2/repository/org/jboss/jandex/2.1.3.Final/jandex-2.1.3.Final.jar:/home/tang-12110502/.m2/repository/com/fasterxml/classmate/1.5.1/classmate-1.5.1.jar:/home/tang-12110502/.m2/repository/javax/activation/javax.activation-api/1.2.0/javax.activation-api-1.2.0.jar:/home/tang-12110502/.m2/repository/org/dom4j/dom4j/2.1.3/dom4j-2.1.3.jar:/home/tang-12110502/.m2/repository/org/hibernate/common/hibernate-commons-annotations/5.1.2.Final/hibernate-commons-annotations-5.1.2.Final.jar:/home/tang-12110502/.m2/repository/org/glassfish/jaxb/jaxb-runtime/2.3.1/jaxb-runtime-2.3.1.jar:/home/tang-12110502/.m2/repository/org/glassfish/jaxb/txw2/2.3.1/txw2-2.3.1.jar:/home/tang-12110502/.m2/repository/com/sun/istack/istack-commons-runtime/3.0.7/istack-commons-runtime-3.0.7.jar:/home/tang-12110502/.m2/repository/org/jvnet/staxex/stax-ex/1.8/stax-ex-1.8.jar:/home/tang-12110502/.m2/repository/com/sun/xml/fastinfoset/FastInfoset/1.2.15/FastInfoset-1.2.15.jar:/home/tang-12110502/.m2/repository/org/hibernate/hibernate-entitymanager/5.4.27.Final/hibernate-entitymanager-5.4.27.Final.jar:/home/tang-12110502/.m2/repository/org/hibernate/hibernate-c3p0/5.4.27.Final/hibernate-c3p0-5.4.27.Final.jar:/home/tang-12110502/.m2/repository/com/mchange/c3p0/0.9.5.5/c3p0-0.9.5.5.jar:/home/tang-12110502/.m2/repository/com/mchange/mchange-commons-java/0.2.19/mchange-commons-java-0.2.19.jar:/home/tang-12110502/.m2/repository/org/apache/commons/commons-compress/1.18/commons-compress-1.18.jar:/home/tang-12110502/.m2/repository/org/apache/commons/commons-email/1.5/commons-email-1.5.jar:/home/tang-12110502/.m2/repository/org/freemarker/freemarker/2.3.30/freemarker-2.3.30.jar:/home/tang-12110502/.m2/repository/org/glassfish/javax.json/1.1.4/javax.json-1.1.4.jar:/home/tang-12110502/.m2/repository/org/jsoup/jsoup/1.13.1/jsoup-1.13.1.jar:/home/tang-12110502/.m2/repository/org/slf4j/slf4j-log4j12/1.7.30/slf4j-log4j12-1.7.30.jar:/home/tang-12110502/.m2/repository/org/slf4j/slf4j-api/1.7.30/slf4j-api-1.7.30.jar:/home/tang-12110502/.m2/repository/org/slf4j/jcl-over-slf4j/1.7.30/jcl-over-slf4j-1.7.30.jar:/home/tang-12110502/.m2/repository/at/favre/lib/bcrypt/0.9.0/bcrypt-0.9.0.jar:/home/tang-12110502/.m2/repository/at/favre/lib/bytes/1.3.0/bytes-1.3.0.jar:/home/tang-12110502/.m2/repository/org/apache/lucene/lucene-core/8.7.0/lucene-core-8.7.0.jar:/home/tang-12110502/.m2/repository/org/apache/lucene/lucene-analyzers-common/8.7.0/lucene-analyzers-common-8.7.0.jar:/home/tang-12110502/.m2/repository/org/apache/lucene/lucene-queryparser/8.7.0/lucene-queryparser-8.7.0.jar:/home/tang-12110502/.m2/repository/org/apache/lucene/lucene-queries/8.7.0/lucene-queries-8.7.0.jar:/home/tang-12110502/.m2/repository/org/apache/lucene/lucene-sandbox/8.7.0/lucene-sandbox-8.7.0.jar:/home/tang-12110502/.m2/repository/org/apache/lucene/lucene-suggest/8.7.0/lucene-suggest-8.7.0.jar:/home/tang-12110502/.m2/repository/org/apache/lucene/lucene-highlighter/8.7.0/lucene-highlighter-8.7.0.jar:/home/tang-12110502/.m2/repository/org/apache/lucene/lucene-memory/8.7.0/lucene-memory-8.7.0.jar:/home/tang-12110502/.m2/repository/com/sun/mail/javax.mail/1.6.2/javax.mail-1.6.2.jar:/home/tang-12110502/.m2/repository/javax/activation/activation/1.1/activation-1.1.jar:/home/tang-12110502/.m2/repository/com/squareup/okhttp3/okhttp/4.9.0/okhttp-4.9.0.jar:/home/tang-12110502/.m2/repository/com/squareup/okio/okio/2.8.0/okio-2.8.0.jar:/home/tang-12110502/.m2/repository/org/jetbrains/kotlin/kotlin-stdlib-common/1.4.0/kotlin-stdlib-common-1.4.0.jar:/home/tang-12110502/.m2/repository/org/jetbrains/kotlin/kotlin-stdlib/1.4.10/kotlin-stdlib-1.4.10.jar:/home/tang-12110502/.m2/repository/org/jetbrains/annotations/13.0/annotations-13.0.jar:/home/tang-12110502/.m2/repository/org/apache/directory/api/api-all/2.0.1/api-all-2.0.1.jar:/home/tang-12110502/.m2/repository/org/apache/servicemix/bundles/org.apache.servicemix.bundles.xpp3/1.1.4c_7/org.apache.servicemix.bundles.xpp3-1.1.4c_7.jar:/home/tang-12110502/.m2/repository/org/apache/servicemix/bundles/org.apache.servicemix.bundles.dom4j/2.1.1_1/org.apache.servicemix.bundles.dom4j-2.1.1_1.jar:/home/tang-12110502/.m2/repository/org/apache/commons/commons-pool2/2.8.0/commons-pool2-2.8.0.jar:/home/tang-12110502/.m2/repository/org/apache/mina/mina-core/2.1.3/mina-core-2.1.3.jar:/home/tang-12110502/.m2/repository/org/apache/commons/commons-lang3/3.9/commons-lang3-3.9.jar:/home/tang-12110502/.m2/repository/org/apache/commons/commons-collections4/4.4/commons-collections4-4.4.jar:/home/tang-12110502/.m2/repository/org/apache/servicemix/bundles/org.apache.servicemix.bundles.antlr/2.7.7_5/org.apache.servicemix.bundles.antlr-2.7.7_5.jar:/home/tang-12110502/.m2/repository/commons-codec/commons-codec/1.14/commons-codec-1.14.jar:/home/tang-12110502/.m2/repository/org/apache/lucene/lucene-backward-codecs/8.7.0/lucene-backward-codecs-8.7.0.jar:/home/tang-12110502/.m2/repository/org/imgscalr/imgscalr-lib/4.2/imgscalr-lib-4.2.jar:/home/tang-12110502/.m2/repository/org/apache/pdfbox/pdfbox/2.0.22/pdfbox-2.0.22.jar:/home/tang-12110502/.m2/repository/org/apache/pdfbox/fontbox/2.0.22/fontbox-2.0.22.jar:/home/tang-12110502/.m2/repository/org/bouncycastle/bcprov-jdk15on/1.68/bcprov-jdk15on-1.68.jar:/home/tang-12110502/.m2/repository/fr/opensagres/xdocreport/fr.opensagres.odfdom.converter.pdf/2.0.2/fr.opensagres.odfdom.converter.pdf-2.0.2.jar:/home/tang-12110502/.m2/repository/fr/opensagres/xdocreport/fr.opensagres.odfdom.converter.core/2.0.2/fr.opensagres.odfdom.converter.core-2.0.2.jar:/home/tang-12110502/.m2/repository/org/odftoolkit/odfdom-java/0.8.7/odfdom-java-0.8.7.jar:/home/tang-12110502/.m2/repository/xerces/xercesImpl/2.9.1/xercesImpl-2.9.1.jar:/home/tang-12110502/.m2/repository/xml-apis/xml-apis/1.3.04/xml-apis-1.3.04.jar:/home/tang-12110502/.m2/repository/fr/opensagres/xdocreport/fr.opensagres.xdocreport.itext.extension/2.0.2/fr.opensagres.xdocreport.itext.extension-2.0.2.jar:/home/tang-12110502/.m2/repository/com/lowagie/itext/2.1.7/itext-2.1.7.jar:/home/tang-12110502/.m2/repository/fr/opensagres/xdocreport/fr.opensagres.poi.xwpf.converter.pdf/2.0.2/fr.opensagres.poi.xwpf.converter.pdf-2.0.2.jar:/home/tang-12110502/.m2/repository/fr/opensagres/xdocreport/fr.opensagres.poi.xwpf.converter.core/2.0.2/fr.opensagres.poi.xwpf.converter.core-2.0.2.jar:/home/tang-12110502/.m2/repository/org/apache/poi/poi-ooxml/4.0.1/poi-ooxml-4.0.1.jar:/home/tang-12110502/.m2/repository/org/apache/poi/poi/4.0.1/poi-4.0.1.jar:/home/tang-12110502/.m2/repository/org/apache/commons/commons-math3/3.6.1/commons-math3-3.6.1.jar:/home/tang-12110502/.m2/repository/com/github/virtuald/curvesapi/1.05/curvesapi-1.05.jar:/home/tang-12110502/.m2/repository/org/apache/poi/ooxml-schemas/1.4/ooxml-schemas-1.4.jar:/home/tang-12110502/.m2/repository/org/apache/xmlbeans/xmlbeans/3.0.1/xmlbeans-3.0.1.jar:/home/tang-12110502/.m2/repository/com/twelvemonkeys/imageio/imageio-jpeg/3.6.2/imageio-jpeg-3.6.2.jar:/home/tang-12110502/.m2/repository/com/twelvemonkeys/imageio/imageio-core/3.6.2/imageio-core-3.6.2.jar:/home/tang-12110502/.m2/repository/com/twelvemonkeys/imageio/imageio-metadata/3.6.2/imageio-metadata-3.6.2.jar:/home/tang-12110502/.m2/repository/com/twelvemonkeys/imageio/imageio-tiff/3.6.2/imageio-tiff-3.6.2.jar:/home/tang-12110502/.m2/repository/com/github/jai-imageio/jai-imageio-jpeg2000/1.4.0/jai-imageio-jpeg2000-1.4.0.jar:/home/tang-12110502/.m2/repository/com/github/jai-imageio/jai-imageio-core/1.4.0/jai-imageio-core-1.4.0.jar:/home/tang-12110502/.m2/repository/com/levigo/jbig2/levigo-jbig2-imageio/2.0/levigo-jbig2-imageio-2.0.jar:/home/tang-12110502/.m2/repository/org/postgresql/postgresql/42.2.18/postgresql-42.2.18.jar:/home/tang-12110502/.m2/repository/javax/xml/bind/jaxb-api/2.3.0/jaxb-api-2.3.0.jar:/home/tang-12110502/.m2/repository/com/sun/xml/bind/jaxb-core/2.3.0/jaxb-core-2.3.0.jar:/home/tang-12110502/.m2/repository/com/sun/xml/bind/jaxb-impl/2.3.0/jaxb-impl-2.3.0.jar:/home/tang-12110502/Teedy/docs-web-common/target/classes:/home/tang-12110502/.m2/repository/org/slf4j/jul-to-slf4j/1.7.30/jul-to-slf4j-1.7.30.jar:/home/tang-12110502/.m2/repository/org/glassfish/jersey/containers/jersey-container-servlet/2.33/jersey-container-servlet-2.33.jar:/home/tang-12110502/.m2/repository/org/glassfish/jersey/containers/jersey-container-servlet-core/2.33/jersey-container-servlet-core-2.33.jar:/home/tang-12110502/.m2/repository/org/glassfish/hk2/external/jakarta.inject/2.6.1/jakarta.inject-2.6.1.jar:/home/tang-12110502/.m2/repository/org/glassfish/jersey/core/jersey-common/2.33/jersey-common-2.33.jar:/home/tang-12110502/.m2/repository/jakarta/annotation/jakarta.annotation-api/1.3.5/jakarta.annotation-api-1.3.5.jar:/home/tang-12110502/.m2/repository/org/glassfish/hk2/osgi-resource-locator/1.0.3/osgi-resource-locator-1.0.3.jar:/home/tang-12110502/.m2/repository/org/glassfish/jersey/core/jersey-server/2.33/jersey-server-2.33.jar:/home/tang-12110502/.m2/repository/org/glassfish/jersey/core/jersey-client/2.33/jersey-client-2.33.jar:/home/tang-12110502/.m2/repository/jakarta/validation/jakarta.validation-api/2.0.2/jakarta.validation-api-2.0.2.jar:/home/tang-12110502/.m2/repository/jakarta/ws/rs/jakarta.ws.rs-api/2.1.6/jakarta.ws.rs-api-2.1.6.jar:/home/tang-12110502/.m2/repository/org/glassfish/jersey/media/jersey-media-json-processing/2.33/jersey-media-json-processing-2.33.jar:/home/tang-12110502/.m2/repository/org/glassfish/jakarta.json/1.1.6/jakarta.json-1.1.6.jar:/home/tang-12110502/.m2/repository/org/glassfish/jsonp-jaxrs/1.1.6/jsonp-jaxrs-1.1.6.jar:/home/tang-12110502/.m2/repository/org/glassfish/jersey/media/jersey-media-multipart/2.33/jersey-media-multipart-2.33.jar:/home/tang-12110502/.m2/repository/org/jvnet/mimepull/mimepull/1.9.13/mimepull-1.9.13.jar:/home/tang-12110502/.m2/repository/org/glassfish/jersey/inject/jersey-hk2/2.33/jersey-hk2-2.33.jar:/home/tang-12110502/.m2/repository/org/glassfish/hk2/hk2-locator/2.6.1/hk2-locator-2.6.1.jar:/home/tang-12110502/.m2/repository/org/glassfish/hk2/external/aopalliance-repackaged/2.6.1/aopalliance-repackaged-2.6.1.jar:/home/tang-12110502/.m2/repository/org/glassfish/hk2/hk2-api/2.6.1/hk2-api-2.6.1.jar:/home/tang-12110502/.m2/repository/org/glassfish/hk2/hk2-utils/2.6.1/hk2-utils-2.6.1.jar:/home/tang-12110502/.m2/repository/org/javassist/javassist/3.25.0-GA/javassist-3.25.0-GA.jar:/home/tang-12110502/.m2/repository/commons-lang/commons-lang/2.6/commons-lang-2.6.jar:/home/tang-12110502/.m2/repository/commons-io/commons-io/2.6/commons-io-2.6.jar:/home/tang-12110502/.m2/repository/com/google/guava/guava/30.1-jre/guava-30.1-jre.jar:/home/tang-12110502/.m2/repository/com/google/guava/failureaccess/1.0.1/failureaccess-1.0.1.jar:/home/tang-12110502/.m2/repository/com/google/guava/listenablefuture/9999.0-empty-to-avoid-conflict-with-guava/listenablefuture-9999.0-empty-to-avoid-conflict-with-guava.jar:/home/tang-12110502/.m2/repository/com/google/code/findbugs/jsr305/3.0.2/jsr305-3.0.2.jar:/home/tang-12110502/.m2/repository/org/checkerframework/checker-qual/3.5.0/checker-qual-3.5.0.jar:/home/tang-12110502/.m2/repository/com/google/errorprone/error_prone_annotations/2.3.4/error_prone_annotations-2.3.4.jar:/home/tang-12110502/.m2/repository/com/google/j2objc/j2objc-annotations/1.3/j2objc-annotations-1.3.jar:/home/tang-12110502/.m2/repository/log4j/log4j/1.2.17/log4j-1.2.17.jar:/home/tang-12110502/.m2/repository/commons-dbcp/commons-dbcp/1.4/commons-dbcp-1.4.jar:/home/tang-12110502/.m2/repository/commons-pool/commons-pool/1.5.4/commons-pool-1.5.4.jar:/home/tang-12110502/.m2/repository/javax/servlet/javax.servlet-api/4.0.1/javax.servlet-api-4.0.1.jar:/home/tang-12110502/.m2/repository/joda-time/joda-time/2.10.9/joda-time-2.10.9.jar:/home/tang-12110502/.m2/repository/com/h2database/h2/1.4.199/h2-1.4.199.jar:/home/tang-12110502/.m2/repository/com/twelvemonkeys/servlet/servlet/3.6.2/servlet-3.6.2.jar:/home/tang-12110502/.m2/repository/com/twelvemonkeys/common/common-lang/3.6.2/common-lang-3.6.2.jar:/home/tang-12110502/.m2/repository/com/twelvemonkeys/common/common-io/3.6.2/common-io-3.6.2.jar:/home/tang-12110502/.m2/repository/com/twelvemonkeys/common/common-image/3.6.2/common-image-3.6.2.jar:/home/tang-12110502/Teedy/docs-web-common/target/test-classes:/home/tang-12110502/.m2/repository/junit/junit/4.13.1/junit-4.13.1.jar:/home/tang-12110502/.m2/repository/org/hamcrest/hamcrest-core/1.3/hamcrest-core-1.3.jar:/home/tang-12110502/.m2/repository/org/glassfish/jersey/test-framework/providers/jersey-test-framework-provider-inmemory/2.33/jersey-test-framework-provider-inmemory-2.33.jar:/home/tang-12110502/.m2/repository/org/glassfish/jersey/test-framework/providers/jersey-test-framework-provider-external/2.33/jersey-test-framework-provider-external-2.33.jar:/home/tang-12110502/.m2/repository/org/glassfish/jersey/test-framework/providers/jersey-test-framework-provider-jdk-http/2.33/jersey-test-framework-provider-jdk-http-2.33.jar:/home/tang-12110502/.m2/repository/org/glassfish/jersey/containers/jersey-container-jdk-http/2.33/jersey-container-jdk-http-2.33.jar:/home/tang-12110502/.m2/repository/org/glassfish/jersey/test-framework/providers/jersey-test-framework-provider-simple/2.33/jersey-test-framework-provider-simple-2.33.jar:/home/tang-12110502/.m2/repository/org/glassfish/jersey/containers/jersey-container-simple-http/2.33/jersey-container-simple-http-2.33.jar:/home/tang-12110502/.m2/repository/org/simpleframework/simple-http/6.0.1/simple-http-6.0.1.jar:/home/tang-12110502/.m2/repository/org/simpleframework/simple-transport/6.0.1/simple-transport-6.0.1.jar:/home/tang-12110502/.m2/repository/org/simpleframework/simple-common/6.0.1/simple-common-6.0.1.jar:/home/tang-12110502/.m2/repository/org/glassfish/jersey/test-framework/providers/jersey-test-framework-provider-jetty/2.33/jersey-test-framework-provider-jetty-2.33.jar:/home/tang-12110502/.m2/repository/org/glassfish/jersey/containers/jersey-container-jetty-http/2.33/jersey-container-jetty-http-2.33.jar:/home/tang-12110502/.m2/repository/org/eclipse/jetty/jetty-server/9.4.36.v20210114/jetty-server-9.4.36.v20210114.jar:/home/tang-12110502/.m2/repository/org/eclipse/jetty/jetty-http/9.4.36.v20210114/jetty-http-9.4.36.v20210114.jar:/home/tang-12110502/.m2/repository/org/eclipse/jetty/jetty-io/9.4.36.v20210114/jetty-io-9.4.36.v20210114.jar:/home/tang-12110502/.m2/repository/org/eclipse/jetty/jetty-util/9.4.28.v20200408/jetty-util-9.4.28.v20200408.jar:/home/tang-12110502/.m2/repository/org/eclipse/jetty/jetty-continuation/9.4.28.v20200408/jetty-continuation-9.4.28.v20200408.jar:/home/tang-12110502/.m2/repository/org/glassfish/jersey/test-framework/providers/jersey-test-framework-provider-netty/2.33/jersey-test-framework-provider-netty-2.33.jar:/home/tang-12110502/.m2/repository/org/glassfish/jersey/containers/jersey-container-netty-http/2.33/jersey-container-netty-http-2.33.jar:/home/tang-12110502/.m2/repository/org/glassfish/jersey/connectors/jersey-netty-connector/2.33/jersey-netty-connector-2.33.jar:/home/tang-12110502/.m2/repository/io/netty/netty-all/4.1.43.Final/netty-all-4.1.43.Final.jar:/home/tang-12110502/.m2/repository/org/glassfish/jersey/test-framework/providers/jersey-test-framework-provider-grizzly2/2.33/jersey-test-framework-provider-grizzly2-2.33.jar:/home/tang-12110502/.m2/repository/jakarta/servlet/jakarta.servlet-api/4.0.3/jakarta.servlet-api-4.0.3.jar:/home/tang-12110502/.m2/repository/org/glassfish/jersey/test-framework/jersey-test-framework-core/2.33/jersey-test-framework-core-2.33.jar:/home/tang-12110502/.m2/repository/jakarta/xml/bind/jakarta.xml.bind-api/2.3.3/jakarta.xml.bind-api-2.3.3.jar:/home/tang-12110502/.m2/repository/jakarta/activation/jakarta.activation-api/1.2.2/jakarta.activation-api-1.2.2.jar:/home/tang-12110502/.m2/repository/org/glassfish/jersey/media/jersey-media-jaxb/2.33/jersey-media-jaxb-2.33.jar:/home/tang-12110502/.m2/repository/org/glassfish/jersey/containers/jersey-container-grizzly2-http/2.33/jersey-container-grizzly2-http-2.33.jar:/home/tang-12110502/.m2/repository/org/glassfish/grizzly/grizzly-http-server/2.4.4/grizzly-http-server-2.4.4.jar:/home/tang-12110502/.m2/repository/org/glassfish/grizzly/grizzly-http/2.4.4/grizzly-http-2.4.4.jar:/home/tang-12110502/.m2/repository/org/glassfish/grizzly/grizzly-framework/2.4.4/grizzly-framework-2.4.4.jar:/home/tang-12110502/.m2/repository/org/glassfish/jersey/containers/jersey-container-grizzly2-servlet/2.33/jersey-container-grizzly2-servlet-2.33.jar:/home/tang-12110502/.m2/repository/org/glassfish/grizzly/grizzly-http-servlet/2.4.4/grizzly-http-servlet-2.4.4.jar:/home/tang-12110502/.m2/repository/org/subethamail/subethasmtp-wiser/1.2/subethasmtp-wiser-1.2.jar:/home/tang-12110502/.m2/repository/org/subethamail/subethasmtp-smtp/1.2/subethasmtp-smtp-1.2.jar:/home/tang-12110502/.m2/repository/commons-logging/commons-logging/1.1/commons-logging-1.1.jar:/home/tang-12110502/.m2/repository/logkit/logkit/1.0.1/logkit-1.0.1.jar:/home/tang-12110502/.m2/repository/avalon-framework/avalon-framework/4.1.3/avalon-framework-4.1.3.jar:/home/tang-12110502/.m2/repository/javax/servlet/servlet-api/2.3/servlet-api-2.3.jar:/home/tang-12110502/.m2/repository/com/icegreen/greenmail/1.5.8/greenmail-1.5.8.jar:"/>
    <property name="java.vm.vendor" value="Ubuntu"/>
    <property name="sun.arch.data.model" value="64"/>
    <property name="java.vendor.url" value="https://ubuntu.com/"/>
    <property name="user.timezone" value=""/>
    <property name="java.vm.specification.version" value="11"/>
    <property name="os.name" value="Linux"/>
    <property name="sun.java.launcher" value="SUN_STANDARD"/>
    <property name="user.country" value="HK"/>
    <property name="sun.boot.library.path" value="/usr/lib/jvm/java-11-openjdk-amd64/lib"/>
    <property name="sun.java.command" value="/home/tang-12110502/Teedy/docs-web/target/surefire/surefirebooter18161290425113758129.jar /home/tang-12110502/Teedy/docs-web/target/surefire 2024-04-10T15-11-36_630-jvmRun1 surefire18226253242120098448tmp surefire_1017310147838069057182tmp"/>
    <property name="jdk.debug" value="release"/>
    <property name="surefire.test.class.path" value="/home/tang-12110502/Teedy/docs-web/target/test-classes:/home/tang-12110502/Teedy/docs-web/target/classes:/home/tang-12110502/Teedy/docs-core/target/classes:/home/tang-12110502/.m2/repository/org/hibernate/hibernate-core/5.4.27.Final/hibernate-core-5.4.27.Final.jar:/home/tang-12110502/.m2/repository/org/jboss/logging/jboss-logging/3.4.1.Final/jboss-logging-3.4.1.Final.jar:/home/tang-12110502/.m2/repository/javax/persistence/javax.persistence-api/2.2/javax.persistence-api-2.2.jar:/home/tang-12110502/.m2/repository/net/bytebuddy/byte-buddy/1.10.17/byte-buddy-1.10.17.jar:/home/tang-12110502/.m2/repository/antlr/antlr/2.7.7/antlr-2.7.7.jar:/home/tang-12110502/.m2/repository/org/jboss/spec/javax/transaction/jboss-transaction-api_1.2_spec/1.1.1.Final/jboss-transaction-api_1.2_spec-1.1.1.Final.jar:/home/tang-12110502/.m2/repository/org/jboss/jandex/2.1.3.Final/jandex-2.1.3.Final.jar:/home/tang-12110502/.m2/repository/com/fasterxml/classmate/1.5.1/classmate-1.5.1.jar:/home/tang-12110502/.m2/repository/javax/activation/javax.activation-api/1.2.0/javax.activation-api-1.2.0.jar:/home/tang-12110502/.m2/repository/org/dom4j/dom4j/2.1.3/dom4j-2.1.3.jar:/home/tang-12110502/.m2/repository/org/hibernate/common/hibernate-commons-annotations/5.1.2.Final/hibernate-commons-annotations-5.1.2.Final.jar:/home/tang-12110502/.m2/repository/org/glassfish/jaxb/jaxb-runtime/2.3.1/jaxb-runtime-2.3.1.jar:/home/tang-12110502/.m2/repository/org/glassfish/jaxb/txw2/2.3.1/txw2-2.3.1.jar:/home/tang-12110502/.m2/repository/com/sun/istack/istack-commons-runtime/3.0.7/istack-commons-runtime-3.0.7.jar:/home/tang-12110502/.m2/repository/org/jvnet/staxex/stax-ex/1.8/stax-ex-1.8.jar:/home/tang-12110502/.m2/repository/com/sun/xml/fastinfoset/FastInfoset/1.2.15/FastInfoset-1.2.15.jar:/home/tang-12110502/.m2/repository/org/hibernate/hibernate-entitymanager/5.4.27.Final/hibernate-entitymanager-5.4.27.Final.jar:/home/tang-12110502/.m2/repository/org/hibernate/hibernate-c3p0/5.4.27.Final/hibernate-c3p0-5.4.27.Final.jar:/home/tang-12110502/.m2/repository/com/mchange/c3p0/0.9.5.5/c3p0-0.9.5.5.jar:/home/tang-12110502/.m2/repository/com/mchange/mchange-commons-java/0.2.19/mchange-commons-java-0.2.19.jar:/home/tang-12110502/.m2/repository/org/apache/commons/commons-compress/1.18/commons-compress-1.18.jar:/home/tang-12110502/.m2/repository/org/apache/commons/commons-email/1.5/commons-email-1.5.jar:/home/tang-12110502/.m2/repository/org/freemarker/freemarker/2.3.30/freemarker-2.3.30.jar:/home/tang-12110502/.m2/repository/org/glassfish/javax.json/1.1.4/javax.json-1.1.4.jar:/home/tang-12110502/.m2/repository/org/jsoup/jsoup/1.13.1/jsoup-1.13.1.jar:/home/tang-12110502/.m2/repository/org/slf4j/slf4j-log4j12/1.7.30/slf4j-log4j12-1.7.30.jar:/home/tang-12110502/.m2/repository/org/slf4j/slf4j-api/1.7.30/slf4j-api-1.7.30.jar:/home/tang-12110502/.m2/repository/org/slf4j/jcl-over-slf4j/1.7.30/jcl-over-slf4j-1.7.30.jar:/home/tang-12110502/.m2/repository/at/favre/lib/bcrypt/0.9.0/bcrypt-0.9.0.jar:/home/tang-12110502/.m2/repository/at/favre/lib/bytes/1.3.0/bytes-1.3.0.jar:/home/tang-12110502/.m2/repository/org/apache/lucene/lucene-core/8.7.0/lucene-core-8.7.0.jar:/home/tang-12110502/.m2/repository/org/apache/lucene/lucene-analyzers-common/8.7.0/lucene-analyzers-common-8.7.0.jar:/home/tang-12110502/.m2/repository/org/apache/lucene/lucene-queryparser/8.7.0/lucene-queryparser-8.7.0.jar:/home/tang-12110502/.m2/repository/org/apache/lucene/lucene-queries/8.7.0/lucene-queries-8.7.0.jar:/home/tang-12110502/.m2/repository/org/apache/lucene/lucene-sandbox/8.7.0/lucene-sandbox-8.7.0.jar:/home/tang-12110502/.m2/repository/org/apache/lucene/lucene-suggest/8.7.0/lucene-suggest-8.7.0.jar:/home/tang-12110502/.m2/repository/org/apache/lucene/lucene-highlighter/8.7.0/lucene-highlighter-8.7.0.jar:/home/tang-12110502/.m2/repository/org/apache/lucene/lucene-memory/8.7.0/lucene-memory-8.7.0.jar:/home/tang-12110502/.m2/repository/com/sun/mail/javax.mail/1.6.2/javax.mail-1.6.2.jar:/home/tang-12110502/.m2/repository/javax/activation/activation/1.1/activation-1.1.jar:/home/tang-12110502/.m2/repository/com/squareup/okhttp3/okhttp/4.9.0/okhttp-4.9.0.jar:/home/tang-12110502/.m2/repository/com/squareup/okio/okio/2.8.0/okio-2.8.0.jar:/home/tang-12110502/.m2/repository/org/jetbrains/kotlin/kotlin-stdlib-common/1.4.0/kotlin-stdlib-common-1.4.0.jar:/home/tang-12110502/.m2/repository/org/jetbrains/kotlin/kotlin-stdlib/1.4.10/kotlin-stdlib-1.4.10.jar:/home/tang-12110502/.m2/repository/org/jetbrains/annotations/13.0/annotations-13.0.jar:/home/tang-12110502/.m2/repository/org/apache/directory/api/api-all/2.0.1/api-all-2.0.1.jar:/home/tang-12110502/.m2/repository/org/apache/servicemix/bundles/org.apache.servicemix.bundles.xpp3/1.1.4c_7/org.apache.servicemix.bundles.xpp3-1.1.4c_7.jar:/home/tang-12110502/.m2/repository/org/apache/servicemix/bundles/org.apache.servicemix.bundles.dom4j/2.1.1_1/org.apache.servicemix.bundles.dom4j-2.1.1_1.jar:/home/tang-12110502/.m2/repository/org/apache/commons/commons-pool2/2.8.0/commons-pool2-2.8.0.jar:/home/tang-12110502/.m2/repository/org/apache/mina/mina-core/2.1.3/mina-core-2.1.3.jar:/home/tang-12110502/.m2/repository/org/apache/commons/commons-lang3/3.9/commons-lang3-3.9.jar:/home/tang-12110502/.m2/repository/org/apache/commons/commons-collections4/4.4/commons-collections4-4.4.jar:/home/tang-12110502/.m2/repository/org/apache/servicemix/bundles/org.apache.servicemix.bundles.antlr/2.7.7_5/org.apache.servicemix.bundles.antlr-2.7.7_5.jar:/home/tang-12110502/.m2/repository/commons-codec/commons-codec/1.14/commons-codec-1.14.jar:/home/tang-12110502/.m2/repository/org/apache/lucene/lucene-backward-codecs/8.7.0/lucene-backward-codecs-8.7.0.jar:/home/tang-12110502/.m2/repository/org/imgscalr/imgscalr-lib/4.2/imgscalr-lib-4.2.jar:/home/tang-12110502/.m2/repository/org/apache/pdfbox/pdfbox/2.0.22/pdfbox-2.0.22.jar:/home/tang-12110502/.m2/repository/org/apache/pdfbox/fontbox/2.0.22/fontbox-2.0.22.jar:/home/tang-12110502/.m2/repository/org/bouncycastle/bcprov-jdk15on/1.68/bcprov-jdk15on-1.68.jar:/home/tang-12110502/.m2/repository/fr/opensagres/xdocreport/fr.opensagres.odfdom.converter.pdf/2.0.2/fr.opensagres.odfdom.converter.pdf-2.0.2.jar:/home/tang-12110502/.m2/repository/fr/opensagres/xdocreport/fr.opensagres.odfdom.converter.core/2.0.2/fr.opensagres.odfdom.converter.core-2.0.2.jar:/home/tang-12110502/.m2/repository/org/odftoolkit/odfdom-java/0.8.7/odfdom-java-0.8.7.jar:/home/tang-12110502/.m2/repository/xerces/xercesImpl/2.9.1/xercesImpl-2.9.1.jar:/home/tang-12110502/.m2/repository/xml-apis/xml-apis/1.3.04/xml-apis-1.3.04.jar:/home/tang-12110502/.m2/repository/fr/opensagres/xdocreport/fr.opensagres.xdocreport.itext.extension/2.0.2/fr.opensagres.xdocreport.itext.extension-2.0.2.jar:/home/tang-12110502/.m2/repository/com/lowagie/itext/2.1.7/itext-2.1.7.jar:/home/tang-12110502/.m2/repository/fr/opensagres/xdocreport/fr.opensagres.poi.xwpf.converter.pdf/2.0.2/fr.opensagres.poi.xwpf.converter.pdf-2.0.2.jar:/home/tang-12110502/.m2/repository/fr/opensagres/xdocreport/fr.opensagres.poi.xwpf.converter.core/2.0.2/fr.opensagres.poi.xwpf.converter.core-2.0.2.jar:/home/tang-12110502/.m2/repository/org/apache/poi/poi-ooxml/4.0.1/poi-ooxml-4.0.1.jar:/home/tang-12110502/.m2/repository/org/apache/poi/poi/4.0.1/poi-4.0.1.jar:/home/tang-12110502/.m2/repository/org/apache/commons/commons-math3/3.6.1/commons-math3-3.6.1.jar:/home/tang-12110502/.m2/repository/com/github/virtuald/curvesapi/1.05/curvesapi-1.05.jar:/home/tang-12110502/.m2/repository/org/apache/poi/ooxml-schemas/1.4/ooxml-schemas-1.4.jar:/home/tang-12110502/.m2/repository/org/apache/xmlbeans/xmlbeans/3.0.1/xmlbeans-3.0.1.jar:/home/tang-12110502/.m2/repository/com/twelvemonkeys/imageio/imageio-jpeg/3.6.2/imageio-jpeg-3.6.2.jar:/home/tang-12110502/.m2/repository/com/twelvemonkeys/imageio/imageio-core/3.6.2/imageio-core-3.6.2.jar:/home/tang-12110502/.m2/repository/com/twelvemonkeys/imageio/imageio-metadata/3.6.2/imageio-metadata-3.6.2.jar:/home/tang-12110502/.m2/repository/com/twelvemonkeys/imageio/imageio-tiff/3.6.2/imageio-tiff-3.6.2.jar:/home/tang-12110502/.m2/repository/com/github/jai-imageio/jai-imageio-jpeg2000/1.4.0/jai-imageio-jpeg2000-1.4.0.jar:/home/tang-12110502/.m2/repository/com/github/jai-imageio/jai-imageio-core/1.4.0/jai-imageio-core-1.4.0.jar:/home/tang-12110502/.m2/repository/com/levigo/jbig2/levigo-jbig2-imageio/2.0/levigo-jbig2-imageio-2.0.jar:/home/tang-12110502/.m2/repository/org/postgresql/postgresql/42.2.18/postgresql-42.2.18.jar:/home/tang-12110502/.m2/repository/javax/xml/bind/jaxb-api/2.3.0/jaxb-api-2.3.0.jar:/home/tang-12110502/.m2/repository/com/sun/xml/bind/jaxb-core/2.3.0/jaxb-core-2.3.0.jar:/home/tang-12110502/.m2/repository/com/sun/xml/bind/jaxb-impl/2.3.0/jaxb-impl-2.3.0.jar:/home/tang-12110502/Teedy/docs-web-common/target/classes:/home/tang-12110502/.m2/repository/org/slf4j/jul-to-slf4j/1.7.30/jul-to-slf4j-1.7.30.jar:/home/tang-12110502/.m2/repository/org/glassfish/jersey/containers/jersey-container-servlet/2.33/jersey-container-servlet-2.33.jar:/home/tang-12110502/.m2/repository/org/glassfish/jersey/containers/jersey-container-servlet-core/2.33/jersey-container-servlet-core-2.33.jar:/home/tang-12110502/.m2/repository/org/glassfish/hk2/external/jakarta.inject/2.6.1/jakarta.inject-2.6.1.jar:/home/tang-12110502/.m2/repository/org/glassfish/jersey/core/jersey-common/2.33/jersey-common-2.33.jar:/home/tang-12110502/.m2/repository/jakarta/annotation/jakarta.annotation-api/1.3.5/jakarta.annotation-api-1.3.5.jar:/home/tang-12110502/.m2/repository/org/glassfish/hk2/osgi-resource-locator/1.0.3/osgi-resource-locator-1.0.3.jar:/home/tang-12110502/.m2/repository/org/glassfish/jersey/core/jersey-server/2.33/jersey-server-2.33.jar:/home/tang-12110502/.m2/repository/org/glassfish/jersey/core/jersey-client/2.33/jersey-client-2.33.jar:/home/tang-12110502/.m2/repository/jakarta/validation/jakarta.validation-api/2.0.2/jakarta.validation-api-2.0.2.jar:/home/tang-12110502/.m2/repository/jakarta/ws/rs/jakarta.ws.rs-api/2.1.6/jakarta.ws.rs-api-2.1.6.jar:/home/tang-12110502/.m2/repository/org/glassfish/jersey/media/jersey-media-json-processing/2.33/jersey-media-json-processing-2.33.jar:/home/tang-12110502/.m2/repository/org/glassfish/jakarta.json/1.1.6/jakarta.json-1.1.6.jar:/home/tang-12110502/.m2/repository/org/glassfish/jsonp-jaxrs/1.1.6/jsonp-jaxrs-1.1.6.jar:/home/tang-12110502/.m2/repository/org/glassfish/jersey/media/jersey-media-multipart/2.33/jersey-media-multipart-2.33.jar:/home/tang-12110502/.m2/repository/org/jvnet/mimepull/mimepull/1.9.13/mimepull-1.9.13.jar:/home/tang-12110502/.m2/repository/org/glassfish/jersey/inject/jersey-hk2/2.33/jersey-hk2-2.33.jar:/home/tang-12110502/.m2/repository/org/glassfish/hk2/hk2-locator/2.6.1/hk2-locator-2.6.1.jar:/home/tang-12110502/.m2/repository/org/glassfish/hk2/external/aopalliance-repackaged/2.6.1/aopalliance-repackaged-2.6.1.jar:/home/tang-12110502/.m2/repository/org/glassfish/hk2/hk2-api/2.6.1/hk2-api-2.6.1.jar:/home/tang-12110502/.m2/repository/org/glassfish/hk2/hk2-utils/2.6.1/hk2-utils-2.6.1.jar:/home/tang-12110502/.m2/repository/org/javassist/javassist/3.25.0-GA/javassist-3.25.0-GA.jar:/home/tang-12110502/.m2/repository/commons-lang/commons-lang/2.6/commons-lang-2.6.jar:/home/tang-12110502/.m2/repository/commons-io/commons-io/2.6/commons-io-2.6.jar:/home/tang-12110502/.m2/repository/com/google/guava/guava/30.1-jre/guava-30.1-jre.jar:/home/tang-12110502/.m2/repository/com/google/guava/failureaccess/1.0.1/failureaccess-1.0.1.jar:/home/tang-12110502/.m2/repository/com/google/guava/listenablefuture/9999.0-empty-to-avoid-conflict-with-guava/listenablefuture-9999.0-empty-to-avoid-conflict-with-guava.jar:/home/tang-12110502/.m2/repository/com/google/code/findbugs/jsr305/3.0.2/jsr305-3.0.2.jar:/home/tang-12110502/.m2/repository/org/checkerframework/checker-qual/3.5.0/checker-qual-3.5.0.jar:/home/tang-12110502/.m2/repository/com/google/errorprone/error_prone_annotations/2.3.4/error_prone_annotations-2.3.4.jar:/home/tang-12110502/.m2/repository/com/google/j2objc/j2objc-annotations/1.3/j2objc-annotations-1.3.jar:/home/tang-12110502/.m2/repository/log4j/log4j/1.2.17/log4j-1.2.17.jar:/home/tang-12110502/.m2/repository/commons-dbcp/commons-dbcp/1.4/commons-dbcp-1.4.jar:/home/tang-12110502/.m2/repository/commons-pool/commons-pool/1.5.4/commons-pool-1.5.4.jar:/home/tang-12110502/.m2/repository/javax/servlet/javax.servlet-api/4.0.1/javax.servlet-api-4.0.1.jar:/home/tang-12110502/.m2/repository/joda-time/joda-time/2.10.9/joda-time-2.10.9.jar:/home/tang-12110502/.m2/repository/com/h2database/h2/1.4.199/h2-1.4.199.jar:/home/tang-12110502/.m2/repository/com/twelvemonkeys/servlet/servlet/3.6.2/servlet-3.6.2.jar:/home/tang-12110502/.m2/repository/com/twelvemonkeys/common/common-lang/3.6.2/common-lang-3.6.2.jar:/home/tang-12110502/.m2/repository/com/twelvemonkeys/common/common-io/3.6.2/common-io-3.6.2.jar:/home/tang-12110502/.m2/repository/com/twelvemonkeys/common/common-image/3.6.2/common-image-3.6.2.jar:/home/tang-12110502/Teedy/docs-web-common/target/test-classes:/home/tang-12110502/.m2/repository/junit/junit/4.13.1/junit-4.13.1.jar:/home/tang-12110502/.m2/repository/org/hamcrest/hamcrest-core/1.3/hamcrest-core-1.3.jar:/home/tang-12110502/.m2/repository/org/glassfish/jersey/test-framework/providers/jersey-test-framework-provider-inmemory/2.33/jersey-test-framework-provider-inmemory-2.33.jar:/home/tang-12110502/.m2/repository/org/glassfish/jersey/test-framework/providers/jersey-test-framework-provider-external/2.33/jersey-test-framework-provider-external-2.33.jar:/home/tang-12110502/.m2/repository/org/glassfish/jersey/test-framework/providers/jersey-test-framework-provider-jdk-http/2.33/jersey-test-framework-provider-jdk-http-2.33.jar:/home/tang-12110502/.m2/repository/org/glassfish/jersey/containers/jersey-container-jdk-http/2.33/jersey-container-jdk-http-2.33.jar:/home/tang-12110502/.m2/repository/org/glassfish/jersey/test-framework/providers/jersey-test-framework-provider-simple/2.33/jersey-test-framework-provider-simple-2.33.jar:/home/tang-12110502/.m2/repository/org/glassfish/jersey/containers/jersey-container-simple-http/2.33/jersey-container-simple-http-2.33.jar:/home/tang-12110502/.m2/repository/org/simpleframework/simple-http/6.0.1/simple-http-6.0.1.jar:/home/tang-12110502/.m2/repository/org/simpleframework/simple-transport/6.0.1/simple-transport-6.0.1.jar:/home/tang-12110502/.m2/repository/org/simpleframework/simple-common/6.0.1/simple-common-6.0.1.jar:/home/tang-12110502/.m2/repository/org/glassfish/jersey/test-framework/providers/jersey-test-framework-provider-jetty/2.33/jersey-test-framework-provider-jetty-2.33.jar:/home/tang-12110502/.m2/repository/org/glassfish/jersey/containers/jersey-container-jetty-http/2.33/jersey-container-jetty-http-2.33.jar:/home/tang-12110502/.m2/repository/org/eclipse/jetty/jetty-server/9.4.36.v20210114/jetty-server-9.4.36.v20210114.jar:/home/tang-12110502/.m2/repository/org/eclipse/jetty/jetty-http/9.4.36.v20210114/jetty-http-9.4.36.v20210114.jar:/home/tang-12110502/.m2/repository/org/eclipse/jetty/jetty-io/9.4.36.v20210114/jetty-io-9.4.36.v20210114.jar:/home/tang-12110502/.m2/repository/org/eclipse/jetty/jetty-util/9.4.28.v20200408/jetty-util-9.4.28.v20200408.jar:/home/tang-12110502/.m2/repository/org/eclipse/jetty/jetty-continuation/9.4.28.v20200408/jetty-continuation-9.4.28.v20200408.jar:/home/tang-12110502/.m2/repository/org/glassfish/jersey/test-framework/providers/jersey-test-framework-provider-netty/2.33/jersey-test-framework-provider-netty-2.33.jar:/home/tang-12110502/.m2/repository/org/glassfish/jersey/containers/jersey-container-netty-http/2.33/jersey-container-netty-http-2.33.jar:/home/tang-12110502/.m2/repository/org/glassfish/jersey/connectors/jersey-netty-connector/2.33/jersey-netty-connector-2.33.jar:/home/tang-12110502/.m2/repository/io/netty/netty-all/4.1.43.Final/netty-all-4.1.43.Final.jar:/home/tang-12110502/.m2/repository/org/glassfish/jersey/test-framework/providers/jersey-test-framework-provider-grizzly2/2.33/jersey-test-framework-provider-grizzly2-2.33.jar:/home/tang-12110502/.m2/repository/jakarta/servlet/jakarta.servlet-api/4.0.3/jakarta.servlet-api-4.0.3.jar:/home/tang-12110502/.m2/repository/org/glassfish/jersey/test-framework/jersey-test-framework-core/2.33/jersey-test-framework-core-2.33.jar:/home/tang-12110502/.m2/repository/jakarta/xml/bind/jakarta.xml.bind-api/2.3.3/jakarta.xml.bind-api-2.3.3.jar:/home/tang-12110502/.m2/repository/jakarta/activation/jakarta.activation-api/1.2.2/jakarta.activation-api-1.2.2.jar:/home/tang-12110502/.m2/repository/org/glassfish/jersey/media/jersey-media-jaxb/2.33/jersey-media-jaxb-2.33.jar:/home/tang-12110502/.m2/repository/org/glassfish/jersey/containers/jersey-container-grizzly2-http/2.33/jersey-container-grizzly2-http-2.33.jar:/home/tang-12110502/.m2/repository/org/glassfish/grizzly/grizzly-http-server/2.4.4/grizzly-http-server-2.4.4.jar:/home/tang-12110502/.m2/repository/org/glassfish/grizzly/grizzly-http/2.4.4/grizzly-http-2.4.4.jar:/home/tang-12110502/.m2/repository/org/glassfish/grizzly/grizzly-framework/2.4.4/grizzly-framework-2.4.4.jar:/home/tang-12110502/.m2/repository/org/glassfish/jersey/containers/jersey-container-grizzly2-servlet/2.33/jersey-container-grizzly2-servlet-2.33.jar:/home/tang-12110502/.m2/repository/org/glassfish/grizzly/grizzly-http-servlet/2.4.4/grizzly-http-servlet-2.4.4.jar:/home/tang-12110502/.m2/repository/org/subethamail/subethasmtp-wiser/1.2/subethasmtp-wiser-1.2.jar:/home/tang-12110502/.m2/repository/org/subethamail/subethasmtp-smtp/1.2/subethasmtp-smtp-1.2.jar:/home/tang-12110502/.m2/repository/commons-logging/commons-logging/1.1/commons-logging-1.1.jar:/home/tang-12110502/.m2/repository/logkit/logkit/1.0.1/logkit-1.0.1.jar:/home/tang-12110502/.m2/repository/avalon-framework/avalon-framework/4.1.3/avalon-framework-4.1.3.jar:/home/tang-12110502/.m2/repository/javax/servlet/servlet-api/2.3/servlet-api-2.3.jar:/home/tang-12110502/.m2/repository/com/icegreen/greenmail/1.5.8/greenmail-1.5.8.jar:"/>
    <property name="sun.cpu.endian" value="little"/>
    <property name="user.home" value="/home/tang-12110502"/>
    <property name="user.language" value="en"/>
    <property name="java.specification.vendor" value="Oracle Corporation"/>
    <property name="java.version.date" value="2024-01-16"/>
    <property name="java.home" value="/usr/lib/jvm/java-11-openjdk-amd64"/>
    <property name="file.separator" value="/"/>
    <property name="basedir" value="/home/tang-12110502/Teedy/docs-web"/>
    <property name="java.vm.compressedOopsMode" value="Zero based"/>
    <property name="line.separator" value="&#10;"/>
    <property name="java.specification.name" value="Java Platform API Specification"/>
    <property name="java.vm.specification.vendor" value="Oracle Corporation"/>
    <property name="java.awt.graphicsenv" value="sun.awt.X11GraphicsEnvironment"/>
    <property name="surefire.real.class.path" value="/home/tang-12110502/Teedy/docs-web/target/surefire/surefirebooter18161290425113758129.jar"/>
    <property name="sun.management.compiler" value="HotSpot 64-Bit Tiered Compilers"/>
    <property name="java.runtime.version" value="11.0.22+7-post-Ubuntu-0ubuntu222.04.1"/>
    <property name="user.name" value="tang-12110502"/>
    <property name="path.separator" value=":"/>
    <property name="os.version" value="6.5.0-25-generic"/>
    <property name="java.runtime.name" value="OpenJDK Runtime Environment"/>
    <property name="file.encoding" value="UTF-8"/>
    <property name="java.vm.name" value="OpenJDK 64-Bit Server VM"/>
    <property name="localRepository" value="/home/tang-12110502/.m2/repository"/>
    <property name="java.vendor.url.bug" value="https://bugs.launchpad.net/ubuntu/+source/openjdk-lts"/>
    <property name="java.io.tmpdir" value="/tmp"/>
    <property name="java.version" value="11.0.22"/>
    <property name="user.dir" value="/home/tang-12110502/Teedy/docs-web"/>
    <property name="os.arch" value="amd64"/>
    <property name="java.vm.specification.name" value="Java Virtual Machine Specification"/>
    <property name="java.awt.printerjob" value="sun.print.PSPrinterJob"/>
    <property name="sun.os.patch.level" value="unknown"/>
    <property name="java.library.path" value="/usr/java/packages/lib:/usr/lib/x86_64-linux-gnu/jni:/lib/x86_64-linux-gnu:/usr/lib/x86_64-linux-gnu:/usr/lib/jni:/lib:/usr/lib"/>
    <property name="java.vm.info" value="mixed mode, sharing"/>
    <property name="java.vendor" value="Ubuntu"/>
    <property name="java.vm.version" value="11.0.22+7-post-Ubuntu-0ubuntu222.04.1"/>
    <property name="java.specification.maintenance.version" value="2"/>
    <property name="sun.io.unicode.encoding" value="UnicodeLittle"/>
    <property name="java.class.version" value="55.0"/>
  </properties>
  <testcase name="testEmlImport" classname="com.sismics.docs.rest.TestDocumentResource" time="17.343">
    <system-out><![CDATA[10 Apr 2024 15:12:51,636 INFO com.sismics.util.filter.RequestContextFilter.init(RequestContextFilter.java:43) Using base data directory: /tmp 
10 Apr 2024 15:12:57,980 INFO com.sismics.util.ClasspathScanner.findClasses(ClasspathScanner.java:48) Found 1 classes for IndexingHandler 
10 Apr 2024 15:12:58,095 INFO com.sismics.docs.core.util.indexing.LuceneIndexingHandler.initLucene(LuceneIndexingHandler.java:115) Using RAM Lucene storage 
10 Apr 2024 15:12:58,522 INFO com.sismics.docs.core.service.FileService.startUp(FileService.java:39) File service starting up 
10 Apr 2024 15:12:58,535 INFO com.sismics.docs.core.service.InboxService.startUp(InboxService.java:55) Inbox service starting up 
10 Apr 2024 15:13:00,049 INFO com.sismics.util.ClasspathScanner.findClasses(ClasspathScanner.java:48) Found 2 classes for AuthenticationHandler 
10 Apr 2024 15:13:02,133 INFO com.sismics.docs.core.util.FileUtil.startProcessingFile(FileUtil.java:221) Processing started for file: 2cefd0ac-2c32-488b-9515-f9b293eb2da3 
10 Apr 2024 15:13:02,159 INFO com.sismics.docs.core.util.FileUtil.startProcessingFile(FileUtil.java:221) Processing started for file: b3d7df5b-7b16-4ee2-b556-5a2e49f30530 
10 Apr 2024 15:13:02,168 INFO com.sismics.docs.core.listener.async.DocumentCreatedAsyncListener.on(DocumentCreatedAsyncListener.java:35) Document created event: DocumentCreatedAsyncEvent{documentId=cee0f8fb-dde5-4541-bebe-9f08351ac70e} 
10 Apr 2024 15:13:02,449 INFO com.sismics.docs.core.listener.async.FileProcessingAsyncListener.on(FileProcessingAsyncListener.java:53) File created event: FileCreatedAsyncEvent{fileId=2cefd0ac-2c32-488b-9515-f9b293eb2da3, language=eng} 
10 Apr 2024 15:13:02,615 INFO com.sismics.util.ClasspathScanner.findClasses(ClasspathScanner.java:48) Found 7 classes for FormatHandler 
10 Apr 2024 15:13:03,582 INFO com.sismics.docs.core.listener.async.FileProcessingAsyncListener.extractContent(FileProcessingAsyncListener.java:176) Start extracting content from: File{id=2cefd0ac-2c32-488b-9515-f9b293eb2da3, name=14_UNHCR_nd.pdf} 
10 Apr 2024 15:13:03,957 INFO com.sismics.docs.core.listener.async.FileProcessingAsyncListener.extractContent(FileProcessingAsyncListener.java:182) File content extracted in 376ms: 2cefd0ac-2c32-488b-9515-f9b293eb2da3 
10 Apr 2024 15:13:04,081 INFO com.sismics.docs.core.util.FileUtil.endProcessingFile(FileUtil.java:231) Processing ended for file: 2cefd0ac-2c32-488b-9515-f9b293eb2da3 
10 Apr 2024 15:13:04,084 INFO com.sismics.docs.core.listener.async.DocumentUpdatedAsyncListener.on(DocumentUpdatedAsyncListener.java:39) Document updated event: DocumentUpdatedAsyncEvent{documentId=cee0f8fb-dde5-4541-bebe-9f08351ac70e} 
10 Apr 2024 15:13:04,198 INFO com.sismics.docs.core.listener.async.FileProcessingAsyncListener.on(FileProcessingAsyncListener.java:53) File created event: FileCreatedAsyncEvent{fileId=b3d7df5b-7b16-4ee2-b556-5a2e49f30530, language=eng} 
10 Apr 2024 15:13:04,308 WARN org.apache.pdfbox.pdmodel.font.PDType1Font.<init>(PDType1Font.java:161) Using fallback font LiberationSans for base font Symbol 
10 Apr 2024 15:13:04,311 WARN org.apache.pdfbox.pdmodel.font.PDType1Font.<init>(PDType1Font.java:161) Using fallback font LiberationSans for base font ZapfDingbats 
10 Apr 2024 15:13:04,809 INFO com.sismics.docs.core.listener.async.FileProcessingAsyncListener.extractContent(FileProcessingAsyncListener.java:176) Start extracting content from: File{id=b3d7df5b-7b16-4ee2-b556-5a2e49f30530, name=refugee status determination.pdf} 
10 Apr 2024 15:13:05,489 INFO com.sismics.docs.core.listener.async.FileProcessingAsyncListener.extractContent(FileProcessingAsyncListener.java:182) File content extracted in 680ms: b3d7df5b-7b16-4ee2-b556-5a2e49f30530 
10 Apr 2024 15:13:05,689 INFO com.sismics.docs.core.util.FileUtil.endProcessingFile(FileUtil.java:231) Processing ended for file: b3d7df5b-7b16-4ee2-b556-5a2e49f30530 
10 Apr 2024 15:13:05,691 INFO com.sismics.docs.core.listener.async.DocumentUpdatedAsyncListener.on(DocumentUpdatedAsyncListener.java:39) Document updated event: DocumentUpdatedAsyncEvent{documentId=cee0f8fb-dde5-4541-bebe-9f08351ac70e} 
10 Apr 2024 15:13:05,840 INFO org.subethamail.smtp.server.SMTPServer.run(SMTPServer.java:333) SMTP Server socket shut down. 
10 Apr 2024 15:13:05,865 INFO com.sismics.docs.core.service.InboxService.shutDown(InboxService.java:60) Inbox service shutting down 
10 Apr 2024 15:13:05,866 INFO com.sismics.docs.core.service.FileService.shutDown(FileService.java:44) File service shutting down 
]]></system-out>
    <system-err><![CDATA[Apr 10, 2024 3:12:48 PM org.glassfish.jersey.test.external.ExternalTestContainerFactory$ExternalTestContainer <init>
INFO: Creating ExternalTestContainer configured at the base URI http://localhost:9998/docs
Apr 10, 2024 3:12:49 PM org.glassfish.grizzly.servlet.WebappContext deploy
INFO: Starting application [GrizzlyContext] ...
Apr 10, 2024 3:12:49 PM org.glassfish.grizzly.servlet.WebappContext initServlets
INFO: Loading Servlet: org.glassfish.jersey.servlet.ServletContainer
Apr 10, 2024 3:12:51 PM org.glassfish.grizzly.servlet.WebappContext initServlets
INFO: [GrizzlyContext] Servlet [org.glassfish.jersey.servlet.ServletContainer] registered for url pattern(s) [[/*]].
]]></system-err>
  </testcase>
  <testcase name="testPdfExtraction" classname="com.sismics.docs.rest.TestDocumentResource" time="3.126">
    <system-out><![CDATA[10 Apr 2024 15:13:05,882 INFO org.glassfish.jersey.test.external.ExternalTestContainerFactory$ExternalTestContainer.<init>(ExternalTestContainerFactory.java:91) Creating ExternalTestContainer configured at the base URI http://localhost:9998/docs 
10 Apr 2024 15:13:06,022 INFO com.sismics.util.filter.RequestContextFilter.init(RequestContextFilter.java:43) Using base data directory: /tmp 
10 Apr 2024 15:13:06,183 INFO com.sismics.util.ClasspathScanner.findClasses(ClasspathScanner.java:48) Found 1 classes for IndexingHandler 
10 Apr 2024 15:13:06,185 INFO com.sismics.docs.core.util.indexing.LuceneIndexingHandler.initLucene(LuceneIndexingHandler.java:115) Using RAM Lucene storage 
10 Apr 2024 15:13:06,187 INFO com.sismics.docs.core.service.FileService.startUp(FileService.java:39) File service starting up 
10 Apr 2024 15:13:06,191 INFO com.sismics.docs.core.service.InboxService.startUp(InboxService.java:55) Inbox service starting up 
10 Apr 2024 15:13:06,898 INFO com.sismics.docs.core.listener.async.DocumentCreatedAsyncListener.on(DocumentCreatedAsyncListener.java:35) Document created event: DocumentCreatedAsyncEvent{documentId=4ff9728f-66e8-4610-9bae-30fd9359bb0b} 
10 Apr 2024 15:13:07,013 INFO com.sismics.docs.core.util.FileUtil.startProcessingFile(FileUtil.java:221) Processing started for file: 81a9ea9a-8a44-4fbf-a8c5-2210066517ea 
10 Apr 2024 15:13:07,021 INFO com.sismics.docs.core.listener.async.FileProcessingAsyncListener.on(FileProcessingAsyncListener.java:53) File created event: FileCreatedAsyncEvent{fileId=81a9ea9a-8a44-4fbf-a8c5-2210066517ea, language=eng} 
10 Apr 2024 15:13:07,487 INFO com.sismics.docs.core.listener.async.FileProcessingAsyncListener.extractContent(FileProcessingAsyncListener.java:176) Start extracting content from: File{id=81a9ea9a-8a44-4fbf-a8c5-2210066517ea, name=wikipedia.pdf} 
10 Apr 2024 15:13:07,657 WARN org.apache.pdfbox.pdmodel.font.PDFont.loadUnicodeCmap(PDFont.java:150) Invalid ToUnicode CMap in font HSVMXH+HiraKakuPro-W3 
10 Apr 2024 15:13:07,726 WARN org.apache.pdfbox.pdmodel.font.PDFont.loadUnicodeCmap(PDFont.java:150) Invalid ToUnicode CMap in font XICUVH+HiraKakuPro-W3 
10 Apr 2024 15:13:08,143 INFO com.sismics.docs.core.listener.async.FileProcessingAsyncListener.extractContent(FileProcessingAsyncListener.java:182) File content extracted in 656ms: 81a9ea9a-8a44-4fbf-a8c5-2210066517ea 
10 Apr 2024 15:13:08,274 INFO com.sismics.docs.core.util.FileUtil.endProcessingFile(FileUtil.java:231) Processing ended for file: 81a9ea9a-8a44-4fbf-a8c5-2210066517ea 
10 Apr 2024 15:13:08,279 INFO com.sismics.docs.core.listener.async.DocumentUpdatedAsyncListener.on(DocumentUpdatedAsyncListener.java:39) Document updated event: DocumentUpdatedAsyncEvent{documentId=4ff9728f-66e8-4610-9bae-30fd9359bb0b} 
10 Apr 2024 15:13:08,975 INFO org.subethamail.smtp.server.SMTPServer.run(SMTPServer.java:333) SMTP Server socket shut down. 
10 Apr 2024 15:13:08,990 INFO com.sismics.docs.core.service.InboxService.shutDown(InboxService.java:60) Inbox service shutting down 
10 Apr 2024 15:13:08,991 INFO com.sismics.docs.core.service.FileService.shutDown(FileService.java:44) File service shutting down 
]]></system-out>
  </testcase>
  <testcase name="testDocxExtraction" classname="com.sismics.docs.rest.TestDocumentResource" time="2.781">
    <system-out><![CDATA[10 Apr 2024 15:13:09,000 INFO org.glassfish.jersey.test.external.ExternalTestContainerFactory$ExternalTestContainer.<init>(ExternalTestContainerFactory.java:91) Creating ExternalTestContainer configured at the base URI http://localhost:9998/docs 
10 Apr 2024 15:13:09,311 INFO com.sismics.util.filter.RequestContextFilter.init(RequestContextFilter.java:43) Using base data directory: /tmp 
10 Apr 2024 15:13:09,438 INFO com.sismics.util.ClasspathScanner.findClasses(ClasspathScanner.java:48) Found 1 classes for IndexingHandler 
10 Apr 2024 15:13:09,440 INFO com.sismics.docs.core.util.indexing.LuceneIndexingHandler.initLucene(LuceneIndexingHandler.java:115) Using RAM Lucene storage 
10 Apr 2024 15:13:09,442 INFO com.sismics.docs.core.service.FileService.startUp(FileService.java:39) File service starting up 
10 Apr 2024 15:13:09,445 INFO com.sismics.docs.core.service.InboxService.startUp(InboxService.java:55) Inbox service starting up 
10 Apr 2024 15:13:10,110 INFO com.sismics.docs.core.listener.async.DocumentCreatedAsyncListener.on(DocumentCreatedAsyncListener.java:35) Document created event: DocumentCreatedAsyncEvent{documentId=9468fa4d-ac58-436c-b235-6045d1eefce0} 
10 Apr 2024 15:13:10,191 INFO com.sismics.docs.core.util.FileUtil.startProcessingFile(FileUtil.java:221) Processing started for file: 0a64344a-ec24-43c5-852a-ec6ca80327df 
10 Apr 2024 15:13:10,195 INFO com.sismics.docs.core.listener.async.FileProcessingAsyncListener.on(FileProcessingAsyncListener.java:53) File created event: FileCreatedAsyncEvent{fileId=0a64344a-ec24-43c5-852a-ec6ca80327df, language=eng} 
10 Apr 2024 15:13:11,564 INFO com.sismics.docs.core.listener.async.FileProcessingAsyncListener.extractContent(FileProcessingAsyncListener.java:176) Start extracting content from: File{id=0a64344a-ec24-43c5-852a-ec6ca80327df, name=document.docx} 
10 Apr 2024 15:13:11,569 INFO com.sismics.docs.core.listener.async.FileProcessingAsyncListener.extractContent(FileProcessingAsyncListener.java:182) File content extracted in 5ms: 0a64344a-ec24-43c5-852a-ec6ca80327df 
10 Apr 2024 15:13:11,581 INFO com.sismics.docs.core.util.FileUtil.endProcessingFile(FileUtil.java:231) Processing ended for file: 0a64344a-ec24-43c5-852a-ec6ca80327df 
10 Apr 2024 15:13:11,584 INFO com.sismics.docs.core.listener.async.DocumentUpdatedAsyncListener.on(DocumentUpdatedAsyncListener.java:39) Document updated event: DocumentUpdatedAsyncEvent{documentId=9468fa4d-ac58-436c-b235-6045d1eefce0} 
10 Apr 2024 15:13:11,745 INFO org.subethamail.smtp.server.SMTPServer.run(SMTPServer.java:333) SMTP Server socket shut down. 
10 Apr 2024 15:13:11,747 INFO com.sismics.docs.core.service.InboxService.shutDown(InboxService.java:60) Inbox service shutting down 
10 Apr 2024 15:13:11,768 INFO com.sismics.docs.core.service.FileService.shutDown(FileService.java:44) File service shutting down 
]]></system-out>
  </testcase>
  <testcase name="testPptxExtraction" classname="com.sismics.docs.rest.TestDocumentResource" time="16.928">
    <system-out><![CDATA[10 Apr 2024 15:13:11,789 INFO org.glassfish.jersey.test.external.ExternalTestContainerFactory$ExternalTestContainer.<init>(ExternalTestContainerFactory.java:91) Creating ExternalTestContainer configured at the base URI http://localhost:9998/docs 
10 Apr 2024 15:13:11,924 INFO com.sismics.util.filter.RequestContextFilter.init(RequestContextFilter.java:43) Using base data directory: /tmp 
10 Apr 2024 15:13:12,068 INFO com.sismics.util.ClasspathScanner.findClasses(ClasspathScanner.java:48) Found 1 classes for IndexingHandler 
10 Apr 2024 15:13:12,070 INFO com.sismics.docs.core.util.indexing.LuceneIndexingHandler.initLucene(LuceneIndexingHandler.java:115) Using RAM Lucene storage 
10 Apr 2024 15:13:12,072 INFO com.sismics.docs.core.service.FileService.startUp(FileService.java:39) File service starting up 
10 Apr 2024 15:13:12,074 INFO com.sismics.docs.core.service.InboxService.startUp(InboxService.java:55) Inbox service starting up 
10 Apr 2024 15:13:12,659 INFO com.sismics.docs.core.listener.async.DocumentCreatedAsyncListener.on(DocumentCreatedAsyncListener.java:35) Document created event: DocumentCreatedAsyncEvent{documentId=ebc219ca-76dc-4232-bfaa-f9a6e20fe6f9} 
10 Apr 2024 15:13:12,888 INFO com.sismics.docs.core.util.FileUtil.startProcessingFile(FileUtil.java:221) Processing started for file: 7e460524-937d-4710-8ef8-2ab32e16eb53 
10 Apr 2024 15:13:12,892 INFO com.sismics.docs.core.listener.async.FileProcessingAsyncListener.on(FileProcessingAsyncListener.java:53) File created event: FileCreatedAsyncEvent{fileId=7e460524-937d-4710-8ef8-2ab32e16eb53, language=eng} 
10 Apr 2024 15:13:15,346 INFO com.sismics.docs.core.listener.async.FileProcessingAsyncListener.extractContent(FileProcessingAsyncListener.java:176) Start extracting content from: File{id=7e460524-937d-4710-8ef8-2ab32e16eb53, name=apache.pptx} 
10 Apr 2024 15:13:15,465 INFO com.sismics.docs.core.listener.async.FileProcessingAsyncListener.extractContent(FileProcessingAsyncListener.java:182) File content extracted in 118ms: 7e460524-937d-4710-8ef8-2ab32e16eb53 
10 Apr 2024 15:13:15,486 INFO com.sismics.docs.core.util.FileUtil.endProcessingFile(FileUtil.java:231) Processing ended for file: 7e460524-937d-4710-8ef8-2ab32e16eb53 
10 Apr 2024 15:13:15,489 INFO com.sismics.docs.core.listener.async.DocumentUpdatedAsyncListener.on(DocumentUpdatedAsyncListener.java:39) Document updated event: DocumentUpdatedAsyncEvent{documentId=ebc219ca-76dc-4232-bfaa-f9a6e20fe6f9} 
10 Apr 2024 15:13:28,696 INFO org.subethamail.smtp.server.SMTPServer.run(SMTPServer.java:333) SMTP Server socket shut down. 
10 Apr 2024 15:13:28,706 INFO com.sismics.docs.core.service.InboxService.shutDown(InboxService.java:60) Inbox service shutting down 
10 Apr 2024 15:13:28,706 INFO com.sismics.docs.core.service.FileService.shutDown(FileService.java:44) File service shutting down 
]]></system-out>
  </testcase>
  <testcase name="testCustomMetadata" classname="com.sismics.docs.rest.TestDocumentResource" time="1.786">
    <system-out><![CDATA[10 Apr 2024 15:13:28,710 INFO org.glassfish.jersey.test.external.ExternalTestContainerFactory$ExternalTestContainer.<init>(ExternalTestContainerFactory.java:91) Creating ExternalTestContainer configured at the base URI http://localhost:9998/docs 
10 Apr 2024 15:13:28,857 INFO com.sismics.util.filter.RequestContextFilter.init(RequestContextFilter.java:43) Using base data directory: /tmp 
10 Apr 2024 15:13:29,072 INFO com.sismics.util.ClasspathScanner.findClasses(ClasspathScanner.java:48) Found 1 classes for IndexingHandler 
10 Apr 2024 15:13:29,074 INFO com.sismics.docs.core.util.indexing.LuceneIndexingHandler.initLucene(LuceneIndexingHandler.java:115) Using RAM Lucene storage 
10 Apr 2024 15:13:29,076 INFO com.sismics.docs.core.service.FileService.startUp(FileService.java:39) File service starting up 
10 Apr 2024 15:13:29,079 INFO com.sismics.docs.core.service.InboxService.startUp(InboxService.java:55) Inbox service starting up 
10 Apr 2024 15:13:30,232 INFO com.sismics.docs.core.listener.async.DocumentCreatedAsyncListener.on(DocumentCreatedAsyncListener.java:35) Document created event: DocumentCreatedAsyncEvent{documentId=4950ab01-fb61-4ba5-a21f-4d91694ad37a} 
10 Apr 2024 15:13:30,316 INFO com.sismics.docs.core.listener.async.DocumentUpdatedAsyncListener.on(DocumentUpdatedAsyncListener.java:39) Document updated event: DocumentUpdatedAsyncEvent{documentId=4950ab01-fb61-4ba5-a21f-4d91694ad37a} 
10 Apr 2024 15:13:30,394 INFO com.sismics.docs.core.listener.async.DocumentUpdatedAsyncListener.on(DocumentUpdatedAsyncListener.java:39) Document updated event: DocumentUpdatedAsyncEvent{documentId=4950ab01-fb61-4ba5-a21f-4d91694ad37a} 
10 Apr 2024 15:13:30,466 INFO org.subethamail.smtp.server.SMTPServer.run(SMTPServer.java:333) SMTP Server socket shut down. 
10 Apr 2024 15:13:30,467 INFO com.sismics.docs.core.service.InboxService.shutDown(InboxService.java:60) Inbox service shutting down 
10 Apr 2024 15:13:30,469 INFO com.sismics.docs.core.service.FileService.shutDown(FileService.java:44) File service shutting down 
]]></system-out>
  </testcase>
  <testcase name="testOdtExtraction" classname="com.sismics.docs.rest.TestDocumentResource" time="2.442">
    <system-out><![CDATA[10 Apr 2024 15:13:30,492 INFO org.glassfish.jersey.test.external.ExternalTestContainerFactory$ExternalTestContainer.<init>(ExternalTestContainerFactory.java:91) Creating ExternalTestContainer configured at the base URI http://localhost:9998/docs 
10 Apr 2024 15:13:30,630 INFO com.sismics.util.filter.RequestContextFilter.init(RequestContextFilter.java:43) Using base data directory: /tmp 
10 Apr 2024 15:13:30,759 INFO com.sismics.util.ClasspathScanner.findClasses(ClasspathScanner.java:48) Found 1 classes for IndexingHandler 
10 Apr 2024 15:13:30,761 INFO com.sismics.docs.core.util.indexing.LuceneIndexingHandler.initLucene(LuceneIndexingHandler.java:115) Using RAM Lucene storage 
10 Apr 2024 15:13:30,764 INFO com.sismics.docs.core.service.FileService.startUp(FileService.java:39) File service starting up 
10 Apr 2024 15:13:30,767 INFO com.sismics.docs.core.service.InboxService.startUp(InboxService.java:55) Inbox service starting up 
10 Apr 2024 15:13:31,531 INFO com.sismics.docs.core.listener.async.DocumentCreatedAsyncListener.on(DocumentCreatedAsyncListener.java:35) Document created event: DocumentCreatedAsyncEvent{documentId=76e9aa1f-9855-4674-955c-dad3d4fc92e4} 
10 Apr 2024 15:13:31,595 INFO com.sismics.docs.core.util.FileUtil.startProcessingFile(FileUtil.java:221) Processing started for file: bc9f4aa8-c912-4748-9847-095428c62fb2 
10 Apr 2024 15:13:31,598 INFO com.sismics.docs.core.listener.async.FileProcessingAsyncListener.on(FileProcessingAsyncListener.java:53) File created event: FileCreatedAsyncEvent{fileId=bc9f4aa8-c912-4748-9847-095428c62fb2, language=eng} 
10 Apr 2024 15:13:32,731 INFO com.sismics.docs.core.listener.async.FileProcessingAsyncListener.extractContent(FileProcessingAsyncListener.java:176) Start extracting content from: File{id=bc9f4aa8-c912-4748-9847-095428c62fb2, name=document.odt} 
10 Apr 2024 15:13:32,738 INFO com.sismics.docs.core.listener.async.FileProcessingAsyncListener.extractContent(FileProcessingAsyncListener.java:182) File content extracted in 7ms: bc9f4aa8-c912-4748-9847-095428c62fb2 
10 Apr 2024 15:13:32,751 INFO com.sismics.docs.core.util.FileUtil.endProcessingFile(FileUtil.java:231) Processing ended for file: bc9f4aa8-c912-4748-9847-095428c62fb2 
10 Apr 2024 15:13:32,753 INFO com.sismics.docs.core.listener.async.DocumentUpdatedAsyncListener.on(DocumentUpdatedAsyncListener.java:39) Document updated event: DocumentUpdatedAsyncEvent{documentId=76e9aa1f-9855-4674-955c-dad3d4fc92e4} 
10 Apr 2024 15:13:32,905 INFO org.subethamail.smtp.server.SMTPServer.run(SMTPServer.java:333) SMTP Server socket shut down. 
10 Apr 2024 15:13:32,914 INFO com.sismics.docs.core.service.InboxService.shutDown(InboxService.java:60) Inbox service shutting down 
10 Apr 2024 15:13:32,915 INFO com.sismics.docs.core.service.FileService.shutDown(FileService.java:44) File service shutting down 
]]></system-out>
  </testcase>
  <testcase name="testPlainTextExtraction" classname="com.sismics.docs.rest.TestDocumentResource" time="1.338">
    <system-out><![CDATA[10 Apr 2024 15:13:32,926 INFO org.glassfish.jersey.test.external.ExternalTestContainerFactory$ExternalTestContainer.<init>(ExternalTestContainerFactory.java:91) Creating ExternalTestContainer configured at the base URI http://localhost:9998/docs 
10 Apr 2024 15:13:33,048 INFO com.sismics.util.filter.RequestContextFilter.init(RequestContextFilter.java:43) Using base data directory: /tmp 
10 Apr 2024 15:13:33,280 INFO com.sismics.util.ClasspathScanner.findClasses(ClasspathScanner.java:48) Found 1 classes for IndexingHandler 
10 Apr 2024 15:13:33,283 INFO com.sismics.docs.core.util.indexing.LuceneIndexingHandler.initLucene(LuceneIndexingHandler.java:115) Using RAM Lucene storage 
10 Apr 2024 15:13:33,287 INFO com.sismics.docs.core.service.FileService.startUp(FileService.java:39) File service starting up 
10 Apr 2024 15:13:33,291 INFO com.sismics.docs.core.service.InboxService.startUp(InboxService.java:55) Inbox service starting up 
10 Apr 2024 15:13:33,862 INFO com.sismics.docs.core.listener.async.DocumentCreatedAsyncListener.on(DocumentCreatedAsyncListener.java:35) Document created event: DocumentCreatedAsyncEvent{documentId=267cf3b0-2ea0-432b-8c83-3cdf5c8ca0d7} 
10 Apr 2024 15:13:33,919 INFO com.sismics.docs.core.util.FileUtil.startProcessingFile(FileUtil.java:221) Processing started for file: bcb03d0e-83f7-4ff5-89e7-c19be01a8010 
10 Apr 2024 15:13:33,922 INFO com.sismics.docs.core.listener.async.FileProcessingAsyncListener.on(FileProcessingAsyncListener.java:53) File created event: FileCreatedAsyncEvent{fileId=bcb03d0e-83f7-4ff5-89e7-c19be01a8010, language=eng} 
10 Apr 2024 15:13:34,144 INFO com.sismics.docs.core.listener.async.FileProcessingAsyncListener.extractContent(FileProcessingAsyncListener.java:176) Start extracting content from: File{id=bcb03d0e-83f7-4ff5-89e7-c19be01a8010, name=document.txt} 
10 Apr 2024 15:13:34,145 INFO com.sismics.docs.core.listener.async.FileProcessingAsyncListener.extractContent(FileProcessingAsyncListener.java:182) File content extracted in 1ms: bcb03d0e-83f7-4ff5-89e7-c19be01a8010 
10 Apr 2024 15:13:34,159 INFO com.sismics.docs.core.util.FileUtil.endProcessingFile(FileUtil.java:231) Processing ended for file: bcb03d0e-83f7-4ff5-89e7-c19be01a8010 
10 Apr 2024 15:13:34,162 INFO com.sismics.docs.core.listener.async.DocumentUpdatedAsyncListener.on(DocumentUpdatedAsyncListener.java:39) Document updated event: DocumentUpdatedAsyncEvent{documentId=267cf3b0-2ea0-432b-8c83-3cdf5c8ca0d7} 
10 Apr 2024 15:13:34,263 INFO org.subethamail.smtp.server.SMTPServer.run(SMTPServer.java:333) SMTP Server socket shut down. 
10 Apr 2024 15:13:34,272 INFO com.sismics.docs.core.service.InboxService.shutDown(InboxService.java:60) Inbox service shutting down 
10 Apr 2024 15:13:34,273 INFO com.sismics.docs.core.service.FileService.shutDown(FileService.java:44) File service shutting down 
]]></system-out>
  </testcase>
  <testcase name="testDocumentResource" classname="com.sismics.docs.rest.TestDocumentResource" time="16.983">
    <system-out><![CDATA[10 Apr 2024 15:13:34,277 INFO org.glassfish.jersey.test.external.ExternalTestContainerFactory$ExternalTestContainer.<init>(ExternalTestContainerFactory.java:91) Creating ExternalTestContainer configured at the base URI http://localhost:9998/docs 
10 Apr 2024 15:13:34,388 INFO com.sismics.util.filter.RequestContextFilter.init(RequestContextFilter.java:43) Using base data directory: /tmp 
10 Apr 2024 15:13:34,502 INFO com.sismics.util.ClasspathScanner.findClasses(ClasspathScanner.java:48) Found 1 classes for IndexingHandler 
10 Apr 2024 15:13:34,504 INFO com.sismics.docs.core.util.indexing.LuceneIndexingHandler.initLucene(LuceneIndexingHandler.java:115) Using RAM Lucene storage 
10 Apr 2024 15:13:34,506 INFO com.sismics.docs.core.service.FileService.startUp(FileService.java:39) File service starting up 
10 Apr 2024 15:13:34,510 INFO com.sismics.docs.core.service.InboxService.startUp(InboxService.java:55) Inbox service starting up 
10 Apr 2024 15:13:35,536 INFO com.sismics.docs.core.listener.async.DocumentCreatedAsyncListener.on(DocumentCreatedAsyncListener.java:35) Document created event: DocumentCreatedAsyncEvent{documentId=f7c1a7fb-dddc-4df6-b8ab-ee6a1c19a1c2} 
10 Apr 2024 15:13:35,571 INFO com.sismics.docs.core.listener.async.DocumentCreatedAsyncListener.on(DocumentCreatedAsyncListener.java:35) Document created event: DocumentCreatedAsyncEvent{documentId=29a5ec32-d6ec-4c92-abc2-75358bf61a9c} 
10 Apr 2024 15:13:35,628 INFO com.sismics.docs.core.util.FileUtil.startProcessingFile(FileUtil.java:221) Processing started for file: bdfb2ff9-dea8-4811-ad41-f1361f0dfacf 
10 Apr 2024 15:13:35,632 INFO com.sismics.docs.core.listener.async.FileProcessingAsyncListener.on(FileProcessingAsyncListener.java:53) File created event: FileCreatedAsyncEvent{fileId=bdfb2ff9-dea8-4811-ad41-f1361f0dfacf, language=eng} 
10 Apr 2024 15:13:36,028 INFO com.sismics.docs.core.listener.async.FileProcessingAsyncListener.extractContent(FileProcessingAsyncListener.java:176) Start extracting content from: File{id=bdfb2ff9-dea8-4811-ad41-f1361f0dfacf, name=Einstein-Roosevelt-letter.png} 
10 Apr 2024 15:13:42,450 INFO com.sismics.docs.core.listener.async.FileProcessingAsyncListener.extractContent(FileProcessingAsyncListener.java:182) File content extracted in 6,421ms: bdfb2ff9-dea8-4811-ad41-f1361f0dfacf 
10 Apr 2024 15:13:42,464 INFO com.sismics.docs.core.util.FileUtil.endProcessingFile(FileUtil.java:231) Processing ended for file: bdfb2ff9-dea8-4811-ad41-f1361f0dfacf 
10 Apr 2024 15:13:42,466 INFO com.sismics.docs.core.listener.async.DocumentUpdatedAsyncListener.on(DocumentUpdatedAsyncListener.java:39) Document updated event: DocumentUpdatedAsyncEvent{documentId=f7c1a7fb-dddc-4df6-b8ab-ee6a1c19a1c2} 
10 Apr 2024 15:13:42,513 INFO com.sismics.docs.core.listener.async.DocumentUpdatedAsyncListener.on(DocumentUpdatedAsyncListener.java:39) Document updated event: DocumentUpdatedAsyncEvent{documentId=f7c1a7fb-dddc-4df6-b8ab-ee6a1c19a1c2} 
10 Apr 2024 15:13:42,615 INFO com.sismics.docs.core.listener.async.DocumentCreatedAsyncListener.on(DocumentCreatedAsyncListener.java:35) Document created event: DocumentCreatedAsyncEvent{documentId=618c081e-83b6-4a73-8050-5fde0b018448} 
10 Apr 2024 15:13:42,669 INFO com.sismics.docs.core.util.FileUtil.startProcessingFile(FileUtil.java:221) Processing started for file: 50d6a682-235f-453e-b522-88b1c29defa7 
10 Apr 2024 15:13:42,673 INFO com.sismics.docs.core.listener.async.FileProcessingAsyncListener.on(FileProcessingAsyncListener.java:53) File created event: FileCreatedAsyncEvent{fileId=50d6a682-235f-453e-b522-88b1c29defa7, language=eng} 
10 Apr 2024 15:13:43,009 INFO com.sismics.docs.core.listener.async.FileProcessingAsyncListener.extractContent(FileProcessingAsyncListener.java:176) Start extracting content from: File{id=50d6a682-235f-453e-b522-88b1c29defa7, name=Einstein-Roosevelt-letter.png} 
10 Apr 2024 15:13:49,370 INFO com.sismics.docs.core.listener.async.FileProcessingAsyncListener.extractContent(FileProcessingAsyncListener.java:182) File content extracted in 6,360ms: 50d6a682-235f-453e-b522-88b1c29defa7 
10 Apr 2024 15:13:49,380 INFO com.sismics.docs.core.util.FileUtil.endProcessingFile(FileUtil.java:231) Processing ended for file: 50d6a682-235f-453e-b522-88b1c29defa7 
10 Apr 2024 15:13:49,382 INFO com.sismics.docs.core.listener.async.DocumentUpdatedAsyncListener.on(DocumentUpdatedAsyncListener.java:39) Document updated event: DocumentUpdatedAsyncEvent{documentId=618c081e-83b6-4a73-8050-5fde0b018448} 
10 Apr 2024 15:13:50,770 INFO com.sismics.docs.core.listener.async.DocumentUpdatedAsyncListener.on(DocumentUpdatedAsyncListener.java:39) Document updated event: DocumentUpdatedAsyncEvent{documentId=f7c1a7fb-dddc-4df6-b8ab-ee6a1c19a1c2} 
10 Apr 2024 15:13:50,796 INFO com.sismics.docs.core.listener.async.DocumentUpdatedAsyncListener.on(DocumentUpdatedAsyncListener.java:39) Document updated event: DocumentUpdatedAsyncEvent{documentId=29a5ec32-d6ec-4c92-abc2-75358bf61a9c} 
10 Apr 2024 15:13:51,175 INFO com.sismics.docs.core.listener.async.FileDeletedAsyncListener.on(FileDeletedAsyncListener.java:33) File deleted event: FileDeletedAsyncEvent{fileId=bdfb2ff9-dea8-4811-ad41-f1361f0dfacf} 
10 Apr 2024 15:13:51,187 INFO com.sismics.docs.core.listener.async.DocumentDeletedAsyncListener.on(DocumentDeletedAsyncListener.java:31) Document deleted event: DocumentDeletedAsyncEvent{documentId=f7c1a7fb-dddc-4df6-b8ab-ee6a1c19a1c2} 
10 Apr 2024 15:13:51,234 INFO org.subethamail.smtp.server.SMTPServer.run(SMTPServer.java:333) SMTP Server socket shut down. 
10 Apr 2024 15:13:51,238 INFO com.sismics.docs.core.service.InboxService.shutDown(InboxService.java:60) Inbox service shutting down 
10 Apr 2024 15:13:51,241 INFO com.sismics.docs.core.service.FileService.shutDown(FileService.java:44) File service shutting down 
]]></system-out>
  </testcase>
  <testcase name="testVideoExtraction" classname="com.sismics.docs.rest.TestDocumentResource" time="2.59">
    <failure message="expected:&lt;1&gt; but was:&lt;0&gt;" type="java.lang.AssertionError"><![CDATA[java.lang.AssertionError: expected:<1> but was:<0>
	at com.sismics.docs.rest.TestDocumentResource.testVideoExtraction(TestDocumentResource.java:672)
]]></failure>
    <system-out><![CDATA[10 Apr 2024 15:13:51,251 INFO org.glassfish.jersey.test.external.ExternalTestContainerFactory$ExternalTestContainer.<init>(ExternalTestContainerFactory.java:91) Creating ExternalTestContainer configured at the base URI http://localhost:9998/docs 
10 Apr 2024 15:13:51,377 INFO com.sismics.util.filter.RequestContextFilter.init(RequestContextFilter.java:43) Using base data directory: /tmp 
10 Apr 2024 15:13:51,519 INFO com.sismics.util.ClasspathScanner.findClasses(ClasspathScanner.java:48) Found 1 classes for IndexingHandler 
10 Apr 2024 15:13:51,521 INFO com.sismics.docs.core.util.indexing.LuceneIndexingHandler.initLucene(LuceneIndexingHandler.java:115) Using RAM Lucene storage 
10 Apr 2024 15:13:51,523 INFO com.sismics.docs.core.service.FileService.startUp(FileService.java:39) File service starting up 
10 Apr 2024 15:13:51,526 INFO com.sismics.docs.core.service.InboxService.startUp(InboxService.java:55) Inbox service starting up 
10 Apr 2024 15:13:52,131 INFO com.sismics.docs.core.listener.async.DocumentCreatedAsyncListener.on(DocumentCreatedAsyncListener.java:35) Document created event: DocumentCreatedAsyncEvent{documentId=25686f9c-ce49-4a8e-8fcd-786ca6759998} 
10 Apr 2024 15:13:52,195 INFO com.sismics.docs.core.util.FileUtil.startProcessingFile(FileUtil.java:221) Processing started for file: 6f23df92-52a0-4465-8f2a-29a49d61ff29 
10 Apr 2024 15:13:52,200 INFO com.sismics.docs.core.listener.async.FileProcessingAsyncListener.on(FileProcessingAsyncListener.java:53) File created event: FileCreatedAsyncEvent{fileId=6f23df92-52a0-4465-8f2a-29a49d61ff29, language=eng} 
10 Apr 2024 15:13:53,755 INFO com.sismics.docs.core.listener.async.FileProcessingAsyncListener.extractContent(FileProcessingAsyncListener.java:176) Start extracting content from: File{id=6f23df92-52a0-4465-8f2a-29a49d61ff29, name=video.webm} 
10 Apr 2024 15:13:53,771 INFO com.sismics.docs.core.listener.async.FileProcessingAsyncListener.extractContent(FileProcessingAsyncListener.java:182) File content extracted in 16ms: 6f23df92-52a0-4465-8f2a-29a49d61ff29 
10 Apr 2024 15:13:53,780 INFO com.sismics.docs.core.util.FileUtil.endProcessingFile(FileUtil.java:231) Processing ended for file: 6f23df92-52a0-4465-8f2a-29a49d61ff29 
10 Apr 2024 15:13:53,784 INFO com.sismics.docs.core.listener.async.DocumentUpdatedAsyncListener.on(DocumentUpdatedAsyncListener.java:39) Document updated event: DocumentUpdatedAsyncEvent{documentId=25686f9c-ce49-4a8e-8fcd-786ca6759998} 
10 Apr 2024 15:13:53,835 INFO org.subethamail.smtp.server.SMTPServer.run(SMTPServer.java:333) SMTP Server socket shut down. 
10 Apr 2024 15:13:53,844 INFO com.sismics.docs.core.service.InboxService.shutDown(InboxService.java:60) Inbox service shutting down 
10 Apr 2024 15:13:53,845 INFO com.sismics.docs.core.service.FileService.shutDown(FileService.java:44) File service shutting down 
]]></system-out>
  </testcase>
</testsuite>