<?xml version="1.0" encoding="UTF-8"?>
<testsuite xmlns:xsi="http://www.w3.org/2001/XMLSchema-instance" xsi:noNamespaceSchemaLocation="https://maven.apache.org/surefire/maven-surefire-plugin/xsd/surefire-test-report-3.0.xsd" version="3.0" name="com.sismics.docs.rest.TestAppResource" time="19.276" tests="6" errors="0" skipped="0" failures="0">
  <properties>
    <property name="sun.desktop" value="gnome"/>
    <property name="awt.toolkit" value="sun.awt.X11.XToolkit"/>
    <property name="java.specification.version" value="11"/>
    <property name="sun.cpu.isalist" value=""/>
    <property name="sun.jnu.encoding" value="UTF-8"/>
    <property name="java.class.path" value="/home/tang-12110502/Teedy/docs-web/target/test-classes:/home/tang-12110502/Teedy/docs-web/target/classes:/home/tang-12110502/Teedy/docs-core/target/classes:/home/tang-12110502/.m2/repository/org/hibernate/hibernate-core/5.4.27.Final/hibernate-core-5.4.27.Final.jar:/home/tang-12110502/.m2/repository/org/jboss/logging/jboss-logging/3.4.1.Final/jboss-logging-3.4.1.Final.jar:/home/tang-12110502/.m2/repository/javax/persistence/javax.persistence-api/2.2/javax.persistence-api-2.2.jar:/home/tang-12110502/.m2/repository/net/bytebuddy/byte-buddy/1.10.17/byte-buddy-1.10.17.jar:/home/tang-12110502/.m2/repository/antlr/antlr/2.7.7/antlr-2.7.7.jar:/home/tang-12110502/.m2/repository/org/jboss/spec/javax/transaction/jboss-transaction-api_1.2_spec/1.1.1.Final/jboss-transaction-api_1.2_spec-1.1.1.Final.jar:/home/tang-12110502/.m2/repository/org/jboss/jandex/2.1.3.Final/jandex-2.1.3.Final.jar:/home/tang-12110502/.m2/repository/com/fasterxml/classmate/1.5.1/classmate-1.5.1.jar:/home/tang-12110502/.m2/repository/javax/activation/javax.activation-api/1.2.0/javax.activation-api-1.2.0.jar:/home/tang-12110502/.m2/repository/org/dom4j/dom4j/2.1.3/dom4j-2.1.3.jar:/home/tang-12110502/.m2/repository/org/hibernate/common/hibernate-commons-annotations/5.1.2.Final/hibernate-commons-annotations-5.1.2.Final.jar:/home/tang-12110502/.m2/repository/org/glassfish/jaxb/jaxb-runtime/2.3.1/jaxb-runtime-2.3.1.jar:/home/tang-12110502/.m2/repository/org/glassfish/jaxb/txw2/2.3.1/txw2-2.3.1.jar:/home/tang-12110502/.m2/repository/com/sun/istack/istack-commons-runtime/3.0.7/istack-commons-runtime-3.0.7.jar:/home/tang-12110502/.m2/repository/org/jvnet/staxex/stax-ex/1.8/stax-ex-1.8.jar:/home/tang-12110502/.m2/repository/com/sun/xml/fastinfoset/FastInfoset/1.2.15/FastInfoset-1.2.15.jar:/home/tang-12110502/.m2/repository/org/hibernate/hibernate-entitymanager/5.4.27.Final/hibernate-entitymanager-5.4.27.Final.jar:/home/tang-12110502/.m2/repository/org/hibernate/hibernate-c3p0/5.4.27.Final/hibernate-c3p0-5.4.27.Final.jar:/home/tang-12110502/.m2/repository/com/mchange/c3p0/0.9.5.5/c3p0-0.9.5.5.jar:/home/tang-12110502/.m2/repository/com/mchange/mchange-commons-java/0.2.19/mchange-commons-java-0.2.19.jar:/home/tang-12110502/.m2/repository/org/apache/commons/commons-compress/1.18/commons-compress-1.18.jar:/home/tang-12110502/.m2/repository/org/apache/commons/commons-email/1.5/commons-email-1.5.jar:/home/tang-12110502/.m2/repository/org/freemarker/freemarker/2.3.30/freemarker-2.3.30.jar:/home/tang-12110502/.m2/repository/org/glassfish/javax.json/1.1.4/javax.json-1.1.4.jar:/home/tang-12110502/.m2/repository/org/jsoup/jsoup/1.13.1/jsoup-1.13.1.jar:/home/tang-12110502/.m2/repository/org/slf4j/slf4j-log4j12/1.7.30/slf4j-log4j12-1.7.30.jar:/home/tang-12110502/.m2/repository/org/slf4j/slf4j-api/1.7.30/slf4j-api-1.7.30.jar:/home/tang-12110502/.m2/repository/org/slf4j/jcl-over-slf4j/1.7.30/jcl-over-slf4j-1.7.30.jar:/home/tang-12110502/.m2/repository/at/favre/lib/bcrypt/0.9.0/bcrypt-0.9.0.jar:/home/tang-12110502/.m2/repository/at/favre/lib/bytes/1.3.0/bytes-1.3.0.jar:/home/tang-12110502/.m2/repository/org/apache/lucene/lucene-core/8.7.0/lucene-core-8.7.0.jar:/home/tang-12110502/.m2/repository/org/apache/lucene/lucene-analyzers-common/8.7.0/lucene-analyzers-common-8.7.0.jar:/home/tang-12110502/.m2/repository/org/apache/lucene/lucene-queryparser/8.7.0/lucene-queryparser-8.7.0.jar:/home/tang-12110502/.m2/repository/org/apache/lucene/lucene-queries/8.7.0/lucene-queries-8.7.0.jar:/home/tang-12110502/.m2/repository/org/apache/lucene/lucene-sandbox/8.7.0/lucene-sandbox-8.7.0.jar:/home/tang-12110502/.m2/repository/org/apache/lucene/lucene-suggest/8.7.0/lucene-suggest-8.7.0.jar:/home/tang-12110502/.m2/repository/org/apache/lucene/lucene-highlighter/8.7.0/lucene-highlighter-8.7.0.jar:/home/tang-12110502/.m2/repository/org/apache/lucene/lucene-memory/8.7.0/lucene-memory-8.7.0.jar:/home/tang-12110502/.m2/repository/com/sun/mail/javax.mail/1.6.2/javax.mail-1.6.2.jar:/home/tang-12110502/.m2/repository/javax/activation/activation/1.1/activation-1.1.jar:/home/tang-12110502/.m2/repository/com/squareup/okhttp3/okhttp/4.9.0/okhttp-4.9.0.jar:/home/tang-12110502/.m2/repository/com/squareup/okio/okio/2.8.0/okio-2.8.0.jar:/home/tang-12110502/.m2/repository/org/jetbrains/kotlin/kotlin-stdlib-common/1.4.0/kotlin-stdlib-common-1.4.0.jar:/home/tang-12110502/.m2/repository/org/jetbrains/kotlin/kotlin-stdlib/1.4.10/kotlin-stdlib-1.4.10.jar:/home/tang-12110502/.m2/repository/org/jetbrains/annotations/13.0/annotations-13.0.jar:/home/tang-12110502/.m2/repository/org/apache/directory/api/api-all/2.0.1/api-all-2.0.1.jar:/home/tang-12110502/.m2/repository/org/apache/servicemix/bundles/org.apache.servicemix.bundles.xpp3/1.1.4c_7/org.apache.servicemix.bundles.xpp3-1.1.4c_7.jar:/home/tang-12110502/.m2/repository/org/apache/servicemix/bundles/org.apache.servicemix.bundles.dom4j/2.1.1_1/org.apache.servicemix.bundles.dom4j-2.1.1_1.jar:/home/tang-12110502/.m2/repository/org/apache/commons/commons-pool2/2.8.0/commons-pool2-2.8.0.jar:/home/tang-12110502/.m2/repository/org/apache/mina/mina-core/2.1.3/mina-core-2.1.3.jar:/home/tang-12110502/.m2/repository/org/apache/commons/commons-lang3/3.9/commons-lang3-3.9.jar:/home/tang-12110502/.m2/repository/org/apache/commons/commons-collections4/4.4/commons-collections4-4.4.jar:/home/tang-12110502/.m2/repository/org/apache/servicemix/bundles/org.apache.servicemix.bundles.antlr/2.7.7_5/org.apache.servicemix.bundles.antlr-2.7.7_5.jar:/home/tang-12110502/.m2/repository/commons-codec/commons-codec/1.14/commons-codec-1.14.jar:/home/tang-12110502/.m2/repository/org/apache/lucene/lucene-backward-codecs/8.7.0/lucene-backward-codecs-8.7.0.jar:/home/tang-12110502/.m2/repository/org/imgscalr/imgscalr-lib/4.2/imgscalr-lib-4.2.jar:/home/tang-12110502/.m2/repository/org/apache/pdfbox/pdfbox/2.0.22/pdfbox-2.0.22.jar:/home/tang-12110502/.m2/repository/org/apache/pdfbox/fontbox/2.0.22/fontbox-2.0.22.jar:/home/tang-12110502/.m2/repository/org/bouncycastle/bcprov-jdk15on/1.68/bcprov-jdk15on-1.68.jar:/home/tang-12110502/.m2/repository/fr/opensagres/xdocreport/fr.opensagres.odfdom.converter.pdf/2.0.2/fr.opensagres.odfdom.converter.pdf-2.0.2.jar:/home/tang-12110502/.m2/repository/fr/opensagres/xdocreport/fr.opensagres.odfdom.converter.core/2.0.2/fr.opensagres.odfdom.converter.core-2.0.2.jar:/home/tang-12110502/.m2/repository/org/odftoolkit/odfdom-java/0.8.7/odfdom-java-0.8.7.jar:/home/tang-12110502/.m2/repository/xerces/xercesImpl/2.9.1/xercesImpl-2.9.1.jar:/home/tang-12110502/.m2/repository/xml-apis/xml-apis/1.3.04/xml-apis-1.3.04.jar:/home/tang-12110502/.m2/repository/fr/opensagres/xdocreport/fr.opensagres.xdocreport.itext.extension/2.0.2/fr.opensagres.xdocreport.itext.extension-2.0.2.jar:/home/tang-12110502/.m2/repository/com/lowagie/itext/2.1.7/itext-2.1.7.jar:/home/tang-12110502/.m2/repository/fr/opensagres/xdocreport/fr.opensagres.poi.xwpf.converter.pdf/2.0.2/fr.opensagres.poi.xwpf.converter.pdf-2.0.2.jar:/home/tang-12110502/.m2/repository/fr/opensagres/xdocreport/fr.opensagres.poi.xwpf.converter.core/2.0.2/fr.opensagres.poi.xwpf.converter.core-2.0.2.jar:/home/tang-12110502/.m2/repository/org/apache/poi/poi-ooxml/4.0.1/poi-ooxml-4.0.1.jar:/home/tang-12110502/.m2/repository/org/apache/poi/poi/4.0.1/poi-4.0.1.jar:/home/tang-12110502/.m2/repository/org/apache/commons/commons-math3/3.6.1/commons-math3-3.6.1.jar:/home/tang-12110502/.m2/repository/com/github/virtuald/curvesapi/1.05/curvesapi-1.05.jar:/home/tang-12110502/.m2/repository/org/apache/poi/ooxml-schemas/1.4/ooxml-schemas-1.4.jar:/home/tang-12110502/.m2/repository/org/apache/xmlbeans/xmlbeans/3.0.1/xmlbeans-3.0.1.jar:/home/tang-12110502/.m2/repository/com/twelvemonkeys/imageio/imageio-jpeg/3.6.2/imageio-jpeg-3.6.2.jar:/home/tang-12110502/.m2/repository/com/twelvemonkeys/imageio/imageio-core/3.6.2/imageio-core-3.6.2.jar:/home/tang-12110502/.m2/repository/com/twelvemonkeys/imageio/imageio-metadata/3.6.2/imageio-metadata-3.6.2.jar:/home/tang-12110502/.m2/repository/com/twelvemonkeys/imageio/imageio-tiff/3.6.2/imageio-tiff-3.6.2.jar:/home/tang-12110502/.m2/repository/com/github/jai-imageio/jai-imageio-jpeg2000/1.4.0/jai-imageio-jpeg2000-1.4.0.jar:/home/tang-12110502/.m2/repository/com/github/jai-imageio/jai-imageio-core/1.4.0/jai-imageio-core-1.4.0.jar:/home/tang-12110502/.m2/repository/com/levigo/jbig2/levigo-jbig2-imageio/2.0/levigo-jbig2-imageio-2.0.jar:/home/tang-12110502/.m2/repository/org/postgresql/postgresql/42.2.18/postgresql-42.2.18.jar:/home/tang-12110502/.m2/repository/javax/xml/bind/jaxb-api/2.3.0/jaxb-api-2.3.0.jar:/home/tang-12110502/.m2/repository/com/sun/xml/bind/jaxb-core/2.3.0/jaxb-core-2.3.0.jar:/home/tang-12110502/.m2/repository/com/sun/xml/bind/jaxb-impl/2.3.0/jaxb-impl-2.3.0.jar:/home/tang-12110502/Teedy/docs-web-common/target/classes:/home/tang-12110502/.m2/repository/org/slf4j/jul-to-slf4j/1.7.30/jul-to-slf4j-1.7.30.jar:/home/tang-12110502/.m2/repository/org/glassfish/jersey/containers/jersey-container-servlet/2.33/jersey-container-servlet-2.33.jar:/home/tang-12110502/.m2/repository/org/glassfish/jersey/containers/jersey-container-servlet-core/2.33/jersey-container-servlet-core-2.33.jar:/home/tang-12110502/.m2/repository/org/glassfish/hk2/external/jakarta.inject/2.6.1/jakarta.inject-2.6.1.jar:/home/tang-12110502/.m2/repository/org/glassfish/jersey/core/jersey-common/2.33/jersey-common-2.33.jar:/home/tang-12110502/.m2/repository/jakarta/annotation/jakarta.annotation-api/1.3.5/jakarta.annotation-api-1.3.5.jar:/home/tang-12110502/.m2/repository/org/glassfish/hk2/osgi-resource-locator/1.0.3/osgi-resource-locator-1.0.3.jar:/home/tang-12110502/.m2/repository/org/glassfish/jersey/core/jersey-server/2.33/jersey-server-2.33.jar:/home/tang-12110502/.m2/repository/org/glassfish/jersey/core/jersey-client/2.33/jersey-client-2.33.jar:/home/tang-12110502/.m2/repository/jakarta/validation/jakarta.validation-api/2.0.2/jakarta.validation-api-2.0.2.jar:/home/tang-12110502/.m2/repository/jakarta/ws/rs/jakarta.ws.rs-api/2.1.6/jakarta.ws.rs-api-2.1.6.jar:/home/tang-12110502/.m2/repository/org/glassfish/jersey/media/jersey-media-json-processing/2.33/jersey-media-json-processing-2.33.jar:/home/tang-12110502/.m2/repository/org/glassfish/jakarta.json/1.1.6/jakarta.json-1.1.6.jar:/home/tang-12110502/.m2/repository/org/glassfish/jsonp-jaxrs/1.1.6/jsonp-jaxrs-1.1.6.jar:/home/tang-12110502/.m2/repository/org/glassfish/jersey/media/jersey-media-multipart/2.33/jersey-media-multipart-2.33.jar:/home/tang-12110502/.m2/repository/org/jvnet/mimepull/mimepull/1.9.13/mimepull-1.9.13.jar:/home/tang-12110502/.m2/repository/org/glassfish/jersey/inject/jersey-hk2/2.33/jersey-hk2-2.33.jar:/home/tang-12110502/.m2/repository/org/glassfish/hk2/hk2-locator/2.6.1/hk2-locator-2.6.1.jar:/home/tang-12110502/.m2/repository/org/glassfish/hk2/external/aopalliance-repackaged/2.6.1/aopalliance-repackaged-2.6.1.jar:/home/tang-12110502/.m2/repository/org/glassfish/hk2/hk2-api/2.6.1/hk2-api-2.6.1.jar:/home/tang-12110502/.m2/repository/org/glassfish/hk2/hk2-utils/2.6.1/hk2-utils-2.6.1.jar:/home/tang-12110502/.m2/repository/org/javassist/javassist/3.25.0-GA/javassist-3.25.0-GA.jar:/home/tang-12110502/.m2/repository/commons-lang/commons-lang/2.6/commons-lang-2.6.jar:/home/tang-12110502/.m2/repository/commons-io/commons-io/2.6/commons-io-2.6.jar:/home/tang-12110502/.m2/repository/com/google/guava/guava/30.1-jre/guava-30.1-jre.jar:/home/tang-12110502/.m2/repository/com/google/guava/failureaccess/1.0.1/failureaccess-1.0.1.jar:/home/tang-12110502/.m2/repository/com/google/guava/listenablefuture/9999.0-empty-to-avoid-conflict-with-guava/listenablefuture-9999.0-empty-to-avoid-conflict-with-guava.jar:/home/tang-12110502/.m2/repository/com/google/code/findbugs/jsr305/3.0.2/jsr305-3.0.2.jar:/home/tang-12110502/.m2/repository/org/checkerframework/checker-qual/3.5.0/checker-qual-3.5.0.jar:/home/tang-12110502/.m2/repository/com/google/errorprone/error_prone_annotations/2.3.4/error_prone_annotations-2.3.4.jar:/home/tang-12110502/.m2/repository/com/google/j2objc/j2objc-annotations/1.3/j2objc-annotations-1.3.jar:/home/tang-12110502/.m2/repository/log4j/log4j/1.2.17/log4j-1.2.17.jar:/home/tang-12110502/.m2/repository/commons-dbcp/commons-dbcp/1.4/commons-dbcp-1.4.jar:/home/tang-12110502/.m2/repository/commons-pool/commons-pool/1.5.4/commons-pool-1.5.4.jar:/home/tang-12110502/.m2/repository/javax/servlet/javax.servlet-api/4.0.1/javax.servlet-api-4.0.1.jar:/home/tang-12110502/.m2/repository/joda-time/joda-time/2.10.9/joda-time-2.10.9.jar:/home/tang-12110502/.m2/repository/com/h2database/h2/1.4.199/h2-1.4.199.jar:/home/tang-12110502/.m2/repository/com/twelvemonkeys/servlet/servlet/3.6.2/servlet-3.6.2.jar:/home/tang-12110502/.m2/repository/com/twelvemonkeys/common/common-lang/3.6.2/common-lang-3.6.2.jar:/home/tang-12110502/.m2/repository/com/twelvemonkeys/common/common-io/3.6.2/common-io-3.6.2.jar:/home/tang-12110502/.m2/repository/com/twelvemonkeys/common/common-image/3.6.2/common-image-3.6.2.jar:/home/tang-12110502/Teedy/docs-web-common/target/test-classes:/home/tang-12110502/.m2/repository/junit/junit/4.13.1/junit-4.13.1.jar:/home/tang-12110502/.m2/repository/org/hamcrest/hamcrest-core/1.3/hamcrest-core-1.3.jar:/home/tang-12110502/.m2/repository/org/glassfish/jersey/test-framework/providers/jersey-test-framework-provider-inmemory/2.33/jersey-test-framework-provider-inmemory-2.33.jar:/home/tang-12110502/.m2/repository/org/glassfish/jersey/test-framework/providers/jersey-test-framework-provider-external/2.33/jersey-test-framework-provider-external-2.33.jar:/home/tang-12110502/.m2/repository/org/glassfish/jersey/test-framework/providers/jersey-test-framework-provider-jdk-http/2.33/jersey-test-framework-provider-jdk-http-2.33.jar:/home/tang-12110502/.m2/repository/org/glassfish/jersey/containers/jersey-container-jdk-http/2.33/jersey-container-jdk-http-2.33.jar:/home/tang-12110502/.m2/repository/org/glassfish/jersey/test-framework/providers/jersey-test-framework-provider-simple/2.33/jersey-test-framework-provider-simple-2.33.jar:/home/tang-12110502/.m2/repository/org/glassfish/jersey/containers/jersey-container-simple-http/2.33/jersey-container-simple-http-2.33.jar:/home/tang-12110502/.m2/repository/org/simpleframework/simple-http/6.0.1/simple-http-6.0.1.jar:/home/tang-12110502/.m2/repository/org/simpleframework/simple-transport/6.0.1/simple-transport-6.0.1.jar:/home/tang-12110502/.m2/repository/org/simpleframework/simple-common/6.0.1/simple-common-6.0.1.jar:/home/tang-12110502/.m2/repository/org/glassfish/jersey/test-framework/providers/jersey-test-framework-provider-jetty/2.33/jersey-test-framework-provider-jetty-2.33.jar:/home/tang-12110502/.m2/repository/org/glassfish/jersey/containers/jersey-container-jetty-http/2.33/jersey-container-jetty-http-2.33.jar:/home/tang-12110502/.m2/repository/org/eclipse/jetty/jetty-server/9.4.36.v20210114/jetty-server-9.4.36.v20210114.jar:/home/tang-12110502/.m2/repository/org/eclipse/jetty/jetty-http/9.4.36.v20210114/jetty-http-9.4.36.v20210114.jar:/home/tang-12110502/.m2/repository/org/eclipse/jetty/jetty-io/9.4.36.v20210114/jetty-io-9.4.36.v20210114.jar:/home/tang-12110502/.m2/repository/org/eclipse/jetty/jetty-util/9.4.28.v20200408/jetty-util-9.4.28.v20200408.jar:/home/tang-12110502/.m2/repository/org/eclipse/jetty/jetty-continuation/9.4.28.v20200408/jetty-continuation-9.4.28.v20200408.jar:/home/tang-12110502/.m2/repository/org/glassfish/jersey/test-framework/providers/jersey-test-framework-provider-netty/2.33/jersey-test-framework-provider-netty-2.33.jar:/home/tang-12110502/.m2/repository/org/glassfish/jersey/containers/jersey-container-netty-http/2.33/jersey-container-netty-http-2.33.jar:/home/tang-12110502/.m2/repository/org/glassfish/jersey/connectors/jersey-netty-connector/2.33/jersey-netty-connector-2.33.jar:/home/tang-12110502/.m2/repository/io/netty/netty-all/4.1.43.Final/netty-all-4.1.43.Final.jar:/home/tang-12110502/.m2/repository/org/glassfish/jersey/test-framework/providers/jersey-test-framework-provider-grizzly2/2.33/jersey-test-framework-provider-grizzly2-2.33.jar:/home/tang-12110502/.m2/repository/jakarta/servlet/jakarta.servlet-api/4.0.3/jakarta.servlet-api-4.0.3.jar:/home/tang-12110502/.m2/repository/org/glassfish/jersey/test-framework/jersey-test-framework-core/2.33/jersey-test-framework-core-2.33.jar:/home/tang-12110502/.m2/repository/jakarta/xml/bind/jakarta.xml.bind-api/2.3.3/jakarta.xml.bind-api-2.3.3.jar:/home/tang-12110502/.m2/repository/jakarta/activation/jakarta.activation-api/1.2.2/jakarta.activation-api-1.2.2.jar:/home/tang-12110502/.m2/repository/org/glassfish/jersey/media/jersey-media-jaxb/2.33/jersey-media-jaxb-2.33.jar:/home/tang-12110502/.m2/repository/org/glassfish/jersey/containers/jersey-container-grizzly2-http/2.33/jersey-container-grizzly2-http-2.33.jar:/home/tang-12110502/.m2/repository/org/glassfish/grizzly/grizzly-http-server/2.4.4/grizzly-http-server-2.4.4.jar:/home/tang-12110502/.m2/repository/org/glassfish/grizzly/grizzly-http/2.4.4/grizzly-http-2.4.4.jar:/home/tang-12110502/.m2/repository/org/glassfish/grizzly/grizzly-framework/2.4.4/grizzly-framework-2.4.4.jar:/home/tang-12110502/.m2/repository/org/glassfish/jersey/containers/jersey-container-grizzly2-servlet/2.33/jersey-container-grizzly2-servlet-2.33.jar:/home/tang-12110502/.m2/repository/org/glassfish/grizzly/grizzly-http-servlet/2.4.4/grizzly-http-servlet-2.4.4.jar:/home/tang-12110502/.m2/repository/org/subethamail/subethasmtp-wiser/1.2/subethasmtp-wiser-1.2.jar:/home/tang-12110502/.m2/repository/org/subethamail/subethasmtp-smtp/1.2/subethasmtp-smtp-1.2.jar:/home/tang-12110502/.m2/repository/commons-logging/commons-logging/1.1/commons-logging-1.1.jar:/home/tang-12110502/.m2/repository/logkit/logkit/1.0.1/logkit-1.0.1.jar:/home/tang-12110502/.m2/repository/avalon-framework/avalon-framework/4.1.3/avalon-framework-4.1.3.jar:/home/tang-12110502/.m2/repository/javax/servlet/servlet-api/2.3/servlet-api-2.3.jar:/home/tang-12110502/.m2/repository/com/icegreen/greenmail/1.5.8/greenmail-1.5.8.jar:"/>
    <property name="java.vm.vendor" value="Ubuntu"/>
    <property name="sun.arch.data.model" value="64"/>
    <property name="java.vendor.url" value="https://ubuntu.com/"/>
    <property name="user.timezone" value=""/>
    <property name="java.vm.specification.version" value="11"/>
    <property name="os.name" value="Linux"/>
    <property name="sun.java.launcher" value="SUN_STANDARD"/>
    <property name="user.country" value="HK"/>
    <property name="sun.boot.library.path" value="/usr/lib/jvm/java-11-openjdk-amd64/lib"/>
    <property name="sun.java.command" value="/home/tang-12110502/Teedy/docs-web/target/surefire/surefirebooter8966167424578095331.jar /home/tang-12110502/Teedy/docs-web/target/surefire 2024-04-10T15-11-36_630-jvmRun1 surefire9602219356724894571tmp surefire_164806845140476336803tmp"/>
    <property name="jdk.debug" value="release"/>
    <property name="surefire.test.class.path" value="/home/tang-12110502/Teedy/docs-web/target/test-classes:/home/tang-12110502/Teedy/docs-web/target/classes:/home/tang-12110502/Teedy/docs-core/target/classes:/home/tang-12110502/.m2/repository/org/hibernate/hibernate-core/5.4.27.Final/hibernate-core-5.4.27.Final.jar:/home/tang-12110502/.m2/repository/org/jboss/logging/jboss-logging/3.4.1.Final/jboss-logging-3.4.1.Final.jar:/home/tang-12110502/.m2/repository/javax/persistence/javax.persistence-api/2.2/javax.persistence-api-2.2.jar:/home/tang-12110502/.m2/repository/net/bytebuddy/byte-buddy/1.10.17/byte-buddy-1.10.17.jar:/home/tang-12110502/.m2/repository/antlr/antlr/2.7.7/antlr-2.7.7.jar:/home/tang-12110502/.m2/repository/org/jboss/spec/javax/transaction/jboss-transaction-api_1.2_spec/1.1.1.Final/jboss-transaction-api_1.2_spec-1.1.1.Final.jar:/home/tang-12110502/.m2/repository/org/jboss/jandex/2.1.3.Final/jandex-2.1.3.Final.jar:/home/tang-12110502/.m2/repository/com/fasterxml/classmate/1.5.1/classmate-1.5.1.jar:/home/tang-12110502/.m2/repository/javax/activation/javax.activation-api/1.2.0/javax.activation-api-1.2.0.jar:/home/tang-12110502/.m2/repository/org/dom4j/dom4j/2.1.3/dom4j-2.1.3.jar:/home/tang-12110502/.m2/repository/org/hibernate/common/hibernate-commons-annotations/5.1.2.Final/hibernate-commons-annotations-5.1.2.Final.jar:/home/tang-12110502/.m2/repository/org/glassfish/jaxb/jaxb-runtime/2.3.1/jaxb-runtime-2.3.1.jar:/home/tang-12110502/.m2/repository/org/glassfish/jaxb/txw2/2.3.1/txw2-2.3.1.jar:/home/tang-12110502/.m2/repository/com/sun/istack/istack-commons-runtime/3.0.7/istack-commons-runtime-3.0.7.jar:/home/tang-12110502/.m2/repository/org/jvnet/staxex/stax-ex/1.8/stax-ex-1.8.jar:/home/tang-12110502/.m2/repository/com/sun/xml/fastinfoset/FastInfoset/1.2.15/FastInfoset-1.2.15.jar:/home/tang-12110502/.m2/repository/org/hibernate/hibernate-entitymanager/5.4.27.Final/hibernate-entitymanager-5.4.27.Final.jar:/home/tang-12110502/.m2/repository/org/hibernate/hibernate-c3p0/5.4.27.Final/hibernate-c3p0-5.4.27.Final.jar:/home/tang-12110502/.m2/repository/com/mchange/c3p0/0.9.5.5/c3p0-0.9.5.5.jar:/home/tang-12110502/.m2/repository/com/mchange/mchange-commons-java/0.2.19/mchange-commons-java-0.2.19.jar:/home/tang-12110502/.m2/repository/org/apache/commons/commons-compress/1.18/commons-compress-1.18.jar:/home/tang-12110502/.m2/repository/org/apache/commons/commons-email/1.5/commons-email-1.5.jar:/home/tang-12110502/.m2/repository/org/freemarker/freemarker/2.3.30/freemarker-2.3.30.jar:/home/tang-12110502/.m2/repository/org/glassfish/javax.json/1.1.4/javax.json-1.1.4.jar:/home/tang-12110502/.m2/repository/org/jsoup/jsoup/1.13.1/jsoup-1.13.1.jar:/home/tang-12110502/.m2/repository/org/slf4j/slf4j-log4j12/1.7.30/slf4j-log4j12-1.7.30.jar:/home/tang-12110502/.m2/repository/org/slf4j/slf4j-api/1.7.30/slf4j-api-1.7.30.jar:/home/tang-12110502/.m2/repository/org/slf4j/jcl-over-slf4j/1.7.30/jcl-over-slf4j-1.7.30.jar:/home/tang-12110502/.m2/repository/at/favre/lib/bcrypt/0.9.0/bcrypt-0.9.0.jar:/home/tang-12110502/.m2/repository/at/favre/lib/bytes/1.3.0/bytes-1.3.0.jar:/home/tang-12110502/.m2/repository/org/apache/lucene/lucene-core/8.7.0/lucene-core-8.7.0.jar:/home/tang-12110502/.m2/repository/org/apache/lucene/lucene-analyzers-common/8.7.0/lucene-analyzers-common-8.7.0.jar:/home/tang-12110502/.m2/repository/org/apache/lucene/lucene-queryparser/8.7.0/lucene-queryparser-8.7.0.jar:/home/tang-12110502/.m2/repository/org/apache/lucene/lucene-queries/8.7.0/lucene-queries-8.7.0.jar:/home/tang-12110502/.m2/repository/org/apache/lucene/lucene-sandbox/8.7.0/lucene-sandbox-8.7.0.jar:/home/tang-12110502/.m2/repository/org/apache/lucene/lucene-suggest/8.7.0/lucene-suggest-8.7.0.jar:/home/tang-12110502/.m2/repository/org/apache/lucene/lucene-highlighter/8.7.0/lucene-highlighter-8.7.0.jar:/home/tang-12110502/.m2/repository/org/apache/lucene/lucene-memory/8.7.0/lucene-memory-8.7.0.jar:/home/tang-12110502/.m2/repository/com/sun/mail/javax.mail/1.6.2/javax.mail-1.6.2.jar:/home/tang-12110502/.m2/repository/javax/activation/activation/1.1/activation-1.1.jar:/home/tang-12110502/.m2/repository/com/squareup/okhttp3/okhttp/4.9.0/okhttp-4.9.0.jar:/home/tang-12110502/.m2/repository/com/squareup/okio/okio/2.8.0/okio-2.8.0.jar:/home/tang-12110502/.m2/repository/org/jetbrains/kotlin/kotlin-stdlib-common/1.4.0/kotlin-stdlib-common-1.4.0.jar:/home/tang-12110502/.m2/repository/org/jetbrains/kotlin/kotlin-stdlib/1.4.10/kotlin-stdlib-1.4.10.jar:/home/tang-12110502/.m2/repository/org/jetbrains/annotations/13.0/annotations-13.0.jar:/home/tang-12110502/.m2/repository/org/apache/directory/api/api-all/2.0.1/api-all-2.0.1.jar:/home/tang-12110502/.m2/repository/org/apache/servicemix/bundles/org.apache.servicemix.bundles.xpp3/1.1.4c_7/org.apache.servicemix.bundles.xpp3-1.1.4c_7.jar:/home/tang-12110502/.m2/repository/org/apache/servicemix/bundles/org.apache.servicemix.bundles.dom4j/2.1.1_1/org.apache.servicemix.bundles.dom4j-2.1.1_1.jar:/home/tang-12110502/.m2/repository/org/apache/commons/commons-pool2/2.8.0/commons-pool2-2.8.0.jar:/home/tang-12110502/.m2/repository/org/apache/mina/mina-core/2.1.3/mina-core-2.1.3.jar:/home/tang-12110502/.m2/repository/org/apache/commons/commons-lang3/3.9/commons-lang3-3.9.jar:/home/tang-12110502/.m2/repository/org/apache/commons/commons-collections4/4.4/commons-collections4-4.4.jar:/home/tang-12110502/.m2/repository/org/apache/servicemix/bundles/org.apache.servicemix.bundles.antlr/2.7.7_5/org.apache.servicemix.bundles.antlr-2.7.7_5.jar:/home/tang-12110502/.m2/repository/commons-codec/commons-codec/1.14/commons-codec-1.14.jar:/home/tang-12110502/.m2/repository/org/apache/lucene/lucene-backward-codecs/8.7.0/lucene-backward-codecs-8.7.0.jar:/home/tang-12110502/.m2/repository/org/imgscalr/imgscalr-lib/4.2/imgscalr-lib-4.2.jar:/home/tang-12110502/.m2/repository/org/apache/pdfbox/pdfbox/2.0.22/pdfbox-2.0.22.jar:/home/tang-12110502/.m2/repository/org/apache/pdfbox/fontbox/2.0.22/fontbox-2.0.22.jar:/home/tang-12110502/.m2/repository/org/bouncycastle/bcprov-jdk15on/1.68/bcprov-jdk15on-1.68.jar:/home/tang-12110502/.m2/repository/fr/opensagres/xdocreport/fr.opensagres.odfdom.converter.pdf/2.0.2/fr.opensagres.odfdom.converter.pdf-2.0.2.jar:/home/tang-12110502/.m2/repository/fr/opensagres/xdocreport/fr.opensagres.odfdom.converter.core/2.0.2/fr.opensagres.odfdom.converter.core-2.0.2.jar:/home/tang-12110502/.m2/repository/org/odftoolkit/odfdom-java/0.8.7/odfdom-java-0.8.7.jar:/home/tang-12110502/.m2/repository/xerces/xercesImpl/2.9.1/xercesImpl-2.9.1.jar:/home/tang-12110502/.m2/repository/xml-apis/xml-apis/1.3.04/xml-apis-1.3.04.jar:/home/tang-12110502/.m2/repository/fr/opensagres/xdocreport/fr.opensagres.xdocreport.itext.extension/2.0.2/fr.opensagres.xdocreport.itext.extension-2.0.2.jar:/home/tang-12110502/.m2/repository/com/lowagie/itext/2.1.7/itext-2.1.7.jar:/home/tang-12110502/.m2/repository/fr/opensagres/xdocreport/fr.opensagres.poi.xwpf.converter.pdf/2.0.2/fr.opensagres.poi.xwpf.converter.pdf-2.0.2.jar:/home/tang-12110502/.m2/repository/fr/opensagres/xdocreport/fr.opensagres.poi.xwpf.converter.core/2.0.2/fr.opensagres.poi.xwpf.converter.core-2.0.2.jar:/home/tang-12110502/.m2/repository/org/apache/poi/poi-ooxml/4.0.1/poi-ooxml-4.0.1.jar:/home/tang-12110502/.m2/repository/org/apache/poi/poi/4.0.1/poi-4.0.1.jar:/home/tang-12110502/.m2/repository/org/apache/commons/commons-math3/3.6.1/commons-math3-3.6.1.jar:/home/tang-12110502/.m2/repository/com/github/virtuald/curvesapi/1.05/curvesapi-1.05.jar:/home/tang-12110502/.m2/repository/org/apache/poi/ooxml-schemas/1.4/ooxml-schemas-1.4.jar:/home/tang-12110502/.m2/repository/org/apache/xmlbeans/xmlbeans/3.0.1/xmlbeans-3.0.1.jar:/home/tang-12110502/.m2/repository/com/twelvemonkeys/imageio/imageio-jpeg/3.6.2/imageio-jpeg-3.6.2.jar:/home/tang-12110502/.m2/repository/com/twelvemonkeys/imageio/imageio-core/3.6.2/imageio-core-3.6.2.jar:/home/tang-12110502/.m2/repository/com/twelvemonkeys/imageio/imageio-metadata/3.6.2/imageio-metadata-3.6.2.jar:/home/tang-12110502/.m2/repository/com/twelvemonkeys/imageio/imageio-tiff/3.6.2/imageio-tiff-3.6.2.jar:/home/tang-12110502/.m2/repository/com/github/jai-imageio/jai-imageio-jpeg2000/1.4.0/jai-imageio-jpeg2000-1.4.0.jar:/home/tang-12110502/.m2/repository/com/github/jai-imageio/jai-imageio-core/1.4.0/jai-imageio-core-1.4.0.jar:/home/tang-12110502/.m2/repository/com/levigo/jbig2/levigo-jbig2-imageio/2.0/levigo-jbig2-imageio-2.0.jar:/home/tang-12110502/.m2/repository/org/postgresql/postgresql/42.2.18/postgresql-42.2.18.jar:/home/tang-12110502/.m2/repository/javax/xml/bind/jaxb-api/2.3.0/jaxb-api-2.3.0.jar:/home/tang-12110502/.m2/repository/com/sun/xml/bind/jaxb-core/2.3.0/jaxb-core-2.3.0.jar:/home/tang-12110502/.m2/repository/com/sun/xml/bind/jaxb-impl/2.3.0/jaxb-impl-2.3.0.jar:/home/tang-12110502/Teedy/docs-web-common/target/classes:/home/tang-12110502/.m2/repository/org/slf4j/jul-to-slf4j/1.7.30/jul-to-slf4j-1.7.30.jar:/home/tang-12110502/.m2/repository/org/glassfish/jersey/containers/jersey-container-servlet/2.33/jersey-container-servlet-2.33.jar:/home/tang-12110502/.m2/repository/org/glassfish/jersey/containers/jersey-container-servlet-core/2.33/jersey-container-servlet-core-2.33.jar:/home/tang-12110502/.m2/repository/org/glassfish/hk2/external/jakarta.inject/2.6.1/jakarta.inject-2.6.1.jar:/home/tang-12110502/.m2/repository/org/glassfish/jersey/core/jersey-common/2.33/jersey-common-2.33.jar:/home/tang-12110502/.m2/repository/jakarta/annotation/jakarta.annotation-api/1.3.5/jakarta.annotation-api-1.3.5.jar:/home/tang-12110502/.m2/repository/org/glassfish/hk2/osgi-resource-locator/1.0.3/osgi-resource-locator-1.0.3.jar:/home/tang-12110502/.m2/repository/org/glassfish/jersey/core/jersey-server/2.33/jersey-server-2.33.jar:/home/tang-12110502/.m2/repository/org/glassfish/jersey/core/jersey-client/2.33/jersey-client-2.33.jar:/home/tang-12110502/.m2/repository/jakarta/validation/jakarta.validation-api/2.0.2/jakarta.validation-api-2.0.2.jar:/home/tang-12110502/.m2/repository/jakarta/ws/rs/jakarta.ws.rs-api/2.1.6/jakarta.ws.rs-api-2.1.6.jar:/home/tang-12110502/.m2/repository/org/glassfish/jersey/media/jersey-media-json-processing/2.33/jersey-media-json-processing-2.33.jar:/home/tang-12110502/.m2/repository/org/glassfish/jakarta.json/1.1.6/jakarta.json-1.1.6.jar:/home/tang-12110502/.m2/repository/org/glassfish/jsonp-jaxrs/1.1.6/jsonp-jaxrs-1.1.6.jar:/home/tang-12110502/.m2/repository/org/glassfish/jersey/media/jersey-media-multipart/2.33/jersey-media-multipart-2.33.jar:/home/tang-12110502/.m2/repository/org/jvnet/mimepull/mimepull/1.9.13/mimepull-1.9.13.jar:/home/tang-12110502/.m2/repository/org/glassfish/jersey/inject/jersey-hk2/2.33/jersey-hk2-2.33.jar:/home/tang-12110502/.m2/repository/org/glassfish/hk2/hk2-locator/2.6.1/hk2-locator-2.6.1.jar:/home/tang-12110502/.m2/repository/org/glassfish/hk2/external/aopalliance-repackaged/2.6.1/aopalliance-repackaged-2.6.1.jar:/home/tang-12110502/.m2/repository/org/glassfish/hk2/hk2-api/2.6.1/hk2-api-2.6.1.jar:/home/tang-12110502/.m2/repository/org/glassfish/hk2/hk2-utils/2.6.1/hk2-utils-2.6.1.jar:/home/tang-12110502/.m2/repository/org/javassist/javassist/3.25.0-GA/javassist-3.25.0-GA.jar:/home/tang-12110502/.m2/repository/commons-lang/commons-lang/2.6/commons-lang-2.6.jar:/home/tang-12110502/.m2/repository/commons-io/commons-io/2.6/commons-io-2.6.jar:/home/tang-12110502/.m2/repository/com/google/guava/guava/30.1-jre/guava-30.1-jre.jar:/home/tang-12110502/.m2/repository/com/google/guava/failureaccess/1.0.1/failureaccess-1.0.1.jar:/home/tang-12110502/.m2/repository/com/google/guava/listenablefuture/9999.0-empty-to-avoid-conflict-with-guava/listenablefuture-9999.0-empty-to-avoid-conflict-with-guava.jar:/home/tang-12110502/.m2/repository/com/google/code/findbugs/jsr305/3.0.2/jsr305-3.0.2.jar:/home/tang-12110502/.m2/repository/org/checkerframework/checker-qual/3.5.0/checker-qual-3.5.0.jar:/home/tang-12110502/.m2/repository/com/google/errorprone/error_prone_annotations/2.3.4/error_prone_annotations-2.3.4.jar:/home/tang-12110502/.m2/repository/com/google/j2objc/j2objc-annotations/1.3/j2objc-annotations-1.3.jar:/home/tang-12110502/.m2/repository/log4j/log4j/1.2.17/log4j-1.2.17.jar:/home/tang-12110502/.m2/repository/commons-dbcp/commons-dbcp/1.4/commons-dbcp-1.4.jar:/home/tang-12110502/.m2/repository/commons-pool/commons-pool/1.5.4/commons-pool-1.5.4.jar:/home/tang-12110502/.m2/repository/javax/servlet/javax.servlet-api/4.0.1/javax.servlet-api-4.0.1.jar:/home/tang-12110502/.m2/repository/joda-time/joda-time/2.10.9/joda-time-2.10.9.jar:/home/tang-12110502/.m2/repository/com/h2database/h2/1.4.199/h2-1.4.199.jar:/home/tang-12110502/.m2/repository/com/twelvemonkeys/servlet/servlet/3.6.2/servlet-3.6.2.jar:/home/tang-12110502/.m2/repository/com/twelvemonkeys/common/common-lang/3.6.2/common-lang-3.6.2.jar:/home/tang-12110502/.m2/repository/com/twelvemonkeys/common/common-io/3.6.2/common-io-3.6.2.jar:/home/tang-12110502/.m2/repository/com/twelvemonkeys/common/common-image/3.6.2/common-image-3.6.2.jar:/home/tang-12110502/Teedy/docs-web-common/target/test-classes:/home/tang-12110502/.m2/repository/junit/junit/4.13.1/junit-4.13.1.jar:/home/tang-12110502/.m2/repository/org/hamcrest/hamcrest-core/1.3/hamcrest-core-1.3.jar:/home/tang-12110502/.m2/repository/org/glassfish/jersey/test-framework/providers/jersey-test-framework-provider-inmemory/2.33/jersey-test-framework-provider-inmemory-2.33.jar:/home/tang-12110502/.m2/repository/org/glassfish/jersey/test-framework/providers/jersey-test-framework-provider-external/2.33/jersey-test-framework-provider-external-2.33.jar:/home/tang-12110502/.m2/repository/org/glassfish/jersey/test-framework/providers/jersey-test-framework-provider-jdk-http/2.33/jersey-test-framework-provider-jdk-http-2.33.jar:/home/tang-12110502/.m2/repository/org/glassfish/jersey/containers/jersey-container-jdk-http/2.33/jersey-container-jdk-http-2.33.jar:/home/tang-12110502/.m2/repository/org/glassfish/jersey/test-framework/providers/jersey-test-framework-provider-simple/2.33/jersey-test-framework-provider-simple-2.33.jar:/home/tang-12110502/.m2/repository/org/glassfish/jersey/containers/jersey-container-simple-http/2.33/jersey-container-simple-http-2.33.jar:/home/tang-12110502/.m2/repository/org/simpleframework/simple-http/6.0.1/simple-http-6.0.1.jar:/home/tang-12110502/.m2/repository/org/simpleframework/simple-transport/6.0.1/simple-transport-6.0.1.jar:/home/tang-12110502/.m2/repository/org/simpleframework/simple-common/6.0.1/simple-common-6.0.1.jar:/home/tang-12110502/.m2/repository/org/glassfish/jersey/test-framework/providers/jersey-test-framework-provider-jetty/2.33/jersey-test-framework-provider-jetty-2.33.jar:/home/tang-12110502/.m2/repository/org/glassfish/jersey/containers/jersey-container-jetty-http/2.33/jersey-container-jetty-http-2.33.jar:/home/tang-12110502/.m2/repository/org/eclipse/jetty/jetty-server/9.4.36.v20210114/jetty-server-9.4.36.v20210114.jar:/home/tang-12110502/.m2/repository/org/eclipse/jetty/jetty-http/9.4.36.v20210114/jetty-http-9.4.36.v20210114.jar:/home/tang-12110502/.m2/repository/org/eclipse/jetty/jetty-io/9.4.36.v20210114/jetty-io-9.4.36.v20210114.jar:/home/tang-12110502/.m2/repository/org/eclipse/jetty/jetty-util/9.4.28.v20200408/jetty-util-9.4.28.v20200408.jar:/home/tang-12110502/.m2/repository/org/eclipse/jetty/jetty-continuation/9.4.28.v20200408/jetty-continuation-9.4.28.v20200408.jar:/home/tang-12110502/.m2/repository/org/glassfish/jersey/test-framework/providers/jersey-test-framework-provider-netty/2.33/jersey-test-framework-provider-netty-2.33.jar:/home/tang-12110502/.m2/repository/org/glassfish/jersey/containers/jersey-container-netty-http/2.33/jersey-container-netty-http-2.33.jar:/home/tang-12110502/.m2/repository/org/glassfish/jersey/connectors/jersey-netty-connector/2.33/jersey-netty-connector-2.33.jar:/home/tang-12110502/.m2/repository/io/netty/netty-all/4.1.43.Final/netty-all-4.1.43.Final.jar:/home/tang-12110502/.m2/repository/org/glassfish/jersey/test-framework/providers/jersey-test-framework-provider-grizzly2/2.33/jersey-test-framework-provider-grizzly2-2.33.jar:/home/tang-12110502/.m2/repository/jakarta/servlet/jakarta.servlet-api/4.0.3/jakarta.servlet-api-4.0.3.jar:/home/tang-12110502/.m2/repository/org/glassfish/jersey/test-framework/jersey-test-framework-core/2.33/jersey-test-framework-core-2.33.jar:/home/tang-12110502/.m2/repository/jakarta/xml/bind/jakarta.xml.bind-api/2.3.3/jakarta.xml.bind-api-2.3.3.jar:/home/tang-12110502/.m2/repository/jakarta/activation/jakarta.activation-api/1.2.2/jakarta.activation-api-1.2.2.jar:/home/tang-12110502/.m2/repository/org/glassfish/jersey/media/jersey-media-jaxb/2.33/jersey-media-jaxb-2.33.jar:/home/tang-12110502/.m2/repository/org/glassfish/jersey/containers/jersey-container-grizzly2-http/2.33/jersey-container-grizzly2-http-2.33.jar:/home/tang-12110502/.m2/repository/org/glassfish/grizzly/grizzly-http-server/2.4.4/grizzly-http-server-2.4.4.jar:/home/tang-12110502/.m2/repository/org/glassfish/grizzly/grizzly-http/2.4.4/grizzly-http-2.4.4.jar:/home/tang-12110502/.m2/repository/org/glassfish/grizzly/grizzly-framework/2.4.4/grizzly-framework-2.4.4.jar:/home/tang-12110502/.m2/repository/org/glassfish/jersey/containers/jersey-container-grizzly2-servlet/2.33/jersey-container-grizzly2-servlet-2.33.jar:/home/tang-12110502/.m2/repository/org/glassfish/grizzly/grizzly-http-servlet/2.4.4/grizzly-http-servlet-2.4.4.jar:/home/tang-12110502/.m2/repository/org/subethamail/subethasmtp-wiser/1.2/subethasmtp-wiser-1.2.jar:/home/tang-12110502/.m2/repository/org/subethamail/subethasmtp-smtp/1.2/subethasmtp-smtp-1.2.jar:/home/tang-12110502/.m2/repository/commons-logging/commons-logging/1.1/commons-logging-1.1.jar:/home/tang-12110502/.m2/repository/logkit/logkit/1.0.1/logkit-1.0.1.jar:/home/tang-12110502/.m2/repository/avalon-framework/avalon-framework/4.1.3/avalon-framework-4.1.3.jar:/home/tang-12110502/.m2/repository/javax/servlet/servlet-api/2.3/servlet-api-2.3.jar:/home/tang-12110502/.m2/repository/com/icegreen/greenmail/1.5.8/greenmail-1.5.8.jar:"/>
    <property name="sun.cpu.endian" value="little"/>
    <property name="user.home" value="/home/tang-12110502"/>
    <property name="user.language" value="en"/>
    <property name="java.specification.vendor" value="Oracle Corporation"/>
    <property name="java.version.date" value="2024-01-16"/>
    <property name="java.home" value="/usr/lib/jvm/java-11-openjdk-amd64"/>
    <property name="file.separator" value="/"/>
    <property name="basedir" value="/home/tang-12110502/Teedy/docs-web"/>
    <property name="java.vm.compressedOopsMode" value="Zero based"/>
    <property name="line.separator" value="&#10;"/>
    <property name="java.specification.name" value="Java Platform API Specification"/>
    <property name="java.vm.specification.vendor" value="Oracle Corporation"/>
    <property name="java.awt.graphicsenv" value="sun.awt.X11GraphicsEnvironment"/>
    <property name="surefire.real.class.path" value="/home/tang-12110502/Teedy/docs-web/target/surefire/surefirebooter8966167424578095331.jar"/>
    <property name="sun.management.compiler" value="HotSpot 64-Bit Tiered Compilers"/>
    <property name="java.runtime.version" value="11.0.22+7-post-Ubuntu-0ubuntu222.04.1"/>
    <property name="user.name" value="tang-12110502"/>
    <property name="path.separator" value=":"/>
    <property name="os.version" value="6.5.0-25-generic"/>
    <property name="java.runtime.name" value="OpenJDK Runtime Environment"/>
    <property name="file.encoding" value="UTF-8"/>
    <property name="java.vm.name" value="OpenJDK 64-Bit Server VM"/>
    <property name="localRepository" value="/home/tang-12110502/.m2/repository"/>
    <property name="java.vendor.url.bug" value="https://bugs.launchpad.net/ubuntu/+source/openjdk-lts"/>
    <property name="java.io.tmpdir" value="/tmp"/>
    <property name="java.version" value="11.0.22"/>
    <property name="user.dir" value="/home/tang-12110502/Teedy/docs-web"/>
    <property name="os.arch" value="amd64"/>
    <property name="java.vm.specification.name" value="Java Virtual Machine Specification"/>
    <property name="java.awt.printerjob" value="sun.print.PSPrinterJob"/>
    <property name="sun.os.patch.level" value="unknown"/>
    <property name="java.library.path" value="/usr/java/packages/lib:/usr/lib/x86_64-linux-gnu/jni:/lib/x86_64-linux-gnu:/usr/lib/x86_64-linux-gnu:/usr/lib/jni:/lib:/usr/lib"/>
    <property name="java.vm.info" value="mixed mode, sharing"/>
    <property name="java.vendor" value="Ubuntu"/>
    <property name="java.vm.version" value="11.0.22+7-post-Ubuntu-0ubuntu222.04.1"/>
    <property name="java.specification.maintenance.version" value="2"/>
    <property name="sun.io.unicode.encoding" value="UnicodeLittle"/>
    <property name="java.class.version" value="55.0"/>
  </properties>
  <testcase name="testLdapAuthentication" classname="com.sismics.docs.rest.TestAppResource" time="10.077">
    <system-out><![CDATA[10 Apr 2024 15:15:22,217 INFO com.sismics.util.filter.RequestContextFilter.init(RequestContextFilter.java:43) Using base data directory: /tmp 
10 Apr 2024 15:15:28,443 INFO com.sismics.util.ClasspathScanner.findClasses(ClasspathScanner.java:48) Found 1 classes for IndexingHandler 
10 Apr 2024 15:15:28,535 INFO com.sismics.docs.core.util.indexing.LuceneIndexingHandler.initLucene(LuceneIndexingHandler.java:115) Using RAM Lucene storage 
10 Apr 2024 15:15:28,961 INFO com.sismics.docs.core.service.FileService.startUp(FileService.java:39) File service starting up 
10 Apr 2024 15:15:28,974 INFO com.sismics.docs.core.service.InboxService.startUp(InboxService.java:55) Inbox service starting up 
10 Apr 2024 15:15:29,452 INFO org.subethamail.smtp.server.SMTPServer.run(SMTPServer.java:333) SMTP Server socket shut down. 
10 Apr 2024 15:15:29,475 INFO com.sismics.docs.core.service.InboxService.shutDown(InboxService.java:60) Inbox service shutting down 
10 Apr 2024 15:15:29,475 INFO com.sismics.docs.core.service.FileService.shutDown(FileService.java:44) File service shutting down 
]]></system-out>
    <system-err><![CDATA[Apr 10, 2024 3:15:19 PM org.glassfish.jersey.test.external.ExternalTestContainerFactory$ExternalTestContainer <init>
INFO: Creating ExternalTestContainer configured at the base URI http://localhost:9998/docs
Apr 10, 2024 3:15:20 PM org.glassfish.grizzly.servlet.WebappContext deploy
INFO: Starting application [GrizzlyContext] ...
Apr 10, 2024 3:15:20 PM org.glassfish.grizzly.servlet.WebappContext initServlets
INFO: Loading Servlet: org.glassfish.jersey.servlet.ServletContainer
Apr 10, 2024 3:15:22 PM org.glassfish.grizzly.servlet.WebappContext initServlets
INFO: [GrizzlyContext] Servlet [org.glassfish.jersey.servlet.ServletContainer] registered for url pattern(s) [[/*]].
]]></system-err>
  </testcase>
  <testcase name="testInbox" classname="com.sismics.docs.rest.TestAppResource" time="4.684">
    <system-out><![CDATA[10 Apr 2024 15:15:29,520 INFO org.glassfish.jersey.test.external.ExternalTestContainerFactory$ExternalTestContainer.<init>(ExternalTestContainerFactory.java:91) Creating ExternalTestContainer configured at the base URI http://localhost:9998/docs 
10 Apr 2024 15:15:29,797 INFO com.sismics.util.filter.RequestContextFilter.init(RequestContextFilter.java:43) Using base data directory: /tmp 
10 Apr 2024 15:15:30,084 INFO com.sismics.util.ClasspathScanner.findClasses(ClasspathScanner.java:48) Found 1 classes for IndexingHandler 
10 Apr 2024 15:15:30,086 INFO com.sismics.docs.core.util.indexing.LuceneIndexingHandler.initLucene(LuceneIndexingHandler.java:115) Using RAM Lucene storage 
10 Apr 2024 15:15:30,088 INFO com.sismics.docs.core.service.FileService.startUp(FileService.java:39) File service starting up 
10 Apr 2024 15:15:30,091 INFO com.sismics.docs.core.service.InboxService.startUp(InboxService.java:55) Inbox service starting up 
10 Apr 2024 15:15:31,038 INFO com.sismics.util.ClasspathScanner.findClasses(ClasspathScanner.java:48) Found 2 classes for AuthenticationHandler 
10 Apr 2024 15:15:32,647 INFO com.sismics.docs.core.service.InboxService.lambda$0(InboxService.java:82) Synchronizing IMAP inbox... 
10 Apr 2024 15:15:32,843 INFO com.sismics.docs.core.service.InboxService.lambda$0(InboxService.java:92) 1 messages found 
10 Apr 2024 15:15:32,892 INFO com.sismics.docs.core.service.InboxService.importMessage(InboxService.java:196) Importing message: Test email 1 
10 Apr 2024 15:15:33,086 INFO com.sismics.docs.core.listener.async.DocumentCreatedAsyncListener.on(DocumentCreatedAsyncListener.java:35) Document created event: DocumentCreatedAsyncEvent{documentId=06640806-c219-455d-82a2-95feb5c81ffe} 
10 Apr 2024 15:15:33,746 INFO com.sismics.docs.core.service.InboxService.lambda$0(InboxService.java:82) Synchronizing IMAP inbox... 
10 Apr 2024 15:15:33,939 INFO com.sismics.docs.core.service.InboxService.lambda$0(InboxService.java:92) 0 messages found 
10 Apr 2024 15:15:34,150 INFO org.subethamail.smtp.server.SMTPServer.run(SMTPServer.java:333) SMTP Server socket shut down. 
10 Apr 2024 15:15:34,196 INFO com.sismics.docs.core.service.InboxService.shutDown(InboxService.java:60) Inbox service shutting down 
10 Apr 2024 15:15:34,198 INFO com.sismics.docs.core.service.FileService.shutDown(FileService.java:44) File service shutting down 
]]></system-out>
  </testcase>
  <testcase name="testSmtpConfiguration" classname="com.sismics.docs.rest.TestAppResource" time="0.979">
    <system-out><![CDATA[10 Apr 2024 15:15:34,219 INFO org.glassfish.jersey.test.external.ExternalTestContainerFactory$ExternalTestContainer.<init>(ExternalTestContainerFactory.java:91) Creating ExternalTestContainer configured at the base URI http://localhost:9998/docs 
10 Apr 2024 15:15:34,427 INFO com.sismics.util.filter.RequestContextFilter.init(RequestContextFilter.java:43) Using base data directory: /tmp 
10 Apr 2024 15:15:34,611 INFO com.sismics.util.ClasspathScanner.findClasses(ClasspathScanner.java:48) Found 1 classes for IndexingHandler 
10 Apr 2024 15:15:34,614 INFO com.sismics.docs.core.util.indexing.LuceneIndexingHandler.initLucene(LuceneIndexingHandler.java:115) Using RAM Lucene storage 
10 Apr 2024 15:15:34,618 INFO com.sismics.docs.core.service.FileService.startUp(FileService.java:39) File service starting up 
10 Apr 2024 15:15:34,622 INFO com.sismics.docs.core.service.InboxService.startUp(InboxService.java:55) Inbox service starting up 
10 Apr 2024 15:15:34,626 INFO com.sismics.docs.core.service.InboxService.lambda$0(InboxService.java:82) Synchronizing IMAP inbox... 
10 Apr 2024 15:15:34,641 ERROR com.sismics.docs.core.service.InboxService.lambda$0(InboxService.java:100) Error syncing the inbox 
com.sun.mail.util.MailConnectException: Couldn't connect to host, port: localhost, 9755; timeout 30000;
  nested exception is:
	java.net.ConnectException: Connection refused (Connection refused)
	at com.sun.mail.imap.IMAPStore.protocolConnect(IMAPStore.java:740)
	at javax.mail.Service.connect(Service.java:366)
	at javax.mail.Service.connect(Service.java:246)
	at javax.mail.Service.connect(Service.java:267)
	at com.sismics.docs.core.service.InboxService.openInbox(InboxService.java:181)
	at com.sismics.docs.core.service.InboxService.lambda$0(InboxService.java:90)
	at com.sismics.docs.core.util.TransactionUtil.handle(TransactionUtil.java:47)
	at com.sismics.docs.core.service.InboxService.syncInbox(InboxService.java:76)
	at com.sismics.docs.core.service.InboxService.runOneIteration(InboxService.java:66)
	at com.google.common.util.concurrent.AbstractScheduledService$ServiceDelegate$Task.run(AbstractScheduledService.java:221)
	at com.google.common.util.concurrent.Callables$4.run(Callables.java:119)
	at java.base/java.util.concurrent.Executors$RunnableAdapter.call(Executors.java:515)
	at java.base/java.util.concurrent.FutureTask.runAndReset(FutureTask.java:305)
	at java.base/java.util.concurrent.ScheduledThreadPoolExecutor$ScheduledFutureTask.run(ScheduledThreadPoolExecutor.java:305)
	at java.base/java.util.concurrent.ThreadPoolExecutor.runWorker(ThreadPoolExecutor.java:1128)
	at java.base/java.util.concurrent.ThreadPoolExecutor$Worker.run(ThreadPoolExecutor.java:628)
	at java.base/java.lang.Thread.run(Thread.java:829)
Caused by: java.net.ConnectException: Connection refused (Connection refused)
	at java.base/java.net.PlainSocketImpl.socketConnect(Native Method)
	at java.base/java.net.AbstractPlainSocketImpl.doConnect(AbstractPlainSocketImpl.java:412)
	at java.base/java.net.AbstractPlainSocketImpl.connectToAddress(AbstractPlainSocketImpl.java:255)
	at java.base/java.net.AbstractPlainSocketImpl.connect(AbstractPlainSocketImpl.java:237)
	at java.base/java.net.SocksSocketImpl.connect(SocksSocketImpl.java:392)
	at java.base/java.net.Socket.connect(Socket.java:609)
	at com.sun.mail.util.WriteTimeoutSocket.connect(WriteTimeoutSocket.java:115)
	at com.sun.mail.util.SocketFetcher.createSocket(SocketFetcher.java:357)
	at com.sun.mail.util.SocketFetcher.getSocket(SocketFetcher.java:238)
	at com.sun.mail.iap.Protocol.<init>(Protocol.java:134)
	at com.sun.mail.imap.protocol.IMAPProtocol.<init>(IMAPProtocol.java:131)
	at com.sun.mail.imap.IMAPStore.newIMAPProtocol(IMAPStore.java:763)
	at com.sun.mail.imap.IMAPStore.protocolConnect(IMAPStore.java:698)
	... 16 more
10 Apr 2024 15:15:35,158 INFO org.subethamail.smtp.server.SMTPServer.run(SMTPServer.java:333) SMTP Server socket shut down. 
10 Apr 2024 15:15:35,178 INFO com.sismics.docs.core.service.InboxService.shutDown(InboxService.java:60) Inbox service shutting down 
10 Apr 2024 15:15:35,180 INFO com.sismics.docs.core.service.FileService.shutDown(FileService.java:44) File service shutting down 
]]></system-out>
  </testcase>
  <testcase name="testAppResource" classname="com.sismics.docs.rest.TestAppResource" time="1.147">
    <system-out><![CDATA[10 Apr 2024 15:15:35,184 INFO org.glassfish.jersey.test.external.ExternalTestContainerFactory$ExternalTestContainer.<init>(ExternalTestContainerFactory.java:91) Creating ExternalTestContainer configured at the base URI http://localhost:9998/docs 
10 Apr 2024 15:15:35,353 INFO com.sismics.util.filter.RequestContextFilter.init(RequestContextFilter.java:43) Using base data directory: /tmp 
10 Apr 2024 15:15:35,508 INFO com.sismics.util.ClasspathScanner.findClasses(ClasspathScanner.java:48) Found 1 classes for IndexingHandler 
10 Apr 2024 15:15:35,510 INFO com.sismics.docs.core.util.indexing.LuceneIndexingHandler.initLucene(LuceneIndexingHandler.java:115) Using RAM Lucene storage 
10 Apr 2024 15:15:35,512 INFO com.sismics.docs.core.service.FileService.startUp(FileService.java:39) File service starting up 
10 Apr 2024 15:15:35,515 INFO com.sismics.docs.core.service.InboxService.startUp(InboxService.java:55) Inbox service starting up 
10 Apr 2024 15:15:35,518 INFO com.sismics.docs.core.service.InboxService.lambda$0(InboxService.java:82) Synchronizing IMAP inbox... 
10 Apr 2024 15:15:35,530 ERROR com.sismics.docs.core.service.InboxService.lambda$0(InboxService.java:100) Error syncing the inbox 
com.sun.mail.util.MailConnectException: Couldn't connect to host, port: localhost, 9755; timeout 30000;
  nested exception is:
	java.net.ConnectException: Connection refused (Connection refused)
	at com.sun.mail.imap.IMAPStore.protocolConnect(IMAPStore.java:740)
	at javax.mail.Service.connect(Service.java:366)
	at javax.mail.Service.connect(Service.java:246)
	at javax.mail.Service.connect(Service.java:267)
	at com.sismics.docs.core.service.InboxService.openInbox(InboxService.java:181)
	at com.sismics.docs.core.service.InboxService.lambda$0(InboxService.java:90)
	at com.sismics.docs.core.util.TransactionUtil.handle(TransactionUtil.java:47)
	at com.sismics.docs.core.service.InboxService.syncInbox(InboxService.java:76)
	at com.sismics.docs.core.service.InboxService.runOneIteration(InboxService.java:66)
	at com.google.common.util.concurrent.AbstractScheduledService$ServiceDelegate$Task.run(AbstractScheduledService.java:221)
	at com.google.common.util.concurrent.Callables$4.run(Callables.java:119)
	at java.base/java.util.concurrent.Executors$RunnableAdapter.call(Executors.java:515)
	at java.base/java.util.concurrent.FutureTask.runAndReset(FutureTask.java:305)
	at java.base/java.util.concurrent.ScheduledThreadPoolExecutor$ScheduledFutureTask.run(ScheduledThreadPoolExecutor.java:305)
	at java.base/java.util.concurrent.ThreadPoolExecutor.runWorker(ThreadPoolExecutor.java:1128)
	at java.base/java.util.concurrent.ThreadPoolExecutor$Worker.run(ThreadPoolExecutor.java:628)
	at java.base/java.lang.Thread.run(Thread.java:829)
Caused by: java.net.ConnectException: Connection refused (Connection refused)
	at java.base/java.net.PlainSocketImpl.socketConnect(Native Method)
	at java.base/java.net.AbstractPlainSocketImpl.doConnect(AbstractPlainSocketImpl.java:412)
	at java.base/java.net.AbstractPlainSocketImpl.connectToAddress(AbstractPlainSocketImpl.java:255)
	at java.base/java.net.AbstractPlainSocketImpl.connect(AbstractPlainSocketImpl.java:237)
	at java.base/java.net.SocksSocketImpl.connect(SocksSocketImpl.java:392)
	at java.base/java.net.Socket.connect(Socket.java:609)
	at com.sun.mail.util.WriteTimeoutSocket.connect(WriteTimeoutSocket.java:115)
	at com.sun.mail.util.SocketFetcher.createSocket(SocketFetcher.java:357)
	at com.sun.mail.util.SocketFetcher.getSocket(SocketFetcher.java:238)
	at com.sun.mail.iap.Protocol.<init>(Protocol.java:134)
	at com.sun.mail.imap.protocol.IMAPProtocol.<init>(IMAPProtocol.java:131)
	at com.sun.mail.imap.IMAPStore.newIMAPProtocol(IMAPStore.java:763)
	at com.sun.mail.imap.IMAPStore.protocolConnect(IMAPStore.java:698)
	... 16 more
10 Apr 2024 15:15:35,975 INFO com.sismics.docs.core.listener.async.RebuildIndexAsyncListener.on(RebuildIndexAsyncListener.java:37) Rebuild index event: RebuildIndexAsyncEvent{} 
10 Apr 2024 15:15:36,001 INFO com.sismics.docs.core.listener.async.RebuildIndexAsyncListener.on(RebuildIndexAsyncListener.java:68) Rebuilding index done 
10 Apr 2024 15:15:36,016 INFO com.sismics.docs.rest.resource.AppResource.batchCleanStorage(AppResource.java:630) Checking 0 files 
10 Apr 2024 15:15:36,017 INFO com.sismics.docs.rest.resource.AppResource.batchCleanStorage(AppResource.java:638) Deleting orphan files at this location: /tmp/storage/ec7c61fc-203f-4ba7-be00-1a07a495a0d4_thumb 
10 Apr 2024 15:15:36,018 INFO com.sismics.docs.rest.resource.AppResource.batchCleanStorage(AppResource.java:638) Deleting orphan files at this location: /tmp/storage/6f23df92-52a0-4465-8f2a-29a49d61ff29_thumb 
10 Apr 2024 15:15:36,019 INFO com.sismics.docs.rest.resource.AppResource.batchCleanStorage(AppResource.java:638) Deleting orphan files at this location: /tmp/storage/086193c8-ca6d-41f5-944c-213a8ed485c4_web 
10 Apr 2024 15:15:36,019 INFO com.sismics.docs.rest.resource.AppResource.batchCleanStorage(AppResource.java:638) Deleting orphan files at this location: /tmp/storage/50d6a682-235f-453e-b522-88b1c29defa7 
10 Apr 2024 15:15:36,020 INFO com.sismics.docs.rest.resource.AppResource.batchCleanStorage(AppResource.java:638) Deleting orphan files at this location: /tmp/storage/bc9f4aa8-c912-4748-9847-095428c62fb2_thumb 
10 Apr 2024 15:15:36,020 INFO com.sismics.docs.rest.resource.AppResource.batchCleanStorage(AppResource.java:638) Deleting orphan files at this location: /tmp/storage/d3a95c15-c508-45c4-91e2-145e6d051478 
10 Apr 2024 15:15:36,020 INFO com.sismics.docs.rest.resource.AppResource.batchCleanStorage(AppResource.java:638) Deleting orphan files at this location: /tmp/storage/6f23df92-52a0-4465-8f2a-29a49d61ff29 
10 Apr 2024 15:15:36,020 INFO com.sismics.docs.rest.resource.AppResource.batchCleanStorage(AppResource.java:638) Deleting orphan files at this location: /tmp/storage/0a64344a-ec24-43c5-852a-ec6ca80327df_thumb 
10 Apr 2024 15:15:36,021 INFO com.sismics.docs.rest.resource.AppResource.batchCleanStorage(AppResource.java:638) Deleting orphan files at this location: /tmp/storage/2cefd0ac-2c32-488b-9515-f9b293eb2da3_thumb 
10 Apr 2024 15:15:36,021 INFO com.sismics.docs.rest.resource.AppResource.batchCleanStorage(AppResource.java:638) Deleting orphan files at this location: /tmp/storage/81a9ea9a-8a44-4fbf-a8c5-2210066517ea_web 
10 Apr 2024 15:15:36,022 INFO com.sismics.docs.rest.resource.AppResource.batchCleanStorage(AppResource.java:638) Deleting orphan files at this location: /tmp/storage/7e460524-937d-4710-8ef8-2ab32e16eb53_thumb 
10 Apr 2024 15:15:36,022 INFO com.sismics.docs.rest.resource.AppResource.batchCleanStorage(AppResource.java:638) Deleting orphan files at this location: /tmp/storage/6f23df92-52a0-4465-8f2a-29a49d61ff29_web 
10 Apr 2024 15:15:36,022 INFO com.sismics.docs.rest.resource.AppResource.batchCleanStorage(AppResource.java:638) Deleting orphan files at this location: /tmp/storage/0a64344a-ec24-43c5-852a-ec6ca80327df_web 
10 Apr 2024 15:15:36,022 INFO com.sismics.docs.rest.resource.AppResource.batchCleanStorage(AppResource.java:638) Deleting orphan files at this location: /tmp/storage/6a139040-e03f-42a6-815b-ffd2d22759c2_thumb 
10 Apr 2024 15:15:36,023 INFO com.sismics.docs.rest.resource.AppResource.batchCleanStorage(AppResource.java:638) Deleting orphan files at this location: /tmp/storage/58d123df-ce55-4bb6-9037-18d945e53a9e_thumb 
10 Apr 2024 15:15:36,023 INFO com.sismics.docs.rest.resource.AppResource.batchCleanStorage(AppResource.java:638) Deleting orphan files at this location: /tmp/storage/bc9f4aa8-c912-4748-9847-095428c62fb2 
10 Apr 2024 15:15:36,024 INFO com.sismics.docs.rest.resource.AppResource.batchCleanStorage(AppResource.java:638) Deleting orphan files at this location: /tmp/storage/81a9ea9a-8a44-4fbf-a8c5-2210066517ea 
10 Apr 2024 15:15:36,025 INFO com.sismics.docs.rest.resource.AppResource.batchCleanStorage(AppResource.java:638) Deleting orphan files at this location: /tmp/storage/bcb03d0e-83f7-4ff5-89e7-c19be01a8010 
10 Apr 2024 15:15:36,026 INFO com.sismics.docs.rest.resource.AppResource.batchCleanStorage(AppResource.java:638) Deleting orphan files at this location: /tmp/storage/bcb03d0e-83f7-4ff5-89e7-c19be01a8010_thumb 
10 Apr 2024 15:15:36,027 INFO com.sismics.docs.rest.resource.AppResource.batchCleanStorage(AppResource.java:638) Deleting orphan files at this location: /tmp/storage/ec7c61fc-203f-4ba7-be00-1a07a495a0d4 
10 Apr 2024 15:15:36,028 INFO com.sismics.docs.rest.resource.AppResource.batchCleanStorage(AppResource.java:638) Deleting orphan files at this location: /tmp/storage/bcb03d0e-83f7-4ff5-89e7-c19be01a8010_web 
10 Apr 2024 15:15:36,028 INFO com.sismics.docs.rest.resource.AppResource.batchCleanStorage(AppResource.java:638) Deleting orphan files at this location: /tmp/storage/document_odt 
10 Apr 2024 15:15:36,028 INFO com.sismics.docs.rest.resource.AppResource.batchCleanStorage(AppResource.java:638) Deleting orphan files at this location: /tmp/storage/d3a95c15-c508-45c4-91e2-145e6d051478_thumb 
10 Apr 2024 15:15:36,028 INFO com.sismics.docs.rest.resource.AppResource.batchCleanStorage(AppResource.java:638) Deleting orphan files at this location: /tmp/storage/apollo_portrait 
10 Apr 2024 15:15:36,029 INFO com.sismics.docs.rest.resource.AppResource.batchCleanStorage(AppResource.java:638) Deleting orphan files at this location: /tmp/storage/58d123df-ce55-4bb6-9037-18d945e53a9e 
10 Apr 2024 15:15:36,029 INFO com.sismics.docs.rest.resource.AppResource.batchCleanStorage(AppResource.java:638) Deleting orphan files at this location: /tmp/storage/ec7c61fc-203f-4ba7-be00-1a07a495a0d4_web 
10 Apr 2024 15:15:36,029 INFO com.sismics.docs.rest.resource.AppResource.batchCleanStorage(AppResource.java:638) Deleting orphan files at this location: /tmp/storage/e314daed-ff1f-426c-a78c-c4d569d5f253 
10 Apr 2024 15:15:36,029 INFO com.sismics.docs.rest.resource.AppResource.batchCleanStorage(AppResource.java:638) Deleting orphan files at this location: /tmp/storage/37383e5a-2006-4863-9017-2ff618640a7d 
10 Apr 2024 15:15:36,030 INFO com.sismics.docs.rest.resource.AppResource.batchCleanStorage(AppResource.java:638) Deleting orphan files at this location: /tmp/storage/bb6fe988-0577-481c-9b1b-4dd7d8064d78_web 
10 Apr 2024 15:15:36,030 INFO com.sismics.docs.rest.resource.AppResource.batchCleanStorage(AppResource.java:638) Deleting orphan files at this location: /tmp/storage/27239edf-70e0-41eb-900d-3e5a3575ad5b 
10 Apr 2024 15:15:36,030 INFO com.sismics.docs.rest.resource.AppResource.batchCleanStorage(AppResource.java:638) Deleting orphan files at this location: /tmp/storage/bb6fe988-0577-481c-9b1b-4dd7d8064d78 
10 Apr 2024 15:15:36,031 INFO com.sismics.docs.rest.resource.AppResource.batchCleanStorage(AppResource.java:638) Deleting orphan files at this location: /tmp/storage/27239edf-70e0-41eb-900d-3e5a3575ad5b_web 
10 Apr 2024 15:15:36,031 INFO com.sismics.docs.rest.resource.AppResource.batchCleanStorage(AppResource.java:638) Deleting orphan files at this location: /tmp/storage/37383e5a-2006-4863-9017-2ff618640a7d_thumb 
10 Apr 2024 15:15:36,031 INFO com.sismics.docs.rest.resource.AppResource.batchCleanStorage(AppResource.java:638) Deleting orphan files at this location: /tmp/storage/b3d7df5b-7b16-4ee2-b556-5a2e49f30530 
10 Apr 2024 15:15:36,031 INFO com.sismics.docs.rest.resource.AppResource.batchCleanStorage(AppResource.java:638) Deleting orphan files at this location: /tmp/storage/apollo_landscape 
10 Apr 2024 15:15:36,032 INFO com.sismics.docs.rest.resource.AppResource.batchCleanStorage(AppResource.java:638) Deleting orphan files at this location: /tmp/storage/7e460524-937d-4710-8ef8-2ab32e16eb53 
10 Apr 2024 15:15:36,032 INFO com.sismics.docs.rest.resource.AppResource.batchCleanStorage(AppResource.java:638) Deleting orphan files at this location: /tmp/storage/37383e5a-2006-4863-9017-2ff618640a7d_web 
10 Apr 2024 15:15:36,033 INFO com.sismics.docs.rest.resource.AppResource.batchCleanStorage(AppResource.java:638) Deleting orphan files at this location: /tmp/storage/bb6fe988-0577-481c-9b1b-4dd7d8064d78_thumb 
10 Apr 2024 15:15:36,033 INFO com.sismics.docs.rest.resource.AppResource.batchCleanStorage(AppResource.java:638) Deleting orphan files at this location: /tmp/storage/81a9ea9a-8a44-4fbf-a8c5-2210066517ea_thumb 
10 Apr 2024 15:15:36,033 INFO com.sismics.docs.rest.resource.AppResource.batchCleanStorage(AppResource.java:638) Deleting orphan files at this location: /tmp/storage/d3a95c15-c508-45c4-91e2-145e6d051478_web 
10 Apr 2024 15:15:36,034 INFO com.sismics.docs.rest.resource.AppResource.batchCleanStorage(AppResource.java:638) Deleting orphan files at this location: /tmp/storage/086193c8-ca6d-41f5-944c-213a8ed485c4_thumb 
10 Apr 2024 15:15:36,034 INFO com.sismics.docs.rest.resource.AppResource.batchCleanStorage(AppResource.java:638) Deleting orphan files at this location: /tmp/storage/2cefd0ac-2c32-488b-9515-f9b293eb2da3_web 
10 Apr 2024 15:15:36,034 INFO com.sismics.docs.rest.resource.AppResource.batchCleanStorage(AppResource.java:638) Deleting orphan files at this location: /tmp/storage/27239edf-70e0-41eb-900d-3e5a3575ad5b_thumb 
10 Apr 2024 15:15:36,034 INFO com.sismics.docs.rest.resource.AppResource.batchCleanStorage(AppResource.java:638) Deleting orphan files at this location: /tmp/storage/2cefd0ac-2c32-488b-9515-f9b293eb2da3 
10 Apr 2024 15:15:36,035 INFO com.sismics.docs.rest.resource.AppResource.batchCleanStorage(AppResource.java:638) Deleting orphan files at this location: /tmp/storage/udhr 
10 Apr 2024 15:15:36,035 INFO com.sismics.docs.rest.resource.AppResource.batchCleanStorage(AppResource.java:638) Deleting orphan files at this location: /tmp/storage/bc9f4aa8-c912-4748-9847-095428c62fb2_web 
10 Apr 2024 15:15:36,035 INFO com.sismics.docs.rest.resource.AppResource.batchCleanStorage(AppResource.java:638) Deleting orphan files at this location: /tmp/storage/7e460524-937d-4710-8ef8-2ab32e16eb53_web 
10 Apr 2024 15:15:36,036 INFO com.sismics.docs.rest.resource.AppResource.batchCleanStorage(AppResource.java:638) Deleting orphan files at this location: /tmp/storage/6a139040-e03f-42a6-815b-ffd2d22759c2 
10 Apr 2024 15:15:36,036 INFO com.sismics.docs.rest.resource.AppResource.batchCleanStorage(AppResource.java:638) Deleting orphan files at this location: /tmp/storage/0a64344a-ec24-43c5-852a-ec6ca80327df 
10 Apr 2024 15:15:36,036 INFO com.sismics.docs.rest.resource.AppResource.batchCleanStorage(AppResource.java:638) Deleting orphan files at this location: /tmp/storage/b3d7df5b-7b16-4ee2-b556-5a2e49f30530_web 
10 Apr 2024 15:15:36,036 INFO com.sismics.docs.rest.resource.AppResource.batchCleanStorage(AppResource.java:638) Deleting orphan files at this location: /tmp/storage/086193c8-ca6d-41f5-944c-213a8ed485c4 
10 Apr 2024 15:15:36,036 INFO com.sismics.docs.rest.resource.AppResource.batchCleanStorage(AppResource.java:638) Deleting orphan files at this location: /tmp/storage/50d6a682-235f-453e-b522-88b1c29defa7_web 
10 Apr 2024 15:15:36,037 INFO com.sismics.docs.rest.resource.AppResource.batchCleanStorage(AppResource.java:638) Deleting orphan files at this location: /tmp/storage/6a139040-e03f-42a6-815b-ffd2d22759c2_web 
10 Apr 2024 15:15:36,037 INFO com.sismics.docs.rest.resource.AppResource.batchCleanStorage(AppResource.java:638) Deleting orphan files at this location: /tmp/storage/document_pptx 
10 Apr 2024 15:15:36,037 INFO com.sismics.docs.rest.resource.AppResource.batchCleanStorage(AppResource.java:638) Deleting orphan files at this location: /tmp/storage/b3d7df5b-7b16-4ee2-b556-5a2e49f30530_thumb 
10 Apr 2024 15:15:36,038 INFO com.sismics.docs.rest.resource.AppResource.batchCleanStorage(AppResource.java:638) Deleting orphan files at this location: /tmp/storage/50d6a682-235f-453e-b522-88b1c29defa7_thumb 
10 Apr 2024 15:15:36,038 INFO com.sismics.docs.rest.resource.AppResource.batchCleanStorage(AppResource.java:638) Deleting orphan files at this location: /tmp/storage/document_docx 
10 Apr 2024 15:15:36,039 INFO com.sismics.docs.rest.resource.AppResource.batchCleanStorage(AppResource.java:638) Deleting orphan files at this location: /tmp/storage/58d123df-ce55-4bb6-9037-18d945e53a9e_web 
10 Apr 2024 15:15:36,043 INFO com.sismics.docs.rest.resource.AppResource.batchCleanStorage(AppResource.java:658) Deleting 0 orphan audit logs 
10 Apr 2024 15:15:36,047 INFO com.sismics.docs.rest.resource.AppResource.batchCleanStorage(AppResource.java:670) Deleting 2 orphan ACLs 
10 Apr 2024 15:15:36,050 INFO com.sismics.docs.rest.resource.AppResource.batchCleanStorage(AppResource.java:675) Deleting 0 orphan comments 
10 Apr 2024 15:15:36,053 INFO com.sismics.docs.rest.resource.AppResource.batchCleanStorage(AppResource.java:680) Deleting 0 orphan document tag links 
10 Apr 2024 15:15:36,055 INFO com.sismics.docs.rest.resource.AppResource.batchCleanStorage(AppResource.java:685) Deleting 0 orphan shares 
10 Apr 2024 15:15:36,057 INFO com.sismics.docs.rest.resource.AppResource.batchCleanStorage(AppResource.java:690) Deleting 0 orphan tags 
10 Apr 2024 15:15:36,059 INFO com.sismics.docs.rest.resource.AppResource.batchCleanStorage(AppResource.java:695) Deleting 0 orphan documents 
10 Apr 2024 15:15:36,061 INFO com.sismics.docs.rest.resource.AppResource.batchCleanStorage(AppResource.java:700) Deleting 0 orphan files 
10 Apr 2024 15:15:36,072 INFO com.sismics.docs.rest.resource.AppResource.batchCleanStorage(AppResource.java:703) Deleting 0 soft deleted document tag links 
10 Apr 2024 15:15:36,077 INFO com.sismics.docs.rest.resource.AppResource.batchCleanStorage(AppResource.java:704) Deleting 2 soft deleted ACLs 
10 Apr 2024 15:15:36,081 INFO com.sismics.docs.rest.resource.AppResource.batchCleanStorage(AppResource.java:705) Deleting 0 soft deleted shares 
10 Apr 2024 15:15:36,085 INFO com.sismics.docs.rest.resource.AppResource.batchCleanStorage(AppResource.java:706) Deleting 0 soft deleted tags 
10 Apr 2024 15:15:36,089 INFO com.sismics.docs.rest.resource.AppResource.batchCleanStorage(AppResource.java:707) Deleting 0 soft deleted comments 
10 Apr 2024 15:15:36,092 INFO com.sismics.docs.rest.resource.AppResource.batchCleanStorage(AppResource.java:708) Deleting 0 soft deleted files 
10 Apr 2024 15:15:36,097 INFO com.sismics.docs.rest.resource.AppResource.batchCleanStorage(AppResource.java:709) Deleting 0 soft deleted documents 
10 Apr 2024 15:15:36,099 INFO com.sismics.docs.rest.resource.AppResource.batchCleanStorage(AppResource.java:710) Deleting 0 soft deleted users 
10 Apr 2024 15:15:36,104 INFO com.sismics.docs.rest.resource.AppResource.batchCleanStorage(AppResource.java:711) Deleting 0 soft deleted groups 
10 Apr 2024 15:15:36,182 INFO org.subethamail.smtp.server.SMTPServer.run(SMTPServer.java:333) SMTP Server socket shut down. 
10 Apr 2024 15:15:36,187 INFO com.sismics.docs.core.service.InboxService.shutDown(InboxService.java:60) Inbox service shutting down 
10 Apr 2024 15:15:36,188 INFO com.sismics.docs.core.service.FileService.shutDown(FileService.java:44) File service shutting down 
]]></system-out>
  </testcase>
  <testcase name="testLogResource" classname="com.sismics.docs.rest.TestAppResource" time="1.032">
    <system-out><![CDATA[10 Apr 2024 15:15:36,205 INFO org.glassfish.jersey.test.external.ExternalTestContainerFactory$ExternalTestContainer.<init>(ExternalTestContainerFactory.java:91) Creating ExternalTestContainer configured at the base URI http://localhost:9998/docs 
10 Apr 2024 15:15:36,344 INFO com.sismics.util.filter.RequestContextFilter.init(RequestContextFilter.java:43) Using base data directory: /tmp 
10 Apr 2024 15:15:36,488 INFO com.sismics.util.ClasspathScanner.findClasses(ClasspathScanner.java:48) Found 1 classes for IndexingHandler 
10 Apr 2024 15:15:36,490 INFO com.sismics.docs.core.util.indexing.LuceneIndexingHandler.initLucene(LuceneIndexingHandler.java:115) Using RAM Lucene storage 
10 Apr 2024 15:15:36,492 INFO com.sismics.docs.core.service.FileService.startUp(FileService.java:39) File service starting up 
10 Apr 2024 15:15:36,495 INFO com.sismics.docs.core.service.InboxService.startUp(InboxService.java:55) Inbox service starting up 
10 Apr 2024 15:15:36,498 INFO com.sismics.docs.core.service.InboxService.lambda$0(InboxService.java:82) Synchronizing IMAP inbox... 
10 Apr 2024 15:15:36,508 ERROR com.sismics.docs.core.service.InboxService.lambda$0(InboxService.java:100) Error syncing the inbox 
com.sun.mail.util.MailConnectException: Couldn't connect to host, port: localhost, 9755; timeout 30000;
  nested exception is:
	java.net.ConnectException: Connection refused (Connection refused)
	at com.sun.mail.imap.IMAPStore.protocolConnect(IMAPStore.java:740)
	at javax.mail.Service.connect(Service.java:366)
	at javax.mail.Service.connect(Service.java:246)
	at javax.mail.Service.connect(Service.java:267)
	at com.sismics.docs.core.service.InboxService.openInbox(InboxService.java:181)
	at com.sismics.docs.core.service.InboxService.lambda$0(InboxService.java:90)
	at com.sismics.docs.core.util.TransactionUtil.handle(TransactionUtil.java:47)
	at com.sismics.docs.core.service.InboxService.syncInbox(InboxService.java:76)
	at com.sismics.docs.core.service.InboxService.runOneIteration(InboxService.java:66)
	at com.google.common.util.concurrent.AbstractScheduledService$ServiceDelegate$Task.run(AbstractScheduledService.java:221)
	at com.google.common.util.concurrent.Callables$4.run(Callables.java:119)
	at java.base/java.util.concurrent.Executors$RunnableAdapter.call(Executors.java:515)
	at java.base/java.util.concurrent.FutureTask.runAndReset(FutureTask.java:305)
	at java.base/java.util.concurrent.ScheduledThreadPoolExecutor$ScheduledFutureTask.run(ScheduledThreadPoolExecutor.java:305)
	at java.base/java.util.concurrent.ThreadPoolExecutor.runWorker(ThreadPoolExecutor.java:1128)
	at java.base/java.util.concurrent.ThreadPoolExecutor$Worker.run(ThreadPoolExecutor.java:628)
	at java.base/java.lang.Thread.run(Thread.java:829)
Caused by: java.net.ConnectException: Connection refused (Connection refused)
	at java.base/java.net.PlainSocketImpl.socketConnect(Native Method)
	at java.base/java.net.AbstractPlainSocketImpl.doConnect(AbstractPlainSocketImpl.java:412)
	at java.base/java.net.AbstractPlainSocketImpl.connectToAddress(AbstractPlainSocketImpl.java:255)
	at java.base/java.net.AbstractPlainSocketImpl.connect(AbstractPlainSocketImpl.java:237)
	at java.base/java.net.SocksSocketImpl.connect(SocksSocketImpl.java:392)
	at java.base/java.net.Socket.connect(Socket.java:609)
	at com.sun.mail.util.WriteTimeoutSocket.connect(WriteTimeoutSocket.java:115)
	at com.sun.mail.util.SocketFetcher.createSocket(SocketFetcher.java:357)
	at com.sun.mail.util.SocketFetcher.getSocket(SocketFetcher.java:238)
	at com.sun.mail.iap.Protocol.<init>(Protocol.java:134)
	at com.sun.mail.imap.protocol.IMAPProtocol.<init>(IMAPProtocol.java:131)
	at com.sun.mail.imap.IMAPStore.newIMAPProtocol(IMAPStore.java:763)
	at com.sun.mail.imap.IMAPStore.protocolConnect(IMAPStore.java:698)
	... 16 more
10 Apr 2024 15:15:37,332 INFO org.subethamail.smtp.server.SMTPServer.run(SMTPServer.java:333) SMTP Server socket shut down. 
10 Apr 2024 15:15:37,349 INFO com.sismics.docs.core.service.InboxService.shutDown(InboxService.java:60) Inbox service shutting down 
10 Apr 2024 15:15:37,349 INFO com.sismics.docs.core.service.FileService.shutDown(FileService.java:44) File service shutting down 
]]></system-out>
  </testcase>
  <testcase name="testGuestLogin" classname="com.sismics.docs.rest.TestAppResource" time="1.181">
    <system-out><![CDATA[10 Apr 2024 15:15:37,368 INFO org.glassfish.jersey.test.external.ExternalTestContainerFactory$ExternalTestContainer.<init>(ExternalTestContainerFactory.java:91) Creating ExternalTestContainer configured at the base URI http://localhost:9998/docs 
10 Apr 2024 15:15:37,549 INFO com.sismics.util.filter.RequestContextFilter.init(RequestContextFilter.java:43) Using base data directory: /tmp 
10 Apr 2024 15:15:37,736 INFO com.sismics.util.ClasspathScanner.findClasses(ClasspathScanner.java:48) Found 1 classes for IndexingHandler 
10 Apr 2024 15:15:37,738 INFO com.sismics.docs.core.util.indexing.LuceneIndexingHandler.initLucene(LuceneIndexingHandler.java:115) Using RAM Lucene storage 
10 Apr 2024 15:15:37,743 INFO com.sismics.docs.core.service.FileService.startUp(FileService.java:39) File service starting up 
10 Apr 2024 15:15:37,751 INFO com.sismics.docs.core.service.InboxService.startUp(InboxService.java:55) Inbox service starting up 
10 Apr 2024 15:15:37,761 INFO com.sismics.docs.core.service.InboxService.lambda$0(InboxService.java:82) Synchronizing IMAP inbox... 
10 Apr 2024 15:15:37,774 ERROR com.sismics.docs.core.service.InboxService.lambda$0(InboxService.java:100) Error syncing the inbox 
com.sun.mail.util.MailConnectException: Couldn't connect to host, port: localhost, 9755; timeout 30000;
  nested exception is:
	java.net.ConnectException: Connection refused (Connection refused)
	at com.sun.mail.imap.IMAPStore.protocolConnect(IMAPStore.java:740)
	at javax.mail.Service.connect(Service.java:366)
	at javax.mail.Service.connect(Service.java:246)
	at javax.mail.Service.connect(Service.java:267)
	at com.sismics.docs.core.service.InboxService.openInbox(InboxService.java:181)
	at com.sismics.docs.core.service.InboxService.lambda$0(InboxService.java:90)
	at com.sismics.docs.core.util.TransactionUtil.handle(TransactionUtil.java:47)
	at com.sismics.docs.core.service.InboxService.syncInbox(InboxService.java:76)
	at com.sismics.docs.core.service.InboxService.runOneIteration(InboxService.java:66)
	at com.google.common.util.concurrent.AbstractScheduledService$ServiceDelegate$Task.run(AbstractScheduledService.java:221)
	at com.google.common.util.concurrent.Callables$4.run(Callables.java:119)
	at java.base/java.util.concurrent.Executors$RunnableAdapter.call(Executors.java:515)
	at java.base/java.util.concurrent.FutureTask.runAndReset(FutureTask.java:305)
	at java.base/java.util.concurrent.ScheduledThreadPoolExecutor$ScheduledFutureTask.run(ScheduledThreadPoolExecutor.java:305)
	at java.base/java.util.concurrent.ThreadPoolExecutor.runWorker(ThreadPoolExecutor.java:1128)
	at java.base/java.util.concurrent.ThreadPoolExecutor$Worker.run(ThreadPoolExecutor.java:628)
	at java.base/java.lang.Thread.run(Thread.java:829)
Caused by: java.net.ConnectException: Connection refused (Connection refused)
	at java.base/java.net.PlainSocketImpl.socketConnect(Native Method)
	at java.base/java.net.AbstractPlainSocketImpl.doConnect(AbstractPlainSocketImpl.java:412)
	at java.base/java.net.AbstractPlainSocketImpl.connectToAddress(AbstractPlainSocketImpl.java:255)
	at java.base/java.net.AbstractPlainSocketImpl.connect(AbstractPlainSocketImpl.java:237)
	at java.base/java.net.SocksSocketImpl.connect(SocksSocketImpl.java:392)
	at java.base/java.net.Socket.connect(Socket.java:609)
	at com.sun.mail.util.WriteTimeoutSocket.connect(WriteTimeoutSocket.java:115)
	at com.sun.mail.util.SocketFetcher.createSocket(SocketFetcher.java:357)
	at com.sun.mail.util.SocketFetcher.getSocket(SocketFetcher.java:238)
	at com.sun.mail.iap.Protocol.<init>(Protocol.java:134)
	at com.sun.mail.imap.protocol.IMAPProtocol.<init>(IMAPProtocol.java:131)
	at com.sun.mail.imap.IMAPStore.newIMAPProtocol(IMAPStore.java:763)
	at com.sun.mail.imap.IMAPStore.protocolConnect(IMAPStore.java:698)
	... 16 more
10 Apr 2024 15:15:38,518 INFO org.subethamail.smtp.server.SMTPServer.run(SMTPServer.java:333) SMTP Server socket shut down. 
10 Apr 2024 15:15:38,528 INFO com.sismics.docs.core.service.InboxService.shutDown(InboxService.java:60) Inbox service shutting down 
10 Apr 2024 15:15:38,531 INFO com.sismics.docs.core.service.FileService.shutDown(FileService.java:44) File service shutting down 
]]></system-out>
  </testcase>
</testsuite>